<?xml version="1.0" encoding="UTF-8"?>
<!-- Generated by org.testng.reporters.JUnitXMLReporter -->
<testsuite ignored="5" hostname="Thakur-Acer" failures="0" tests="2" name="Default test" time="32.172" errors="0" timestamp="2025-12-08T20:21:37 IST">
  <testcase classname="com.testcases.TestngLeaveTests" name="shouldApplyLeaveSuccessfullyWithValidInputs" time="20.876"/>
  <testcase classname="com.testcases.TestngLeaveTests" name="shouldApproveLeaveApplicationAsSupervisor" time="6.501"/>
  <testcase classname="com.testcases.TestngLeaveTests" name="shouldRejectLeaveApplicationWithOverlappingDates" time="0.0">
    <ignored/>
  </testcase> <!-- shouldRejectLeaveApplicationWithOverlappingDates -->
  <testcase classname="com.testcases.TestngLeaveTests" name="shouldRejectLeaveApplicationWhenBalanceIsInsufficient" time="0.0">
    <ignored/>
  </testcase> <!-- shouldRejectLeaveApplicationWhenBalanceIsInsufficient -->
  <testcase classname="com.testcases.TestngLeaveTests" name="shouldAddLeaveEntitlementForEmployee" time="0.0">
    <ignored/>
  </testcase> <!-- shouldAddLeaveEntitlementForEmployee -->
  <testcase classname="com.testcases.TestngLeaveTests" name="shouldPreventLeaveApplicationWithoutSelectingLeaveType" time="0.0">
    <ignored/>
  </testcase> <!-- shouldPreventLeaveApplicationWithoutSelectingLeaveType -->
  <testcase classname="com.testcases.TestngLeaveTests" name="shouldPreventLeaveApplicationOnWeekendDates" time="0.0">
    <ignored/>
  </testcase> <!-- shouldPreventLeaveApplicationOnWeekendDates -->
</testsuite> <!-- Default test -->
