<?xml version="1.0" encoding="UTF-8"?>
<!-- Generated by org.testng.reporters.JUnitXMLReporter -->
<testsuite ignored="1" hostname="Thakur-Acer" failures="0" tests="1" name="Default test" time="16.851" errors="0" timestamp="2025-02-18T12:49:20 IST">
  <testcase classname="orangeHRM.testCases.testSprint1" name="checkIfAllTheLinksInProfileMenuAreWorking" time="9.51"/>
  <testcase classname="orangeHRM.testCases.testSprint1" name="CheckIfLoginSuccessfullWithCorrectCredentials" time="0.0">
    <ignored/>
  </testcase> <!-- CheckIfLoginSuccessfullWithCorrectCredentials -->
</testsuite> <!-- Default test -->
