<?xml version="1.0" encoding="UTF-8"?>
<!-- Generated by org.testng.reporters.JUnitXMLReporter -->
<testsuite ignored="5" hostname="Thakur-Acer" failures="0" tests="1" name="Default test" time="19.452" errors="0" timestamp="2025-04-26T00:41:42 IST">
  <testcase classname="com.testcases.TestSprint2" name="CheckIfAddSkillOptionIsWorkingOrNot" time="15.754"/>
  <testcase classname="com.testcases.TestSprint2" name="SearchSystemUserWithDifferentSearchOptions" time="0.0">
    <ignored/>
  </testcase> <!-- SearchSystemUserWithDifferentSearchOptions -->
  <testcase classname="com.testcases.TestSprint2" name="checkForOrganizationMenuAreShowingCorrectOptions" time="0.0">
    <ignored/>
  </testcase> <!-- checkForOrganizationMenuAreShowingCorrectOptions -->
  <testcase classname="com.testcases.TestSprint2" name="TryAndError" time="0.0">
    <ignored/>
  </testcase> <!-- TryAndError -->
  <testcase classname="com.testcases.TestSprint2" name="checkForJobMenuAreShowingCorrectOptions" time="0.0">
    <ignored/>
  </testcase> <!-- checkForJobMenuAreShowingCorrectOptions -->
  <testcase classname="com.testcases.TestSprint2" name="CheckIfAddLocationOptionIsWorkingOrNot" time="0.0">
    <ignored/>
  </testcase> <!-- CheckIfAddLocationOptionIsWorkingOrNot -->
</testsuite> <!-- Default test -->
