<?xml version="1.0" encoding="UTF-8"?>
<!-- Generated by org.testng.reporters.JUnitXMLReporter -->
<testsuite ignored="7" hostname="Thakur-Acer" failures="0" tests="1" name="Default test" time="11.68" errors="0" timestamp="2025-11-25T19:08:52 IST">
  <testcase classname="com.testcases.TestSprint3" name="dashboardPunchInLinkDirectToPunchInPage" time="4.89"/>
  <testcase classname="com.testcases.TestSprint3" name="AddsNewCandidateForAnExistingVacancy" time="0.0">
    <ignored/>
  </testcase> <!-- AddsNewCandidateForAnExistingVacancy -->
  <testcase classname="com.testcases.TestSprint3" name="employeeEditingTimesheetBeforeSubmission" time="0.0">
    <ignored/>
  </testcase> <!-- employeeEditingTimesheetBeforeSubmission -->
  <testcase classname="com.testcases.TestSprint3" name="AddsNewCandidateForAnExistingVacancyWithoutEmail" time="0.0">
    <ignored/>
  </testcase> <!-- AddsNewCandidateForAnExistingVacancyWithoutEmail -->
  <testcase classname="com.testcases.TestSprint3" name="employeeSubmittedTimeSheetWithDetails" time="0.0">
    <ignored/>
  </testcase> <!-- employeeSubmittedTimeSheetWithDetails -->
  <testcase classname="com.testcases.TestSprint3" name="addNewKPIForTheJobTitle" time="0.0">
    <ignored/>
  </testcase> <!-- addNewKPIForTheJobTitle -->
  <testcase classname="com.testcases.TestSprint3" name="addVacancywithallDetailsAndCheckIfReflectsInCandidateField" time="0.0">
    <ignored/>
  </testcase> <!-- addVacancywithallDetailsAndCheckIfReflectsInCandidateField -->
  <testcase classname="com.testcases.TestSprint3" name="managerApprovesOrRejectsTimesheet" time="0.0">
    <ignored/>
  </testcase> <!-- managerApprovesOrRejectsTimesheet -->
</testsuite> <!-- Default test -->
