<?xml version="1.0" encoding="UTF-8"?>
<!-- Generated by org.testng.reporters.JUnitXMLReporter -->
<testsuite ignored="6" hostname="Thakur-Acer" failures="0" tests="1" name="Default test" time="10.616" errors="0" timestamp="2025-12-26T23:34:30 IST">
  <testcase classname="com.testcases.TestngLeaveTests" name="shouldRejectLeaveApplicationWhenBalanceIsInsufficient" time="7.874"/>
  <testcase classname="com.testcases.TestngLeaveTests" name="shouldRejectLeaveApplicationWithOverlappingDates" time="0.0">
    <ignored/>
  </testcase> <!-- shouldRejectLeaveApplicationWithOverlappingDates -->
  <testcase classname="com.testcases.TestngLeaveTests" name="shouldAddLeaveEntitlementForEmployee" time="0.0">
    <ignored/>
  </testcase> <!-- shouldAddLeaveEntitlementForEmployee -->
  <testcase classname="com.testcases.TestngLeaveTests" name="shouldPreventLeaveApplicationOnWeekendDates" time="0.0">
    <ignored/>
  </testcase> <!-- shouldPreventLeaveApplicationOnWeekendDates -->
  <testcase classname="com.testcases.TestngLeaveTests" name="shouldApplyLeaveSuccessfullyWithValidInputs" time="0.0">
    <ignored/>
  </testcase> <!-- shouldApplyLeaveSuccessfullyWithValidInputs -->
  <testcase classname="com.testcases.TestngLeaveTests" name="shouldPreventLeaveApplicationWithoutSelectingLeaveType" time="0.0">
    <ignored/>
  </testcase> <!-- shouldPreventLeaveApplicationWithoutSelectingLeaveType -->
  <testcase classname="com.testcases.TestngLeaveTests" name="shouldApproveLeaveApplicationAsSupervisor" time="0.0">
    <ignored/>
  </testcase> <!-- shouldApproveLeaveApplicationAsSupervisor -->
</testsuite> <!-- Default test -->
