<?xml version="1.0" encoding="UTF-8"?>
<!-- Generated by org.testng.reporters.JUnitXMLReporter -->
<testsuite ignored="3" hostname="Thakur-Acer" failures="0" tests="1" name="Default test" time="18.311" errors="0" timestamp="2025-04-20T11:41:44 IST">
  <testcase classname="com.testcases.TestSprint2" name="checkForOrganizationMenuAreShowingCorrectOptions" time="13.254"/>
  <testcase classname="com.testcases.TestSprint2" name="SearchSystemUserWithDifferentSearchOptions" time="0.0">
    <ignored/>
  </testcase> <!-- SearchSystemUserWithDifferentSearchOptions -->
  <testcase classname="com.testcases.TestSprint2" name="TryAndError" time="0.0">
    <ignored/>
  </testcase> <!-- TryAndError -->
  <testcase classname="com.testcases.TestSprint2" name="checkForJobMenuAreShowingCorrectOptions" time="0.0">
    <ignored/>
  </testcase> <!-- checkForJobMenuAreShowingCorrectOptions -->
</testsuite> <!-- Default test -->
