<?xml version="1.0" encoding="UTF-8"?>
<!-- Generated by org.testng.reporters.JUnitXMLReporter -->
<testsuite ignored="6" hostname="Thakur-Acer" failures="0" tests="1" name="Default test" time="16.215" errors="0" timestamp="2025-11-21T15:14:40 IST">
  <testcase classname="com.testcases.TestSprint3" name="employeeSubmittedTimeSheetWithDetails" time="9.779"/>
  <testcase classname="com.testcases.TestSprint3" name="employeeEditingTimesheetBeforeSubmission" time="0.0">
    <ignored/>
  </testcase> <!-- employeeEditingTimesheetBeforeSubmission -->
  <testcase classname="com.testcases.TestSprint3" name="AddsNewCandidateForAnExistingVacancy" time="0.0">
    <ignored/>
  </testcase> <!-- AddsNewCandidateForAnExistingVacancy -->
  <testcase classname="com.testcases.TestSprint3" name="AddsNewCandidateForAnExistingVacancyWithoutEmail" time="0.0">
    <ignored/>
  </testcase> <!-- AddsNewCandidateForAnExistingVacancyWithoutEmail -->
  <testcase classname="com.testcases.TestSprint3" name="addNewKPIForTheJobTitle" time="0.0">
    <ignored/>
  </testcase> <!-- addNewKPIForTheJobTitle -->
  <testcase classname="com.testcases.TestSprint3" name="addVacancywithallDetailsAndCheckIfReflectsInCandidateField" time="0.0">
    <ignored/>
  </testcase> <!-- addVacancywithallDetailsAndCheckIfReflectsInCandidateField -->
  <testcase classname="com.testcases.TestSprint3" name="managerApprovesOrRejectsTimesheet" time="0.0">
    <ignored/>
  </testcase> <!-- managerApprovesOrRejectsTimesheet -->
</testsuite> <!-- Default test -->
