<?xml version="1.0" encoding="UTF-8"?>
<!-- Generated by org.testng.reporters.JUnitXMLReporter -->
<testsuite ignored="6" hostname="Thakur-Acer" failures="0" tests="1" name="Default test" time="13.037" errors="0" timestamp="2025-12-02T23:58:01 IST">
  <testcase classname="com.testcases.TestngLeaveTests" name="ApproveLeaveAsSupervisor" time="10.011"/>
  <testcase classname="com.testcases.TestngLeaveTests" name="ApplyLeaveWithOverlappingDates" time="0.0">
    <ignored/>
  </testcase> <!-- ApplyLeaveWithOverlappingDates -->
  <testcase classname="com.testcases.TestngLeaveTests" name="ApplyLeaveWithValidInputs" time="0.0">
    <ignored/>
  </testcase> <!-- ApplyLeaveWithValidInputs -->
  <testcase classname="com.testcases.TestngLeaveTests" name="ApplyLeaveWithInsufficientBalance" time="0.0">
    <ignored/>
  </testcase> <!-- ApplyLeaveWithInsufficientBalance -->
  <testcase classname="com.testcases.TestngLeaveTests" name="ApplyLeaveWithWeekendDates" time="0.0">
    <ignored/>
  </testcase> <!-- ApplyLeaveWithWeekendDates -->
  <testcase classname="com.testcases.TestngLeaveTests" name="addLeaveEntitlement" time="0.0">
    <ignored/>
  </testcase> <!-- addLeaveEntitlement -->
  <testcase classname="com.testcases.TestngLeaveTests" name="ApplyLeaveWithoutSelectingLeaveType" time="0.0">
    <ignored/>
  </testcase> <!-- ApplyLeaveWithoutSelectingLeaveType -->
</testsuite> <!-- Default test -->
