<?xml version="1.0" encoding="UTF-8"?>
<!-- Generated by org.testng.reporters.JUnitXMLReporter -->
<testsuite ignored="5" hostname="Thakur-Acer" failures="0" tests="1" name="Default test" time="15.407" errors="0" timestamp="2025-11-30T15:31:50 IST">
  <testcase classname="com.testcases.TestngLeaveTests" name="ApplyLeaveWithWeekendDates" time="12.518"/>
  <testcase classname="com.testcases.TestngLeaveTests" name="addLeaveEntitlement" time="0.0">
    <ignored/>
  </testcase> <!-- addLeaveEntitlement -->
  <testcase classname="com.testcases.TestngLeaveTests" name="ApplyLeaveWithoutSelectingLeaveType" time="0.0">
    <ignored/>
  </testcase> <!-- ApplyLeaveWithoutSelectingLeaveType -->
  <testcase classname="com.testcases.TestngLeaveTests" name="ApplyLeaveWithOverlappingDates" time="0.0">
    <ignored/>
  </testcase> <!-- ApplyLeaveWithOverlappingDates -->
  <testcase classname="com.testcases.TestngLeaveTests" name="ApplyLeaveWithInsufficientBalance" time="0.0">
    <ignored/>
  </testcase> <!-- ApplyLeaveWithInsufficientBalance -->
  <testcase classname="com.testcases.TestngLeaveTests" name="ApplyLeaveWithValidInputs" time="0.0">
    <ignored/>
  </testcase> <!-- ApplyLeaveWithValidInputs -->
</testsuite> <!-- Default test -->
