<?xml version="1.0" encoding="UTF-8"?>
<!-- Generated by org.testng.reporters.JUnitXMLReporter -->
<testsuite ignored="1" hostname="Thakur-Acer" failures="0" tests="1" name="Default test" time="32.996" errors="0" timestamp="2025-06-14T22:37:45 IST">
  <testcase classname="com.testcases.TestSprint3" name="addVacancywithallDetailsAndCheckIfReflectsInCandidateField" time="28.364"/>
  <testcase classname="com.testcases.TestSprint3" name="test" time="0.0">
    <ignored/>
  </testcase> <!-- test -->
</testsuite> <!-- Default test -->
