<?xml version="1.0" encoding="UTF-8"?>
<!-- Generated by org.testng.reporters.JUnitXMLReporter -->
<testsuite ignored="12" hostname="Thakur-Acer" failures="0" tests="1" name="Default test" time="24.103" errors="0" timestamp="2025-11-25T21:55:46 IST">
  <testcase classname="com.testcases.TestSprint2" name="ApplyLeaveWithValidInputs" time="17.522"/>
  <testcase classname="com.testcases.TestSprint2" name="CheckIfAddSkillOptionIsWorkingOrNot" time="0.0">
    <ignored/>
  </testcase> <!-- CheckIfAddSkillOptionIsWorkingOrNot -->
  <testcase classname="com.testcases.TestSprint2" name="SearchSystemUserWithDifferentSearchOptions" time="0.0">
    <ignored/>
  </testcase> <!-- SearchSystemUserWithDifferentSearchOptions -->
  <testcase classname="com.testcases.TestSprint2" name="addLeaveEntitlement" time="0.0">
    <ignored/>
  </testcase> <!-- addLeaveEntitlement -->
  <testcase classname="com.testcases.TestSprint2" name="ApplyLeaveWithInsufficientBalance" time="0.0">
    <ignored/>
  </testcase> <!-- ApplyLeaveWithInsufficientBalance -->
  <testcase classname="com.testcases.TestSprint2" name="checkForOrganizationMenuAreShowingCorrectOptions" time="0.0">
    <ignored/>
  </testcase> <!-- checkForOrganizationMenuAreShowingCorrectOptions -->
  <testcase classname="com.testcases.TestSprint2" name="ApplyLeaveWithoutSelectingLeaveType" time="0.0">
    <ignored/>
  </testcase> <!-- ApplyLeaveWithoutSelectingLeaveType -->
  <testcase classname="com.testcases.TestSprint2" name="ApplyLeaveWithPastDates" time="0.0">
    <ignored/>
  </testcase> <!-- ApplyLeaveWithPastDates -->
  <testcase classname="com.testcases.TestSprint2" name="userCancelLeaveApplication" time="0.0">
    <ignored/>
  </testcase> <!-- userCancelLeaveApplication -->
  <testcase classname="com.testcases.TestSprint2" name="ApplyLeaveWithOverlappingDates" time="0.0">
    <ignored/>
  </testcase> <!-- ApplyLeaveWithOverlappingDates -->
  <testcase classname="com.testcases.TestSprint2" name="approveLeaveApplication" time="0.0">
    <ignored/>
  </testcase> <!-- approveLeaveApplication -->
  <testcase classname="com.testcases.TestSprint2" name="checkForJobMenuAreShowingCorrectOptions" time="0.0">
    <ignored/>
  </testcase> <!-- checkForJobMenuAreShowingCorrectOptions -->
  <testcase classname="com.testcases.TestSprint2" name="CheckIfAddLocationOptionIsWorkingOrNot" time="0.0">
    <ignored/>
  </testcase> <!-- CheckIfAddLocationOptionIsWorkingOrNot -->
</testsuite> <!-- Default test -->
