<?xml version="1.0" encoding="UTF-8"?>
<!-- Generated by org.testng.reporters.JUnitXMLReporter -->
<testsuite ignored="9" hostname="Thakur-Acer" failures="0" tests="1" name="Default test" time="32.504" errors="0" timestamp="2025-11-25T20:36:45 IST">
  <testcase classname="com.testcases.TestSprint3" name="addNewKPIForTheJobTitle" time="25.15"/>
  <testcase classname="com.testcases.TestSprint3" name="AddsNewCandidateForAnExistingVacancy" time="0.0">
    <ignored/>
  </testcase> <!-- AddsNewCandidateForAnExistingVacancy -->
  <testcase classname="com.testcases.TestSprint3" name="dashboardMyTimesheetLinkDirectToMyTimesheetPage" time="0.0">
    <ignored/>
  </testcase> <!-- dashboardMyTimesheetLinkDirectToMyTimesheetPage -->
  <testcase classname="com.testcases.TestSprint3" name="dashboardPunchInLinkDirectToPunchInPage" time="0.0">
    <ignored/>
  </testcase> <!-- dashboardPunchInLinkDirectToPunchInPage -->
  <testcase classname="com.testcases.TestSprint3" name="dashboardApplyLeaveLinkDirectToLeavePage" time="0.0">
    <ignored/>
  </testcase> <!-- dashboardApplyLeaveLinkDirectToLeavePage -->
  <testcase classname="com.testcases.TestSprint3" name="AddsNewCandidateForAnExistingVacancyWithoutEmail" time="0.0">
    <ignored/>
  </testcase> <!-- AddsNewCandidateForAnExistingVacancyWithoutEmail -->
  <testcase classname="com.testcases.TestSprint3" name="managerApprovesOrRejectsTimesheet" time="0.0">
    <ignored/>
  </testcase> <!-- managerApprovesOrRejectsTimesheet -->
  <testcase classname="com.testcases.TestSprint3" name="employeeEditingTimesheetBeforeSubmission" time="0.0">
    <ignored/>
  </testcase> <!-- employeeEditingTimesheetBeforeSubmission -->
  <testcase classname="com.testcases.TestSprint3" name="addVacancywithallDetailsAndCheckIfReflectsInCandidateField" time="0.0">
    <ignored/>
  </testcase> <!-- addVacancywithallDetailsAndCheckIfReflectsInCandidateField -->
  <testcase classname="com.testcases.TestSprint3" name="employeeSubmittedTimeSheetWithDetails" time="0.0">
    <ignored/>
  </testcase> <!-- employeeSubmittedTimeSheetWithDetails -->
</testsuite> <!-- Default test -->
