<?xml version="1.0" encoding="UTF-8"?>
<!-- Generated by org.testng.reporters.JUnitXMLReporter -->
<testsuite ignored="0" hostname="Thakur-Acer" failures="0" tests="7" name="Default test" time="90.523" errors="0" timestamp="2025-12-07T12:26:11 IST">
  <testcase classname="com.testcases.TestngLeaveTests" name="shouldApplyLeaveSuccessfullyWithValidInputs" time="12.196"/>
  <testcase classname="com.testcases.TestngLeaveTests" name="shouldApproveLeaveApplicationAsSupervisor" time="5.236"/>
  <testcase classname="com.testcases.TestngLeaveTests" name="shouldRejectLeaveApplicationWhenBalanceIsInsufficient" time="6.834"/>
  <testcase classname="com.testcases.TestngLeaveTests" name="shouldRejectLeaveApplicationWithOverlappingDates" time="15.296"/>
  <testcase classname="com.testcases.TestngLeaveTests" name="shouldAddLeaveEntitlementForEmployee" time="25.699"/>
  <testcase classname="com.testcases.TestngLeaveTests" name="shouldPreventLeaveApplicationOnWeekendDates" time="7.038"/>
  <testcase classname="com.testcases.TestngLeaveTests" name="shouldPreventLeaveApplicationWithoutSelectingLeaveType" time="6.465"/>
</testsuite> <!-- Default test -->
