<?xml version="1.0" encoding="UTF-8"?>
<!-- Generated by org.testng.reporters.JUnitXMLReporter -->
<testsuite ignored="4" hostname="Thakur-Acer" failures="0" tests="1" name="Default test" time="34.113" errors="0" timestamp="2025-12-07T13:18:59 IST">
  <testcase classname="com.testcases.TestngAdminTests" name="shouldDisplayCorrectOptionsInJobMenu" time="18.521"/>
  <testcase classname="com.testcases.TestngAdminTests" name="shouldAllowAddingLocationSuccessfully" time="0.0">
    <ignored/>
  </testcase> <!-- shouldAllowAddingLocationSuccessfully -->
  <testcase classname="com.testcases.TestngAdminTests" name="shouldDisplayCorrectOptionsInOrganizationMenu" time="0.0">
    <ignored/>
  </testcase> <!-- shouldDisplayCorrectOptionsInOrganizationMenu -->
  <testcase classname="com.testcases.TestngAdminTests" name="shouldSearchSystemUsersWithDifferentFilters" time="0.0">
    <ignored/>
  </testcase> <!-- shouldSearchSystemUsersWithDifferentFilters -->
  <testcase classname="com.testcases.TestngAdminTests" name="shouldAllowAddingSkillSuccessfully" time="0.0">
    <ignored/>
  </testcase> <!-- shouldAllowAddingSkillSuccessfully -->
</testsuite> <!-- Default test -->
