<?xml version="1.0" encoding="UTF-8"?>
<!-- Generated by org.testng.reporters.JUnitXMLReporter -->
<testsuite ignored="4" hostname="Thakur-Acer" failures="0" tests="3" name="Default test" time="47.171" errors="0" timestamp="2025-11-23T12:21:10 IST">
  <testcase classname="com.testcases.TestSprint3" name="employeeSubmittedTimeSheetWithDetails" time="9.326"/>
  <testcase classname="com.testcases.TestSprint3" name="employeeEditingTimesheetBeforeSubmission" time="9.669"/>
  <testcase classname="com.testcases.TestSprint3" name="managerApprovesOrRejectsTimesheet" time="12.098"/>
  <testcase classname="com.testcases.TestSprint3" name="AddsNewCandidateForAnExistingVacancy" time="0.0">
    <ignored/>
  </testcase> <!-- AddsNewCandidateForAnExistingVacancy -->
  <testcase classname="com.testcases.TestSprint3" name="AddsNewCandidateForAnExistingVacancyWithoutEmail" time="0.0">
    <ignored/>
  </testcase> <!-- AddsNewCandidateForAnExistingVacancyWithoutEmail -->
  <testcase classname="com.testcases.TestSprint3" name="addNewKPIForTheJobTitle" time="0.0">
    <ignored/>
  </testcase> <!-- addNewKPIForTheJobTitle -->
  <testcase classname="com.testcases.TestSprint3" name="addVacancywithallDetailsAndCheckIfReflectsInCandidateField" time="0.0">
    <ignored/>
  </testcase> <!-- addVacancywithallDetailsAndCheckIfReflectsInCandidateField -->
</testsuite> <!-- Default test -->
