<?xml version="1.0" encoding="UTF-8"?>
<!-- Generated by org.testng.reporters.JUnitXMLReporter -->
<testsuite ignored="1" hostname="Thakur-Acer" failures="0" tests="8" name="Default test" time="200.614" errors="0" timestamp="2025-03-11T12:09:32 IST">
  <testcase classname="com.testcases.TestSprint1" name="AddCustomFieldsWithBothTypeOfInputMethodAndCheckIfReflectingOnRespectedPage" time="25.219"/>
  <testcase classname="com.testcases.TestSprint1" name="AddReportingMethodAndTerminationReason" time="21.464"/>
  <testcase classname="com.testcases.TestSprint1" name="CheckIfLoginSuccessfullWithCorrectCredentials" time="4.782"/>
  <testcase classname="com.testcases.TestSprint1" name="CheckIfOptionalFieldsVisibilityToggleWorking" time="37.284"/>
  <testcase classname="com.testcases.TestSprint1" name="addUserandCheckIfAllOptionsAreWorkingWhileCreating" time="24.401"/>
  <testcase classname="com.testcases.TestSprint1" name="checkIfAllTheLinksInProfileMenuAreWorking" time="9.453"/>
  <testcase classname="com.testcases.TestSprint1" name="checkIfPIMmenuConfigurationOptionalFieldCanBeTurnedOnOff" time="13.502"/>
  <testcase classname="com.testcases.TestSprint1" name="checkSearchOptionsInPIMMenuEmployeeListPage" time="44.818"/>
  <testcase classname="com.testcases.TestSprint1" name="tryAndError" time="0.0">
    <ignored/>
  </testcase> <!-- tryAndError -->
</testsuite> <!-- Default test -->
