<?xml version="1.0" encoding="UTF-8"?>
<!-- Generated by org.testng.reporters.JUnitXMLReporter -->
<testsuite ignored="9" hostname="Thakur-Acer" failures="0" tests="1" name="Default test" time="14.195" errors="0" timestamp="2025-05-11T00:18:11 IST">
  <testcase classname="com.testcases.TestSprint2" name="ApplyLeaveWithPastDates" time="10.572"/>
  <testcase classname="com.testcases.TestSprint2" name="ApplyLeaveWithoutSelectingLeaveType" time="0.0">
    <ignored/>
  </testcase> <!-- ApplyLeaveWithoutSelectingLeaveType -->
  <testcase classname="com.testcases.TestSprint2" name="SearchSystemUserWithDifferentSearchOptions" time="0.0">
    <ignored/>
  </testcase> <!-- SearchSystemUserWithDifferentSearchOptions -->
  <testcase classname="com.testcases.TestSprint2" name="ApplyLeaveWithValidInputs" time="0.0">
    <ignored/>
  </testcase> <!-- ApplyLeaveWithValidInputs -->
  <testcase classname="com.testcases.TestSprint2" name="checkForOrganizationMenuAreShowingCorrectOptions" time="0.0">
    <ignored/>
  </testcase> <!-- checkForOrganizationMenuAreShowingCorrectOptions -->
  <testcase classname="com.testcases.TestSprint2" name="CheckIfAddSkillOptionIsWorkingOrNot" time="0.0">
    <ignored/>
  </testcase> <!-- CheckIfAddSkillOptionIsWorkingOrNot -->
  <testcase classname="com.testcases.TestSprint2" name="TryAndError" time="0.0">
    <ignored/>
  </testcase> <!-- TryAndError -->
  <testcase classname="com.testcases.TestSprint2" name="checkForJobMenuAreShowingCorrectOptions" time="0.0">
    <ignored/>
  </testcase> <!-- checkForJobMenuAreShowingCorrectOptions -->
  <testcase classname="com.testcases.TestSprint2" name="CheckIfAddLocationOptionIsWorkingOrNot" time="0.0">
    <ignored/>
  </testcase> <!-- CheckIfAddLocationOptionIsWorkingOrNot -->
  <testcase classname="com.testcases.TestSprint2" name="ApplyLeaveWithOverlappingDates" time="0.0">
    <ignored/>
  </testcase> <!-- ApplyLeaveWithOverlappingDates -->
</testsuite> <!-- Default test -->
