<?xml version="1.0" encoding="UTF-8"?>
<!-- Generated by org.testng.reporters.JUnitXMLReporter -->
<testsuite ignored="8" hostname="Thakur-Acer" failures="0" tests="1" name="Default test" time="37.198" errors="0" timestamp="2025-11-27T16:05:21 IST">
  <testcase classname="com.testcases.TestSprint1" name="AddCustomFieldsWithBothTypeOfInputMethodAndCheckIfReflectingOnRespectedPage" time="34.241"/>
  <testcase classname="com.testcases.TestSprint1" name="addUserandCheckIfAllOptionsAreWorkingWhileCreating" time="0.0">
    <ignored/>
  </testcase> <!-- addUserandCheckIfAllOptionsAreWorkingWhileCreating -->
  <testcase classname="com.testcases.TestSprint1" name="checkSearchOptionsInPIMMenuEmployeeListPage" time="0.0">
    <ignored/>
  </testcase> <!-- checkSearchOptionsInPIMMenuEmployeeListPage -->
  <testcase classname="com.testcases.TestSprint1" name="CheckIfLoginSuccessfullWithIncorrectCredentials" time="0.0">
    <ignored/>
  </testcase> <!-- CheckIfLoginSuccessfullWithIncorrectCredentials -->
  <testcase classname="com.testcases.TestSprint1" name="CheckIfOptionalFieldsVisibilityToggleWorking" time="0.0">
    <ignored/>
  </testcase> <!-- CheckIfOptionalFieldsVisibilityToggleWorking -->
  <testcase classname="com.testcases.TestSprint1" name="CheckIfLoginSuccessfullWithCredentialsFieldBlank" time="0.0">
    <ignored/>
  </testcase> <!-- CheckIfLoginSuccessfullWithCredentialsFieldBlank -->
  <testcase classname="com.testcases.TestSprint1" name="checkIfAllTheLinksInProfileMenuAreWorking" time="0.0">
    <ignored/>
  </testcase> <!-- checkIfAllTheLinksInProfileMenuAreWorking -->
  <testcase classname="com.testcases.TestSprint1" name="checkIfPIMmenuConfigurationOptionalFieldCanBeTurnedOnOff" time="0.0">
    <ignored/>
  </testcase> <!-- checkIfPIMmenuConfigurationOptionalFieldCanBeTurnedOnOff -->
  <testcase classname="com.testcases.TestSprint1" name="CheckIfLoginSuccessfullWithCorrectCredentials" time="0.0">
    <ignored/>
  </testcase> <!-- CheckIfLoginSuccessfullWithCorrectCredentials -->
</testsuite> <!-- Default test -->
