<?xml version="1.0" encoding="UTF-8"?>
<!-- Generated by org.testng.reporters.JUnitXMLReporter -->
<testsuite ignored="4" hostname="Thakur-Acer" failures="0" tests="1" name="Default test" time="28.868" errors="0" timestamp="2025-07-05T23:17:44 IST">
  <testcase classname="com.testcases.TestSprint3" name="addNewKPIForTheJobTitle" time="25.3"/>
  <testcase classname="com.testcases.TestSprint3" name="AddsNewCandidateForAnExistingVacancy" time="0.0">
    <ignored/>
  </testcase> <!-- AddsNewCandidateForAnExistingVacancy -->
  <testcase classname="com.testcases.TestSprint3" name="AddsNewCandidateForAnExistingVacancyWithoutEmail" time="0.0">
    <ignored/>
  </testcase> <!-- AddsNewCandidateForAnExistingVacancyWithoutEmail -->
  <testcase classname="com.testcases.TestSprint3" name="addVacancywithallDetailsAndCheckIfReflectsInCandidateField" time="0.0">
    <ignored/>
  </testcase> <!-- addVacancywithallDetailsAndCheckIfReflectsInCandidateField -->
  <testcase classname="com.testcases.TestSprint3" name="test" time="0.0">
    <ignored/>
  </testcase> <!-- test -->
</testsuite> <!-- Default test -->
