<?xml version="1.0" encoding="UTF-8"?>
<!-- Generated by org.testng.reporters.JUnitXMLReporter -->
<testsuite ignored="2" hostname="Thakur-Acer" failures="0" tests="1" name="Default test" time="15.452" errors="0" timestamp="2025-02-20T15:19:48 IST">
  <testcase classname="orangeHRM.testCases.testSprint1" name="checkIfPIMmenuConfigurationOptionalFieldCanBeTurnedOnOff" time="9.299"/>
  <testcase classname="orangeHRM.testCases.testSprint1" name="CheckIfLoginSuccessfullWithCorrectCredentials" time="0.0">
    <ignored/>
  </testcase> <!-- CheckIfLoginSuccessfullWithCorrectCredentials -->
  <testcase classname="orangeHRM.testCases.testSprint1" name="checkIfAllTheLinksInProfileMenuAreWorking" time="0.0">
    <ignored/>
  </testcase> <!-- checkIfAllTheLinksInProfileMenuAreWorking -->
</testsuite> <!-- Default test -->
