<?xml version="1.0" encoding="UTF-8"?>
<!-- Generated by org.testng.reporters.JUnitXMLReporter -->
<testsuite ignored="0" hostname="Thakur-Acer" failures="1" tests="8" name="Default test" time="193.412" errors="0" timestamp="2025-11-29T23:41:21 IST">
  <testcase classname="io.cucumber.testng.AbstractTestNGCucumberTests" name="runScenario" time="22.564"/>
  <testcase classname="io.cucumber.testng.AbstractTestNGCucumberTests" name="runScenario" time="20.491"/>
  <testcase classname="io.cucumber.testng.AbstractTestNGCucumberTests" name="runScenario" time="23.434"/>
  <testcase classname="io.cucumber.testng.AbstractTestNGCucumberTests" name="runScenario" time="20.943"/>
  <testcase classname="io.cucumber.testng.AbstractTestNGCucumberTests" name="runScenario" time="22.487">
    <failure type="java.lang.AssertionError" message="Expected element not found in job table: Grade A expected [true] but found [false]">
      <![CDATA[java.lang.AssertionError: Expected element not found in job table: Grade A expected [true] but found [false]
at org.testng.Assert.fail(Assert.java:111)
at org.testng.Assert.failNotEquals(Assert.java:1590)
at org.testng.Assert.assertTrue(Assert.java:57)
at com.StepDefinition.StepDefAdmin.verifyElementInJobTable(StepDefAdmin.java:107)
at ✽.job table should contain entry "Grade A"(file:///C:/Users/piyus/eclipse-workspace/orangeHRM/src/test/resources/features/cucumberAdminTests.feature:35)
]]>
    </failure>
  </testcase> <!-- runScenario -->
  <testcase classname="io.cucumber.testng.AbstractTestNGCucumberTests" name="runScenario" time="22.835"/>
  <testcase classname="io.cucumber.testng.AbstractTestNGCucumberTests" name="runScenario" time="35.066"/>
  <testcase classname="io.cucumber.testng.AbstractTestNGCucumberTests" name="runScenario" time="23.477"/>
</testsuite> <!-- Default test -->
