<?xml version="1.0" encoding="UTF-8"?>
<!-- Generated by org.testng.reporters.JUnitXMLReporter -->
<testsuite ignored="0" hostname="Thakur-Acer" failures="0" tests="10" name="Default test" time="177.495" errors="0" timestamp="2025-05-11T13:17:00 IST">
  <testcase classname="com.testcases.TestSprint2" name="ApplyLeaveWithOverlappingDates" time="22.072"/>
  <testcase classname="com.testcases.TestSprint2" name="ApplyLeaveWithPastDates" time="16.263"/>
  <testcase classname="com.testcases.TestSprint2" name="ApplyLeaveWithValidInputs" time="13.719"/>
  <testcase classname="com.testcases.TestSprint2" name="ApplyLeaveWithoutSelectingLeaveType" time="7.125"/>
  <testcase classname="com.testcases.TestSprint2" name="CheckIfAddLocationOptionIsWorkingOrNot" time="15.858"/>
  <testcase classname="com.testcases.TestSprint2" name="CheckIfAddSkillOptionIsWorkingOrNot" time="12.727"/>
  <testcase classname="com.testcases.TestSprint2" name="SearchSystemUserWithDifferentSearchOptions" time="32.182"/>
  <testcase classname="com.testcases.TestSprint2" name="TryAndError" time="12.781"/>
  <testcase classname="com.testcases.TestSprint2" name="checkForJobMenuAreShowingCorrectOptions" time="12.669"/>
  <testcase classname="com.testcases.TestSprint2" name="checkForOrganizationMenuAreShowingCorrectOptions" time="9.161"/>
</testsuite> <!-- Default test -->
