<?xml version="1.0" encoding="UTF-8"?>
<!-- Generated by org.testng.reporters.JUnitXMLReporter -->
<testsuite ignored="6" hostname="Thakur-Acer" failures="0" tests="1" name="Default test" time="32.945" errors="0" timestamp="2025-03-02T00:28:27 IST">
  <testcase classname="com.testcases.TestSprint1" name="AddReportingMethodAndTerminationReason" time="28.859"/>
  <testcase classname="com.testcases.TestSprint1" name="AddCustomFieldsWithBothTypeOfInputMethodAndCheckIfReflectingOnRespectedPage" time="0.0">
    <ignored/>
  </testcase> <!-- AddCustomFieldsWithBothTypeOfInputMethodAndCheckIfReflectingOnRespectedPage -->
  <testcase classname="com.testcases.TestSprint1" name="checkIfPIMmenuConfigurationOptionalFieldCanBeTurnedOnOff" time="0.0">
    <ignored/>
  </testcase> <!-- checkIfPIMmenuConfigurationOptionalFieldCanBeTurnedOnOff -->
  <testcase classname="com.testcases.TestSprint1" name="CheckIfOptionalFieldsVisibilityToggleWorking" time="0.0">
    <ignored/>
  </testcase> <!-- CheckIfOptionalFieldsVisibilityToggleWorking -->
  <testcase classname="com.testcases.TestSprint1" name="checkIfAllTheLinksInProfileMenuAreWorking" time="0.0">
    <ignored/>
  </testcase> <!-- checkIfAllTheLinksInProfileMenuAreWorking -->
  <testcase classname="com.testcases.TestSprint1" name="tryAndError" time="0.0">
    <ignored/>
  </testcase> <!-- tryAndError -->
  <testcase classname="com.testcases.TestSprint1" name="CheckIfLoginSuccessfullWithCorrectCredentials" time="0.0">
    <ignored/>
  </testcase> <!-- CheckIfLoginSuccessfullWithCorrectCredentials -->
</testsuite> <!-- Default test -->
