<?xml version="1.0" encoding="UTF-8"?>
<!-- Generated by org.testng.reporters.JUnitXMLReporter -->
<testsuite ignored="1" hostname="Thakur-Acer" failures="0" tests="1" name="Default test" time="34.866" errors="0" timestamp="2025-03-25T14:44:30 IST">
  <testcase classname="com.testcases.TestSprint2" name="TryAndError" time="30.075"/>
  <testcase classname="com.testcases.TestSprint2" name="SearchSystemUserWithDifferentSearchOptions" time="0.0">
    <ignored/>
  </testcase> <!-- SearchSystemUserWithDifferentSearchOptions -->
</testsuite> <!-- Default test -->
