<?xml version="1.0" encoding="UTF-8"?>
<!-- Generated by org.testng.reporters.JUnitXMLReporter -->
<testsuite ignored="3" hostname="Thakur-Acer" failures="0" tests="1" name="Default test" time="24.429" errors="0" timestamp="2025-02-22T12:33:10 IST">
  <testcase classname="orangeHRM.testCases.testSprint1" name="temptest" time="11.571"/>
  <testcase classname="orangeHRM.testCases.testSprint1" name="checkIfPIMmenuConfigurationOptionalFieldCanBeTurnedOnOff" time="0.0">
    <ignored/>
  </testcase> <!-- checkIfPIMmenuConfigurationOptionalFieldCanBeTurnedOnOff -->
  <testcase classname="orangeHRM.testCases.testSprint1" name="CheckIfLoginSuccessfullWithCorrectCredentials" time="0.0">
    <ignored/>
  </testcase> <!-- CheckIfLoginSuccessfullWithCorrectCredentials -->
  <testcase classname="orangeHRM.testCases.testSprint1" name="checkIfAllTheLinksInProfileMenuAreWorking" time="0.0">
    <ignored/>
  </testcase> <!-- checkIfAllTheLinksInProfileMenuAreWorking -->
</testsuite> <!-- Default test -->
