<?xml version="1.0" encoding="UTF-8"?>
<!-- Generated by org.testng.reporters.JUnitXMLReporter -->
<testsuite ignored="8" hostname="Thakur-Acer" failures="0" tests="1" name="Default test" time="23.219" errors="0" timestamp="2025-03-20T12:27:39 IST">
  <testcase classname="com.testcases.TestSprint1" name="addUserandCheckIfAllOptionsAreWorkingWhileCreating" time="20.265"/>
  <testcase classname="com.testcases.TestSprint1" name="AddCustomFieldsWithBothTypeOfInputMethodAndCheckIfReflectingOnRespectedPage" time="0.0">
    <ignored/>
  </testcase> <!-- AddCustomFieldsWithBothTypeOfInputMethodAndCheckIfReflectingOnRespectedPage -->
  <testcase classname="com.testcases.TestSprint1" name="AddReportingMethodAndTerminationReason" time="0.0">
    <ignored/>
  </testcase> <!-- AddReportingMethodAndTerminationReason -->
  <testcase classname="com.testcases.TestSprint1" name="TryAndError" time="0.0">
    <ignored/>
  </testcase> <!-- TryAndError -->
  <testcase classname="com.testcases.TestSprint1" name="checkIfPIMmenuConfigurationOptionalFieldCanBeTurnedOnOff" time="0.0">
    <ignored/>
  </testcase> <!-- checkIfPIMmenuConfigurationOptionalFieldCanBeTurnedOnOff -->
  <testcase classname="com.testcases.TestSprint1" name="CheckIfOptionalFieldsVisibilityToggleWorking" time="0.0">
    <ignored/>
  </testcase> <!-- CheckIfOptionalFieldsVisibilityToggleWorking -->
  <testcase classname="com.testcases.TestSprint1" name="checkIfAllTheLinksInProfileMenuAreWorking" time="0.0">
    <ignored/>
  </testcase> <!-- checkIfAllTheLinksInProfileMenuAreWorking -->
  <testcase classname="com.testcases.TestSprint1" name="CheckIfLoginSuccessfullWithCorrectCredentials" time="0.0">
    <ignored/>
  </testcase> <!-- CheckIfLoginSuccessfullWithCorrectCredentials -->
  <testcase classname="com.testcases.TestSprint1" name="checkSearchOptionsInPIMMenuEmployeeListPage" time="0.0">
    <ignored/>
  </testcase> <!-- checkSearchOptionsInPIMMenuEmployeeListPage -->
</testsuite> <!-- Default test -->
