<?xml version="1.0" encoding="UTF-8"?>
<!-- Generated by org.testng.reporters.JUnitXMLReporter -->
<testsuite ignored="2" hostname="Thakur-Acer" failures="0" tests="1" name="Default test" time="12.751" errors="0" timestamp="2025-07-03T00:03:35 IST">
  <testcase classname="com.testcases.TestSprint3" name="AdminAddsNewCandidateForAnExistingVacancy" time="9.561"/>
  <testcase classname="com.testcases.TestSprint3" name="addVacancywithallDetailsAndCheckIfReflectsInCandidateField" time="0.0">
    <ignored/>
  </testcase> <!-- addVacancywithallDetailsAndCheckIfReflectsInCandidateField -->
  <testcase classname="com.testcases.TestSprint3" name="test" time="0.0">
    <ignored/>
  </testcase> <!-- test -->
</testsuite> <!-- Default test -->
