<?xml version="1.0" encoding="UTF-8"?>
<!-- Generated by org.testng.reporters.JUnitXMLReporter -->
<testsuite ignored="1" hostname="Thakur-Acer" failures="0" tests="7" name="Default test" time="111.324" errors="0" timestamp="2025-11-21T14:48:03 IST">
  <testcase classname="com.testcases.TestSprint3" name="AddsNewCandidateForAnExistingVacancy" time="9.42"/>
  <testcase classname="com.testcases.TestSprint3" name="AddsNewCandidateForAnExistingVacancyWithoutEmail" time="8.278"/>
  <testcase classname="com.testcases.TestSprint3" name="addNewKPIForTheJobTitle" time="12.075"/>
  <testcase classname="com.testcases.TestSprint3" name="addVacancywithallDetailsAndCheckIfReflectsInCandidateField" time="14.745"/>
  <testcase classname="com.testcases.TestSprint3" name="employeeSubmittedTimeSheetWithDetails" time="9.418"/>
  <testcase classname="com.testcases.TestSprint3" name="employeeEditingTimesheetBeforeSubmission" time="9.555"/>
  <testcase classname="com.testcases.TestSprint3" name="managerApprovesOrRejectsTimesheet" time="11.284"/>
  <testcase classname="com.testcases.TestSprint3" name="test" time="0.0">
    <ignored/>
  </testcase> <!-- test -->
</testsuite> <!-- Default test -->
