<?xml version="1.0" encoding="UTF-8"?>
<!-- Generated by org.testng.reporters.JUnitXMLReporter -->
<testsuite ignored="1" hostname="Thakur-Acer" failures="0" tests="2" name="Default test" time="51.081" errors="0" timestamp="2025-03-31T11:05:46 IST">
  <testcase classname="com.testcases.TestSprint2" name="SearchSystemUserWithDifferentSearchOptions" time="31.785"/>
  <testcase classname="com.testcases.TestSprint2" name="checkForJobMenuAreShowingCorrectOptions" time="14.846"/>
  <testcase classname="com.testcases.TestSprint2" name="TryAndError" time="0.0">
    <ignored/>
  </testcase> <!-- TryAndError -->
</testsuite> <!-- Default test -->
