<?xml version="1.0" encoding="UTF-8"?>
<!-- Generated by org.testng.reporters.JUnitXMLReporter -->
<testsuite ignored="10" hostname="Thakur-Acer" failures="0" tests="1" name="Default test" time="12.247" errors="0" timestamp="2025-11-27T15:36:42 IST">
  <testcase classname="com.testcases.TestSprint2" name="CheckIfAddSkillOptionIsWorkingOrNot" time="9.231"/>
  <testcase classname="com.testcases.TestSprint2" name="ApplyLeaveWithOverlappingDates" time="0.0">
    <ignored/>
  </testcase> <!-- ApplyLeaveWithOverlappingDates -->
  <testcase classname="com.testcases.TestSprint2" name="ApplyLeaveWithPastDates" time="0.0">
    <ignored/>
  </testcase> <!-- ApplyLeaveWithPastDates -->
  <testcase classname="com.testcases.TestSprint2" name="checkForJobMenuAreShowingCorrectOptions" time="0.0">
    <ignored/>
  </testcase> <!-- checkForJobMenuAreShowingCorrectOptions -->
  <testcase classname="com.testcases.TestSprint2" name="CheckIfAddLocationOptionIsWorkingOrNot" time="0.0">
    <ignored/>
  </testcase> <!-- CheckIfAddLocationOptionIsWorkingOrNot -->
  <testcase classname="com.testcases.TestSprint2" name="SearchSystemUserWithDifferentSearchOptions" time="0.0">
    <ignored/>
  </testcase> <!-- SearchSystemUserWithDifferentSearchOptions -->
  <testcase classname="com.testcases.TestSprint2" name="checkForOrganizationMenuAreShowingCorrectOptions" time="0.0">
    <ignored/>
  </testcase> <!-- checkForOrganizationMenuAreShowingCorrectOptions -->
  <testcase classname="com.testcases.TestSprint2" name="ApplyLeaveWithInsufficientBalance" time="0.0">
    <ignored/>
  </testcase> <!-- ApplyLeaveWithInsufficientBalance -->
  <testcase classname="com.testcases.TestSprint2" name="addLeaveEntitlement" time="0.0">
    <ignored/>
  </testcase> <!-- addLeaveEntitlement -->
  <testcase classname="com.testcases.TestSprint2" name="ApplyLeaveWithoutSelectingLeaveType" time="0.0">
    <ignored/>
  </testcase> <!-- ApplyLeaveWithoutSelectingLeaveType -->
  <testcase classname="com.testcases.TestSprint2" name="ApplyLeaveWithValidInputs" time="0.0">
    <ignored/>
  </testcase> <!-- ApplyLeaveWithValidInputs -->
</testsuite> <!-- Default test -->
