{"uuid":"86b1ef39-1282-435c-afb6-8142f9693054","historyId":"9aef81925b026896203107e6b0e3f094","fullName":"com.testcases.TestSprint3.employeeEditingTimesheetBeforeSubmission","labels":[{"name":"package","value":"com.testcases.TestSprint3"},{"name":"testClass","value":"com.testcases.TestSprint3"},{"name":"testMethod","value":"employeeEditingTimesheetBeforeSubmission"},{"name":"parentSuite","value":"Failed suite [Master Suite]"},{"name":"suite","value":"regression tests(failed)"},{"name":"subSuite","value":"com.testcases.TestSprint3"},{"name":"host","value":"Thakur-Acer"},{"name":"thread","value":"6728@Thakur-Acer.TestNG-test-regression tests(failed)-2(25)"},{"name":"framework","value":"testng"},{"name":"language","value":"java"},{"name":"feature","value":"Time Module"},{"name":"story","value":"Timesheet editing before submission"},{"name":"severity","value":"normal"}],"links":[],"name":"employeeEditingTimesheetBeforeSubmission","status":"broken","statusDetails":{"known":false,"muted":false,"flaky":false,"message":"Cannot invoke \"String.split(String)\" because \"this.hrString\" is null","trace":"java.lang.NullPointerException: Cannot invoke \"String.split(String)\" because \"this.hrString\" is null\r\n\tat com.pages.TimeMenu.randomIncrementDecrementInHours(TimeMenu.java:170)\r\n\tat com.pages.TimeMenu.enterUpdatedMondayHours(TimeMenu.java:185)\r\n\tat com.testcases.TestSprint3.employeeEditingTimesheetBeforeSubmission(TestSprint3.java:146)\r\n\tat java.base/jdk.internal.reflect.NativeMethodAccessorImpl.invoke0(Native Method)\r\n\tat java.base/jdk.internal.reflect.NativeMethodAccessorImpl.invoke(NativeMethodAccessorImpl.java:77)\r\n\tat java.base/jdk.internal.reflect.DelegatingMethodAccessorImpl.invoke(DelegatingMethodAccessorImpl.java:43)\r\n\tat java.base/java.lang.reflect.Method.invoke(Method.java:568)\r\n\tat org.testng.internal.invokers.MethodInvocationHelper.invokeMethod(MethodInvocationHelper.java:141)\r\n\tat org.testng.internal.invokers.TestInvoker.invokeMethod(TestInvoker.java:687)\r\n\tat org.testng.internal.invokers.TestInvoker.invokeTestMethod(TestInvoker.java:230)\r\n\tat org.testng.internal.invokers.MethodRunner.runInSequence(MethodRunner.java:63)\r\n\tat org.testng.internal.invokers.TestInvoker$MethodInvocationAgent.invoke(TestInvoker.java:995)\r\n\tat org.testng.internal.invokers.TestInvoker.invokeTestMethods(TestInvoker.java:203)\r\n\tat org.testng.internal.invokers.TestMethodWorker.invokeTestMethods(TestMethodWorker.java:154)\r\n\tat org.testng.internal.invokers.TestMethodWorker.run(TestMethodWorker.java:134)\r\n\tat java.base/java.util.concurrent.Executors$RunnableAdapter.call(Executors.java:539)\r\n\tat java.base/java.util.concurrent.FutureTask.run(FutureTask.java:264)\r\n\tat org.testng.internal.thread.graph.TestNGFutureTask.run(TestNGFutureTask.java:22)\r\n\tat java.base/java.util.concurrent.ThreadPoolExecutor.runWorker(ThreadPoolExecutor.java:1136)\r\n\tat java.base/java.util.concurrent.ThreadPoolExecutor$Worker.run(ThreadPoolExecutor.java:635)\r\n\tat java.base/java.lang.Thread.run(Thread.java:842)\r\n"},"stage":"finished","description":"to verify timesheet submission and edit by employee","steps":[{"name":"login as user and navigate to time page, add time sheet","status":"broken","statusDetails":{"known":false,"muted":false,"flaky":false,"message":"Cannot invoke \"String.split(String)\" because \"this.hrString\" is null","trace":"java.lang.NullPointerException: Cannot invoke \"String.split(String)\" because \"this.hrString\" is null\r\n\tat com.pages.TimeMenu.randomIncrementDecrementInHours(TimeMenu.java:170)\r\n\tat com.pages.TimeMenu.enterUpdatedMondayHours(TimeMenu.java:185)\r\n\tat com.testcases.TestSprint3.employeeEditingTimesheetBeforeSubmission(TestSprint3.java:146)\r\n\tat java.base/jdk.internal.reflect.NativeMethodAccessorImpl.invoke0(Native Method)\r\n\tat java.base/jdk.internal.reflect.NativeMethodAccessorImpl.invoke(NativeMethodAccessorImpl.java:77)\r\n\tat java.base/jdk.internal.reflect.DelegatingMethodAccessorImpl.invoke(DelegatingMethodAccessorImpl.java:43)\r\n\tat java.base/java.lang.reflect.Method.invoke(Method.java:568)\r\n\tat org.testng.internal.invokers.MethodInvocationHelper.invokeMethod(MethodInvocationHelper.java:141)\r\n\tat org.testng.internal.invokers.TestInvoker.invokeMethod(TestInvoker.java:687)\r\n\tat org.testng.internal.invokers.TestInvoker.invokeTestMethod(TestInvoker.java:230)\r\n\tat org.testng.internal.invokers.MethodRunner.runInSequence(MethodRunner.java:63)\r\n\tat org.testng.internal.invokers.TestInvoker$MethodInvocationAgent.invoke(TestInvoker.java:995)\r\n\tat org.testng.internal.invokers.TestInvoker.invokeTestMethods(TestInvoker.java:203)\r\n\tat org.testng.internal.invokers.TestMethodWorker.invokeTestMethods(TestMethodWorker.java:154)\r\n\tat org.testng.internal.invokers.TestMethodWorker.run(TestMethodWorker.java:134)\r\n\tat java.base/java.util.concurrent.Executors$RunnableAdapter.call(Executors.java:539)\r\n\tat java.base/java.util.concurrent.FutureTask.run(FutureTask.java:264)\r\n\tat org.testng.internal.thread.graph.TestNGFutureTask.run(TestNGFutureTask.java:22)\r\n\tat java.base/java.util.concurrent.ThreadPoolExecutor.runWorker(ThreadPoolExecutor.java:1136)\r\n\tat java.base/java.util.concurrent.ThreadPoolExecutor$Worker.run(ThreadPoolExecutor.java:635)\r\n\tat java.base/java.lang.Thread.run(Thread.java:842)\r\n"},"stage":"finished","steps":[],"attachments":[],"parameters":[],"start":1764232709353,"stop":1764232718799}],"attachments":[],"parameters":[],"start":1764232709353,"stop":1764232723391}