{"uuid":"8a60604b-4066-4d6b-9de6-2eee1e92f77e","historyId":"a07d4e2bf2d2645ee8a487ef5b49d9b0","testCaseId":"f7a2691c0a62d135aa4cbc0e8801fc94","fullName":"src/test/resources/features/cucumberAdminTests.feature:30","labels":[{"name":"tag","value":"admin"},{"name":"host","value":"Thakur-Acer"},{"name":"thread","value":"13572@Thakur-Acer.main(1)"},{"name":"feature","value":"Admin Module"},{"name":"story","value":"To verify Job submenu contains correct respective detail options"},{"name":"suite","value":"Admin Module"},{"name":"testClass","value":"To verify Job submenu contains correct respective detail options"},{"name":"framework","value":"cucumber4jvm"},{"name":"language","value":"java"},{"name":"gherkin_uri","value":"file:///C:/Users/piyus/eclipse-workspace/orangeHRM/src/test/resources/features/cucumberAdminTests.feature"},{"name":"package","value":"src.test.resources.features.cucumberAdminTests_feature.Admin Module"}],"links":[],"name":"To verify Job submenu contains correct respective detail options","status":"failed","statusDetails":{"known":false,"muted":false,"flaky":false,"message":"Expected element not found in job table: Grade A expected [true] but found [false]","trace":"java.lang.AssertionError: Expected element not found in job table: Grade A expected [true] but found [false]\r\n\tat org.testng.Assert.fail(Assert.java:111)\r\n\tat org.testng.Assert.failNotEquals(Assert.java:1590)\r\n\tat org.testng.Assert.assertTrue(Assert.java:57)\r\n\tat com.stepdefinition.StepDefAdmin.verifyElementInJobTable(StepDefAdmin.java:95)\r\n\tat ✽.job table should contain entry \"Grade A\"(file:///C:/Users/piyus/eclipse-workspace/orangeHRM/src/test/resources/features/cucumberAdminTests.feature:35)\r\n"},"stage":"finished","steps":[{"name":"When user clicks on admin menu","status":"passed","statusDetails":{"known":false,"muted":false,"flaky":false},"stage":"finished","steps":[],"attachments":[],"parameters":[],"start":1765002364367,"stop":1765002395350},{"name":"And user selects job submenu option \"Job Titles\"","status":"passed","statusDetails":{"known":false,"muted":false,"flaky":false},"stage":"finished","steps":[],"attachments":[],"parameters":[],"start":1765002395350,"stop":1765002400068},{"name":"Then job table should contain entry \"Assistant Manager\"","status":"passed","statusDetails":{"known":false,"muted":false,"flaky":false},"stage":"finished","steps":[],"attachments":[],"parameters":[],"start":1765002400071,"stop":1765002401499},{"name":"And user selects job submenu option \"Pay Grades\"","status":"passed","statusDetails":{"known":false,"muted":false,"flaky":false},"stage":"finished","steps":[],"attachments":[],"parameters":[],"start":1765002401499,"stop":1765002405198},{"name":"Then job table should contain entry \"Grade A\"","status":"failed","statusDetails":{"known":false,"muted":false,"flaky":false,"message":"Expected element not found in job table: Grade A expected [true] but found [false]","trace":"java.lang.AssertionError: Expected element not found in job table: Grade A expected [true] but found [false]\r\n\tat org.testng.Assert.fail(Assert.java:111)\r\n\tat org.testng.Assert.failNotEquals(Assert.java:1590)\r\n\tat org.testng.Assert.assertTrue(Assert.java:57)\r\n\tat com.stepdefinition.StepDefAdmin.verifyElementInJobTable(StepDefAdmin.java:95)\r\n\tat ✽.job table should contain entry \"Grade A\"(file:///C:/Users/piyus/eclipse-workspace/orangeHRM/src/test/resources/features/cucumberAdminTests.feature:35)\r\n"},"stage":"finished","steps":[],"attachments":[],"parameters":[],"start":1765002405198,"stop":1765002406261},{"name":"And user selects job submenu option \"Employment Status\"","status":"skipped","statusDetails":{"known":false,"muted":false,"flaky":false},"stage":"finished","steps":[],"attachments":[],"parameters":[],"start":1765002406261,"stop":1765002406261},{"name":"Then job table should contain entry \"Active\"","status":"skipped","statusDetails":{"known":false,"muted":false,"flaky":false},"stage":"finished","steps":[],"attachments":[],"parameters":[],"start":1765002406261,"stop":1765002406261}],"attachments":[],"parameters":[],"start":1765002358003,"stop":1765002406634}