<!DOCTYPE html>

<html>
  <head>
  <meta charset='utf-8'>
  <title>TestNG reports</title>

    <link type="text/css" href="testng-reports1.css" rel="stylesheet" id="ultra" />
    <link type="text/css" href="testng-reports.css" rel="stylesheet" id="retro" disabled="false"/>
    <script type="text/javascript" src="jquery-3.6.0.min.js"></script>
    <script type="text/javascript" src="testng-reports.js"></script>
    <script type="text/javascript" src="https://www.google.com/jsapi"></script>
    <script type='text/javascript'>
      google.load('visualization', '1', {packages:['table']});
      google.setOnLoadCallback(drawTable);
      var suiteTableInitFunctions = new Array();
      var suiteTableData = new Array();
    </script>
    <!--
      <script type="text/javascript" src="jquery-ui/js/jquery-ui-1.8.16.custom.min.js"></script>
     -->
  </head>

  <body>    <div class="top-banner-root">
      <span class="top-banner-title-font">Test results</span>
      <button id="button" class="button">Switch Retro Theme</button> <!-- button -->
      <br/>
      <span class="top-banner-font-1">1 suite, 19 failed tests</span>
    </div> <!-- top-banner-root -->
    <div class="navigator-root">
      <div class="navigator-suite-header">
        <span>All suites</span>
        <a href="#" title="Collapse/expand all the suites" class="collapse-all-link">
          <img src="collapseall.gif" class="collapse-all-icon">
          </img> <!-- collapse-all-icon -->
        </a> <!-- collapse-all-link -->
      </div> <!-- navigator-suite-header -->
      <div class="suite">
        <div class="rounded-window">
          <div class="suite-header light-rounded-window-top">
            <a href="#" panel-name="suite-Master_Suite" class="navigator-link">
              <span class="suite-name border-failed">Master Suite</span>
            </a> <!-- navigator-link -->
          </div> <!-- suite-header light-rounded-window-top -->
          <div class="navigator-suite-content">
            <div class="suite-section-title">
              <span>Info</span>
            </div> <!-- suite-section-title -->
            <div class="suite-section-content">
              <ul>
                <li>
                  <a href="#" panel-name="test-xml-Master_Suite" class="navigator-link ">
                    <span>C:\Users\piyus\eclipse-workspace\orangeHRM\testng.xml</span>
                  </a> <!-- navigator-link  -->
                </li>
                <li>
                  <a href="#" panel-name="testlist-Master_Suite" class="navigator-link ">
                    <span class="test-stats">1 test</span>
                  </a> <!-- navigator-link  -->
                </li>
                <li>
                  <a href="#" panel-name="group-Master_Suite" class="navigator-link ">
                    <span>1 group</span>
                  </a> <!-- navigator-link  -->
                </li>
                <li>
                  <a href="#" panel-name="times-Master_Suite" class="navigator-link ">
                    <span>Times</span>
                  </a> <!-- navigator-link  -->
                </li>
                <li>
                  <a href="#" panel-name="reporter-Master_Suite" class="navigator-link ">
                    <span>Reporter output</span>
                  </a> <!-- navigator-link  -->
                </li>
                <li>
                  <a href="#" panel-name="ignored-methods-Master_Suite" class="navigator-link ">
                    <span>Ignored methods</span>
                  </a> <!-- navigator-link  -->
                </li>
                <li>
                  <a href="#" panel-name="chronological-Master_Suite" class="navigator-link ">
                    <span>Chronological view</span>
                  </a> <!-- navigator-link  -->
                </li>
              </ul>
            </div> <!-- suite-section-content -->
            <div class="result-section">
              <div class="suite-section-title">
                <span>Results</span>
              </div> <!-- suite-section-title -->
              <div class="suite-section-content">
                <ul>
                  <li>
                    <span class="method-stats">30 methods, 19 failed,  11 skipped,  </span>
                  </li>
                  <li>
                    <span class="method-list-title failed">Failed methods</span>
                    <span class="show-or-hide-methods failed">
                      <a href="#" panel-name="suite-Master_Suite" class="hide-methods failed suite-Master_Suite"> (hide)</a> <!-- hide-methods failed suite-Master_Suite -->
                      <a href="#" panel-name="suite-Master_Suite" class="show-methods failed suite-Master_Suite"> (show)</a> <!-- show-methods failed suite-Master_Suite -->
                    </span>
                    <div class="method-list-content failed suite-Master_Suite">
                      <span>
                        <img src="failed.png" width="3%"/>
                        <a href="#" panel-name="suite-Master_Suite" title="com.testcases.TestSprint3" class="method navigator-link" hash-for-method="AddsNewCandidateForAnExistingVacancy">AddsNewCandidateForAnExistingVacancy</a> <!-- method navigator-link -->
                      </span>
                      <br/>
                      <span>
                        <img src="failed.png" width="3%"/>
                        <a href="#" panel-name="suite-Master_Suite" title="com.testcases.TestSprint3" class="method navigator-link" hash-for-method="AddsNewCandidateForAnExistingVacancyWithoutEmail">AddsNewCandidateForAnExistingVacancyWithoutEmail</a> <!-- method navigator-link -->
                      </span>
                      <br/>
                      <span>
                        <img src="failed.png" width="3%"/>
                        <a href="#" panel-name="suite-Master_Suite" title="com.testcases.TestSprint2" class="method navigator-link" hash-for-method="ApplyLeaveWithInsufficientBalance">ApplyLeaveWithInsufficientBalance</a> <!-- method navigator-link -->
                      </span>
                      <br/>
                      <span>
                        <img src="failed.png" width="3%"/>
                        <a href="#" panel-name="suite-Master_Suite" title="com.testcases.TestSprint2" class="method navigator-link" hash-for-method="ApplyLeaveWithOverlappingDates">ApplyLeaveWithOverlappingDates</a> <!-- method navigator-link -->
                      </span>
                      <br/>
                      <span>
                        <img src="failed.png" width="3%"/>
                        <a href="#" panel-name="suite-Master_Suite" title="com.testcases.TestSprint2" class="method navigator-link" hash-for-method="ApplyLeaveWithPastDates">ApplyLeaveWithPastDates</a> <!-- method navigator-link -->
                      </span>
                      <br/>
                      <span>
                        <img src="failed.png" width="3%"/>
                        <a href="#" panel-name="suite-Master_Suite" title="com.testcases.TestSprint2" class="method navigator-link" hash-for-method="ApplyLeaveWithValidInputs">ApplyLeaveWithValidInputs</a> <!-- method navigator-link -->
                      </span>
                      <br/>
                      <span>
                        <img src="failed.png" width="3%"/>
                        <a href="#" panel-name="suite-Master_Suite" title="com.testcases.TestSprint2" class="method navigator-link" hash-for-method="ApplyLeaveWithoutSelectingLeaveType">ApplyLeaveWithoutSelectingLeaveType</a> <!-- method navigator-link -->
                      </span>
                      <br/>
                      <span>
                        <img src="failed.png" width="3%"/>
                        <a href="#" panel-name="suite-Master_Suite" title="com.testcases.TestSprint2" class="method navigator-link" hash-for-method="CheckIfAddLocationOptionIsWorkingOrNot">CheckIfAddLocationOptionIsWorkingOrNot</a> <!-- method navigator-link -->
                      </span>
                      <br/>
                      <span>
                        <img src="failed.png" width="3%"/>
                        <a href="#" panel-name="suite-Master_Suite" title="com.testcases.TestSprint2" class="method navigator-link" hash-for-method="CheckIfAddSkillOptionIsWorkingOrNot">CheckIfAddSkillOptionIsWorkingOrNot</a> <!-- method navigator-link -->
                      </span>
                      <br/>
                      <span>
                        <img src="failed.png" width="3%"/>
                        <a href="#" panel-name="suite-Master_Suite" title="com.testcases.TestSprint2" class="method navigator-link" hash-for-method="SearchSystemUserWithDifferentSearchOptions">SearchSystemUserWithDifferentSearchOptions</a> <!-- method navigator-link -->
                      </span>
                      <br/>
                      <span>
                        <img src="failed.png" width="3%"/>
                        <a href="#" panel-name="suite-Master_Suite" title="com.testcases.TestSprint2" class="method navigator-link" hash-for-method="addLeaveEntitlement">addLeaveEntitlement</a> <!-- method navigator-link -->
                      </span>
                      <br/>
                      <span>
                        <img src="failed.png" width="3%"/>
                        <a href="#" panel-name="suite-Master_Suite" title="com.testcases.TestSprint3" class="method navigator-link" hash-for-method="addNewKPIForTheJobTitle">addNewKPIForTheJobTitle</a> <!-- method navigator-link -->
                      </span>
                      <br/>
                      <span>
                        <img src="failed.png" width="3%"/>
                        <a href="#" panel-name="suite-Master_Suite" title="com.testcases.TestSprint3" class="method navigator-link" hash-for-method="addVacancywithallDetailsAndCheckIfReflectsInCandidateField">addVacancywithallDetailsAndCheckIfReflectsInCandidateField</a> <!-- method navigator-link -->
                      </span>
                      <br/>
                      <span>
                        <img src="failed.png" width="3%"/>
                        <a href="#" panel-name="suite-Master_Suite" title="com.testcases.TestSprint2" class="method navigator-link" hash-for-method="checkForJobMenuAreShowingCorrectOptions">checkForJobMenuAreShowingCorrectOptions</a> <!-- method navigator-link -->
                      </span>
                      <br/>
                      <span>
                        <img src="failed.png" width="3%"/>
                        <a href="#" panel-name="suite-Master_Suite" title="com.testcases.TestSprint2" class="method navigator-link" hash-for-method="checkForOrganizationMenuAreShowingCorrectOptions">checkForOrganizationMenuAreShowingCorrectOptions</a> <!-- method navigator-link -->
                      </span>
                      <br/>
                      <span>
                        <img src="failed.png" width="3%"/>
                        <a href="#" panel-name="suite-Master_Suite" title="com.testcases.TestSprint3" class="method navigator-link" hash-for-method="dashboardApplyLeaveLinkDirectToLeavePage">dashboardApplyLeaveLinkDirectToLeavePage</a> <!-- method navigator-link -->
                      </span>
                      <br/>
                      <span>
                        <img src="failed.png" width="3%"/>
                        <a href="#" panel-name="suite-Master_Suite" title="com.testcases.TestSprint3" class="method navigator-link" hash-for-method="dashboardMyTimesheetLinkDirectToMyTimesheetPage">dashboardMyTimesheetLinkDirectToMyTimesheetPage</a> <!-- method navigator-link -->
                      </span>
                      <br/>
                      <span>
                        <img src="failed.png" width="3%"/>
                        <a href="#" panel-name="suite-Master_Suite" title="com.testcases.TestSprint3" class="method navigator-link" hash-for-method="dashboardPunchInLinkDirectToPunchInPage">dashboardPunchInLinkDirectToPunchInPage</a> <!-- method navigator-link -->
                      </span>
                      <br/>
                      <span>
                        <img src="failed.png" width="3%"/>
                        <a href="#" panel-name="suite-Master_Suite" title="com.testcases.TestSprint3" class="method navigator-link" hash-for-method="employeeSubmittedTimeSheetWithDetails">employeeSubmittedTimeSheetWithDetails</a> <!-- method navigator-link -->
                      </span>
                      <br/>
                    </div> <!-- method-list-content failed suite-Master_Suite -->
                  </li>
                  <li>
                    <span class="method-list-title skipped">Skipped methods</span>
                    <span class="show-or-hide-methods skipped">
                      <a href="#" panel-name="suite-Master_Suite" class="hide-methods skipped suite-Master_Suite"> (hide)</a> <!-- hide-methods skipped suite-Master_Suite -->
                      <a href="#" panel-name="suite-Master_Suite" class="show-methods skipped suite-Master_Suite"> (show)</a> <!-- show-methods skipped suite-Master_Suite -->
                    </span>
                    <div class="method-list-content skipped suite-Master_Suite">
                      <span>
                        <img src="skipped.png" width="3%"/>
                        <a href="#" panel-name="suite-Master_Suite" title="com.testcases.TestSprint1" class="method navigator-link" hash-for-method="AddCustomFieldsWithBothTypeOfInputMethodAndCheckIfReflectingOnRespectedPage">AddCustomFieldsWithBothTypeOfInputMethodAndCheckIfReflectingOnRespectedPage</a> <!-- method navigator-link -->
                      </span>
                      <br/>
                      <span>
                        <img src="skipped.png" width="3%"/>
                        <a href="#" panel-name="suite-Master_Suite" title="com.testcases.TestSprint1" class="method navigator-link" hash-for-method="CheckIfLoginSuccessfullWithCorrectCredentials">CheckIfLoginSuccessfullWithCorrectCredentials</a> <!-- method navigator-link -->
                      </span>
                      <br/>
                      <span>
                        <img src="skipped.png" width="3%"/>
                        <a href="#" panel-name="suite-Master_Suite" title="com.testcases.TestSprint1" class="method navigator-link" hash-for-method="CheckIfLoginSuccessfullWithCredentialsFieldBlank">CheckIfLoginSuccessfullWithCredentialsFieldBlank</a> <!-- method navigator-link -->
                      </span>
                      <br/>
                      <span>
                        <img src="skipped.png" width="3%"/>
                        <a href="#" panel-name="suite-Master_Suite" title="com.testcases.TestSprint1" class="method navigator-link" hash-for-method="CheckIfLoginSuccessfullWithIncorrectCredentials">CheckIfLoginSuccessfullWithIncorrectCredentials</a> <!-- method navigator-link -->
                      </span>
                      <br/>
                      <span>
                        <img src="skipped.png" width="3%"/>
                        <a href="#" panel-name="suite-Master_Suite" title="com.testcases.TestSprint1" class="method navigator-link" hash-for-method="CheckIfOptionalFieldsVisibilityToggleWorking">CheckIfOptionalFieldsVisibilityToggleWorking</a> <!-- method navigator-link -->
                      </span>
                      <br/>
                      <span>
                        <img src="skipped.png" width="3%"/>
                        <a href="#" panel-name="suite-Master_Suite" title="com.testcases.TestSprint1" class="method navigator-link" hash-for-method="addUserandCheckIfAllOptionsAreWorkingWhileCreating">addUserandCheckIfAllOptionsAreWorkingWhileCreating</a> <!-- method navigator-link -->
                      </span>
                      <br/>
                      <span>
                        <img src="skipped.png" width="3%"/>
                        <a href="#" panel-name="suite-Master_Suite" title="com.testcases.TestSprint1" class="method navigator-link" hash-for-method="checkIfAllTheLinksInProfileMenuAreWorking">checkIfAllTheLinksInProfileMenuAreWorking</a> <!-- method navigator-link -->
                      </span>
                      <br/>
                      <span>
                        <img src="skipped.png" width="3%"/>
                        <a href="#" panel-name="suite-Master_Suite" title="com.testcases.TestSprint1" class="method navigator-link" hash-for-method="checkIfPIMmenuConfigurationOptionalFieldCanBeTurnedOnOff">checkIfPIMmenuConfigurationOptionalFieldCanBeTurnedOnOff</a> <!-- method navigator-link -->
                      </span>
                      <br/>
                      <span>
                        <img src="skipped.png" width="3%"/>
                        <a href="#" panel-name="suite-Master_Suite" title="com.testcases.TestSprint1" class="method navigator-link" hash-for-method="checkSearchOptionsInPIMMenuEmployeeListPage">checkSearchOptionsInPIMMenuEmployeeListPage</a> <!-- method navigator-link -->
                      </span>
                      <br/>
                      <span>
                        <img src="skipped.png" width="3%"/>
                        <a href="#" panel-name="suite-Master_Suite" title="com.testcases.TestSprint3" class="method navigator-link" hash-for-method="employeeEditingTimesheetBeforeSubmission">employeeEditingTimesheetBeforeSubmission</a> <!-- method navigator-link -->
                      </span>
                      <br/>
                      <span>
                        <img src="skipped.png" width="3%"/>
                        <a href="#" panel-name="suite-Master_Suite" title="com.testcases.TestSprint3" class="method navigator-link" hash-for-method="managerApprovesOrRejectsTimesheet">managerApprovesOrRejectsTimesheet</a> <!-- method navigator-link -->
                      </span>
                      <br/>
                    </div> <!-- method-list-content skipped suite-Master_Suite -->
                  </li>
                </ul>
              </div> <!-- suite-section-content -->
            </div> <!-- result-section -->
          </div> <!-- navigator-suite-content -->
        </div> <!-- rounded-window -->
      </div> <!-- suite -->
    </div> <!-- navigator-root -->
    <div class="wrapper">
      <div class="main-panel-root">
        <div panel-name="suite-Master_Suite" class="panel Master_Suite">
          <div class="suite-Master_Suite-class-failed">
            <div class="main-panel-header rounded-window-top">
              <img src="failed.png"/>
              <span class="class-name">com.testcases.TestSprint3</span>
            </div> <!-- main-panel-header rounded-window-top -->
            <div class="main-panel-content rounded-window-bottom">
              <div class="method">
                <div class="method-content">
                  <a name="AddsNewCandidateForAnExistingVacancy">
                  </a> <!-- AddsNewCandidateForAnExistingVacancy -->
                  <span class="method-name">AddsNewCandidateForAnExistingVacancy</span>
                  <div class="stack-trace">java.lang.NullPointerException: Cannot invoke &quot;com.pages.RecruitmentMenu.enterCandidateFullName(String, String, String)&quot; because &quot;this.recruitment&quot; is null
	at com.testcases.TestSprint3.AddsNewCandidateForAnExistingVacancy(TestSprint3.java:94)
	at java.base/java.util.concurrent.Executors$RunnableAdapter.call(Executors.java:539)
	at java.base/java.util.concurrent.FutureTask.run(FutureTask.java:264)
	at java.base/java.util.concurrent.ThreadPoolExecutor.runWorker(ThreadPoolExecutor.java:1136)
	at java.base/java.util.concurrent.ThreadPoolExecutor$Worker.run(ThreadPoolExecutor.java:635)
	at java.base/java.lang.Thread.run(Thread.java:842)
... Removed 13 stack frames
</div> <!-- stack-trace -->
                </div> <!-- method-content -->
              </div> <!-- method -->
              <div class="method">
                <div class="method-content">
                  <a name="AddsNewCandidateForAnExistingVacancyWithoutEmail">
                  </a> <!-- AddsNewCandidateForAnExistingVacancyWithoutEmail -->
                  <span class="method-name">AddsNewCandidateForAnExistingVacancyWithoutEmail</span>
                  <div class="stack-trace">org.openqa.selenium.StaleElementReferenceException: stale element reference: stale element not found
  (Session info: chrome=142.0.7444.176)
For documentation on this error, please visit: https://www.selenium.dev/documentation/webdriver/troubleshooting/errors#stale-element-reference-exception
Build info: version: &apos;4.29.0&apos;, revision: &apos;5fc1ec94cb&apos;
System info: os.name: &apos;Windows 11&apos;, os.arch: &apos;amd64&apos;, os.version: &apos;10.0&apos;, java.version: &apos;17.0.10&apos;
Driver info: org.openqa.selenium.chrome.ChromeDriver
Command: [af461e31265fdabac1f6903abdf78f64, clickElement {id=f.B7E6AB211B5D75ED3C54DBC58A0CCDB6.d.D24C1E9EB4D944849975EE2A548F0827.e.34}]
Capabilities {acceptInsecureCerts: false, browserName: chrome, browserVersion: 142.0.7444.176, chrome: {chromedriverVersion: 142.0.7444.175 (302067f14a4..., userDataDir: C:\Users\piyus\AppData\Loca...}, fedcm:accounts: true, goog:chromeOptions: {debuggerAddress: localhost:49744}, goog:processID: 8352, networkConnectionEnabled: false, pageLoadStrategy: normal, platformName: windows, proxy: Proxy(), se:cdp: ws://localhost:49744/devtoo..., se:cdpVersion: 142.0.7444.176, setWindowRect: true, strictFileInteractability: false, timeouts: {implicit: 0, pageLoad: 300000, script: 30000}, unhandledPromptBehavior: dismiss and notify, webauthn:extension:credBlob: true, webauthn:extension:largeBlob: true, webauthn:extension:minPinLength: true, webauthn:extension:prf: true, webauthn:virtualAuthenticators: true}
Element: [[ChromeDriver: chrome on windows (af461e31265fdabac1f6903abdf78f64)] -&gt; css selector: aside &gt; nav &gt; div.oxd-sidepanel-body &gt; ul &gt; li:nth-child(5) &gt; a &gt; span]
Session ID: af461e31265fdabac1f6903abdf78f64
	at org.openqa.selenium.remote.ErrorCodec.decode(ErrorCodec.java:167)
	at org.openqa.selenium.remote.codec.w3c.W3CHttpResponseCodec.decode(W3CHttpResponseCodec.java:138)
	at org.openqa.selenium.remote.codec.w3c.W3CHttpResponseCodec.decode(W3CHttpResponseCodec.java:50)
	at org.openqa.selenium.remote.HttpCommandExecutor.execute(HttpCommandExecutor.java:215)
	at org.openqa.selenium.remote.service.DriverCommandExecutor.invokeExecute(DriverCommandExecutor.java:216)
	at org.openqa.selenium.remote.service.DriverCommandExecutor.execute(DriverCommandExecutor.java:174)
	at org.openqa.selenium.remote.RemoteWebDriver.execute(RemoteWebDriver.java:545)
	at org.openqa.selenium.remote.RemoteWebElement.execute(RemoteWebElement.java:223)
	at org.openqa.selenium.remote.RemoteWebElement.click(RemoteWebElement.java:76)
	at org.openqa.selenium.support.pagefactory.internal.LocatingElementHandler.invoke(LocatingElementHandler.java:51)
	at jdk.proxy2/jdk.proxy2.$Proxy21.click(Unknown Source)
	at com.pages.RecruitmentMenu.clickOnRecruitmentMenu(RecruitmentMenu.java:39)
	at com.testcases.TestSprint3.AddsNewCandidateForAnExistingVacancyWithoutEmail(TestSprint3.java:114)
	at java.base/java.util.concurrent.Executors$RunnableAdapter.call(Executors.java:539)
	at java.base/java.util.concurrent.FutureTask.run(FutureTask.java:264)
	at java.base/java.util.concurrent.ThreadPoolExecutor.runWorker(ThreadPoolExecutor.java:1136)
	at java.base/java.util.concurrent.ThreadPoolExecutor$Worker.run(ThreadPoolExecutor.java:635)
	at java.base/java.lang.Thread.run(Thread.java:842)
... Removed 21 stack frames
</div> <!-- stack-trace -->
                </div> <!-- method-content -->
              </div> <!-- method -->
              <div class="method">
                <div class="method-content">
                  <a name="addNewKPIForTheJobTitle">
                  </a> <!-- addNewKPIForTheJobTitle -->
                  <span class="method-name">addNewKPIForTheJobTitle</span>
                  <div class="stack-trace">java.lang.ClassCastException: class java.lang.ThreadLocal cannot be cast to class org.openqa.selenium.JavascriptExecutor (java.lang.ThreadLocal is in module java.base of loader &apos;bootstrap&apos;; org.openqa.selenium.JavascriptExecutor is in unnamed module of loader &apos;app&apos;)
	at com.main.Keywords.scrollToElement(Keywords.java:270)
	at com.pages.PerformanceMenu.clickOnPerformanceMenu(PerformanceMenu.java:32)
	at com.testcases.TestSprint3.addNewKPIForTheJobTitle(TestSprint3.java:138)
	at java.base/java.util.concurrent.Executors$RunnableAdapter.call(Executors.java:539)
	at java.base/java.util.concurrent.FutureTask.run(FutureTask.java:264)
	at java.base/java.util.concurrent.ThreadPoolExecutor.runWorker(ThreadPoolExecutor.java:1136)
	at java.base/java.util.concurrent.ThreadPoolExecutor$Worker.run(ThreadPoolExecutor.java:635)
	at java.base/java.lang.Thread.run(Thread.java:842)
... Removed 13 stack frames
</div> <!-- stack-trace -->
                </div> <!-- method-content -->
              </div> <!-- method -->
              <div class="method">
                <div class="method-content">
                  <a name="addVacancywithallDetailsAndCheckIfReflectsInCandidateField">
                  </a> <!-- addVacancywithallDetailsAndCheckIfReflectsInCandidateField -->
                  <span class="method-name">addVacancywithallDetailsAndCheckIfReflectsInCandidateField</span>
                  <div class="stack-trace">org.openqa.selenium.StaleElementReferenceException: stale element reference: stale element not found
  (Session info: chrome=142.0.7444.176)
For documentation on this error, please visit: https://www.selenium.dev/documentation/webdriver/troubleshooting/errors#stale-element-reference-exception
Build info: version: &apos;4.29.0&apos;, revision: &apos;5fc1ec94cb&apos;
System info: os.name: &apos;Windows 11&apos;, os.arch: &apos;amd64&apos;, os.version: &apos;10.0&apos;, java.version: &apos;17.0.10&apos;
Driver info: org.openqa.selenium.chrome.ChromeDriver
Command: [af461e31265fdabac1f6903abdf78f64, clickElement {id=f.B7E6AB211B5D75ED3C54DBC58A0CCDB6.d.D24C1E9EB4D944849975EE2A548F0827.e.34}]
Capabilities {acceptInsecureCerts: false, browserName: chrome, browserVersion: 142.0.7444.176, chrome: {chromedriverVersion: 142.0.7444.175 (302067f14a4..., userDataDir: C:\Users\piyus\AppData\Loca...}, fedcm:accounts: true, goog:chromeOptions: {debuggerAddress: localhost:49744}, goog:processID: 8352, networkConnectionEnabled: false, pageLoadStrategy: normal, platformName: windows, proxy: Proxy(), se:cdp: ws://localhost:49744/devtoo..., se:cdpVersion: 142.0.7444.176, setWindowRect: true, strictFileInteractability: false, timeouts: {implicit: 0, pageLoad: 300000, script: 30000}, unhandledPromptBehavior: dismiss and notify, webauthn:extension:credBlob: true, webauthn:extension:largeBlob: true, webauthn:extension:minPinLength: true, webauthn:extension:prf: true, webauthn:virtualAuthenticators: true}
Element: [[ChromeDriver: chrome on windows (af461e31265fdabac1f6903abdf78f64)] -&gt; css selector: aside &gt; nav &gt; div.oxd-sidepanel-body &gt; ul &gt; li:nth-child(5) &gt; a &gt; span]
Session ID: af461e31265fdabac1f6903abdf78f64
	at org.openqa.selenium.remote.ErrorCodec.decode(ErrorCodec.java:167)
	at org.openqa.selenium.remote.codec.w3c.W3CHttpResponseCodec.decode(W3CHttpResponseCodec.java:138)
	at org.openqa.selenium.remote.codec.w3c.W3CHttpResponseCodec.decode(W3CHttpResponseCodec.java:50)
	at org.openqa.selenium.remote.HttpCommandExecutor.execute(HttpCommandExecutor.java:215)
	at org.openqa.selenium.remote.service.DriverCommandExecutor.invokeExecute(DriverCommandExecutor.java:216)
	at org.openqa.selenium.remote.service.DriverCommandExecutor.execute(DriverCommandExecutor.java:174)
	at org.openqa.selenium.remote.RemoteWebDriver.execute(RemoteWebDriver.java:545)
	at org.openqa.selenium.remote.RemoteWebElement.execute(RemoteWebElement.java:223)
	at org.openqa.selenium.remote.RemoteWebElement.click(RemoteWebElement.java:76)
	at org.openqa.selenium.support.pagefactory.internal.LocatingElementHandler.invoke(LocatingElementHandler.java:51)
	at jdk.proxy2/jdk.proxy2.$Proxy21.click(Unknown Source)
	at com.pages.RecruitmentMenu.clickOnRecruitmentMenu(RecruitmentMenu.java:39)
	at com.testcases.TestSprint3.addVacancywithallDetailsAndCheckIfReflectsInCandidateField(TestSprint3.java:66)
	at java.base/java.util.concurrent.Executors$RunnableAdapter.call(Executors.java:539)
	at java.base/java.util.concurrent.FutureTask.run(FutureTask.java:264)
	at java.base/java.util.concurrent.ThreadPoolExecutor.runWorker(ThreadPoolExecutor.java:1136)
	at java.base/java.util.concurrent.ThreadPoolExecutor$Worker.run(ThreadPoolExecutor.java:635)
	at java.base/java.lang.Thread.run(Thread.java:842)
... Removed 21 stack frames
</div> <!-- stack-trace -->
                </div> <!-- method-content -->
              </div> <!-- method -->
              <div class="method">
                <div class="method-content">
                  <a name="dashboardApplyLeaveLinkDirectToLeavePage">
                  </a> <!-- dashboardApplyLeaveLinkDirectToLeavePage -->
                  <span class="method-name">dashboardApplyLeaveLinkDirectToLeavePage</span>
                  <div class="stack-trace">org.openqa.selenium.NoSuchElementException: no such element: Unable to locate element: {&quot;method&quot;:&quot;css selector&quot;,&quot;selector&quot;:&quot;.oxd-main-menu-item&quot;}
  (Session info: chrome=142.0.7444.176)
For documentation on this error, please visit: https://www.selenium.dev/documentation/webdriver/troubleshooting/errors#no-such-element-exception
Build info: version: &apos;4.29.0&apos;, revision: &apos;5fc1ec94cb&apos;
System info: os.name: &apos;Windows 11&apos;, os.arch: &apos;amd64&apos;, os.version: &apos;10.0&apos;, java.version: &apos;17.0.10&apos;
Driver info: org.openqa.selenium.chrome.ChromeDriver
Command: [7702b8de8d2c6352cf69d4fd3c14b561, findElement {value=.oxd-main-menu-item, using=css selector}]
Capabilities {acceptInsecureCerts: false, browserName: chrome, browserVersion: 142.0.7444.176, chrome: {chromedriverVersion: 142.0.7444.175 (302067f14a4..., userDataDir: C:\Users\piyus\AppData\Loca...}, fedcm:accounts: true, goog:chromeOptions: {debuggerAddress: localhost:49240}, goog:processID: 17776, networkConnectionEnabled: false, pageLoadStrategy: normal, platformName: windows, proxy: Proxy(), se:cdp: ws://localhost:49240/devtoo..., se:cdpVersion: 142.0.7444.176, setWindowRect: true, strictFileInteractability: false, timeouts: {implicit: 0, pageLoad: 300000, script: 30000}, unhandledPromptBehavior: dismiss and notify, webauthn:extension:credBlob: true, webauthn:extension:largeBlob: true, webauthn:extension:minPinLength: true, webauthn:extension:prf: true, webauthn:virtualAuthenticators: true}
Session ID: 7702b8de8d2c6352cf69d4fd3c14b561
	at org.openqa.selenium.remote.ErrorCodec.decode(ErrorCodec.java:167)
	at org.openqa.selenium.remote.codec.w3c.W3CHttpResponseCodec.decode(W3CHttpResponseCodec.java:138)
	at org.openqa.selenium.remote.codec.w3c.W3CHttpResponseCodec.decode(W3CHttpResponseCodec.java:50)
	at org.openqa.selenium.remote.HttpCommandExecutor.execute(HttpCommandExecutor.java:215)
	at org.openqa.selenium.remote.service.DriverCommandExecutor.invokeExecute(DriverCommandExecutor.java:216)
	at org.openqa.selenium.remote.service.DriverCommandExecutor.execute(DriverCommandExecutor.java:174)
	at org.openqa.selenium.remote.RemoteWebDriver.execute(RemoteWebDriver.java:545)
	at org.openqa.selenium.remote.ElementLocation$ElementFinder$2.findElement(ElementLocation.java:165)
	at org.openqa.selenium.remote.ElementLocation.findElement(ElementLocation.java:59)
	at org.openqa.selenium.remote.RemoteWebDriver.findElement(RemoteWebDriver.java:368)
	at org.openqa.selenium.remote.RemoteWebDriver.findElement(RemoteWebDriver.java:362)
	at org.openqa.selenium.support.pagefactory.DefaultElementLocator.findElement(DefaultElementLocator.java:68)
	at org.openqa.selenium.support.pagefactory.internal.LocatingElementHandler.invoke(LocatingElementHandler.java:38)
	at jdk.proxy2/jdk.proxy2.$Proxy21.click(Unknown Source)
	at com.pages.DashboardMenu.clickOnMenu(DashboardMenu.java:33)
	at com.testcases.TestSprint3.dashboardApplyLeaveLinkDirectToLeavePage(TestSprint3.java:232)
	at java.base/java.util.concurrent.Executors$RunnableAdapter.call(Executors.java:539)
	at java.base/java.util.concurrent.FutureTask.run(FutureTask.java:264)
	at java.base/java.util.concurrent.ThreadPoolExecutor.runWorker(ThreadPoolExecutor.java:1136)
	at java.base/java.util.concurrent.ThreadPoolExecutor$Worker.run(ThreadPoolExecutor.java:635)
	at java.base/java.lang.Thread.run(Thread.java:842)
... Removed 17 stack frames
</div> <!-- stack-trace -->
                </div> <!-- method-content -->
              </div> <!-- method -->
              <div class="method">
                <div class="method-content">
                  <a name="dashboardMyTimesheetLinkDirectToMyTimesheetPage">
                  </a> <!-- dashboardMyTimesheetLinkDirectToMyTimesheetPage -->
                  <span class="method-name">dashboardMyTimesheetLinkDirectToMyTimesheetPage</span>
                  <div class="stack-trace">java.lang.ClassCastException: class java.lang.ThreadLocal cannot be cast to class org.openqa.selenium.JavascriptExecutor (java.lang.ThreadLocal is in module java.base of loader &apos;bootstrap&apos;; org.openqa.selenium.JavascriptExecutor is in unnamed module of loader &apos;app&apos;)
	at com.main.Keywords.scrollToElement(Keywords.java:270)
	at com.pages.DashboardMenu.clickOnDashboardMyTimesheetShortcutbutton(DashboardMenu.java:73)
	at com.testcases.TestSprint3.dashboardMyTimesheetLinkDirectToMyTimesheetPage(TestSprint3.java:247)
	at java.base/java.util.concurrent.Executors$RunnableAdapter.call(Executors.java:539)
	at java.base/java.util.concurrent.FutureTask.run(FutureTask.java:264)
	at java.base/java.util.concurrent.ThreadPoolExecutor.runWorker(ThreadPoolExecutor.java:1136)
	at java.base/java.util.concurrent.ThreadPoolExecutor$Worker.run(ThreadPoolExecutor.java:635)
	at java.base/java.lang.Thread.run(Thread.java:842)
... Removed 13 stack frames
</div> <!-- stack-trace -->
                </div> <!-- method-content -->
              </div> <!-- method -->
              <div class="method">
                <div class="method-content">
                  <a name="dashboardPunchInLinkDirectToPunchInPage">
                  </a> <!-- dashboardPunchInLinkDirectToPunchInPage -->
                  <span class="method-name">dashboardPunchInLinkDirectToPunchInPage</span>
                  <div class="stack-trace">org.openqa.selenium.NoSuchElementException: no such element: Unable to locate element: {&quot;method&quot;:&quot;css selector&quot;,&quot;selector&quot;:&quot;.oxd-main-menu-item&quot;}
  (Session info: chrome=142.0.7444.176)
For documentation on this error, please visit: https://www.selenium.dev/documentation/webdriver/troubleshooting/errors#no-such-element-exception
Build info: version: &apos;4.29.0&apos;, revision: &apos;5fc1ec94cb&apos;
System info: os.name: &apos;Windows 11&apos;, os.arch: &apos;amd64&apos;, os.version: &apos;10.0&apos;, java.version: &apos;17.0.10&apos;
Driver info: org.openqa.selenium.chrome.ChromeDriver
Command: [7702b8de8d2c6352cf69d4fd3c14b561, findElement {value=.oxd-main-menu-item, using=css selector}]
Capabilities {acceptInsecureCerts: false, browserName: chrome, browserVersion: 142.0.7444.176, chrome: {chromedriverVersion: 142.0.7444.175 (302067f14a4..., userDataDir: C:\Users\piyus\AppData\Loca...}, fedcm:accounts: true, goog:chromeOptions: {debuggerAddress: localhost:49240}, goog:processID: 17776, networkConnectionEnabled: false, pageLoadStrategy: normal, platformName: windows, proxy: Proxy(), se:cdp: ws://localhost:49240/devtoo..., se:cdpVersion: 142.0.7444.176, setWindowRect: true, strictFileInteractability: false, timeouts: {implicit: 0, pageLoad: 300000, script: 30000}, unhandledPromptBehavior: dismiss and notify, webauthn:extension:credBlob: true, webauthn:extension:largeBlob: true, webauthn:extension:minPinLength: true, webauthn:extension:prf: true, webauthn:virtualAuthenticators: true}
Session ID: 7702b8de8d2c6352cf69d4fd3c14b561
	at org.openqa.selenium.remote.ErrorCodec.decode(ErrorCodec.java:167)
	at org.openqa.selenium.remote.codec.w3c.W3CHttpResponseCodec.decode(W3CHttpResponseCodec.java:138)
	at org.openqa.selenium.remote.codec.w3c.W3CHttpResponseCodec.decode(W3CHttpResponseCodec.java:50)
	at org.openqa.selenium.remote.HttpCommandExecutor.execute(HttpCommandExecutor.java:215)
	at org.openqa.selenium.remote.service.DriverCommandExecutor.invokeExecute(DriverCommandExecutor.java:216)
	at org.openqa.selenium.remote.service.DriverCommandExecutor.execute(DriverCommandExecutor.java:174)
	at org.openqa.selenium.remote.RemoteWebDriver.execute(RemoteWebDriver.java:545)
	at org.openqa.selenium.remote.ElementLocation$ElementFinder$2.findElement(ElementLocation.java:165)
	at org.openqa.selenium.remote.ElementLocation.findElement(ElementLocation.java:59)
	at org.openqa.selenium.remote.RemoteWebDriver.findElement(RemoteWebDriver.java:368)
	at org.openqa.selenium.remote.RemoteWebDriver.findElement(RemoteWebDriver.java:362)
	at org.openqa.selenium.support.pagefactory.DefaultElementLocator.findElement(DefaultElementLocator.java:68)
	at org.openqa.selenium.support.pagefactory.internal.LocatingElementHandler.invoke(LocatingElementHandler.java:38)
	at jdk.proxy2/jdk.proxy2.$Proxy21.click(Unknown Source)
	at com.pages.DashboardMenu.clickOnMenu(DashboardMenu.java:33)
	at com.testcases.TestSprint3.dashboardPunchInLinkDirectToPunchInPage(TestSprint3.java:219)
	at java.base/java.util.concurrent.Executors$RunnableAdapter.call(Executors.java:539)
	at java.base/java.util.concurrent.FutureTask.run(FutureTask.java:264)
	at java.base/java.util.concurrent.ThreadPoolExecutor.runWorker(ThreadPoolExecutor.java:1136)
	at java.base/java.util.concurrent.ThreadPoolExecutor$Worker.run(ThreadPoolExecutor.java:635)
	at java.base/java.lang.Thread.run(Thread.java:842)
... Removed 17 stack frames
</div> <!-- stack-trace -->
                </div> <!-- method-content -->
              </div> <!-- method -->
              <div class="method">
                <div class="method-content">
                  <a name="employeeSubmittedTimeSheetWithDetails">
                  </a> <!-- employeeSubmittedTimeSheetWithDetails -->
                  <span class="method-name">employeeSubmittedTimeSheetWithDetails</span>
                  <div class="stack-trace">java.lang.NullPointerException: Cannot invoke &quot;com.pages.TimeMenu.clickOnCreateTimesheetButtonOrEditTimesheetButton()&quot; because &quot;this.timemenu&quot; is null
	at com.testcases.TestSprint3.employeeSubmittedTimeSheetWithDetails(TestSprint3.java:165)
	at java.base/java.util.concurrent.Executors$RunnableAdapter.call(Executors.java:539)
	at java.base/java.util.concurrent.FutureTask.run(FutureTask.java:264)
	at java.base/java.util.concurrent.ThreadPoolExecutor.runWorker(ThreadPoolExecutor.java:1136)
	at java.base/java.util.concurrent.ThreadPoolExecutor$Worker.run(ThreadPoolExecutor.java:635)
	at java.base/java.lang.Thread.run(Thread.java:842)
... Removed 13 stack frames
</div> <!-- stack-trace -->
                </div> <!-- method-content -->
              </div> <!-- method -->
            </div> <!-- main-panel-content rounded-window-bottom -->
          </div> <!-- suite-Master_Suite-class-failed -->
          <div class="suite-Master_Suite-class-failed">
            <div class="main-panel-header rounded-window-top">
              <img src="failed.png"/>
              <span class="class-name">com.testcases.TestSprint2</span>
            </div> <!-- main-panel-header rounded-window-top -->
            <div class="main-panel-content rounded-window-bottom">
              <div class="method">
                <div class="method-content">
                  <a name="ApplyLeaveWithInsufficientBalance">
                  </a> <!-- ApplyLeaveWithInsufficientBalance -->
                  <span class="method-name">ApplyLeaveWithInsufficientBalance</span>
                  <div class="stack-trace">java.lang.ClassCastException: class java.lang.ThreadLocal cannot be cast to class org.openqa.selenium.JavascriptExecutor (java.lang.ThreadLocal is in module java.base of loader &apos;bootstrap&apos;; org.openqa.selenium.JavascriptExecutor is in unnamed module of loader &apos;app&apos;)
	at com.main.Keywords.scrollToElement(Keywords.java:270)
	at com.pages.LeaveApplyMenu.clickOnLeaveMenu(LeaveApplyMenu.java:40)
	at com.testcases.TestSprint2.ApplyLeaveWithInsufficientBalance(TestSprint2.java:298)
	at java.base/java.util.concurrent.Executors$RunnableAdapter.call(Executors.java:539)
	at java.base/java.util.concurrent.FutureTask.run(FutureTask.java:264)
	at java.base/java.util.concurrent.ThreadPoolExecutor.runWorker(ThreadPoolExecutor.java:1136)
	at java.base/java.util.concurrent.ThreadPoolExecutor$Worker.run(ThreadPoolExecutor.java:635)
	at java.base/java.lang.Thread.run(Thread.java:842)
... Removed 13 stack frames
</div> <!-- stack-trace -->
                </div> <!-- method-content -->
              </div> <!-- method -->
              <div class="method">
                <div class="method-content">
                  <a name="ApplyLeaveWithOverlappingDates">
                  </a> <!-- ApplyLeaveWithOverlappingDates -->
                  <span class="method-name">ApplyLeaveWithOverlappingDates</span>
                  <div class="stack-trace">java.lang.ClassCastException: class java.lang.ThreadLocal cannot be cast to class org.openqa.selenium.JavascriptExecutor (java.lang.ThreadLocal is in module java.base of loader &apos;bootstrap&apos;; org.openqa.selenium.JavascriptExecutor is in unnamed module of loader &apos;app&apos;)
	at com.main.Keywords.scrollToElement(Keywords.java:270)
	at com.pages.LeaveApplyMenu.clickOnLeaveMenu(LeaveApplyMenu.java:40)
	at com.testcases.TestSprint2.ApplyLeaveWithOverlappingDates(TestSprint2.java:227)
	at java.base/java.util.concurrent.Executors$RunnableAdapter.call(Executors.java:539)
	at java.base/java.util.concurrent.FutureTask.run(FutureTask.java:264)
	at java.base/java.util.concurrent.ThreadPoolExecutor.runWorker(ThreadPoolExecutor.java:1136)
	at java.base/java.util.concurrent.ThreadPoolExecutor$Worker.run(ThreadPoolExecutor.java:635)
	at java.base/java.lang.Thread.run(Thread.java:842)
... Removed 13 stack frames
</div> <!-- stack-trace -->
                </div> <!-- method-content -->
              </div> <!-- method -->
              <div class="method">
                <div class="method-content">
                  <a name="ApplyLeaveWithPastDates">
                  </a> <!-- ApplyLeaveWithPastDates -->
                  <span class="method-name">ApplyLeaveWithPastDates</span>
                  <div class="stack-trace">java.lang.ClassCastException: class java.lang.ThreadLocal cannot be cast to class org.openqa.selenium.JavascriptExecutor (java.lang.ThreadLocal is in module java.base of loader &apos;bootstrap&apos;; org.openqa.selenium.JavascriptExecutor is in unnamed module of loader &apos;app&apos;)
	at com.main.Keywords.scrollToElement(Keywords.java:270)
	at com.pages.LeaveApplyMenu.clickOnLeaveMenu(LeaveApplyMenu.java:40)
	at com.testcases.TestSprint2.ApplyLeaveWithPastDates(TestSprint2.java:274)
	at java.base/java.util.concurrent.Executors$RunnableAdapter.call(Executors.java:539)
	at java.base/java.util.concurrent.FutureTask.run(FutureTask.java:264)
	at java.base/java.util.concurrent.ThreadPoolExecutor.runWorker(ThreadPoolExecutor.java:1136)
	at java.base/java.util.concurrent.ThreadPoolExecutor$Worker.run(ThreadPoolExecutor.java:635)
	at java.base/java.lang.Thread.run(Thread.java:842)
... Removed 13 stack frames
</div> <!-- stack-trace -->
                </div> <!-- method-content -->
              </div> <!-- method -->
              <div class="method">
                <div class="method-content">
                  <a name="ApplyLeaveWithValidInputs">
                  </a> <!-- ApplyLeaveWithValidInputs -->
                  <span class="method-name">ApplyLeaveWithValidInputs</span>
                  <div class="stack-trace">java.lang.NullPointerException: Cannot invoke &quot;com.pages.LeaveApplyMenu.cancelLeaveIfAlreadyTaken()&quot; because &quot;this.leaveApply&quot; is null
	at com.testcases.TestSprint2.ApplyLeaveWithValidInputs(TestSprint2.java:204)
	at java.base/java.util.concurrent.Executors$RunnableAdapter.call(Executors.java:539)
	at java.base/java.util.concurrent.FutureTask.run(FutureTask.java:264)
	at java.base/java.util.concurrent.ThreadPoolExecutor.runWorker(ThreadPoolExecutor.java:1136)
	at java.base/java.util.concurrent.ThreadPoolExecutor$Worker.run(ThreadPoolExecutor.java:635)
	at java.base/java.lang.Thread.run(Thread.java:842)
... Removed 13 stack frames
</div> <!-- stack-trace -->
                </div> <!-- method-content -->
              </div> <!-- method -->
              <div class="method">
                <div class="method-content">
                  <a name="ApplyLeaveWithoutSelectingLeaveType">
                  </a> <!-- ApplyLeaveWithoutSelectingLeaveType -->
                  <span class="method-name">ApplyLeaveWithoutSelectingLeaveType</span>
                  <div class="stack-trace">java.lang.NullPointerException: Cannot invoke &quot;com.pages.LeaveApplyMenu.clickOnLeaveMenu()&quot; because &quot;this.leaveApply&quot; is null
	at com.testcases.TestSprint2.ApplyLeaveWithoutSelectingLeaveType(TestSprint2.java:255)
	at java.base/java.util.concurrent.Executors$RunnableAdapter.call(Executors.java:539)
	at java.base/java.util.concurrent.FutureTask.run(FutureTask.java:264)
	at java.base/java.util.concurrent.ThreadPoolExecutor.runWorker(ThreadPoolExecutor.java:1136)
	at java.base/java.util.concurrent.ThreadPoolExecutor$Worker.run(ThreadPoolExecutor.java:635)
	at java.base/java.lang.Thread.run(Thread.java:842)
... Removed 13 stack frames
</div> <!-- stack-trace -->
                </div> <!-- method-content -->
              </div> <!-- method -->
              <div class="method">
                <div class="method-content">
                  <a name="CheckIfAddLocationOptionIsWorkingOrNot">
                  </a> <!-- CheckIfAddLocationOptionIsWorkingOrNot -->
                  <span class="method-name">CheckIfAddLocationOptionIsWorkingOrNot</span>
                  <div class="stack-trace">java.lang.NullPointerException: Cannot invoke &quot;com.pages.AdminMenu.clickOnAdminMenu()&quot; because &quot;this.admin&quot; is null
	at com.testcases.TestSprint2.CheckIfAddLocationOptionIsWorkingOrNot(TestSprint2.java:162)
	at java.base/java.util.concurrent.Executors$RunnableAdapter.call(Executors.java:539)
	at java.base/java.util.concurrent.FutureTask.run(FutureTask.java:264)
	at java.base/java.util.concurrent.ThreadPoolExecutor.runWorker(ThreadPoolExecutor.java:1136)
	at java.base/java.util.concurrent.ThreadPoolExecutor$Worker.run(ThreadPoolExecutor.java:635)
	at java.base/java.lang.Thread.run(Thread.java:842)
... Removed 13 stack frames
</div> <!-- stack-trace -->
                </div> <!-- method-content -->
              </div> <!-- method -->
              <div class="method">
                <div class="method-content">
                  <a name="CheckIfAddSkillOptionIsWorkingOrNot">
                  </a> <!-- CheckIfAddSkillOptionIsWorkingOrNot -->
                  <span class="method-name">CheckIfAddSkillOptionIsWorkingOrNot</span>
                  <div class="stack-trace">org.openqa.selenium.NoSuchElementException: no such element: Unable to locate element: {&quot;method&quot;:&quot;css selector&quot;,&quot;selector&quot;:&quot;nav&gt;ul&gt;li:nth-of-type(4)&quot;}
  (Session info: chrome=142.0.7444.176)
For documentation on this error, please visit: https://www.selenium.dev/documentation/webdriver/troubleshooting/errors#no-such-element-exception
Build info: version: &apos;4.29.0&apos;, revision: &apos;5fc1ec94cb&apos;
System info: os.name: &apos;Windows 11&apos;, os.arch: &apos;amd64&apos;, os.version: &apos;10.0&apos;, java.version: &apos;17.0.10&apos;
Driver info: org.openqa.selenium.chrome.ChromeDriver
Command: [14e544c6783d27c5b2d1ee60467c8d82, findElement {value=nav&gt;ul&gt;li:nth-of-type(4), using=css selector}]
Capabilities {acceptInsecureCerts: false, browserName: chrome, browserVersion: 142.0.7444.176, chrome: {chromedriverVersion: 142.0.7444.175 (302067f14a4..., userDataDir: C:\Users\piyus\AppData\Loca...}, fedcm:accounts: true, goog:chromeOptions: {debuggerAddress: localhost:51867}, goog:processID: 14416, networkConnectionEnabled: false, pageLoadStrategy: normal, platformName: windows, proxy: Proxy(), se:cdp: ws://localhost:51867/devtoo..., se:cdpVersion: 142.0.7444.176, setWindowRect: true, strictFileInteractability: false, timeouts: {implicit: 0, pageLoad: 300000, script: 30000}, unhandledPromptBehavior: dismiss and notify, webauthn:extension:credBlob: true, webauthn:extension:largeBlob: true, webauthn:extension:minPinLength: true, webauthn:extension:prf: true, webauthn:virtualAuthenticators: true}
Session ID: 14e544c6783d27c5b2d1ee60467c8d82
	at org.openqa.selenium.remote.ErrorCodec.decode(ErrorCodec.java:167)
	at org.openqa.selenium.remote.codec.w3c.W3CHttpResponseCodec.decode(W3CHttpResponseCodec.java:138)
	at org.openqa.selenium.remote.codec.w3c.W3CHttpResponseCodec.decode(W3CHttpResponseCodec.java:50)
	at org.openqa.selenium.remote.HttpCommandExecutor.execute(HttpCommandExecutor.java:215)
	at org.openqa.selenium.remote.service.DriverCommandExecutor.invokeExecute(DriverCommandExecutor.java:216)
	at org.openqa.selenium.remote.service.DriverCommandExecutor.execute(DriverCommandExecutor.java:174)
	at org.openqa.selenium.remote.RemoteWebDriver.execute(RemoteWebDriver.java:545)
	at org.openqa.selenium.remote.ElementLocation$ElementFinder$2.findElement(ElementLocation.java:165)
	at org.openqa.selenium.remote.ElementLocation.findElement(ElementLocation.java:59)
	at org.openqa.selenium.remote.RemoteWebDriver.findElement(RemoteWebDriver.java:368)
	at org.openqa.selenium.remote.RemoteWebDriver.findElement(RemoteWebDriver.java:362)
	at org.openqa.selenium.support.pagefactory.DefaultElementLocator.findElement(DefaultElementLocator.java:68)
	at org.openqa.selenium.support.pagefactory.internal.LocatingElementHandler.invoke(LocatingElementHandler.java:38)
	at jdk.proxy2/jdk.proxy2.$Proxy21.click(Unknown Source)
	at com.pages.AdminQualificationMenu.clickOnQualificationMenu(AdminQualificationMenu.java:33)
	at com.testcases.TestSprint2.CheckIfAddSkillOptionIsWorkingOrNot(TestSprint2.java:186)
	at java.base/java.util.concurrent.Executors$RunnableAdapter.call(Executors.java:539)
	at java.base/java.util.concurrent.FutureTask.run(FutureTask.java:264)
	at java.base/java.util.concurrent.ThreadPoolExecutor.runWorker(ThreadPoolExecutor.java:1136)
	at java.base/java.util.concurrent.ThreadPoolExecutor$Worker.run(ThreadPoolExecutor.java:635)
	at java.base/java.lang.Thread.run(Thread.java:842)
... Removed 17 stack frames
</div> <!-- stack-trace -->
                </div> <!-- method-content -->
              </div> <!-- method -->
              <div class="method">
                <div class="method-content">
                  <a name="SearchSystemUserWithDifferentSearchOptions">
                  </a> <!-- SearchSystemUserWithDifferentSearchOptions -->
                  <span class="method-name">SearchSystemUserWithDifferentSearchOptions</span>
                  <div class="stack-trace">org.openqa.selenium.StaleElementReferenceException: stale element reference: stale element not found
  (Session info: chrome=142.0.7444.176)
For documentation on this error, please visit: https://www.selenium.dev/documentation/webdriver/troubleshooting/errors#stale-element-reference-exception
Build info: version: &apos;4.29.0&apos;, revision: &apos;5fc1ec94cb&apos;
System info: os.name: &apos;Windows 11&apos;, os.arch: &apos;amd64&apos;, os.version: &apos;10.0&apos;, java.version: &apos;17.0.10&apos;
Driver info: org.openqa.selenium.chrome.ChromeDriver
Command: [14e544c6783d27c5b2d1ee60467c8d82, clickElement {id=f.FEDB1242096E9B1DF6E43DC817E081DF.d.6C98D93928C2D79468EE4180CB1278DA.e.34}]
Capabilities {acceptInsecureCerts: false, browserName: chrome, browserVersion: 142.0.7444.176, chrome: {chromedriverVersion: 142.0.7444.175 (302067f14a4..., userDataDir: C:\Users\piyus\AppData\Loca...}, fedcm:accounts: true, goog:chromeOptions: {debuggerAddress: localhost:51867}, goog:processID: 14416, networkConnectionEnabled: false, pageLoadStrategy: normal, platformName: windows, proxy: Proxy(), se:cdp: ws://localhost:51867/devtoo..., se:cdpVersion: 142.0.7444.176, setWindowRect: true, strictFileInteractability: false, timeouts: {implicit: 0, pageLoad: 300000, script: 30000}, unhandledPromptBehavior: dismiss and notify, webauthn:extension:credBlob: true, webauthn:extension:largeBlob: true, webauthn:extension:minPinLength: true, webauthn:extension:prf: true, webauthn:virtualAuthenticators: true}
Element: [[ChromeDriver: chrome on windows (14e544c6783d27c5b2d1ee60467c8d82)] -&gt; css selector: div.oxd-sidepanel-body &gt; ul &gt; li:nth-child(1) &gt; a &gt; span]
Session ID: 14e544c6783d27c5b2d1ee60467c8d82
	at org.openqa.selenium.remote.ErrorCodec.decode(ErrorCodec.java:167)
	at org.openqa.selenium.remote.codec.w3c.W3CHttpResponseCodec.decode(W3CHttpResponseCodec.java:138)
	at org.openqa.selenium.remote.codec.w3c.W3CHttpResponseCodec.decode(W3CHttpResponseCodec.java:50)
	at org.openqa.selenium.remote.HttpCommandExecutor.execute(HttpCommandExecutor.java:215)
	at org.openqa.selenium.remote.service.DriverCommandExecutor.invokeExecute(DriverCommandExecutor.java:216)
	at org.openqa.selenium.remote.service.DriverCommandExecutor.execute(DriverCommandExecutor.java:174)
	at org.openqa.selenium.remote.RemoteWebDriver.execute(RemoteWebDriver.java:545)
	at org.openqa.selenium.remote.RemoteWebElement.execute(RemoteWebElement.java:223)
	at org.openqa.selenium.remote.RemoteWebElement.click(RemoteWebElement.java:76)
	at org.openqa.selenium.support.pagefactory.internal.LocatingElementHandler.invoke(LocatingElementHandler.java:51)
	at jdk.proxy2/jdk.proxy2.$Proxy21.click(Unknown Source)
	at com.pages.AdminMenu.clickOnAdminMenu(AdminMenu.java:37)
	at com.testcases.TestSprint2.SearchSystemUserWithDifferentSearchOptions(TestSprint2.java:77)
	at java.base/java.util.concurrent.Executors$RunnableAdapter.call(Executors.java:539)
	at java.base/java.util.concurrent.FutureTask.run(FutureTask.java:264)
	at java.base/java.util.concurrent.ThreadPoolExecutor.runWorker(ThreadPoolExecutor.java:1136)
	at java.base/java.util.concurrent.ThreadPoolExecutor$Worker.run(ThreadPoolExecutor.java:635)
	at java.base/java.lang.Thread.run(Thread.java:842)
... Removed 22 stack frames
</div> <!-- stack-trace -->
                </div> <!-- method-content -->
              </div> <!-- method -->
              <div class="method">
                <div class="method-content">
                  <a name="addLeaveEntitlement">
                  </a> <!-- addLeaveEntitlement -->
                  <span class="method-name">addLeaveEntitlement</span>
                  <div class="stack-trace">java.lang.ClassCastException: class java.lang.ThreadLocal cannot be cast to class org.openqa.selenium.JavascriptExecutor (java.lang.ThreadLocal is in module java.base of loader &apos;bootstrap&apos;; org.openqa.selenium.JavascriptExecutor is in unnamed module of loader &apos;app&apos;)
	at com.main.Keywords.scrollToElement(Keywords.java:270)
	at com.pages.LeaveApplyMenu.clickOnLeaveMenu(LeaveApplyMenu.java:40)
	at com.testcases.TestSprint2.addLeaveEntitlement(TestSprint2.java:316)
	at java.base/java.util.concurrent.Executors$RunnableAdapter.call(Executors.java:539)
	at java.base/java.util.concurrent.FutureTask.run(FutureTask.java:264)
	at java.base/java.util.concurrent.ThreadPoolExecutor.runWorker(ThreadPoolExecutor.java:1136)
	at java.base/java.util.concurrent.ThreadPoolExecutor$Worker.run(ThreadPoolExecutor.java:635)
	at java.base/java.lang.Thread.run(Thread.java:842)
... Removed 13 stack frames
</div> <!-- stack-trace -->
                </div> <!-- method-content -->
              </div> <!-- method -->
              <div class="method">
                <div class="method-content">
                  <a name="checkForJobMenuAreShowingCorrectOptions">
                  </a> <!-- checkForJobMenuAreShowingCorrectOptions -->
                  <span class="method-name">checkForJobMenuAreShowingCorrectOptions</span>
                  <div class="stack-trace">java.lang.ClassCastException: class java.lang.ThreadLocal cannot be cast to class org.openqa.selenium.JavascriptExecutor (java.lang.ThreadLocal is in module java.base of loader &apos;bootstrap&apos;; org.openqa.selenium.JavascriptExecutor is in unnamed module of loader &apos;app&apos;)
	at com.main.Keywords.scrollToElement(Keywords.java:270)
	at com.pages.AdminJobTitles.clickOnJobSubMenu(AdminJobTitles.java:48)
	at com.testcases.TestSprint2.checkForJobMenuAreShowingCorrectOptions(TestSprint2.java:116)
	at java.base/java.util.concurrent.Executors$RunnableAdapter.call(Executors.java:539)
	at java.base/java.util.concurrent.FutureTask.run(FutureTask.java:264)
	at java.base/java.util.concurrent.ThreadPoolExecutor.runWorker(ThreadPoolExecutor.java:1136)
	at java.base/java.util.concurrent.ThreadPoolExecutor$Worker.run(ThreadPoolExecutor.java:635)
	at java.base/java.lang.Thread.run(Thread.java:842)
... Removed 13 stack frames
</div> <!-- stack-trace -->
                </div> <!-- method-content -->
              </div> <!-- method -->
              <div class="method">
                <div class="method-content">
                  <a name="checkForOrganizationMenuAreShowingCorrectOptions">
                  </a> <!-- checkForOrganizationMenuAreShowingCorrectOptions -->
                  <span class="method-name">checkForOrganizationMenuAreShowingCorrectOptions</span>
                  <div class="stack-trace">java.lang.NullPointerException: Cannot invoke &quot;com.pages.AdminMenu.clickOnAdminMenu()&quot; because &quot;this.admin&quot; is null
	at com.testcases.TestSprint2.checkForOrganizationMenuAreShowingCorrectOptions(TestSprint2.java:139)
	at java.base/java.util.concurrent.Executors$RunnableAdapter.call(Executors.java:539)
	at java.base/java.util.concurrent.FutureTask.run(FutureTask.java:264)
	at java.base/java.util.concurrent.ThreadPoolExecutor.runWorker(ThreadPoolExecutor.java:1136)
	at java.base/java.util.concurrent.ThreadPoolExecutor$Worker.run(ThreadPoolExecutor.java:635)
	at java.base/java.lang.Thread.run(Thread.java:842)
... Removed 13 stack frames
</div> <!-- stack-trace -->
                </div> <!-- method-content -->
              </div> <!-- method -->
            </div> <!-- main-panel-content rounded-window-bottom -->
          </div> <!-- suite-Master_Suite-class-failed -->
          <div class="suite-Master_Suite-class-skipped">
            <div class="main-panel-header rounded-window-top">
              <img src="skipped.png"/>
              <span class="class-name">com.testcases.TestSprint3</span>
            </div> <!-- main-panel-header rounded-window-top -->
            <div class="main-panel-content rounded-window-bottom">
              <div class="method">
                <div class="method-content">
                  <a name="employeeEditingTimesheetBeforeSubmission">
                  </a> <!-- employeeEditingTimesheetBeforeSubmission -->
                  <span class="method-name">employeeEditingTimesheetBeforeSubmission</span>
                  <div class="stack-trace">java.lang.Throwable: Method com.testcases.TestSprint3.employeeEditingTimesheetBeforeSubmission() on instance com.testcases.TestSprint3@399ca607 depends on not successfully finished methods 
[com.testcases.TestSprint3.employeeSubmittedTimeSheetWithDetails() on instance com.testcases.TestSprint3@399ca607]
	at java.base/java.util.concurrent.Executors$RunnableAdapter.call(Executors.java:539)
	at java.base/java.util.concurrent.FutureTask.run(FutureTask.java:264)
	at java.base/java.util.concurrent.ThreadPoolExecutor.runWorker(ThreadPoolExecutor.java:1136)
	at java.base/java.util.concurrent.ThreadPoolExecutor$Worker.run(ThreadPoolExecutor.java:635)
	at java.base/java.lang.Thread.run(Thread.java:842)
... Removed 4 stack frames
</div> <!-- stack-trace -->
                </div> <!-- method-content -->
              </div> <!-- method -->
              <div class="method">
                <div class="method-content">
                  <a name="managerApprovesOrRejectsTimesheet">
                  </a> <!-- managerApprovesOrRejectsTimesheet -->
                  <span class="method-name">managerApprovesOrRejectsTimesheet</span>
                  <div class="stack-trace">java.lang.Throwable: Method com.testcases.TestSprint3.managerApprovesOrRejectsTimesheet() on instance com.testcases.TestSprint3@399ca607 depends on not successfully finished methods 
[com.testcases.TestSprint3.employeeEditingTimesheetBeforeSubmission() on instance com.testcases.TestSprint3@399ca607]
	at java.base/java.util.concurrent.Executors$RunnableAdapter.call(Executors.java:539)
	at java.base/java.util.concurrent.FutureTask.run(FutureTask.java:264)
	at java.base/java.util.concurrent.ThreadPoolExecutor.runWorker(ThreadPoolExecutor.java:1136)
	at java.base/java.util.concurrent.ThreadPoolExecutor$Worker.run(ThreadPoolExecutor.java:635)
	at java.base/java.lang.Thread.run(Thread.java:842)
... Removed 4 stack frames
</div> <!-- stack-trace -->
                </div> <!-- method-content -->
              </div> <!-- method -->
            </div> <!-- main-panel-content rounded-window-bottom -->
          </div> <!-- suite-Master_Suite-class-skipped -->
          <div class="suite-Master_Suite-class-skipped">
            <div class="main-panel-header rounded-window-top">
              <img src="skipped.png"/>
              <span class="class-name">com.testcases.TestSprint1</span>
            </div> <!-- main-panel-header rounded-window-top -->
            <div class="main-panel-content rounded-window-bottom">
              <div class="method">
                <div class="method-content">
                  <a name="AddCustomFieldsWithBothTypeOfInputMethodAndCheckIfReflectingOnRespectedPage">
                  </a> <!-- AddCustomFieldsWithBothTypeOfInputMethodAndCheckIfReflectingOnRespectedPage -->
                  <span class="method-name">AddCustomFieldsWithBothTypeOfInputMethodAndCheckIfReflectingOnRespectedPage</span>
                  <div class="stack-trace">java.lang.NullPointerException: Cannot invoke &quot;com.main.Keywords.getDriver()&quot; because &quot;this.kw&quot; is null
	at com.pages.PimCustomFields.&lt;init&gt;(PimCustomFields.java:30)
	at com.testcases.TestSprint1.pageSetup(TestSprint1.java:45)
	at java.base/java.util.concurrent.Executors$RunnableAdapter.call(Executors.java:539)
	at java.base/java.util.concurrent.FutureTask.run(FutureTask.java:264)
	at java.base/java.util.concurrent.ThreadPoolExecutor.runWorker(ThreadPoolExecutor.java:1136)
	at java.base/java.util.concurrent.ThreadPoolExecutor$Worker.run(ThreadPoolExecutor.java:635)
	at java.base/java.lang.Thread.run(Thread.java:842)
... Removed 17 stack frames
</div> <!-- stack-trace -->
                </div> <!-- method-content -->
              </div> <!-- method -->
              <div class="method">
                <div class="method-content">
                  <a name="CheckIfLoginSuccessfullWithCorrectCredentials">
                  </a> <!-- CheckIfLoginSuccessfullWithCorrectCredentials -->
                  <span class="method-name">CheckIfLoginSuccessfullWithCorrectCredentials</span>
                  <div class="stack-trace">java.lang.NullPointerException: Cannot invoke &quot;com.main.Keywords.getDriver()&quot; because &quot;this.kw&quot; is null
	at com.pages.PimCustomFields.&lt;init&gt;(PimCustomFields.java:30)
	at com.testcases.TestSprint1.pageSetup(TestSprint1.java:45)
	at java.base/java.util.concurrent.Executors$RunnableAdapter.call(Executors.java:539)
	at java.base/java.util.concurrent.FutureTask.run(FutureTask.java:264)
	at java.base/java.util.concurrent.ThreadPoolExecutor.runWorker(ThreadPoolExecutor.java:1136)
	at java.base/java.util.concurrent.ThreadPoolExecutor$Worker.run(ThreadPoolExecutor.java:635)
	at java.base/java.lang.Thread.run(Thread.java:842)
... Removed 17 stack frames
</div> <!-- stack-trace -->
                </div> <!-- method-content -->
              </div> <!-- method -->
              <div class="method">
                <div class="method-content">
                  <a name="CheckIfLoginSuccessfullWithCredentialsFieldBlank">
                  </a> <!-- CheckIfLoginSuccessfullWithCredentialsFieldBlank -->
                  <span class="method-name">CheckIfLoginSuccessfullWithCredentialsFieldBlank</span>
                  <div class="stack-trace">java.lang.NullPointerException: Cannot invoke &quot;com.main.Keywords.getDriver()&quot; because &quot;this.kw&quot; is null
	at com.pages.PimCustomFields.&lt;init&gt;(PimCustomFields.java:30)
	at com.testcases.TestSprint1.pageSetup(TestSprint1.java:45)
	at java.base/java.util.concurrent.Executors$RunnableAdapter.call(Executors.java:539)
	at java.base/java.util.concurrent.FutureTask.run(FutureTask.java:264)
	at java.base/java.util.concurrent.ThreadPoolExecutor.runWorker(ThreadPoolExecutor.java:1136)
	at java.base/java.util.concurrent.ThreadPoolExecutor$Worker.run(ThreadPoolExecutor.java:635)
	at java.base/java.lang.Thread.run(Thread.java:842)
... Removed 17 stack frames
</div> <!-- stack-trace -->
                </div> <!-- method-content -->
              </div> <!-- method -->
              <div class="method">
                <div class="method-content">
                  <a name="CheckIfLoginSuccessfullWithIncorrectCredentials">
                  </a> <!-- CheckIfLoginSuccessfullWithIncorrectCredentials -->
                  <span class="method-name">CheckIfLoginSuccessfullWithIncorrectCredentials</span>
                  <div class="stack-trace">java.lang.NullPointerException: Cannot invoke &quot;com.main.Keywords.getDriver()&quot; because &quot;this.kw&quot; is null
	at com.pages.PimCustomFields.&lt;init&gt;(PimCustomFields.java:30)
	at com.testcases.TestSprint1.pageSetup(TestSprint1.java:45)
	at java.base/java.util.concurrent.Executors$RunnableAdapter.call(Executors.java:539)
	at java.base/java.util.concurrent.FutureTask.run(FutureTask.java:264)
	at java.base/java.util.concurrent.ThreadPoolExecutor.runWorker(ThreadPoolExecutor.java:1136)
	at java.base/java.util.concurrent.ThreadPoolExecutor$Worker.run(ThreadPoolExecutor.java:635)
	at java.base/java.lang.Thread.run(Thread.java:842)
... Removed 17 stack frames
</div> <!-- stack-trace -->
                </div> <!-- method-content -->
              </div> <!-- method -->
              <div class="method">
                <div class="method-content">
                  <a name="CheckIfOptionalFieldsVisibilityToggleWorking">
                  </a> <!-- CheckIfOptionalFieldsVisibilityToggleWorking -->
                  <span class="method-name">CheckIfOptionalFieldsVisibilityToggleWorking</span>
                  <div class="stack-trace">java.lang.NullPointerException: Cannot invoke &quot;com.main.Keywords.getDriver()&quot; because &quot;this.kw&quot; is null
	at com.pages.PimCustomFields.&lt;init&gt;(PimCustomFields.java:30)
	at com.testcases.TestSprint1.pageSetup(TestSprint1.java:45)
	at java.base/java.util.concurrent.Executors$RunnableAdapter.call(Executors.java:539)
	at java.base/java.util.concurrent.FutureTask.run(FutureTask.java:264)
	at java.base/java.util.concurrent.ThreadPoolExecutor.runWorker(ThreadPoolExecutor.java:1136)
	at java.base/java.util.concurrent.ThreadPoolExecutor$Worker.run(ThreadPoolExecutor.java:635)
	at java.base/java.lang.Thread.run(Thread.java:842)
... Removed 17 stack frames
</div> <!-- stack-trace -->
                </div> <!-- method-content -->
              </div> <!-- method -->
              <div class="method">
                <div class="method-content">
                  <a name="addUserandCheckIfAllOptionsAreWorkingWhileCreating">
                  </a> <!-- addUserandCheckIfAllOptionsAreWorkingWhileCreating -->
                  <span class="method-name">addUserandCheckIfAllOptionsAreWorkingWhileCreating</span>
                  <div class="stack-trace">java.lang.NullPointerException: Cannot invoke &quot;com.main.Keywords.getDriver()&quot; because &quot;this.kw&quot; is null
	at com.pages.PimCustomFields.&lt;init&gt;(PimCustomFields.java:30)
	at com.testcases.TestSprint1.pageSetup(TestSprint1.java:45)
	at java.base/java.util.concurrent.Executors$RunnableAdapter.call(Executors.java:539)
	at java.base/java.util.concurrent.FutureTask.run(FutureTask.java:264)
	at java.base/java.util.concurrent.ThreadPoolExecutor.runWorker(ThreadPoolExecutor.java:1136)
	at java.base/java.util.concurrent.ThreadPoolExecutor$Worker.run(ThreadPoolExecutor.java:635)
	at java.base/java.lang.Thread.run(Thread.java:842)
... Removed 17 stack frames
</div> <!-- stack-trace -->
                </div> <!-- method-content -->
              </div> <!-- method -->
              <div class="method">
                <div class="method-content">
                  <a name="checkIfAllTheLinksInProfileMenuAreWorking">
                  </a> <!-- checkIfAllTheLinksInProfileMenuAreWorking -->
                  <span class="method-name">checkIfAllTheLinksInProfileMenuAreWorking</span>
                  <div class="stack-trace">java.lang.NullPointerException: Cannot invoke &quot;com.main.Keywords.getDriver()&quot; because &quot;this.kw&quot; is null
	at com.pages.PimCustomFields.&lt;init&gt;(PimCustomFields.java:30)
	at com.testcases.TestSprint1.pageSetup(TestSprint1.java:45)
	at java.base/java.util.concurrent.Executors$RunnableAdapter.call(Executors.java:539)
	at java.base/java.util.concurrent.FutureTask.run(FutureTask.java:264)
	at java.base/java.util.concurrent.ThreadPoolExecutor.runWorker(ThreadPoolExecutor.java:1136)
	at java.base/java.util.concurrent.ThreadPoolExecutor$Worker.run(ThreadPoolExecutor.java:635)
	at java.base/java.lang.Thread.run(Thread.java:842)
... Removed 17 stack frames
</div> <!-- stack-trace -->
                </div> <!-- method-content -->
              </div> <!-- method -->
              <div class="method">
                <div class="method-content">
                  <a name="checkIfPIMmenuConfigurationOptionalFieldCanBeTurnedOnOff">
                  </a> <!-- checkIfPIMmenuConfigurationOptionalFieldCanBeTurnedOnOff -->
                  <span class="method-name">checkIfPIMmenuConfigurationOptionalFieldCanBeTurnedOnOff</span>
                  <div class="stack-trace">java.lang.NullPointerException: Cannot invoke &quot;com.main.Keywords.getDriver()&quot; because &quot;this.kw&quot; is null
	at com.pages.PimCustomFields.&lt;init&gt;(PimCustomFields.java:30)
	at com.testcases.TestSprint1.pageSetup(TestSprint1.java:45)
	at java.base/java.util.concurrent.Executors$RunnableAdapter.call(Executors.java:539)
	at java.base/java.util.concurrent.FutureTask.run(FutureTask.java:264)
	at java.base/java.util.concurrent.ThreadPoolExecutor.runWorker(ThreadPoolExecutor.java:1136)
	at java.base/java.util.concurrent.ThreadPoolExecutor$Worker.run(ThreadPoolExecutor.java:635)
	at java.base/java.lang.Thread.run(Thread.java:842)
... Removed 17 stack frames
</div> <!-- stack-trace -->
                </div> <!-- method-content -->
              </div> <!-- method -->
              <div class="method">
                <div class="method-content">
                  <a name="checkSearchOptionsInPIMMenuEmployeeListPage">
                  </a> <!-- checkSearchOptionsInPIMMenuEmployeeListPage -->
                  <span class="method-name">checkSearchOptionsInPIMMenuEmployeeListPage</span>
                  <div class="stack-trace">java.lang.NullPointerException: Cannot invoke &quot;com.main.Keywords.getDriver()&quot; because &quot;this.kw&quot; is null
	at com.pages.PimCustomFields.&lt;init&gt;(PimCustomFields.java:30)
	at com.testcases.TestSprint1.pageSetup(TestSprint1.java:45)
	at java.base/java.util.concurrent.Executors$RunnableAdapter.call(Executors.java:539)
	at java.base/java.util.concurrent.FutureTask.run(FutureTask.java:264)
	at java.base/java.util.concurrent.ThreadPoolExecutor.runWorker(ThreadPoolExecutor.java:1136)
	at java.base/java.util.concurrent.ThreadPoolExecutor$Worker.run(ThreadPoolExecutor.java:635)
	at java.base/java.lang.Thread.run(Thread.java:842)
... Removed 17 stack frames
</div> <!-- stack-trace -->
                </div> <!-- method-content -->
              </div> <!-- method -->
            </div> <!-- main-panel-content rounded-window-bottom -->
          </div> <!-- suite-Master_Suite-class-skipped -->
        </div> <!-- panel Master_Suite -->
        <div panel-name="test-xml-Master_Suite" class="panel">
          <div class="main-panel-header rounded-window-top">
            <span class="header-content">C:\Users\piyus\eclipse-workspace\orangeHRM\testng.xml</span>
          </div> <!-- main-panel-header rounded-window-top -->
          <div class="main-panel-content rounded-window-bottom">
            <pre>
&lt;?xml version=&quot;1.0&quot; encoding=&quot;UTF-8&quot;?&gt;
&lt;!DOCTYPE suite SYSTEM &quot;https://testng.org/testng-1.0.dtd&quot;&gt;
&lt;suite thread-count=&quot;4&quot; parallel=&quot;methods&quot; name=&quot;Master Suite&quot; guice-stage=&quot;DEVELOPMENT&quot;&gt;
  &lt;listeners&gt;
    &lt;listener class-name=&quot;com.listeners.TestListener&quot;/&gt;
  &lt;/listeners&gt;
  &lt;test thread-count=&quot;4&quot; parallel=&quot;methods&quot; name=&quot;regression tests&quot;&gt;
    &lt;classes&gt;
      &lt;class name=&quot;com.testcases.TestSprint1&quot;/&gt;
      &lt;class name=&quot;com.testcases.TestSprint2&quot;/&gt;
      &lt;class name=&quot;com.testcases.TestSprint3&quot;/&gt;
    &lt;/classes&gt;
  &lt;/test&gt; &lt;!-- regression tests --&gt;
&lt;/suite&gt; &lt;!-- Master Suite --&gt;
            </pre>
          </div> <!-- main-panel-content rounded-window-bottom -->
        </div> <!-- panel -->
        <div panel-name="testlist-Master_Suite" class="panel">
          <div class="main-panel-header rounded-window-top">
            <span class="header-content">Tests for Master Suite</span>
          </div> <!-- main-panel-header rounded-window-top -->
          <div class="main-panel-content rounded-window-bottom">
            <ul>
              <li>
                <span class="test-name">regression tests (3 classes)</span>
              </li>
            </ul>
          </div> <!-- main-panel-content rounded-window-bottom -->
        </div> <!-- panel -->
        <div panel-name="group-Master_Suite" class="panel">
          <div class="main-panel-header rounded-window-top">
            <span class="header-content">Groups for Master Suite</span>
          </div> <!-- main-panel-header rounded-window-top -->
          <div class="main-panel-content rounded-window-bottom">
            <div class="test-group">
              <span class="test-group-name">smoke</span>
              <br/>
              <div class="method-in-group">
                <span class="method-in-group-name">ApplyLeaveWithValidInputs</span>
                <br/>
              </div> <!-- method-in-group -->
              <div class="method-in-group">
                <span class="method-in-group-name">CheckIfLoginSuccessfullWithCorrectCredentials</span>
                <br/>
              </div> <!-- method-in-group -->
              <div class="method-in-group">
                <span class="method-in-group-name">addVacancywithallDetailsAndCheckIfReflectsInCandidateField</span>
                <br/>
              </div> <!-- method-in-group -->
              <div class="method-in-group">
                <span class="method-in-group-name">employeeSubmittedTimeSheetWithDetails</span>
                <br/>
              </div> <!-- method-in-group -->
            </div> <!-- test-group -->
          </div> <!-- main-panel-content rounded-window-bottom -->
        </div> <!-- panel -->
        <div panel-name="times-Master_Suite" class="panel">
          <div class="main-panel-header rounded-window-top">
            <span class="header-content">Times for Master Suite</span>
          </div> <!-- main-panel-header rounded-window-top -->
          <div class="main-panel-content rounded-window-bottom">
            <div class="times-div">
              <script type="text/javascript">
suiteTableInitFunctions.push('tableData_Master_Suite');
function tableData_Master_Suite() {
var data = new google.visualization.DataTable();
data.addColumn('number', 'Number');
data.addColumn('string', 'Method');
data.addColumn('string', 'Class');
data.addColumn('number', 'Time (ms)');
data.addRows(30);
data.setCell(0, 0, 0)
data.setCell(0, 1, 'ApplyLeaveWithValidInputs')
data.setCell(0, 2, 'com.testcases.TestSprint2')
data.setCell(0, 3, 23334);
data.setCell(1, 0, 1)
data.setCell(1, 1, 'AddsNewCandidateForAnExistingVacancy')
data.setCell(1, 2, 'com.testcases.TestSprint3')
data.setCell(1, 3, 18924);
data.setCell(2, 0, 2)
data.setCell(2, 1, 'CheckIfAddSkillOptionIsWorkingOrNot')
data.setCell(2, 2, 'com.testcases.TestSprint2')
data.setCell(2, 3, 14881);
data.setCell(3, 0, 3)
data.setCell(3, 1, 'ApplyLeaveWithPastDates')
data.setCell(3, 2, 'com.testcases.TestSprint2')
data.setCell(3, 3, 12297);
data.setCell(4, 0, 4)
data.setCell(4, 1, 'ApplyLeaveWithOverlappingDates')
data.setCell(4, 2, 'com.testcases.TestSprint2')
data.setCell(4, 3, 12133);
data.setCell(5, 0, 5)
data.setCell(5, 1, 'AddsNewCandidateForAnExistingVacancyWithoutEmail')
data.setCell(5, 2, 'com.testcases.TestSprint3')
data.setCell(5, 3, 11924);
data.setCell(6, 0, 6)
data.setCell(6, 1, 'checkForJobMenuAreShowingCorrectOptions')
data.setCell(6, 2, 'com.testcases.TestSprint2')
data.setCell(6, 3, 11607);
data.setCell(7, 0, 7)
data.setCell(7, 1, 'ApplyLeaveWithInsufficientBalance')
data.setCell(7, 2, 'com.testcases.TestSprint2')
data.setCell(7, 3, 11420);
data.setCell(8, 0, 8)
data.setCell(8, 1, 'SearchSystemUserWithDifferentSearchOptions')
data.setCell(8, 2, 'com.testcases.TestSprint2')
data.setCell(8, 3, 10136);
data.setCell(9, 0, 9)
data.setCell(9, 1, 'dashboardMyTimesheetLinkDirectToMyTimesheetPage')
data.setCell(9, 2, 'com.testcases.TestSprint3')
data.setCell(9, 3, 8436);
data.setCell(10, 0, 10)
data.setCell(10, 1, 'addNewKPIForTheJobTitle')
data.setCell(10, 2, 'com.testcases.TestSprint3')
data.setCell(10, 3, 8269);
data.setCell(11, 0, 11)
data.setCell(11, 1, 'addVacancywithallDetailsAndCheckIfReflectsInCandidateField')
data.setCell(11, 2, 'com.testcases.TestSprint3')
data.setCell(11, 3, 8042);
data.setCell(12, 0, 12)
data.setCell(12, 1, 'dashboardApplyLeaveLinkDirectToLeavePage')
data.setCell(12, 2, 'com.testcases.TestSprint3')
data.setCell(12, 3, 7006);
data.setCell(13, 0, 13)
data.setCell(13, 1, 'employeeSubmittedTimeSheetWithDetails')
data.setCell(13, 2, 'com.testcases.TestSprint3')
data.setCell(13, 3, 5619);
data.setCell(14, 0, 14)
data.setCell(14, 1, 'addLeaveEntitlement')
data.setCell(14, 2, 'com.testcases.TestSprint2')
data.setCell(14, 3, 4972);
data.setCell(15, 0, 15)
data.setCell(15, 1, 'dashboardPunchInLinkDirectToPunchInPage')
data.setCell(15, 2, 'com.testcases.TestSprint3')
data.setCell(15, 3, 4618);
data.setCell(16, 0, 16)
data.setCell(16, 1, 'checkForOrganizationMenuAreShowingCorrectOptions')
data.setCell(16, 2, 'com.testcases.TestSprint2')
data.setCell(16, 3, 1879);
data.setCell(17, 0, 17)
data.setCell(17, 1, 'CheckIfAddLocationOptionIsWorkingOrNot')
data.setCell(17, 2, 'com.testcases.TestSprint2')
data.setCell(17, 3, 1696);
data.setCell(18, 0, 18)
data.setCell(18, 1, 'ApplyLeaveWithoutSelectingLeaveType')
data.setCell(18, 2, 'com.testcases.TestSprint2')
data.setCell(18, 3, 1080);
data.setCell(19, 0, 19)
data.setCell(19, 1, 'checkSearchOptionsInPIMMenuEmployeeListPage')
data.setCell(19, 2, 'com.testcases.TestSprint1')
data.setCell(19, 3, 1);
data.setCell(20, 0, 20)
data.setCell(20, 1, 'CheckIfLoginSuccessfullWithIncorrectCredentials')
data.setCell(20, 2, 'com.testcases.TestSprint1')
data.setCell(20, 3, 1);
data.setCell(21, 0, 21)
data.setCell(21, 1, 'CheckIfLoginSuccessfullWithCredentialsFieldBlank')
data.setCell(21, 2, 'com.testcases.TestSprint1')
data.setCell(21, 3, 1);
data.setCell(22, 0, 22)
data.setCell(22, 1, 'CheckIfLoginSuccessfullWithCorrectCredentials')
data.setCell(22, 2, 'com.testcases.TestSprint1')
data.setCell(22, 3, 0);
data.setCell(23, 0, 23)
data.setCell(23, 1, 'checkIfPIMmenuConfigurationOptionalFieldCanBeTurnedOnOff')
data.setCell(23, 2, 'com.testcases.TestSprint1')
data.setCell(23, 3, 0);
data.setCell(24, 0, 24)
data.setCell(24, 1, 'employeeEditingTimesheetBeforeSubmission')
data.setCell(24, 2, 'com.testcases.TestSprint3')
data.setCell(24, 3, 0);
data.setCell(25, 0, 25)
data.setCell(25, 1, 'CheckIfOptionalFieldsVisibilityToggleWorking')
data.setCell(25, 2, 'com.testcases.TestSprint1')
data.setCell(25, 3, 0);
data.setCell(26, 0, 26)
data.setCell(26, 1, 'AddCustomFieldsWithBothTypeOfInputMethodAndCheckIfReflectingOnRespectedPage')
data.setCell(26, 2, 'com.testcases.TestSprint1')
data.setCell(26, 3, 0);
data.setCell(27, 0, 27)
data.setCell(27, 1, 'addUserandCheckIfAllOptionsAreWorkingWhileCreating')
data.setCell(27, 2, 'com.testcases.TestSprint1')
data.setCell(27, 3, 0);
data.setCell(28, 0, 28)
data.setCell(28, 1, 'managerApprovesOrRejectsTimesheet')
data.setCell(28, 2, 'com.testcases.TestSprint3')
data.setCell(28, 3, 0);
data.setCell(29, 0, 29)
data.setCell(29, 1, 'checkIfAllTheLinksInProfileMenuAreWorking')
data.setCell(29, 2, 'com.testcases.TestSprint1')
data.setCell(29, 3, 0);
window.suiteTableData['Master_Suite']= { tableData: data, tableDiv: 'times-div-Master_Suite'}
return data;
}
              </script>
              <span class="suite-total-time">Total running time: 2 minutes</span>
              <div id="times-div-Master_Suite">
              </div> <!-- times-div-Master_Suite -->
            </div> <!-- times-div -->
          </div> <!-- main-panel-content rounded-window-bottom -->
        </div> <!-- panel -->
        <div panel-name="reporter-Master_Suite" class="panel">
          <div class="main-panel-header rounded-window-top">
            <span class="header-content">Reporter output for Master Suite</span>
          </div> <!-- main-panel-header rounded-window-top -->
          <div class="main-panel-content rounded-window-bottom">
          </div> <!-- main-panel-content rounded-window-bottom -->
        </div> <!-- panel -->
        <div panel-name="ignored-methods-Master_Suite" class="panel">
          <div class="main-panel-header rounded-window-top">
            <span class="header-content">2 ignored methods</span>
          </div> <!-- main-panel-header rounded-window-top -->
          <div class="main-panel-content rounded-window-bottom">
            <div class="ignored-class-div">
              <span class="ignored-class-name">com.testcases.TestSprint3</span>
              <div class="ignored-methods-div">
                <span class="ignored-method-name">cleanAllureResults</span>
                <br/>
              </div> <!-- ignored-methods-div -->
            </div> <!-- ignored-class-div -->
            <div class="ignored-class-div">
              <span class="ignored-class-name">com.testcases.TestSprint2</span>
              <div class="ignored-methods-div">
                <span class="ignored-method-name">cleanAllureResults</span>
                <br/>
              </div> <!-- ignored-methods-div -->
            </div> <!-- ignored-class-div -->
          </div> <!-- main-panel-content rounded-window-bottom -->
        </div> <!-- panel -->
        <div panel-name="chronological-Master_Suite" class="panel">
          <div class="main-panel-header rounded-window-top">
            <span class="header-content">Methods in chronological order</span>
          </div> <!-- main-panel-header rounded-window-top -->
          <div class="main-panel-content rounded-window-bottom">
            <div class="chronological-class">
              <div class="chronological-class-name">com.testcases.TestSprint1</div> <!-- chronological-class-name -->
              <div class="configuration-suite before">
                <span class="method-name">cleanAllureResults</span>
                <span class="method-start">0 ms</span>
              </div> <!-- configuration-suite before -->
              <div class="configuration-method before">
                <span class="method-name">setUp</span>
                <span class="method-start">207 ms</span>
              </div> <!-- configuration-method before -->
              <div class="configuration-method before">
                <span class="method-name">setUp</span>
                <span class="method-start">207 ms</span>
              </div> <!-- configuration-method before -->
              <div class="configuration-method before">
                <span class="method-name">setUp</span>
                <span class="method-start">207 ms</span>
              </div> <!-- configuration-method before -->
              <div class="configuration-method before">
                <span class="method-name">setUp</span>
                <span class="method-start">208 ms</span>
              </div> <!-- configuration-method before -->
              <div class="configuration-method before">
                <img src="failed.png">
                </img>
                <span class="method-name">pageSetup</span>
                <span class="method-start">23918 ms</span>
              </div> <!-- configuration-method before -->
              <div class="configuration-method before">
                <img src="failed.png">
                </img>
                <span class="method-name">pageSetup</span>
                <span class="method-start">23918 ms</span>
              </div> <!-- configuration-method before -->
              <div class="configuration-method before">
                <img src="failed.png">
                </img>
                <span class="method-name">pageSetup</span>
                <span class="method-start">23918 ms</span>
              </div> <!-- configuration-method before -->
              <div class="configuration-method before">
                <img src="failed.png">
                </img>
                <span class="method-name">pageSetup</span>
                <span class="method-start">23918 ms</span>
              </div> <!-- configuration-method before -->
              <div class="test-method">
                <span class="method-name">CheckIfLoginSuccessfullWithIncorrectCredentials</span>
                <span class="method-start">24258 ms</span>
              </div> <!-- test-method -->
              <div class="test-method">
                <span class="method-name">CheckIfLoginSuccessfullWithCredentialsFieldBlank</span>
                <span class="method-start">24258 ms</span>
              </div> <!-- test-method -->
              <div class="test-method">
                <span class="method-name">CheckIfLoginSuccessfullWithCorrectCredentials</span>
                <span class="method-start">24288 ms</span>
              </div> <!-- test-method -->
              <div class="test-method">
                <span class="method-name">AddCustomFieldsWithBothTypeOfInputMethodAndCheckIfReflectingOnRespectedPage</span>
                <span class="method-start">24290 ms</span>
              </div> <!-- test-method -->
              <div class="configuration-method after">
                <span class="method-name">tearDowntest</span>
                <span class="method-start">24342 ms</span>
              </div> <!-- configuration-method after -->
              <div class="configuration-method after">
                <span class="method-name">tearDowntest</span>
                <span class="method-start">24343 ms</span>
              </div> <!-- configuration-method after -->
              <div class="configuration-method after">
                <span class="method-name">tearDowntest</span>
                <span class="method-start">24353 ms</span>
              </div> <!-- configuration-method after -->
              <div class="configuration-method after">
                <span class="method-name">tearDowntest</span>
                <span class="method-start">24421 ms</span>
              </div> <!-- configuration-method after -->
              <div class="configuration-method after">
                <span class="method-name">tearDown</span>
                <span class="method-start">24455 ms</span>
              </div> <!-- configuration-method after -->
              <div class="configuration-method after">
                <span class="method-name">tearDown</span>
                <span class="method-start">24467 ms</span>
              </div> <!-- configuration-method after -->
              <div class="configuration-method after">
                <span class="method-name">tearDown</span>
                <span class="method-start">24489 ms</span>
              </div> <!-- configuration-method after -->
              <div class="configuration-method after">
                <span class="method-name">tearDown</span>
                <span class="method-start">24494 ms</span>
              </div> <!-- configuration-method after -->
              <div class="configuration-method before">
                <span class="method-name">setUp</span>
                <span class="method-start">25213 ms</span>
              </div> <!-- configuration-method before -->
              <div class="configuration-method before">
                <span class="method-name">setUp</span>
                <span class="method-start">25217 ms</span>
              </div> <!-- configuration-method before -->
              <div class="configuration-method before">
                <span class="method-name">setUp</span>
                <span class="method-start">25217 ms</span>
              </div> <!-- configuration-method before -->
              <div class="configuration-method before">
                <span class="method-name">pageSetup</span>
                <span class="method-start">25219 ms</span>
              </div> <!-- configuration-method before -->
              <div class="configuration-method before">
                <span class="method-name">pageSetup</span>
                <span class="method-start">25220 ms</span>
              </div> <!-- configuration-method before -->
              <div class="configuration-method before">
                <span class="method-name">setUp</span>
                <span class="method-start">25220 ms</span>
              </div> <!-- configuration-method before -->
              <div class="configuration-method before">
                <span class="method-name">pageSetup</span>
                <span class="method-start">25223 ms</span>
              </div> <!-- configuration-method before -->
              <div class="test-method">
                <span class="method-name">CheckIfOptionalFieldsVisibilityToggleWorking</span>
                <span class="method-start">25224 ms</span>
              </div> <!-- test-method -->
              <div class="test-method">
                <span class="method-name">addUserandCheckIfAllOptionsAreWorkingWhileCreating</span>
                <span class="method-start">25224 ms</span>
              </div> <!-- test-method -->
              <div class="test-method">
                <span class="method-name">checkIfAllTheLinksInProfileMenuAreWorking</span>
                <span class="method-start">25229 ms</span>
              </div> <!-- test-method -->
              <div class="configuration-method before">
                <span class="method-name">pageSetup</span>
                <span class="method-start">25231 ms</span>
              </div> <!-- configuration-method before -->
              <div class="configuration-method after">
                <span class="method-name">tearDowntest</span>
                <span class="method-start">25234 ms</span>
              </div> <!-- configuration-method after -->
              <div class="test-method">
                <span class="method-name">checkIfPIMmenuConfigurationOptionalFieldCanBeTurnedOnOff</span>
                <span class="method-start">25236 ms</span>
              </div> <!-- test-method -->
              <div class="configuration-method after">
                <span class="method-name">tearDowntest</span>
                <span class="method-start">25238 ms</span>
              </div> <!-- configuration-method after -->
              <div class="configuration-method after">
                <span class="method-name">tearDowntest</span>
                <span class="method-start">25240 ms</span>
              </div> <!-- configuration-method after -->
              <div class="configuration-method after">
                <span class="method-name">tearDown</span>
                <span class="method-start">25242 ms</span>
              </div> <!-- configuration-method after -->
              <div class="configuration-method after">
                <span class="method-name">tearDown</span>
                <span class="method-start">25245 ms</span>
              </div> <!-- configuration-method after -->
              <div class="configuration-method before">
                <span class="method-name">setUp</span>
                <span class="method-start">25251 ms</span>
              </div> <!-- configuration-method before -->
            </div> <!-- chronological-class -->
            <div class="chronological-class">
              <div class="chronological-class-name">com.testcases.TestSprint2</div> <!-- chronological-class-name -->
              <div class="configuration-method before">
                <span class="method-name">setUp</span>
                <span class="method-start">25252 ms</span>
              </div> <!-- configuration-method before -->
            </div> <!-- chronological-class -->
            <div class="chronological-class">
              <div class="chronological-class-name">com.testcases.TestSprint1</div> <!-- chronological-class-name -->
              <div class="configuration-method after">
                <span class="method-name">tearDown</span>
                <span class="method-start">25254 ms</span>
              </div> <!-- configuration-method after -->
              <div class="configuration-method before">
                <span class="method-name">pageSetup</span>
                <span class="method-start">25262 ms</span>
              </div> <!-- configuration-method before -->
              <div class="configuration-method after">
                <span class="method-name">tearDowntest</span>
                <span class="method-start">25263 ms</span>
              </div> <!-- configuration-method after -->
              <div class="configuration-method after">
                <span class="method-name">tearDown</span>
                <span class="method-start">25269 ms</span>
              </div> <!-- configuration-method after -->
              <div class="test-method">
                <span class="method-name">checkSearchOptionsInPIMMenuEmployeeListPage</span>
                <span class="method-start">25271 ms</span>
              </div> <!-- test-method -->
            </div> <!-- chronological-class -->
            <div class="chronological-class">
              <div class="chronological-class-name">com.testcases.TestSprint2</div> <!-- chronological-class-name -->
              <div class="configuration-method before">
                <span class="method-name">setUp</span>
                <span class="method-start">25279 ms</span>
              </div> <!-- configuration-method before -->
              <div class="configuration-method before">
                <span class="method-name">setUp</span>
                <span class="method-start">25281 ms</span>
              </div> <!-- configuration-method before -->
            </div> <!-- chronological-class -->
            <div class="chronological-class">
              <div class="chronological-class-name">com.testcases.TestSprint1</div> <!-- chronological-class-name -->
              <div class="configuration-method after">
                <span class="method-name">tearDowntest</span>
                <span class="method-start">25284 ms</span>
              </div> <!-- configuration-method after -->
              <div class="configuration-method after">
                <span class="method-name">tearDown</span>
                <span class="method-start">25288 ms</span>
              </div> <!-- configuration-method after -->
            </div> <!-- chronological-class -->
            <div class="chronological-class">
              <div class="chronological-class-name">com.testcases.TestSprint2</div> <!-- chronological-class-name -->
              <div class="configuration-method before">
                <span class="method-name">setUp</span>
                <span class="method-start">25293 ms</span>
              </div> <!-- configuration-method before -->
              <div class="configuration-method before">
                <span class="method-name">pageSetup</span>
                <span class="method-start">28537 ms</span>
              </div> <!-- configuration-method before -->
              <div class="test-method">
                <img src="failed.png">
                </img>
                <span class="method-name">ApplyLeaveWithValidInputs</span>
                <span class="method-start">28784 ms</span>
              </div> <!-- test-method -->
              <div class="configuration-method before">
                <span class="method-name">pageSetup</span>
                <span class="method-start">29264 ms</span>
              </div> <!-- configuration-method before -->
              <div class="test-method">
                <img src="failed.png">
                </img>
                <span class="method-name">ApplyLeaveWithOverlappingDates</span>
                <span class="method-start">29301 ms</span>
              </div> <!-- test-method -->
              <div class="configuration-method before">
                <span class="method-name">pageSetup</span>
                <span class="method-start">29468 ms</span>
              </div> <!-- configuration-method before -->
              <div class="test-method">
                <img src="failed.png">
                </img>
                <span class="method-name">ApplyLeaveWithPastDates</span>
                <span class="method-start">29481 ms</span>
              </div> <!-- test-method -->
              <div class="configuration-method before">
                <span class="method-name">pageSetup</span>
                <span class="method-start">30141 ms</span>
              </div> <!-- configuration-method before -->
              <div class="test-method">
                <img src="failed.png">
                </img>
                <span class="method-name">ApplyLeaveWithInsufficientBalance</span>
                <span class="method-start">30163 ms</span>
              </div> <!-- test-method -->
              <div class="configuration-method after">
                <span class="method-name">tearDowntest</span>
                <span class="method-start">50810 ms</span>
              </div> <!-- configuration-method after -->
              <div class="configuration-method after">
                <span class="method-name">tearDowntest</span>
                <span class="method-start">50812 ms</span>
              </div> <!-- configuration-method after -->
              <div class="configuration-method after">
                <span class="method-name">tearDown</span>
                <span class="method-start">53826 ms</span>
              </div> <!-- configuration-method after -->
              <div class="configuration-method after">
                <span class="method-name">tearDown</span>
                <span class="method-start">53826 ms</span>
              </div> <!-- configuration-method after -->
              <div class="configuration-method before">
                <span class="method-name">setUp</span>
                <span class="method-start">54108 ms</span>
              </div> <!-- configuration-method before -->
              <div class="configuration-method before">
                <span class="method-name">setUp</span>
                <span class="method-start">54108 ms</span>
              </div> <!-- configuration-method before -->
              <div class="configuration-method before">
                <span class="method-name">pageSetup</span>
                <span class="method-start">56195 ms</span>
              </div> <!-- configuration-method before -->
              <div class="test-method">
                <img src="failed.png">
                </img>
                <span class="method-name">CheckIfAddLocationOptionIsWorkingOrNot</span>
                <span class="method-start">56224 ms</span>
              </div> <!-- test-method -->
              <div class="configuration-method before">
                <span class="method-name">pageSetup</span>
                <span class="method-start">56842 ms</span>
              </div> <!-- configuration-method before -->
              <div class="test-method">
                <img src="failed.png">
                </img>
                <span class="method-name">ApplyLeaveWithoutSelectingLeaveType</span>
                <span class="method-start">56848 ms</span>
              </div> <!-- test-method -->
              <div class="configuration-method after">
                <span class="method-name">tearDowntest</span>
                <span class="method-start">57901 ms</span>
              </div> <!-- configuration-method after -->
              <div class="configuration-method after">
                <span class="method-name">tearDowntest</span>
                <span class="method-start">60499 ms</span>
              </div> <!-- configuration-method after -->
              <div class="configuration-method after">
                <span class="method-name">tearDown</span>
                <span class="method-start">60920 ms</span>
              </div> <!-- configuration-method after -->
              <div class="configuration-method after">
                <span class="method-name">tearDowntest</span>
                <span class="method-start">61723 ms</span>
              </div> <!-- configuration-method after -->
              <div class="configuration-method after">
                <span class="method-name">tearDowntest</span>
                <span class="method-start">61770 ms</span>
              </div> <!-- configuration-method after -->
              <div class="configuration-method before">
                <span class="method-name">setUp</span>
                <span class="method-start">61866 ms</span>
              </div> <!-- configuration-method before -->
              <div class="configuration-method after">
                <span class="method-name">tearDown</span>
                <span class="method-start">63513 ms</span>
              </div> <!-- configuration-method after -->
              <div class="configuration-method before">
                <span class="method-name">pageSetup</span>
                <span class="method-start">64221 ms</span>
              </div> <!-- configuration-method before -->
              <div class="test-method">
                <img src="failed.png">
                </img>
                <span class="method-name">CheckIfAddSkillOptionIsWorkingOrNot</span>
                <span class="method-start">64229 ms</span>
              </div> <!-- test-method -->
              <div class="configuration-method before">
                <span class="method-name">setUp</span>
                <span class="method-start">64608 ms</span>
              </div> <!-- configuration-method before -->
              <div class="configuration-method after">
                <span class="method-name">tearDown</span>
                <span class="method-start">64729 ms</span>
              </div> <!-- configuration-method after -->
              <div class="configuration-method after">
                <span class="method-name">tearDown</span>
                <span class="method-start">64785 ms</span>
              </div> <!-- configuration-method after -->
              <div class="configuration-method before">
                <span class="method-name">setUp</span>
                <span class="method-start">65454 ms</span>
              </div> <!-- configuration-method before -->
              <div class="configuration-method before">
                <span class="method-name">setUp</span>
                <span class="method-start">65687 ms</span>
              </div> <!-- configuration-method before -->
              <div class="configuration-method before">
                <span class="method-name">pageSetup</span>
                <span class="method-start">66784 ms</span>
              </div> <!-- configuration-method before -->
              <div class="test-method">
                <img src="failed.png">
                </img>
                <span class="method-name">SearchSystemUserWithDifferentSearchOptions</span>
                <span class="method-start">66801 ms</span>
              </div> <!-- test-method -->
              <div class="configuration-method before">
                <span class="method-name">pageSetup</span>
                <span class="method-start">68193 ms</span>
              </div> <!-- configuration-method before -->
              <div class="test-method">
                <img src="failed.png">
                </img>
                <span class="method-name">checkForJobMenuAreShowingCorrectOptions</span>
                <span class="method-start">68214 ms</span>
              </div> <!-- test-method -->
              <div class="configuration-method before">
                <span class="method-name">pageSetup</span>
                <span class="method-start">69214 ms</span>
              </div> <!-- configuration-method before -->
              <div class="test-method">
                <img src="failed.png">
                </img>
                <span class="method-name">addLeaveEntitlement</span>
                <span class="method-start">69218 ms</span>
              </div> <!-- test-method -->
              <div class="configuration-method after">
                <span class="method-name">tearDowntest</span>
                <span class="method-start">79401 ms</span>
              </div> <!-- configuration-method after -->
              <div class="configuration-method after">
                <span class="method-name">tearDown</span>
                <span class="method-start">82402 ms</span>
              </div> <!-- configuration-method after -->
              <div class="configuration-method before">
                <span class="method-name">setUp</span>
                <span class="method-start">82589 ms</span>
              </div> <!-- configuration-method before -->
              <div class="configuration-method after">
                <span class="method-name">tearDowntest</span>
                <span class="method-start">84222 ms</span>
              </div> <!-- configuration-method after -->
              <div class="configuration-method after">
                <span class="method-name">tearDowntest</span>
                <span class="method-start">84605 ms</span>
              </div> <!-- configuration-method after -->
              <div class="configuration-method before">
                <span class="method-name">pageSetup</span>
                <span class="method-start">84621 ms</span>
              </div> <!-- configuration-method before -->
              <div class="test-method">
                <img src="failed.png">
                </img>
                <span class="method-name">checkForOrganizationMenuAreShowingCorrectOptions</span>
                <span class="method-start">84631 ms</span>
              </div> <!-- test-method -->
              <div class="configuration-method after">
                <span class="method-name">tearDowntest</span>
                <span class="method-start">86104 ms</span>
              </div> <!-- configuration-method after -->
              <div class="configuration-method after">
                <span class="method-name">tearDown</span>
                <span class="method-start">87242 ms</span>
              </div> <!-- configuration-method after -->
            </div> <!-- chronological-class -->
            <div class="chronological-class">
              <div class="chronological-class-name">com.testcases.TestSprint3</div> <!-- chronological-class-name -->
              <div class="configuration-method before">
                <span class="method-name">setUp</span>
                <span class="method-start">87512 ms</span>
              </div> <!-- configuration-method before -->
            </div> <!-- chronological-class -->
            <div class="chronological-class">
              <div class="chronological-class-name">com.testcases.TestSprint2</div> <!-- chronological-class-name -->
              <div class="configuration-method after">
                <span class="method-name">tearDown</span>
                <span class="method-start">87616 ms</span>
              </div> <!-- configuration-method after -->
            </div> <!-- chronological-class -->
            <div class="chronological-class">
              <div class="chronological-class-name">com.testcases.TestSprint3</div> <!-- chronological-class-name -->
              <div class="configuration-method before">
                <span class="method-name">setUp</span>
                <span class="method-start">88027 ms</span>
              </div> <!-- configuration-method before -->
            </div> <!-- chronological-class -->
            <div class="chronological-class">
              <div class="chronological-class-name">com.testcases.TestSprint2</div> <!-- chronological-class-name -->
              <div class="configuration-method after">
                <span class="method-name">tearDown</span>
                <span class="method-start">89117 ms</span>
              </div> <!-- configuration-method after -->
              <div class="configuration-method after">
                <span class="method-name">tearDowntest</span>
                <span class="method-start">89503 ms</span>
              </div> <!-- configuration-method after -->
            </div> <!-- chronological-class -->
            <div class="chronological-class">
              <div class="chronological-class-name">com.testcases.TestSprint3</div> <!-- chronological-class-name -->
              <div class="configuration-method before">
                <span class="method-name">setUp</span>
                <span class="method-start">90044 ms</span>
              </div> <!-- configuration-method before -->
              <div class="configuration-method before">
                <span class="method-name">pageSetup</span>
                <span class="method-start">90302 ms</span>
              </div> <!-- configuration-method before -->
              <div class="test-method">
                <img src="failed.png">
                </img>
                <span class="method-name">AddsNewCandidateForAnExistingVacancy</span>
                <span class="method-start">90345 ms</span>
              </div> <!-- test-method -->
              <div class="configuration-method before">
                <span class="method-name">pageSetup</span>
                <span class="method-start">90795 ms</span>
              </div> <!-- configuration-method before -->
              <div class="test-method">
                <img src="failed.png">
                </img>
                <span class="method-name">AddsNewCandidateForAnExistingVacancyWithoutEmail</span>
                <span class="method-start">90810 ms</span>
              </div> <!-- test-method -->
              <div class="configuration-method before">
                <span class="method-name">pageSetup</span>
                <span class="method-start">92201 ms</span>
              </div> <!-- configuration-method before -->
              <div class="test-method">
                <img src="failed.png">
                </img>
                <span class="method-name">addNewKPIForTheJobTitle</span>
                <span class="method-start">92233 ms</span>
              </div> <!-- test-method -->
            </div> <!-- chronological-class -->
            <div class="chronological-class">
              <div class="chronological-class-name">com.testcases.TestSprint2</div> <!-- chronological-class-name -->
              <div class="configuration-method after">
                <span class="method-name">tearDown</span>
                <span class="method-start">92513 ms</span>
              </div> <!-- configuration-method after -->
            </div> <!-- chronological-class -->
            <div class="chronological-class">
              <div class="chronological-class-name">com.testcases.TestSprint3</div> <!-- chronological-class-name -->
              <div class="configuration-method before">
                <span class="method-name">setUp</span>
                <span class="method-start">92941 ms</span>
              </div> <!-- configuration-method before -->
              <div class="configuration-method before">
                <span class="method-name">pageSetup</span>
                <span class="method-start">94674 ms</span>
              </div> <!-- configuration-method before -->
              <div class="test-method">
                <img src="failed.png">
                </img>
                <span class="method-name">addVacancywithallDetailsAndCheckIfReflectsInCandidateField</span>
                <span class="method-start">94696 ms</span>
              </div> <!-- test-method -->
              <div class="configuration-method after">
                <span class="method-name">tearDowntest</span>
                <span class="method-start">107482 ms</span>
              </div> <!-- configuration-method after -->
              <div class="configuration-method after">
                <span class="method-name">tearDowntest</span>
                <span class="method-start">107680 ms</span>
              </div> <!-- configuration-method after -->
              <div class="configuration-method after">
                <span class="method-name">tearDowntest</span>
                <span class="method-start">109844 ms</span>
              </div> <!-- configuration-method after -->
              <div class="configuration-method after">
                <span class="method-name">tearDown</span>
                <span class="method-start">110488 ms</span>
              </div> <!-- configuration-method after -->
              <div class="configuration-method before">
                <span class="method-name">setUp</span>
                <span class="method-start">110688 ms</span>
              </div> <!-- configuration-method before -->
              <div class="configuration-method after">
                <span class="method-name">tearDown</span>
                <span class="method-start">110688 ms</span>
              </div> <!-- configuration-method after -->
              <div class="configuration-method before">
                <span class="method-name">setUp</span>
                <span class="method-start">110932 ms</span>
              </div> <!-- configuration-method before -->
              <div class="configuration-method before">
                <span class="method-name">pageSetup</span>
                <span class="method-start">112630 ms</span>
              </div> <!-- configuration-method before -->
              <div class="test-method">
                <img src="failed.png">
                </img>
                <span class="method-name">dashboardMyTimesheetLinkDirectToMyTimesheetPage</span>
                <span class="method-start">112638 ms</span>
              </div> <!-- test-method -->
              <div class="configuration-method after">
                <span class="method-name">tearDown</span>
                <span class="method-start">112855 ms</span>
              </div> <!-- configuration-method after -->
              <div class="configuration-method before">
                <span class="method-name">setUp</span>
                <span class="method-start">113196 ms</span>
              </div> <!-- configuration-method before -->
              <div class="configuration-method before">
                <span class="method-name">pageSetup</span>
                <span class="method-start">113206 ms</span>
              </div> <!-- configuration-method before -->
              <div class="test-method">
                <img src="failed.png">
                </img>
                <span class="method-name">dashboardApplyLeaveLinkDirectToLeavePage</span>
                <span class="method-start">113211 ms</span>
              </div> <!-- test-method -->
              <div class="configuration-method before">
                <span class="method-name">pageSetup</span>
                <span class="method-start">115559 ms</span>
              </div> <!-- configuration-method before -->
              <div class="test-method">
                <img src="failed.png">
                </img>
                <span class="method-name">dashboardPunchInLinkDirectToPunchInPage</span>
                <span class="method-start">115563 ms</span>
              </div> <!-- test-method -->
              <div class="configuration-method after">
                <span class="method-name">tearDowntest</span>
                <span class="method-start">117634 ms</span>
              </div> <!-- configuration-method after -->
              <div class="configuration-method after">
                <span class="method-name">tearDown</span>
                <span class="method-start">120647 ms</span>
              </div> <!-- configuration-method after -->
              <div class="configuration-method before">
                <span class="method-name">setUp</span>
                <span class="method-start">121151 ms</span>
              </div> <!-- configuration-method before -->
              <div class="configuration-method before">
                <span class="method-name">pageSetup</span>
                <span class="method-start">123077 ms</span>
              </div> <!-- configuration-method before -->
              <div class="test-method">
                <img src="failed.png">
                </img>
                <span class="method-name">employeeSubmittedTimeSheetWithDetails</span>
                <span class="method-start">123084 ms</span>
              </div> <!-- test-method -->
              <div class="configuration-method after">
                <span class="method-name">tearDowntest</span>
                <span class="method-start">125213 ms</span>
              </div> <!-- configuration-method after -->
              <div class="configuration-method after">
                <span class="method-name">tearDowntest</span>
                <span class="method-start">125268 ms</span>
              </div> <!-- configuration-method after -->
              <div class="configuration-method after">
                <span class="method-name">tearDowntest</span>
                <span class="method-start">126005 ms</span>
              </div> <!-- configuration-method after -->
              <div class="configuration-method after">
                <span class="method-name">tearDown</span>
                <span class="method-start">128221 ms</span>
              </div> <!-- configuration-method after -->
              <div class="configuration-method after">
                <span class="method-name">tearDown</span>
                <span class="method-start">128274 ms</span>
              </div> <!-- configuration-method after -->
              <div class="configuration-method after">
                <span class="method-name">tearDown</span>
                <span class="method-start">129012 ms</span>
              </div> <!-- configuration-method after -->
              <div class="configuration-method after">
                <span class="method-name">tearDowntest</span>
                <span class="method-start">131007 ms</span>
              </div> <!-- configuration-method after -->
              <div class="configuration-method after">
                <span class="method-name">tearDown</span>
                <span class="method-start">134019 ms</span>
              </div> <!-- configuration-method after -->
              <div class="test-method">
                <span class="method-name">employeeEditingTimesheetBeforeSubmission</span>
                <span class="method-start">134212 ms</span>
              </div> <!-- test-method -->
              <div class="test-method">
                <span class="method-name">managerApprovesOrRejectsTimesheet</span>
                <span class="method-start">134221 ms</span>
              </div> <!-- test-method -->
          </div> <!-- main-panel-content rounded-window-bottom -->
        </div> <!-- panel -->
      </div> <!-- main-panel-root -->
    </div> <!-- wrapper -->
  </body>
<script type="text/javascript" src="testng-reports2.js"></script>
</html>
