<?xml version="1.0" encoding="UTF-8"?>
<testng-results ignored="4" total="5" passed="1" failed="0" skipped="0">
  <reporter-output>
  </reporter-output>
  <suite started-at="2025-12-07T13:18:25 IST" name="Default suite" finished-at="2025-12-07T13:18:59 IST" duration-ms="34113">
    <groups>
      <group name="regression">
        <method signature="TestngAdminTests.shouldDisplayCorrectOptionsInJobMenu()[pri:0, instance:com.testcases.TestngAdminTests@4760f169]" name="shouldDisplayCorrectOptionsInJobMenu" class="com.testcases.TestngAdminTests"/>
      </group> <!-- regression -->
      <group name="admin">
        <method signature="TestngAdminTests.shouldDisplayCorrectOptionsInJobMenu()[pri:0, instance:com.testcases.TestngAdminTests@4760f169]" name="shouldDisplayCorrectOptionsInJobMenu" class="com.testcases.TestngAdminTests"/>
      </group> <!-- admin -->
    </groups>
    <test started-at="2025-12-07T13:18:25 IST" name="Default test" finished-at="2025-12-07T13:18:59 IST" duration-ms="34113">
      <class name="com.testcases.TestngAdminTests">
        <test-method is-config="true" signature="cleanAllureResults()[pri:0, instance:com.testcases.TestngAdminTests@4760f169]" started-at="2025-12-07T13:18:25 IST" name="cleanAllureResults" finished-at="2025-12-07T13:18:25 IST" duration-ms="85" status="PASS">
          <reporter-output>
          </reporter-output>
        </test-method> <!-- cleanAllureResults -->
        <test-method is-config="true" signature="setUp(java.lang.String,java.lang.reflect.Method)[pri:0, instance:com.testcases.TestngAdminTests@4760f169]" started-at="2025-12-07T13:18:25 IST" name="setUp" finished-at="2025-12-07T13:18:40 IST" duration-ms="15125" status="PASS">
          <params>
            <param index="0">
              <value is-null="true"/>
            </param>
            <param index="1">
              <value>
                <![CDATA[public void com.testcases.TestngAdminTests.shouldDisplayCorrectOptionsInJobMenu() throws java.lang.InterruptedException]]>
              </value>
            </param>
          </params>
          <reporter-output>
          </reporter-output>
        </test-method> <!-- setUp -->
        <test-method signature="shouldDisplayCorrectOptionsInJobMenu()[pri:0, instance:com.testcases.TestngAdminTests@4760f169]" started-at="2025-12-07T13:18:40 IST" name="shouldDisplayCorrectOptionsInJobMenu" finished-at="2025-12-07T13:18:59 IST" duration-ms="18521" status="PASS">
          <reporter-output>
          </reporter-output>
        </test-method> <!-- shouldDisplayCorrectOptionsInJobMenu -->
        <test-method is-config="true" signature="tearDown(java.lang.reflect.Method)[pri:0, instance:com.testcases.TestngAdminTests@4760f169]" started-at="2025-12-07T13:18:59 IST" name="tearDown" finished-at="2025-12-07T13:18:59 IST" duration-ms="219" status="PASS">
          <params>
            <param index="0">
              <value>
                <![CDATA[public void com.testcases.TestngAdminTests.shouldDisplayCorrectOptionsInJobMenu() throws java.lang.InterruptedException]]>
              </value>
            </param>
          </params>
          <reporter-output>
          </reporter-output>
        </test-method> <!-- tearDown -->
      </class> <!-- com.testcases.TestngAdminTests -->
    </test> <!-- Default test -->
  </suite> <!-- Default suite -->
</testng-results>
