<?xml version="1.0" encoding="UTF-8"?>
<testng-results ignored="7" total="8" passed="1" failed="0" skipped="0">
  <reporter-output>
  </reporter-output>
  <suite started-at="2025-11-25T19:08:40 IST" name="Default suite" finished-at="2025-11-25T19:08:52 IST" duration-ms="11680">
    <groups>
    </groups>
    <test started-at="2025-11-25T19:08:40 IST" name="Default test" finished-at="2025-11-25T19:08:52 IST" duration-ms="11680">
      <class name="com.testcases.TestSprint3">
        <test-method is-config="true" signature="cleanAllureResults()[pri:0, instance:com.testcases.TestSprint3@4110765e]" started-at="2025-11-25T19:08:40 IST" name="cleanAllureResults" finished-at="2025-11-25T19:08:40 IST" duration-ms="75" status="PASS">
          <reporter-output>
          </reporter-output>
        </test-method> <!-- cleanAllureResults -->
        <test-method is-config="true" signature="setUp()[pri:0, instance:com.testcases.TestSprint3@4110765e]" started-at="2025-11-25T19:08:40 IST" name="setUp" finished-at="2025-11-25T19:08:44 IST" duration-ms="3238" status="PASS">
          <reporter-output>
          </reporter-output>
        </test-method> <!-- setUp -->
        <test-method is-config="true" signature="pageSetup()[pri:0, instance:com.testcases.TestSprint3@4110765e]" started-at="2025-11-25T19:08:44 IST" name="pageSetup" finished-at="2025-11-25T19:08:44 IST" duration-ms="78" status="PASS">
          <reporter-output>
          </reporter-output>
        </test-method> <!-- pageSetup -->
        <test-method signature="dashboardPunchInLinkDirectToPunchInPage()[pri:0, instance:com.testcases.TestSprint3@4110765e]" started-at="2025-11-25T19:08:44 IST" name="dashboardPunchInLinkDirectToPunchInPage" finished-at="2025-11-25T19:08:49 IST" duration-ms="4890" status="PASS">
          <reporter-output>
          </reporter-output>
        </test-method> <!-- dashboardPunchInLinkDirectToPunchInPage -->
        <test-method is-config="true" signature="tearDowntest()[pri:0, instance:com.testcases.TestSprint3@4110765e]" started-at="2025-11-25T19:08:49 IST" name="tearDowntest" finished-at="2025-11-25T19:08:52 IST" duration-ms="3008" status="PASS">
          <reporter-output>
          </reporter-output>
        </test-method> <!-- tearDowntest -->
        <test-method is-config="true" signature="closeBrowser()[pri:0, instance:com.testcases.TestSprint3@4110765e]" started-at="2025-11-25T19:08:52 IST" name="closeBrowser" finished-at="2025-11-25T19:08:52 IST" duration-ms="161" status="PASS">
          <reporter-output>
          </reporter-output>
        </test-method> <!-- closeBrowser -->
      </class> <!-- com.testcases.TestSprint3 -->
    </test> <!-- Default test -->
  </suite> <!-- Default suite -->
</testng-results>
