<?xml version="1.0" encoding="UTF-8"?>
<testng-results ignored="4" total="5" passed="1" failed="0" skipped="0">
  <reporter-output>
  </reporter-output>
  <suite started-at="2025-04-21T12:16:19 IST" name="Default suite" finished-at="2025-04-21T12:16:37 IST" duration-ms="18643">
    <groups>
    </groups>
    <test started-at="2025-04-21T12:16:19 IST" name="Default test" finished-at="2025-04-21T12:16:37 IST" duration-ms="18643">
      <class name="com.testcases.TestSprint2">
        <test-method is-config="true" signature="cleanAllureResults()[pri:0, instance:com.testcases.TestSprint2@2d272b0d]" started-at="2025-04-21T12:16:19 IST" name="cleanAllureResults" finished-at="2025-04-21T12:16:19 IST" duration-ms="60" status="PASS">
          <reporter-output>
          </reporter-output>
        </test-method> <!-- cleanAllureResults -->
        <test-method is-config="true" signature="setUp(java.lang.String,java.lang.String)[pri:0, instance:com.testcases.TestSprint2@2d272b0d]" started-at="2025-04-21T12:16:19 IST" name="setUp" finished-at="2025-04-21T12:16:22 IST" duration-ms="3196" status="PASS">
          <params>
            <param index="0">
              <value>
                <![CDATA[Chrome]]>
              </value>
            </param>
            <param index="1">
              <value>
                <![CDATA[http://localhost/orangehrm]]>
              </value>
            </param>
          </params>
          <reporter-output>
          </reporter-output>
        </test-method> <!-- setUp -->
        <test-method is-config="true" signature="pageSetup()[pri:0, instance:com.testcases.TestSprint2@2d272b0d]" started-at="2025-04-21T12:16:22 IST" name="pageSetup" finished-at="2025-04-21T12:16:22 IST" duration-ms="69" status="PASS">
          <reporter-output>
          </reporter-output>
        </test-method> <!-- pageSetup -->
        <test-method signature="CheckIfAddLocationOptionIsWorkingOrNot()[pri:0, instance:com.testcases.TestSprint2@2d272b0d]" started-at="2025-04-21T12:16:22 IST" name="CheckIfAddLocationOptionIsWorkingOrNot" finished-at="2025-04-21T12:16:37 IST" duration-ms="14911" status="PASS">
          <reporter-output>
          </reporter-output>
        </test-method> <!-- CheckIfAddLocationOptionIsWorkingOrNot -->
        <test-method is-config="true" signature="closeBrowser()[pri:0, instance:com.testcases.TestSprint2@2d272b0d]" started-at="2025-04-21T12:16:37 IST" name="closeBrowser" finished-at="2025-04-21T12:16:37 IST" duration-ms="211" status="PASS">
          <reporter-output>
          </reporter-output>
        </test-method> <!-- closeBrowser -->
      </class> <!-- com.testcases.TestSprint2 -->
    </test> <!-- Default test -->
  </suite> <!-- Default suite -->
</testng-results>
