<?xml version="1.0" encoding="UTF-8"?>
<testng-results ignored="3" total="4" passed="1" failed="0" skipped="0">
  <reporter-output>
  </reporter-output>
  <suite started-at="2025-02-22T12:32:46 IST" name="Default suite" finished-at="2025-02-22T12:33:10 IST" duration-ms="24429">
    <groups>
    </groups>
    <test started-at="2025-02-22T12:32:46 IST" name="Default test" finished-at="2025-02-22T12:33:10 IST" duration-ms="24429">
      <class name="orangeHRM.testCases.testSprint1">
        <test-method is-config="true" signature="setUp()[pri:0, instance:orangeHRM.testCases.testSprint1@81b5db0]" started-at="2025-02-22T12:32:46 IST" name="setUp" finished-at="2025-02-22T12:32:58 IST" duration-ms="12063" status="PASS">
          <reporter-output>
          </reporter-output>
        </test-method> <!-- setUp -->
        <test-method signature="temptest()[pri:0, instance:orangeHRM.testCases.testSprint1@81b5db0]" started-at="2025-02-22T12:32:58 IST" name="temptest" finished-at="2025-02-22T12:33:10 IST" duration-ms="11571" status="PASS">
          <reporter-output>
          </reporter-output>
        </test-method> <!-- temptest -->
        <test-method is-config="true" signature="closeBrowser()[pri:0, instance:orangeHRM.testCases.testSprint1@81b5db0]" started-at="2025-02-22T12:33:10 IST" name="closeBrowser" finished-at="2025-02-22T12:33:10 IST" duration-ms="410" status="PASS">
          <reporter-output>
          </reporter-output>
        </test-method> <!-- closeBrowser -->
      </class> <!-- orangeHRM.testCases.testSprint1 -->
    </test> <!-- Default test -->
  </suite> <!-- Default suite -->
</testng-results>
