<?xml version="1.0" encoding="UTF-8"?>
<testng-results ignored="1" total="2" passed="1" failed="0" skipped="0">
  <reporter-output>
  </reporter-output>
  <suite started-at="2025-02-18T12:49:03 IST" name="Default suite" finished-at="2025-02-18T12:49:20 IST" duration-ms="16851">
    <groups>
    </groups>
    <test started-at="2025-02-18T12:49:03 IST" name="Default test" finished-at="2025-02-18T12:49:20 IST" duration-ms="16851">
      <class name="orangeHRM.testCases.testSprint1">
        <test-method is-config="true" signature="setUp()[pri:0, instance:orangeHRM.testCases.testSprint1@3efedc6f]" started-at="2025-02-18T12:49:03 IST" name="setUp" finished-at="2025-02-18T12:49:10 IST" duration-ms="6672" status="PASS">
          <reporter-output>
          </reporter-output>
        </test-method> <!-- setUp -->
        <test-method signature="checkIfAllTheLinksInProfileMenuAreWorking()[pri:0, instance:orangeHRM.testCases.testSprint1@3efedc6f]" started-at="2025-02-18T12:49:10 IST" name="checkIfAllTheLinksInProfileMenuAreWorking" finished-at="2025-02-18T12:49:20 IST" duration-ms="9510" status="PASS">
          <reporter-output>
          </reporter-output>
        </test-method> <!-- checkIfAllTheLinksInProfileMenuAreWorking -->
        <test-method is-config="true" signature="closeBrowser()[pri:0, instance:orangeHRM.testCases.testSprint1@3efedc6f]" started-at="2025-02-18T12:49:20 IST" name="closeBrowser" finished-at="2025-02-18T12:49:20 IST" duration-ms="285" status="PASS">
          <reporter-output>
          </reporter-output>
        </test-method> <!-- closeBrowser -->
      </class> <!-- orangeHRM.testCases.testSprint1 -->
    </test> <!-- Default test -->
  </suite> <!-- Default suite -->
</testng-results>
