<?xml version="1.0" encoding="UTF-8"?>
<testng-results ignored="0" total="3" passed="3" failed="0" skipped="0">
  <reporter-output>
  </reporter-output>
  <suite started-at="2025-02-25T12:03:44 IST" name="Suite" finished-at="2025-02-25T12:05:35 IST" duration-ms="110795">
    <groups>
    </groups>
    <test started-at="2025-02-25T12:03:44 IST" name="Test" finished-at="2025-02-25T12:05:35 IST" duration-ms="110795">
      <class name="com.testcases.TestSprint1">
        <test-method is-config="true" signature="setUp()[pri:0, instance:com.testcases.TestSprint1@150ede8b]" started-at="2025-02-25T12:03:44 IST" name="setUp" finished-at="2025-02-25T12:04:35 IST" duration-ms="50395" status="PASS">
          <reporter-output>
          </reporter-output>
        </test-method> <!-- setUp -->
        <test-method signature="CheckIfLoginSuccessfullWithCorrectCredentials()[pri:0, instance:com.testcases.TestSprint1@150ede8b]" started-at="2025-02-25T12:04:35 IST" name="CheckIfLoginSuccessfullWithCorrectCredentials" finished-at="2025-02-25T12:04:43 IST" duration-ms="7836" status="PASS">
          <reporter-output>
          </reporter-output>
        </test-method> <!-- CheckIfLoginSuccessfullWithCorrectCredentials -->
        <test-method is-config="true" signature="closeBrowser()[pri:0, instance:com.testcases.TestSprint1@150ede8b]" started-at="2025-02-25T12:04:43 IST" name="closeBrowser" finished-at="2025-02-25T12:04:43 IST" duration-ms="308" status="PASS">
          <reporter-output>
          </reporter-output>
        </test-method> <!-- closeBrowser -->
        <test-method is-config="true" signature="setUp()[pri:0, instance:com.testcases.TestSprint1@150ede8b]" started-at="2025-02-25T12:04:43 IST" name="setUp" finished-at="2025-02-25T12:04:46 IST" duration-ms="3272" status="PASS">
          <reporter-output>
          </reporter-output>
        </test-method> <!-- setUp -->
        <test-method signature="checkIfAllTheLinksInProfileMenuAreWorking()[pri:0, instance:com.testcases.TestSprint1@150ede8b]" started-at="2025-02-25T12:04:46 IST" name="checkIfAllTheLinksInProfileMenuAreWorking" finished-at="2025-02-25T12:05:14 IST" duration-ms="27729" status="PASS">
          <reporter-output>
          </reporter-output>
        </test-method> <!-- checkIfAllTheLinksInProfileMenuAreWorking -->
        <test-method is-config="true" signature="closeBrowser()[pri:0, instance:com.testcases.TestSprint1@150ede8b]" started-at="2025-02-25T12:05:14 IST" name="closeBrowser" finished-at="2025-02-25T12:05:14 IST" duration-ms="310" status="PASS">
          <reporter-output>
          </reporter-output>
        </test-method> <!-- closeBrowser -->
        <test-method is-config="true" signature="setUp()[pri:0, instance:com.testcases.TestSprint1@150ede8b]" started-at="2025-02-25T12:05:14 IST" name="setUp" finished-at="2025-02-25T12:05:17 IST" duration-ms="2999" status="PASS">
          <reporter-output>
          </reporter-output>
        </test-method> <!-- setUp -->
        <test-method signature="checkIfPIMmenuConfigurationOptionalFieldCanBeTurnedOnOff()[pri:0, instance:com.testcases.TestSprint1@150ede8b]" started-at="2025-02-25T12:05:17 IST" name="checkIfPIMmenuConfigurationOptionalFieldCanBeTurnedOnOff" finished-at="2025-02-25T12:05:35 IST" duration-ms="17114" status="PASS">
          <reporter-output>
          </reporter-output>
        </test-method> <!-- checkIfPIMmenuConfigurationOptionalFieldCanBeTurnedOnOff -->
        <test-method is-config="true" signature="closeBrowser()[pri:0, instance:com.testcases.TestSprint1@150ede8b]" started-at="2025-02-25T12:05:35 IST" name="closeBrowser" finished-at="2025-02-25T12:05:35 IST" duration-ms="306" status="PASS">
          <reporter-output>
          </reporter-output>
        </test-method> <!-- closeBrowser -->
      </class> <!-- com.testcases.TestSprint1 -->
    </test> <!-- Test -->
  </suite> <!-- Suite -->
</testng-results>
