<?xml version="1.0" encoding="UTF-8"?>
<testng-results ignored="4" total="5" passed="1" failed="0" skipped="0">
  <reporter-output>
  </reporter-output>
  <suite started-at="2025-07-05T23:17:15 IST" name="Default suite" finished-at="2025-07-05T23:17:44 IST" duration-ms="28868">
    <groups>
    </groups>
    <test started-at="2025-07-05T23:17:15 IST" name="Default test" finished-at="2025-07-05T23:17:44 IST" duration-ms="28868">
      <class name="com.testcases.TestSprint3">
        <test-method is-config="true" signature="cleanAllureResults()[pri:0, instance:com.testcases.TestSprint3@4487c0c2]" started-at="2025-07-05T23:17:15 IST" name="cleanAllureResults" finished-at="2025-07-05T23:17:15 IST" duration-ms="82" status="PASS">
          <reporter-output>
          </reporter-output>
        </test-method> <!-- cleanAllureResults -->
        <test-method is-config="true" signature="setUp(java.lang.String,java.lang.String)[pri:0, instance:com.testcases.TestSprint3@4487c0c2]" started-at="2025-07-05T23:17:15 IST" name="setUp" finished-at="2025-07-05T23:17:18 IST" duration-ms="2912" status="PASS">
          <params>
            <param index="0">
              <value>
                <![CDATA[Chrome]]>
              </value>
            </param>
            <param index="1">
              <value>
                <![CDATA[http://localhost/orangehrm]]>
              </value>
            </param>
          </params>
          <reporter-output>
          </reporter-output>
        </test-method> <!-- setUp -->
        <test-method is-config="true" signature="pageSetup()[pri:0, instance:com.testcases.TestSprint3@4487c0c2]" started-at="2025-07-05T23:17:18 IST" name="pageSetup" finished-at="2025-07-05T23:17:18 IST" duration-ms="62" status="PASS">
          <reporter-output>
          </reporter-output>
        </test-method> <!-- pageSetup -->
        <test-method signature="addNewKPIForTheJobTitle()[pri:0, instance:com.testcases.TestSprint3@4487c0c2]" started-at="2025-07-05T23:17:18 IST" name="addNewKPIForTheJobTitle" finished-at="2025-07-05T23:17:43 IST" duration-ms="25300" status="PASS">
          <reporter-output>
          </reporter-output>
        </test-method> <!-- addNewKPIForTheJobTitle -->
        <test-method is-config="true" signature="closeBrowser()[pri:0, instance:com.testcases.TestSprint3@4487c0c2]" started-at="2025-07-05T23:17:43 IST" name="closeBrowser" finished-at="2025-07-05T23:17:44 IST" duration-ms="196" status="PASS">
          <reporter-output>
          </reporter-output>
        </test-method> <!-- closeBrowser -->
      </class> <!-- com.testcases.TestSprint3 -->
    </test> <!-- Default test -->
  </suite> <!-- Default suite -->
</testng-results>
