<?xml version="1.0" encoding="UTF-8"?>
<testng-results ignored="1" total="2" passed="1" failed="0" skipped="0">
  <reporter-output>
  </reporter-output>
  <suite started-at="2025-03-25T14:43:55 IST" name="Default suite" finished-at="2025-03-25T14:44:30 IST" duration-ms="34866">
    <groups>
    </groups>
    <test started-at="2025-03-25T14:43:55 IST" name="Default test" finished-at="2025-03-25T14:44:30 IST" duration-ms="34866">
      <class name="com.testcases.TestSprint2">
        <test-method is-config="true" signature="cleanAllureResults()[pri:0, instance:com.testcases.TestSprint2@3eabe84a]" started-at="2025-03-25T14:43:55 IST" name="cleanAllureResults" finished-at="2025-03-25T14:43:55 IST" duration-ms="75" status="PASS">
          <reporter-output>
          </reporter-output>
        </test-method> <!-- cleanAllureResults -->
        <test-method is-config="true" signature="setUp(java.lang.String,java.lang.String)[pri:0, instance:com.testcases.TestSprint2@3eabe84a]" started-at="2025-03-25T14:43:55 IST" name="setUp" finished-at="2025-03-25T14:43:59 IST" duration-ms="3933" status="PASS">
          <params>
            <param index="0">
              <value>
                <![CDATA[Chrome]]>
              </value>
            </param>
            <param index="1">
              <value>
                <![CDATA[http://localhost/orangehrm]]>
              </value>
            </param>
          </params>
          <reporter-output>
          </reporter-output>
        </test-method> <!-- setUp -->
        <test-method signature="TryAndError()[pri:0, instance:com.testcases.TestSprint2@3eabe84a]" started-at="2025-03-25T14:44:00 IST" name="TryAndError" finished-at="2025-03-25T14:44:30 IST" duration-ms="30075" status="PASS">
          <reporter-output>
          </reporter-output>
        </test-method> <!-- TryAndError -->
        <test-method is-config="true" signature="closeBrowser()[pri:0, instance:com.testcases.TestSprint2@3eabe84a]" started-at="2025-03-25T14:44:30 IST" name="closeBrowser" finished-at="2025-03-25T14:44:30 IST" duration-ms="413" status="PASS">
          <reporter-output>
          </reporter-output>
        </test-method> <!-- closeBrowser -->
      </class> <!-- com.testcases.TestSprint2 -->
    </test> <!-- Default test -->
  </suite> <!-- Default suite -->
</testng-results>
