<?xml version="1.0" encoding="UTF-8"?>
<testng-results ignored="5" total="7" passed="2" failed="0" skipped="0">
  <reporter-output>
  </reporter-output>
  <suite started-at="2025-12-08T20:21:05 IST" name="Default suite" finished-at="2025-12-08T20:21:37 IST" duration-ms="32172">
    <groups>
      <group name="leave">
        <method signature="TestngLeaveTests.shouldApplyLeaveSuccessfullyWithValidInputs()[pri:0, instance:com.testcases.TestngLeaveTests@1a2909ae]" name="shouldApplyLeaveSuccessfullyWithValidInputs" class="com.testcases.TestngLeaveTests"/>
        <method signature="TestngLeaveTests.shouldApproveLeaveApplicationAsSupervisor()[pri:0, instance:com.testcases.TestngLeaveTests@1a2909ae]" name="shouldApproveLeaveApplicationAsSupervisor" class="com.testcases.TestngLeaveTests"/>
      </group> <!-- leave -->
      <group name="regression">
        <method signature="TestngLeaveTests.shouldApplyLeaveSuccessfullyWithValidInputs()[pri:0, instance:com.testcases.TestngLeaveTests@1a2909ae]" name="shouldApplyLeaveSuccessfullyWithValidInputs" class="com.testcases.TestngLeaveTests"/>
        <method signature="TestngLeaveTests.shouldApproveLeaveApplicationAsSupervisor()[pri:0, instance:com.testcases.TestngLeaveTests@1a2909ae]" name="shouldApproveLeaveApplicationAsSupervisor" class="com.testcases.TestngLeaveTests"/>
      </group> <!-- regression -->
      <group name="smoke">
        <method signature="TestngLeaveTests.shouldApplyLeaveSuccessfullyWithValidInputs()[pri:0, instance:com.testcases.TestngLeaveTests@1a2909ae]" name="shouldApplyLeaveSuccessfullyWithValidInputs" class="com.testcases.TestngLeaveTests"/>
        <method signature="TestngLeaveTests.shouldApproveLeaveApplicationAsSupervisor()[pri:0, instance:com.testcases.TestngLeaveTests@1a2909ae]" name="shouldApproveLeaveApplicationAsSupervisor" class="com.testcases.TestngLeaveTests"/>
      </group> <!-- smoke -->
    </groups>
    <test started-at="2025-12-08T20:21:05 IST" name="Default test" finished-at="2025-12-08T20:21:37 IST" duration-ms="32172">
      <class name="com.testcases.TestngLeaveTests">
        <test-method is-config="true" signature="cleanAllureResults()[pri:0, instance:com.testcases.TestngLeaveTests@1a2909ae]" started-at="2025-12-08T20:21:05 IST" name="cleanAllureResults" finished-at="2025-12-08T20:21:05 IST" duration-ms="76" status="PASS">
          <reporter-output>
          </reporter-output>
        </test-method> <!-- cleanAllureResults -->
        <test-method is-config="true" signature="setUp(java.lang.String,java.lang.reflect.Method)[pri:0, instance:com.testcases.TestngLeaveTests@1a2909ae]" started-at="2025-12-08T20:21:05 IST" name="setUp" finished-at="2025-12-08T20:21:08 IST" duration-ms="2615" status="PASS">
          <params>
            <param index="0">
              <value is-null="true"/>
            </param>
            <param index="1">
              <value>
                <![CDATA[public void com.testcases.TestngLeaveTests.shouldApplyLeaveSuccessfullyWithValidInputs() throws java.lang.InterruptedException]]>
              </value>
            </param>
          </params>
          <reporter-output>
          </reporter-output>
        </test-method> <!-- setUp -->
        <test-method signature="shouldApplyLeaveSuccessfullyWithValidInputs()[pri:0, instance:com.testcases.TestngLeaveTests@1a2909ae]" started-at="2025-12-08T20:21:08 IST" name="shouldApplyLeaveSuccessfullyWithValidInputs" finished-at="2025-12-08T20:21:29 IST" duration-ms="20876" status="PASS">
          <reporter-output>
          </reporter-output>
        </test-method> <!-- shouldApplyLeaveSuccessfullyWithValidInputs -->
        <test-method is-config="true" signature="tearDown(java.lang.reflect.Method)[pri:0, instance:com.testcases.TestngLeaveTests@1a2909ae]" started-at="2025-12-08T20:21:29 IST" name="tearDown" finished-at="2025-12-08T20:21:29 IST" duration-ms="246" status="PASS">
          <params>
            <param index="0">
              <value>
                <![CDATA[public void com.testcases.TestngLeaveTests.shouldApplyLeaveSuccessfullyWithValidInputs() throws java.lang.InterruptedException]]>
              </value>
            </param>
          </params>
          <reporter-output>
          </reporter-output>
        </test-method> <!-- tearDown -->
        <test-method is-config="true" signature="setUp(java.lang.String,java.lang.reflect.Method)[pri:0, instance:com.testcases.TestngLeaveTests@1a2909ae]" started-at="2025-12-08T20:21:29 IST" name="setUp" finished-at="2025-12-08T20:21:31 IST" duration-ms="1468" status="PASS">
          <params>
            <param index="0">
              <value is-null="true"/>
            </param>
            <param index="1">
              <value>
                <![CDATA[public void com.testcases.TestngLeaveTests.shouldApproveLeaveApplicationAsSupervisor() throws java.lang.InterruptedException]]>
              </value>
            </param>
          </params>
          <reporter-output>
          </reporter-output>
        </test-method> <!-- setUp -->
        <test-method signature="shouldApproveLeaveApplicationAsSupervisor()[pri:0, instance:com.testcases.TestngLeaveTests@1a2909ae]" started-at="2025-12-08T20:21:31 IST" name="shouldApproveLeaveApplicationAsSupervisor" finished-at="2025-12-08T20:21:37 IST" depends-on-methods="com.testcases.TestngLeaveTests.shouldApplyLeaveSuccessfullyWithValidInputs" duration-ms="6501" status="PASS">
          <reporter-output>
          </reporter-output>
        </test-method> <!-- shouldApproveLeaveApplicationAsSupervisor -->
        <test-method is-config="true" signature="tearDown(java.lang.reflect.Method)[pri:0, instance:com.testcases.TestngLeaveTests@1a2909ae]" started-at="2025-12-08T20:21:37 IST" name="tearDown" finished-at="2025-12-08T20:21:37 IST" duration-ms="163" status="PASS">
          <params>
            <param index="0">
              <value>
                <![CDATA[public void com.testcases.TestngLeaveTests.shouldApproveLeaveApplicationAsSupervisor() throws java.lang.InterruptedException]]>
              </value>
            </param>
          </params>
          <reporter-output>
          </reporter-output>
        </test-method> <!-- tearDown -->
      </class> <!-- com.testcases.TestngLeaveTests -->
    </test> <!-- Default test -->
  </suite> <!-- Default suite -->
</testng-results>
