<?xml version="1.0" encoding="UTF-8"?>
<testng-results ignored="10" total="11" passed="1" failed="0" skipped="0">
  <reporter-output>
  </reporter-output>
  <suite started-at="2025-11-27T15:36:29 IST" name="Default suite" finished-at="2025-11-27T15:36:42 IST" duration-ms="12247">
    <groups>
    </groups>
    <test started-at="2025-11-27T15:36:29 IST" name="Default test" finished-at="2025-11-27T15:36:42 IST" duration-ms="12247">
      <class name="com.testcases.TestSprint2">
        <test-method is-config="true" signature="cleanAllureResults()[pri:0, instance:com.testcases.TestSprint2@2fcd7d3f]" started-at="2025-11-27T15:36:29 IST" name="cleanAllureResults" finished-at="2025-11-27T15:36:29 IST" duration-ms="64" status="PASS">
          <reporter-output>
          </reporter-output>
        </test-method> <!-- cleanAllureResults -->
        <test-method is-config="true" signature="setUp()[pri:0, instance:com.testcases.TestSprint2@2fcd7d3f]" started-at="2025-11-27T15:36:29 IST" name="setUp" finished-at="2025-11-27T15:36:32 IST" duration-ms="2301" status="PASS">
          <reporter-output>
          </reporter-output>
        </test-method> <!-- setUp -->
        <test-method signature="CheckIfAddSkillOptionIsWorkingOrNot()[pri:0, instance:com.testcases.TestSprint2@2fcd7d3f]" started-at="2025-11-27T15:36:32 IST" name="CheckIfAddSkillOptionIsWorkingOrNot" finished-at="2025-11-27T15:36:41 IST" duration-ms="9231" status="PASS">
          <reporter-output>
          </reporter-output>
        </test-method> <!-- CheckIfAddSkillOptionIsWorkingOrNot -->
        <test-method is-config="true" signature="tearDown()[pri:0, instance:com.testcases.TestSprint2@2fcd7d3f]" started-at="2025-11-27T15:36:41 IST" name="tearDown" finished-at="2025-11-27T15:36:42 IST" duration-ms="318" status="PASS">
          <reporter-output>
          </reporter-output>
        </test-method> <!-- tearDown -->
      </class> <!-- com.testcases.TestSprint2 -->
    </test> <!-- Default test -->
  </suite> <!-- Default suite -->
</testng-results>
