<?xml version="1.0" encoding="UTF-8"?>
<testng-results ignored="7" total="8" passed="1" failed="0" skipped="0">
  <reporter-output>
  </reporter-output>
  <suite started-at="2025-11-19T12:15:21 IST" name="Default suite" finished-at="2025-11-19T12:15:30 IST" duration-ms="9203">
    <groups>
    </groups>
    <test started-at="2025-11-19T12:15:21 IST" name="Default test" finished-at="2025-11-19T12:15:30 IST" duration-ms="9203">
      <class name="com.testcases.TestSprint1">
        <test-method is-config="true" signature="cleanAllureResults()[pri:0, instance:com.testcases.TestSprint1@1e253c9d]" started-at="2025-11-19T12:15:21 IST" name="cleanAllureResults" finished-at="2025-11-19T12:15:21 IST" duration-ms="60" status="PASS">
          <reporter-output>
          </reporter-output>
        </test-method> <!-- cleanAllureResults -->
        <test-method is-config="true" signature="setUp(java.lang.String,java.lang.String)[pri:0, instance:com.testcases.TestSprint1@1e253c9d]" started-at="2025-11-19T12:15:21 IST" name="setUp" finished-at="2025-11-19T12:15:24 IST" duration-ms="2812" status="PASS">
          <params>
            <param index="0">
              <value>
                <![CDATA[Chrome]]>
              </value>
            </param>
            <param index="1">
              <value>
                <![CDATA[http://localhost/orangehrm]]>
              </value>
            </param>
          </params>
          <reporter-output>
          </reporter-output>
        </test-method> <!-- setUp -->
        <test-method is-config="true" signature="pageSetup()[pri:0, instance:com.testcases.TestSprint1@1e253c9d]" started-at="2025-11-19T12:15:24 IST" name="pageSetup" finished-at="2025-11-19T12:15:24 IST" duration-ms="90" status="PASS">
          <reporter-output>
          </reporter-output>
        </test-method> <!-- pageSetup -->
        <test-method signature="CheckIfLoginSuccessfullWithCorrectCredentials()[pri:0, instance:com.testcases.TestSprint1@1e253c9d]" started-at="2025-11-19T12:15:24 IST" name="CheckIfLoginSuccessfullWithCorrectCredentials" finished-at="2025-11-19T12:15:27 IST" duration-ms="2899" status="PASS">
          <reporter-output>
          </reporter-output>
        </test-method> <!-- CheckIfLoginSuccessfullWithCorrectCredentials -->
        <test-method is-config="true" signature="tearDowntest()[pri:0, instance:com.testcases.TestSprint1@1e253c9d]" started-at="2025-11-19T12:15:27 IST" name="tearDowntest" finished-at="2025-11-19T12:15:30 IST" duration-ms="3010" status="PASS">
          <reporter-output>
          </reporter-output>
        </test-method> <!-- tearDowntest -->
        <test-method is-config="true" signature="closeBrowser()[pri:0, instance:com.testcases.TestSprint1@1e253c9d]" started-at="2025-11-19T12:15:30 IST" name="closeBrowser" finished-at="2025-11-19T12:15:30 IST" duration-ms="176" status="PASS">
          <reporter-output>
          </reporter-output>
        </test-method> <!-- closeBrowser -->
      </class> <!-- com.testcases.TestSprint1 -->
    </test> <!-- Default test -->
  </suite> <!-- Default suite -->
</testng-results>
