<?xml version="1.0" encoding="UTF-8"?>
<testng-results ignored="8" total="9" passed="1" failed="0" skipped="0">
  <reporter-output>
  </reporter-output>
  <suite started-at="2025-03-21T11:08:01 IST" name="Default suite" finished-at="2025-03-21T11:08:26 IST" duration-ms="24505">
    <groups>
    </groups>
    <test started-at="2025-03-21T11:08:01 IST" name="Default test" finished-at="2025-03-21T11:08:26 IST" duration-ms="24505">
      <class name="com.testcases.TestSprint1">
        <test-method is-config="true" signature="cleanAllureResults()[pri:0, instance:com.testcases.TestSprint1@7b948f3e]" started-at="2025-03-21T11:08:01 IST" name="cleanAllureResults" finished-at="2025-03-21T11:08:01 IST" duration-ms="53" status="PASS">
          <reporter-output>
          </reporter-output>
        </test-method> <!-- cleanAllureResults -->
        <test-method is-config="true" signature="setUp(java.lang.String,java.lang.String)[pri:0, instance:com.testcases.TestSprint1@7b948f3e]" started-at="2025-03-21T11:08:01 IST" name="setUp" finished-at="2025-03-21T11:08:04 IST" duration-ms="2585" status="PASS">
          <params>
            <param index="0">
              <value>
                <![CDATA[Chrome]]>
              </value>
            </param>
            <param index="1">
              <value>
                <![CDATA[http://localhost/orangehrm]]>
              </value>
            </param>
          </params>
          <reporter-output>
          </reporter-output>
        </test-method> <!-- setUp -->
        <test-method signature="AddReportingMethodAndTerminationReason()[pri:0, instance:com.testcases.TestSprint1@7b948f3e]" started-at="2025-03-21T11:08:04 IST" name="AddReportingMethodAndTerminationReason" finished-at="2025-03-21T11:08:25 IST" duration-ms="21378" status="PASS">
          <reporter-output>
          </reporter-output>
        </test-method> <!-- AddReportingMethodAndTerminationReason -->
        <test-method is-config="true" signature="closeBrowser()[pri:0, instance:com.testcases.TestSprint1@7b948f3e]" started-at="2025-03-21T11:08:25 IST" name="closeBrowser" finished-at="2025-03-21T11:08:26 IST" duration-ms="291" status="PASS">
          <reporter-output>
          </reporter-output>
        </test-method> <!-- closeBrowser -->
      </class> <!-- com.testcases.TestSprint1 -->
    </test> <!-- Default test -->
  </suite> <!-- Default suite -->
</testng-results>
