<?xml version="1.0" encoding="UTF-8"?>
<testng-results ignored="22" total="30" passed="2" failed="5" skipped="1">
  <reporter-output>
  </reporter-output>
  <suite started-at="2025-11-27T14:07:47 IST" name="Failed suite [Master Suite]" finished-at="2025-11-27T14:08:44 IST" duration-ms="56935">
    <groups>
      <group name="smoke">
        <method signature="TestSprint3.employeeSubmittedTimeSheetWithDetails()[pri:0, instance:com.testcases.TestSprint3@2a235b8e]" name="employeeSubmittedTimeSheetWithDetails" class="com.testcases.TestSprint3"/>
      </group> <!-- smoke -->
    </groups>
    <test started-at="2025-11-27T14:07:47 IST" name="regression tests(failed)" finished-at="2025-11-27T14:08:44 IST" duration-ms="56935">
      <class name="com.testcases.TestSprint1">
        <test-method is-config="true" signature="setUp()[pri:0, instance:com.testcases.TestSprint1@76536c53]" started-at="2025-11-27T14:08:11 IST" name="setUp" finished-at="2025-11-27T14:08:13 IST" duration-ms="1919" status="PASS">
          <reporter-output>
          </reporter-output>
        </test-method> <!-- setUp -->
        <test-method signature="AddCustomFieldsWithBothTypeOfInputMethodAndCheckIfReflectingOnRespectedPage()[pri:0, instance:com.testcases.TestSprint1@76536c53]" started-at="2025-11-27T14:08:13 IST" name="AddCustomFieldsWithBothTypeOfInputMethodAndCheckIfReflectingOnRespectedPage" finished-at="2025-11-27T14:08:19 IST" duration-ms="6073" status="FAIL">
          <exception class="java.lang.NullPointerException">
            <message>
              <![CDATA[Cannot invoke "com.main.Keywords.getDriver()" because "this.kw" is null]]>
            </message>
            <full-stacktrace>
              <![CDATA[java.lang.NullPointerException: Cannot invoke "com.main.Keywords.getDriver()" because "this.kw" is null
at com.pages.PimCustomFields.<init>(PimCustomFields.java:30)
at com.base.TestBase.customField(TestBase.java:91)
at com.testcases.TestSprint1.AddCustomFieldsWithBothTypeOfInputMethodAndCheckIfReflectingOnRespectedPage(TestSprint1.java:190)
at java.base/jdk.internal.reflect.NativeMethodAccessorImpl.invoke0(Native Method)
at java.base/jdk.internal.reflect.NativeMethodAccessorImpl.invoke(NativeMethodAccessorImpl.java:77)
at java.base/jdk.internal.reflect.DelegatingMethodAccessorImpl.invoke(DelegatingMethodAccessorImpl.java:43)
at java.base/java.lang.reflect.Method.invoke(Method.java:568)
at org.testng.internal.invokers.MethodInvocationHelper.invokeMethod(MethodInvocationHelper.java:141)
at org.testng.internal.invokers.TestInvoker.invokeMethod(TestInvoker.java:687)
at org.testng.internal.invokers.TestInvoker.invokeTestMethod(TestInvoker.java:230)
at org.testng.internal.invokers.MethodRunner.runInSequence(MethodRunner.java:63)
at org.testng.internal.invokers.TestInvoker$MethodInvocationAgent.invoke(TestInvoker.java:995)
at org.testng.internal.invokers.TestInvoker.invokeTestMethods(TestInvoker.java:203)
at org.testng.internal.invokers.TestMethodWorker.invokeTestMethods(TestMethodWorker.java:154)
at org.testng.internal.invokers.TestMethodWorker.run(TestMethodWorker.java:134)
at java.base/java.util.concurrent.Executors$RunnableAdapter.call(Executors.java:539)
at java.base/java.util.concurrent.FutureTask.run(FutureTask.java:264)
at org.testng.internal.thread.graph.TestNGFutureTask.run(TestNGFutureTask.java:22)
at java.base/java.util.concurrent.ThreadPoolExecutor.runWorker(ThreadPoolExecutor.java:1136)
at java.base/java.util.concurrent.ThreadPoolExecutor$Worker.run(ThreadPoolExecutor.java:635)
at java.base/java.lang.Thread.run(Thread.java:842)
]]>
            </full-stacktrace>
          </exception> <!-- java.lang.NullPointerException -->
          <reporter-output>
          </reporter-output>
        </test-method> <!-- AddCustomFieldsWithBothTypeOfInputMethodAndCheckIfReflectingOnRespectedPage -->
        <test-method is-config="true" signature="tearDown()[pri:0, instance:com.testcases.TestSprint1@76536c53]" started-at="2025-11-27T14:08:24 IST" name="tearDown" finished-at="2025-11-27T14:08:24 IST" duration-ms="279" status="PASS">
          <reporter-output>
          </reporter-output>
        </test-method> <!-- tearDown -->
        <test-method is-config="true" signature="setUp()[pri:0, instance:com.testcases.TestSprint1@76536c53]" started-at="2025-11-27T14:08:24 IST" name="setUp" finished-at="2025-11-27T14:08:25 IST" duration-ms="1477" status="PASS">
          <reporter-output>
          </reporter-output>
        </test-method> <!-- setUp -->
        <test-method signature="addUserandCheckIfAllOptionsAreWorkingWhileCreating()[pri:0, instance:com.testcases.TestSprint1@76536c53]" started-at="2025-11-27T14:08:25 IST" name="addUserandCheckIfAllOptionsAreWorkingWhileCreating" finished-at="2025-11-27T14:08:32 IST" duration-ms="6842" status="FAIL">
          <exception class="java.lang.NullPointerException">
            <message>
              <![CDATA[Cannot invoke "com.main.Keywords.getDriver()" because "this.kw" is null]]>
            </message>
            <full-stacktrace>
              <![CDATA[java.lang.NullPointerException: Cannot invoke "com.main.Keywords.getDriver()" because "this.kw" is null
at com.pages.EmployeeListMenu.<init>(EmployeeListMenu.java:29)
at com.base.TestBase.emplist(TestBase.java:103)
at com.testcases.TestSprint1.addUserandCheckIfAllOptionsAreWorkingWhileCreating(TestSprint1.java:299)
at java.base/jdk.internal.reflect.NativeMethodAccessorImpl.invoke0(Native Method)
at java.base/jdk.internal.reflect.NativeMethodAccessorImpl.invoke(NativeMethodAccessorImpl.java:77)
at java.base/jdk.internal.reflect.DelegatingMethodAccessorImpl.invoke(DelegatingMethodAccessorImpl.java:43)
at java.base/java.lang.reflect.Method.invoke(Method.java:568)
at org.testng.internal.invokers.MethodInvocationHelper.invokeMethod(MethodInvocationHelper.java:141)
at org.testng.internal.invokers.TestInvoker.invokeMethod(TestInvoker.java:687)
at org.testng.internal.invokers.TestInvoker.invokeTestMethod(TestInvoker.java:230)
at org.testng.internal.invokers.MethodRunner.runInSequence(MethodRunner.java:63)
at org.testng.internal.invokers.TestInvoker$MethodInvocationAgent.invoke(TestInvoker.java:995)
at org.testng.internal.invokers.TestInvoker.invokeTestMethods(TestInvoker.java:203)
at org.testng.internal.invokers.TestMethodWorker.invokeTestMethods(TestMethodWorker.java:154)
at org.testng.internal.invokers.TestMethodWorker.run(TestMethodWorker.java:134)
at java.base/java.util.concurrent.Executors$RunnableAdapter.call(Executors.java:539)
at java.base/java.util.concurrent.FutureTask.run(FutureTask.java:264)
at org.testng.internal.thread.graph.TestNGFutureTask.run(TestNGFutureTask.java:22)
at java.base/java.util.concurrent.ThreadPoolExecutor.runWorker(ThreadPoolExecutor.java:1136)
at java.base/java.util.concurrent.ThreadPoolExecutor$Worker.run(ThreadPoolExecutor.java:635)
at java.base/java.lang.Thread.run(Thread.java:842)
]]>
            </full-stacktrace>
          </exception> <!-- java.lang.NullPointerException -->
          <reporter-output>
          </reporter-output>
        </test-method> <!-- addUserandCheckIfAllOptionsAreWorkingWhileCreating -->
        <test-method is-config="true" signature="tearDown()[pri:0, instance:com.testcases.TestSprint1@76536c53]" started-at="2025-11-27T14:08:35 IST" name="tearDown" finished-at="2025-11-27T14:08:35 IST" duration-ms="234" status="PASS">
          <reporter-output>
          </reporter-output>
        </test-method> <!-- tearDown -->
        <test-method is-config="true" signature="setUp()[pri:0, instance:com.testcases.TestSprint1@76536c53]" started-at="2025-11-27T14:08:35 IST" name="setUp" finished-at="2025-11-27T14:08:37 IST" duration-ms="1784" status="PASS">
          <reporter-output>
          </reporter-output>
        </test-method> <!-- setUp -->
        <test-method signature="checkSearchOptionsInPIMMenuEmployeeListPage()[pri:0, instance:com.testcases.TestSprint1@76536c53]" started-at="2025-11-27T14:08:37 IST" name="checkSearchOptionsInPIMMenuEmployeeListPage" finished-at="2025-11-27T14:08:41 IST" duration-ms="4613" status="FAIL">
          <exception class="java.lang.NullPointerException">
            <message>
              <![CDATA[Cannot invoke "com.main.Keywords.getDriver()" because "this.kw" is null]]>
            </message>
            <full-stacktrace>
              <![CDATA[java.lang.NullPointerException: Cannot invoke "com.main.Keywords.getDriver()" because "this.kw" is null
at com.pages.EmployeeListMenu.<init>(EmployeeListMenu.java:29)
at com.base.TestBase.emplist(TestBase.java:103)
at com.testcases.TestSprint1.checkSearchOptionsInPIMMenuEmployeeListPage(TestSprint1.java:241)
at java.base/jdk.internal.reflect.NativeMethodAccessorImpl.invoke0(Native Method)
at java.base/jdk.internal.reflect.NativeMethodAccessorImpl.invoke(NativeMethodAccessorImpl.java:77)
at java.base/jdk.internal.reflect.DelegatingMethodAccessorImpl.invoke(DelegatingMethodAccessorImpl.java:43)
at java.base/java.lang.reflect.Method.invoke(Method.java:568)
at org.testng.internal.invokers.MethodInvocationHelper.invokeMethod(MethodInvocationHelper.java:141)
at org.testng.internal.invokers.TestInvoker.invokeMethod(TestInvoker.java:687)
at org.testng.internal.invokers.TestInvoker.invokeTestMethod(TestInvoker.java:230)
at org.testng.internal.invokers.MethodRunner.runInSequence(MethodRunner.java:63)
at org.testng.internal.invokers.TestInvoker$MethodInvocationAgent.invoke(TestInvoker.java:995)
at org.testng.internal.invokers.TestInvoker.invokeTestMethods(TestInvoker.java:203)
at org.testng.internal.invokers.TestMethodWorker.invokeTestMethods(TestMethodWorker.java:154)
at org.testng.internal.invokers.TestMethodWorker.run(TestMethodWorker.java:134)
at java.base/java.util.concurrent.Executors$RunnableAdapter.call(Executors.java:539)
at java.base/java.util.concurrent.FutureTask.run(FutureTask.java:264)
at org.testng.internal.thread.graph.TestNGFutureTask.run(TestNGFutureTask.java:22)
at java.base/java.util.concurrent.ThreadPoolExecutor.runWorker(ThreadPoolExecutor.java:1136)
at java.base/java.util.concurrent.ThreadPoolExecutor$Worker.run(ThreadPoolExecutor.java:635)
at java.base/java.lang.Thread.run(Thread.java:842)
]]>
            </full-stacktrace>
          </exception> <!-- java.lang.NullPointerException -->
          <reporter-output>
          </reporter-output>
        </test-method> <!-- checkSearchOptionsInPIMMenuEmployeeListPage -->
        <test-method is-config="true" signature="tearDown()[pri:0, instance:com.testcases.TestSprint1@76536c53]" started-at="2025-11-27T14:08:44 IST" name="tearDown" finished-at="2025-11-27T14:08:44 IST" duration-ms="225" status="PASS">
          <reporter-output>
          </reporter-output>
        </test-method> <!-- tearDown -->
      </class> <!-- com.testcases.TestSprint1 -->
      <class name="com.testcases.TestSprint2">
        <test-method is-config="true" signature="cleanAllureResults()[pri:0, instance:com.testcases.TestSprint2@1ec22831]" started-at="2025-11-27T14:07:47 IST" name="cleanAllureResults" finished-at="2025-11-27T14:07:47 IST" duration-ms="160" status="PASS">
          <reporter-output>
          </reporter-output>
        </test-method> <!-- cleanAllureResults -->
        <test-method is-config="true" signature="setUp()[pri:0, instance:com.testcases.TestSprint2@1ec22831]" started-at="2025-11-27T14:07:47 IST" name="setUp" finished-at="2025-11-27T14:07:50 IST" duration-ms="3245" status="PASS">
          <reporter-output>
          </reporter-output>
        </test-method> <!-- setUp -->
        <test-method is-config="true" signature="setUp()[pri:0, instance:com.testcases.TestSprint2@1ec22831]" started-at="2025-11-27T14:07:47 IST" name="setUp" finished-at="2025-11-27T14:07:51 IST" duration-ms="3874" status="PASS">
          <reporter-output>
          </reporter-output>
        </test-method> <!-- setUp -->
        <test-method signature="ApplyLeaveWithPastDates()[pri:0, instance:com.testcases.TestSprint2@1ec22831]" started-at="2025-11-27T14:07:51 IST" name="ApplyLeaveWithPastDates" finished-at="2025-11-27T14:08:09 IST" duration-ms="18106" status="PASS">
          <reporter-output>
          </reporter-output>
        </test-method> <!-- ApplyLeaveWithPastDates -->
        <test-method signature="CheckIfAddSkillOptionIsWorkingOrNot()[pri:0, instance:com.testcases.TestSprint2@1ec22831]" started-at="2025-11-27T14:07:51 IST" name="CheckIfAddSkillOptionIsWorkingOrNot" finished-at="2025-11-27T14:08:05 IST" duration-ms="14464" status="FAIL">
          <exception class="java.lang.AssertionError">
            <message>
              <![CDATA[expected [true] but found [false]]]>
            </message>
            <full-stacktrace>
              <![CDATA[java.lang.AssertionError: expected [true] but found [false]
at org.testng.Assert.fail(Assert.java:111)
at org.testng.Assert.failNotEquals(Assert.java:1590)
at org.testng.Assert.assertTrue(Assert.java:57)
at org.testng.Assert.assertTrue(Assert.java:67)
at com.testcases.TestSprint2.CheckIfAddSkillOptionIsWorkingOrNot(TestSprint2.java:145)
at java.base/jdk.internal.reflect.NativeMethodAccessorImpl.invoke0(Native Method)
at java.base/jdk.internal.reflect.NativeMethodAccessorImpl.invoke(NativeMethodAccessorImpl.java:77)
at java.base/jdk.internal.reflect.DelegatingMethodAccessorImpl.invoke(DelegatingMethodAccessorImpl.java:43)
at java.base/java.lang.reflect.Method.invoke(Method.java:568)
at org.testng.internal.invokers.MethodInvocationHelper.invokeMethod(MethodInvocationHelper.java:141)
at org.testng.internal.invokers.TestInvoker.invokeMethod(TestInvoker.java:687)
at org.testng.internal.invokers.TestInvoker.invokeTestMethod(TestInvoker.java:230)
at org.testng.internal.invokers.MethodRunner.runInSequence(MethodRunner.java:63)
at org.testng.internal.invokers.TestInvoker$MethodInvocationAgent.invoke(TestInvoker.java:995)
at org.testng.internal.invokers.TestInvoker.invokeTestMethods(TestInvoker.java:203)
at org.testng.internal.invokers.TestMethodWorker.invokeTestMethods(TestMethodWorker.java:154)
at org.testng.internal.invokers.TestMethodWorker.run(TestMethodWorker.java:134)
at java.base/java.util.concurrent.Executors$RunnableAdapter.call(Executors.java:539)
at java.base/java.util.concurrent.FutureTask.run(FutureTask.java:264)
at org.testng.internal.thread.graph.TestNGFutureTask.run(TestNGFutureTask.java:22)
at java.base/java.util.concurrent.ThreadPoolExecutor.runWorker(ThreadPoolExecutor.java:1136)
at java.base/java.util.concurrent.ThreadPoolExecutor$Worker.run(ThreadPoolExecutor.java:635)
at java.base/java.lang.Thread.run(Thread.java:842)
]]>
            </full-stacktrace>
          </exception> <!-- java.lang.AssertionError -->
          <reporter-output>
          </reporter-output>
        </test-method> <!-- CheckIfAddSkillOptionIsWorkingOrNot -->
        <test-method is-config="true" signature="tearDown()[pri:0, instance:com.testcases.TestSprint2@1ec22831]" started-at="2025-11-27T14:08:09 IST" name="tearDown" finished-at="2025-11-27T14:08:09 IST" duration-ms="274" status="PASS">
          <reporter-output>
          </reporter-output>
        </test-method> <!-- tearDown -->
        <test-method is-config="true" signature="tearDown()[pri:0, instance:com.testcases.TestSprint2@1ec22831]" started-at="2025-11-27T14:08:11 IST" name="tearDown" finished-at="2025-11-27T14:08:11 IST" duration-ms="370" status="PASS">
          <reporter-output>
          </reporter-output>
        </test-method> <!-- tearDown -->
      </class> <!-- com.testcases.TestSprint2 -->
      <class name="com.testcases.TestSprint3">
        <test-method is-config="true" signature="setUp()[pri:0, instance:com.testcases.TestSprint3@2a235b8e]" started-at="2025-11-27T14:08:09 IST" name="setUp" finished-at="2025-11-27T14:08:10 IST" duration-ms="1296" status="PASS">
          <reporter-output>
          </reporter-output>
        </test-method> <!-- setUp -->
        <test-method signature="employeeSubmittedTimeSheetWithDetails()[pri:0, instance:com.testcases.TestSprint3@2a235b8e]" started-at="2025-11-27T14:08:10 IST" name="employeeSubmittedTimeSheetWithDetails" finished-at="2025-11-27T14:08:27 IST" duration-ms="16205" status="PASS">
          <reporter-output>
          </reporter-output>
        </test-method> <!-- employeeSubmittedTimeSheetWithDetails -->
        <test-method is-config="true" signature="tearDown()[pri:0, instance:com.testcases.TestSprint3@2a235b8e]" started-at="2025-11-27T14:08:27 IST" name="tearDown" finished-at="2025-11-27T14:08:27 IST" duration-ms="372" status="PASS">
          <reporter-output>
          </reporter-output>
        </test-method> <!-- tearDown -->
        <test-method is-config="true" signature="setUp()[pri:0, instance:com.testcases.TestSprint3@2a235b8e]" started-at="2025-11-27T14:08:27 IST" name="setUp" finished-at="2025-11-27T14:08:29 IST" duration-ms="1826" status="PASS">
          <reporter-output>
          </reporter-output>
        </test-method> <!-- setUp -->
        <test-method signature="employeeEditingTimesheetBeforeSubmission()[pri:0, instance:com.testcases.TestSprint3@2a235b8e]" started-at="2025-11-27T14:08:29 IST" name="employeeEditingTimesheetBeforeSubmission" finished-at="2025-11-27T14:08:38 IST" depends-on-methods="com.testcases.TestSprint3.employeeSubmittedTimeSheetWithDetails" duration-ms="9450" status="FAIL">
          <exception class="java.lang.NullPointerException">
            <message>
              <![CDATA[Cannot invoke "String.split(String)" because "this.hrString" is null]]>
            </message>
            <full-stacktrace>
              <![CDATA[java.lang.NullPointerException: Cannot invoke "String.split(String)" because "this.hrString" is null
at com.pages.TimeMenu.randomIncrementDecrementInHours(TimeMenu.java:170)
at com.pages.TimeMenu.enterUpdatedMondayHours(TimeMenu.java:185)
at com.testcases.TestSprint3.employeeEditingTimesheetBeforeSubmission(TestSprint3.java:146)
at java.base/jdk.internal.reflect.NativeMethodAccessorImpl.invoke0(Native Method)
at java.base/jdk.internal.reflect.NativeMethodAccessorImpl.invoke(NativeMethodAccessorImpl.java:77)
at java.base/jdk.internal.reflect.DelegatingMethodAccessorImpl.invoke(DelegatingMethodAccessorImpl.java:43)
at java.base/java.lang.reflect.Method.invoke(Method.java:568)
at org.testng.internal.invokers.MethodInvocationHelper.invokeMethod(MethodInvocationHelper.java:141)
at org.testng.internal.invokers.TestInvoker.invokeMethod(TestInvoker.java:687)
at org.testng.internal.invokers.TestInvoker.invokeTestMethod(TestInvoker.java:230)
at org.testng.internal.invokers.MethodRunner.runInSequence(MethodRunner.java:63)
at org.testng.internal.invokers.TestInvoker$MethodInvocationAgent.invoke(TestInvoker.java:995)
at org.testng.internal.invokers.TestInvoker.invokeTestMethods(TestInvoker.java:203)
at org.testng.internal.invokers.TestMethodWorker.invokeTestMethods(TestMethodWorker.java:154)
at org.testng.internal.invokers.TestMethodWorker.run(TestMethodWorker.java:134)
at java.base/java.util.concurrent.Executors$RunnableAdapter.call(Executors.java:539)
at java.base/java.util.concurrent.FutureTask.run(FutureTask.java:264)
at org.testng.internal.thread.graph.TestNGFutureTask.run(TestNGFutureTask.java:22)
at java.base/java.util.concurrent.ThreadPoolExecutor.runWorker(ThreadPoolExecutor.java:1136)
at java.base/java.util.concurrent.ThreadPoolExecutor$Worker.run(ThreadPoolExecutor.java:635)
at java.base/java.lang.Thread.run(Thread.java:842)
]]>
            </full-stacktrace>
          </exception> <!-- java.lang.NullPointerException -->
          <reporter-output>
          </reporter-output>
        </test-method> <!-- employeeEditingTimesheetBeforeSubmission -->
        <test-method is-config="true" signature="tearDown()[pri:0, instance:com.testcases.TestSprint3@2a235b8e]" started-at="2025-11-27T14:08:43 IST" name="tearDown" finished-at="2025-11-27T14:08:43 IST" duration-ms="208" status="PASS">
          <reporter-output>
          </reporter-output>
        </test-method> <!-- tearDown -->
        <test-method signature="managerApprovesOrRejectsTimesheet()[pri:0, instance:com.testcases.TestSprint3@2a235b8e]" started-at="2025-11-27T14:08:43 IST" name="managerApprovesOrRejectsTimesheet" finished-at="2025-11-27T14:08:43 IST" depends-on-methods="com.testcases.TestSprint3.employeeEditingTimesheetBeforeSubmission" duration-ms="0" status="SKIP">
          <exception class="java.lang.Throwable">
            <message>
              <![CDATA[Method com.testcases.TestSprint3.managerApprovesOrRejectsTimesheet() on instance com.testcases.TestSprint3@2a235b8e depends on not successfully finished methods 
[com.testcases.TestSprint3.employeeEditingTimesheetBeforeSubmission() on instance com.testcases.TestSprint3@2a235b8e]]]>
            </message>
            <full-stacktrace>
              <![CDATA[java.lang.Throwable: Method com.testcases.TestSprint3.managerApprovesOrRejectsTimesheet() on instance com.testcases.TestSprint3@2a235b8e depends on not successfully finished methods 
[com.testcases.TestSprint3.employeeEditingTimesheetBeforeSubmission() on instance com.testcases.TestSprint3@2a235b8e]
at org.testng.internal.invokers.TestInvoker.invokeTestMethods(TestInvoker.java:159)
at org.testng.internal.invokers.TestMethodWorker.invokeTestMethods(TestMethodWorker.java:154)
at org.testng.internal.invokers.TestMethodWorker.run(TestMethodWorker.java:134)
at java.base/java.util.concurrent.Executors$RunnableAdapter.call(Executors.java:539)
at java.base/java.util.concurrent.FutureTask.run(FutureTask.java:264)
at org.testng.internal.thread.graph.TestNGFutureTask.run(TestNGFutureTask.java:22)
at java.base/java.util.concurrent.ThreadPoolExecutor.runWorker(ThreadPoolExecutor.java:1136)
at java.base/java.util.concurrent.ThreadPoolExecutor$Worker.run(ThreadPoolExecutor.java:635)
at java.base/java.lang.Thread.run(Thread.java:842)
]]>
            </full-stacktrace>
          </exception> <!-- java.lang.Throwable -->
          <reporter-output>
          </reporter-output>
        </test-method> <!-- managerApprovesOrRejectsTimesheet -->
      </class> <!-- com.testcases.TestSprint3 -->
    </test> <!-- regression tests(failed) -->
  </suite> <!-- Failed suite [Master Suite] -->
</testng-results>
