<?xml version="1.0" encoding="UTF-8"?>
<testng-results ignored="9" total="10" passed="1" failed="0" skipped="0">
  <reporter-output>
  </reporter-output>
  <suite started-at="2025-11-25T20:36:13 IST" name="Default suite" finished-at="2025-11-25T20:36:45 IST" duration-ms="32504">
    <groups>
    </groups>
    <test started-at="2025-11-25T20:36:13 IST" name="Default test" finished-at="2025-11-25T20:36:45 IST" duration-ms="32504">
      <class name="com.testcases.TestSprint3">
        <test-method is-config="true" signature="cleanAllureResults()[pri:0, instance:com.testcases.TestSprint3@1fb2d5e]" started-at="2025-11-25T20:36:13 IST" name="cleanAllureResults" finished-at="2025-11-25T20:36:13 IST" duration-ms="76" status="PASS">
          <reporter-output>
          </reporter-output>
        </test-method> <!-- cleanAllureResults -->
        <test-method is-config="true" signature="setUp()[pri:0, instance:com.testcases.TestSprint3@1fb2d5e]" started-at="2025-11-25T20:36:13 IST" name="setUp" finished-at="2025-11-25T20:36:17 IST" duration-ms="3554" status="PASS">
          <reporter-output>
          </reporter-output>
        </test-method> <!-- setUp -->
        <test-method is-config="true" signature="pageSetup()[pri:0, instance:com.testcases.TestSprint3@1fb2d5e]" started-at="2025-11-25T20:36:17 IST" name="pageSetup" finished-at="2025-11-25T20:36:17 IST" duration-ms="95" status="PASS">
          <reporter-output>
          </reporter-output>
        </test-method> <!-- pageSetup -->
        <test-method signature="addNewKPIForTheJobTitle()[pri:0, instance:com.testcases.TestSprint3@1fb2d5e]" started-at="2025-11-25T20:36:17 IST" name="addNewKPIForTheJobTitle" finished-at="2025-11-25T20:36:42 IST" duration-ms="25150" status="PASS">
          <reporter-output>
          </reporter-output>
        </test-method> <!-- addNewKPIForTheJobTitle -->
        <test-method is-config="true" signature="tearDowntest()[pri:0, instance:com.testcases.TestSprint3@1fb2d5e]" started-at="2025-11-25T20:36:42 IST" name="tearDowntest" finished-at="2025-11-25T20:36:45 IST" duration-ms="3017" status="PASS">
          <reporter-output>
          </reporter-output>
        </test-method> <!-- tearDowntest -->
        <test-method is-config="true" signature="closeBrowser()[pri:0, instance:com.testcases.TestSprint3@1fb2d5e]" started-at="2025-11-25T20:36:45 IST" name="closeBrowser" finished-at="2025-11-25T20:36:45 IST" duration-ms="376" status="PASS">
          <reporter-output>
          </reporter-output>
        </test-method> <!-- closeBrowser -->
      </class> <!-- com.testcases.TestSprint3 -->
    </test> <!-- Default test -->
  </suite> <!-- Default suite -->
</testng-results>
