<?xml version="1.0" encoding="UTF-8"?>
<testng-results ignored="0" total="3" passed="3" failed="0" skipped="0">
  <reporter-output>
  </reporter-output>
  <suite started-at="2025-02-25T12:35:42 IST" name="Suite" finished-at="2025-02-25T12:36:12 IST" duration-ms="29843">
    <groups>
    </groups>
    <test started-at="2025-02-25T12:35:42 IST" name="Test" finished-at="2025-02-25T12:36:12 IST" duration-ms="29843">
      <class name="com.testcases.TestSprint1">
        <test-method is-config="true" signature="setUp()[pri:0, instance:com.testcases.TestSprint1@53a9fcfd]" started-at="2025-02-25T12:35:42 IST" name="setUp" finished-at="2025-02-25T12:35:45 IST" duration-ms="2657" status="PASS">
          <reporter-output>
          </reporter-output>
        </test-method> <!-- setUp -->
        <test-method signature="CheckIfLoginSuccessfullWithCorrectCredentials()[pri:0, instance:com.testcases.TestSprint1@53a9fcfd]" started-at="2025-02-25T12:35:45 IST" name="CheckIfLoginSuccessfullWithCorrectCredentials" finished-at="2025-02-25T12:35:49 IST" duration-ms="4192" status="PASS">
          <reporter-output>
          </reporter-output>
        </test-method> <!-- CheckIfLoginSuccessfullWithCorrectCredentials -->
        <test-method is-config="true" signature="closeBrowser()[pri:0, instance:com.testcases.TestSprint1@53a9fcfd]" started-at="2025-02-25T12:35:49 IST" name="closeBrowser" finished-at="2025-02-25T12:35:49 IST" duration-ms="284" status="PASS">
          <reporter-output>
          </reporter-output>
        </test-method> <!-- closeBrowser -->
        <test-method is-config="true" signature="setUp()[pri:0, instance:com.testcases.TestSprint1@53a9fcfd]" started-at="2025-02-25T12:35:49 IST" name="setUp" finished-at="2025-02-25T12:35:51 IST" duration-ms="1678" status="PASS">
          <reporter-output>
          </reporter-output>
        </test-method> <!-- setUp -->
        <test-method signature="checkIfAllTheLinksInProfileMenuAreWorking()[pri:0, instance:com.testcases.TestSprint1@53a9fcfd]" started-at="2025-02-25T12:35:51 IST" name="checkIfAllTheLinksInProfileMenuAreWorking" finished-at="2025-02-25T12:35:59 IST" duration-ms="8202" status="PASS">
          <reporter-output>
          </reporter-output>
        </test-method> <!-- checkIfAllTheLinksInProfileMenuAreWorking -->
        <test-method is-config="true" signature="closeBrowser()[pri:0, instance:com.testcases.TestSprint1@53a9fcfd]" started-at="2025-02-25T12:35:59 IST" name="closeBrowser" finished-at="2025-02-25T12:36:00 IST" duration-ms="367" status="PASS">
          <reporter-output>
          </reporter-output>
        </test-method> <!-- closeBrowser -->
        <test-method is-config="true" signature="setUp()[pri:0, instance:com.testcases.TestSprint1@53a9fcfd]" started-at="2025-02-25T12:36:00 IST" name="setUp" finished-at="2025-02-25T12:36:02 IST" duration-ms="2014" status="PASS">
          <reporter-output>
          </reporter-output>
        </test-method> <!-- setUp -->
        <test-method signature="checkIfPIMmenuConfigurationOptionalFieldCanBeTurnedOnOff()[pri:0, instance:com.testcases.TestSprint1@53a9fcfd]" started-at="2025-02-25T12:36:02 IST" name="checkIfPIMmenuConfigurationOptionalFieldCanBeTurnedOnOff" finished-at="2025-02-25T12:36:11 IST" duration-ms="9584" status="PASS">
          <reporter-output>
          </reporter-output>
        </test-method> <!-- checkIfPIMmenuConfigurationOptionalFieldCanBeTurnedOnOff -->
        <test-method is-config="true" signature="closeBrowser()[pri:0, instance:com.testcases.TestSprint1@53a9fcfd]" started-at="2025-02-25T12:36:11 IST" name="closeBrowser" finished-at="2025-02-25T12:36:12 IST" duration-ms="583" status="PASS">
          <reporter-output>
          </reporter-output>
        </test-method> <!-- closeBrowser -->
      </class> <!-- com.testcases.TestSprint1 -->
    </test> <!-- Test -->
  </suite> <!-- Suite -->
</testng-results>
