<?xml version="1.0" encoding="UTF-8"?>
<testng-results ignored="0" total="61" passed="57" failed="4" skipped="0">
  <reporter-output>
  </reporter-output>
  <suite started-at="2025-12-01T14:14:18 IST" name="Default suite" finished-at="2025-12-01T14:31:35 IST" duration-ms="1037052">
    <groups>
      <group name="cucumber">
        <method signature="AbstractTestNGCucumberTests.runScenario(io.cucumber.testng.PickleWrapper,io.cucumber.testng.FeatureWrapper)[pri:0, instance:com.runner.CucumberTests@549ac12c]" name="runScenario" class="io.cucumber.testng.AbstractTestNGCucumberTests"/>
      </group> <!-- cucumber -->
      <group name="smoke">
        <method signature="TestngLeaveTests.ApplyLeaveWithValidInputs()[pri:0, instance:com.testcases.TestngLeaveTests@415d88de]" name="ApplyLeaveWithValidInputs" class="com.testcases.TestngLeaveTests"/>
        <method signature="TestngLoginPageTests.CheckIfLoginSuccessfullWithCorrectCredentials()[pri:0, instance:com.testcases.TestngLoginPageTests@58f31629]" name="CheckIfLoginSuccessfullWithCorrectCredentials" class="com.testcases.TestngLoginPageTests"/>
        <method signature="TestngRecruitmentTests.addVacancywithallDetailsAndCheckIfReflectsInCandidateField()[pri:0, instance:com.testcases.TestngRecruitmentTests@1cb9ef52]" name="addVacancywithallDetailsAndCheckIfReflectsInCandidateField" class="com.testcases.TestngRecruitmentTests"/>
        <method signature="TestngTimeEntryTests.employeeSubmittedTimeSheetWithDetails()[pri:0, instance:com.testcases.TestngTimeEntryTests@1953bc95]" name="employeeSubmittedTimeSheetWithDetails" class="com.testcases.TestngTimeEntryTests"/>
      </group> <!-- smoke -->
    </groups>
    <test started-at="2025-12-01T14:14:18 IST" name="Default test" finished-at="2025-12-01T14:31:35 IST" duration-ms="1037052">
      <class name="com.testcases.TestngEmployeeTests">
        <test-method is-config="true" signature="setUp(java.lang.String,java.lang.reflect.Method)[pri:0, instance:com.testcases.TestngEmployeeTests@4a89ef44]" started-at="2025-12-01T14:29:47 IST" name="setUp" finished-at="2025-12-01T14:29:49 IST" duration-ms="1440" status="PASS">
          <params>
            <param index="0">
              <value is-null="true"/>
            </param>
            <param index="1">
              <value>
                <![CDATA[public void com.testcases.TestngEmployeeTests.addUserandCheckIfAllOptionsAreWorkingWhileCreating() throws java.lang.InterruptedException,java.awt.AWTException,java.util.concurrent.TimeoutException]]>
              </value>
            </param>
          </params>
          <reporter-output>
          </reporter-output>
        </test-method> <!-- setUp -->
        <test-method signature="addUserandCheckIfAllOptionsAreWorkingWhileCreating()[pri:0, instance:com.testcases.TestngEmployeeTests@4a89ef44]" started-at="2025-12-01T14:29:49 IST" name="addUserandCheckIfAllOptionsAreWorkingWhileCreating" finished-at="2025-12-01T14:30:15 IST" duration-ms="26426" status="PASS">
          <reporter-output>
          </reporter-output>
        </test-method> <!-- addUserandCheckIfAllOptionsAreWorkingWhileCreating -->
        <test-method is-config="true" signature="tearDown(java.lang.reflect.Method)[pri:0, instance:com.testcases.TestngEmployeeTests@4a89ef44]" started-at="2025-12-01T14:30:15 IST" name="tearDown" finished-at="2025-12-01T14:30:15 IST" duration-ms="239" status="PASS">
          <params>
            <param index="0">
              <value>
                <![CDATA[public void com.testcases.TestngEmployeeTests.addUserandCheckIfAllOptionsAreWorkingWhileCreating() throws java.lang.InterruptedException,java.awt.AWTException,java.util.concurrent.TimeoutException]]>
              </value>
            </param>
          </params>
          <reporter-output>
          </reporter-output>
        </test-method> <!-- tearDown -->
        <test-method is-config="true" signature="setUp(java.lang.String,java.lang.reflect.Method)[pri:0, instance:com.testcases.TestngEmployeeTests@4a89ef44]" started-at="2025-12-01T14:30:15 IST" name="setUp" finished-at="2025-12-01T14:30:17 IST" duration-ms="1407" status="PASS">
          <params>
            <param index="0">
              <value is-null="true"/>
            </param>
            <param index="1">
              <value>
                <![CDATA[public void com.testcases.TestngEmployeeTests.checkSearchOptionsInPIMMenuEmployeeListPage() throws java.lang.InterruptedException]]>
              </value>
            </param>
          </params>
          <reporter-output>
          </reporter-output>
        </test-method> <!-- setUp -->
        <test-method signature="checkSearchOptionsInPIMMenuEmployeeListPage()[pri:0, instance:com.testcases.TestngEmployeeTests@4a89ef44]" started-at="2025-12-01T14:30:17 IST" name="checkSearchOptionsInPIMMenuEmployeeListPage" finished-at="2025-12-01T14:31:35 IST" duration-ms="78445" status="PASS">
          <reporter-output>
          </reporter-output>
        </test-method> <!-- checkSearchOptionsInPIMMenuEmployeeListPage -->
        <test-method is-config="true" signature="tearDown(java.lang.reflect.Method)[pri:0, instance:com.testcases.TestngEmployeeTests@4a89ef44]" started-at="2025-12-01T14:31:35 IST" name="tearDown" finished-at="2025-12-01T14:31:35 IST" duration-ms="246" status="PASS">
          <params>
            <param index="0">
              <value>
                <![CDATA[public void com.testcases.TestngEmployeeTests.checkSearchOptionsInPIMMenuEmployeeListPage() throws java.lang.InterruptedException]]>
              </value>
            </param>
          </params>
          <reporter-output>
          </reporter-output>
        </test-method> <!-- tearDown -->
      </class> <!-- com.testcases.TestngEmployeeTests -->
      <class name="com.testcases.TestngRecruitmentTests">
        <test-method is-config="true" signature="setUp(java.lang.String,java.lang.reflect.Method)[pri:0, instance:com.testcases.TestngRecruitmentTests@1cb9ef52]" started-at="2025-12-01T14:25:25 IST" name="setUp" finished-at="2025-12-01T14:25:26 IST" duration-ms="1348" status="PASS">
          <params>
            <param index="0">
              <value is-null="true"/>
            </param>
            <param index="1">
              <value>
                <![CDATA[public void com.testcases.TestngRecruitmentTests.AddsNewCandidateForAnExistingVacancy() throws java.lang.InterruptedException,java.awt.AWTException]]>
              </value>
            </param>
          </params>
          <reporter-output>
          </reporter-output>
        </test-method> <!-- setUp -->
        <test-method signature="AddsNewCandidateForAnExistingVacancy()[pri:0, instance:com.testcases.TestngRecruitmentTests@1cb9ef52]" started-at="2025-12-01T14:25:26 IST" name="AddsNewCandidateForAnExistingVacancy" finished-at="2025-12-01T14:25:38 IST" duration-ms="11463" status="PASS">
          <reporter-output>
          </reporter-output>
        </test-method> <!-- AddsNewCandidateForAnExistingVacancy -->
        <test-method is-config="true" signature="tearDown(java.lang.reflect.Method)[pri:0, instance:com.testcases.TestngRecruitmentTests@1cb9ef52]" started-at="2025-12-01T14:25:38 IST" name="tearDown" finished-at="2025-12-01T14:25:38 IST" duration-ms="254" status="PASS">
          <params>
            <param index="0">
              <value>
                <![CDATA[public void com.testcases.TestngRecruitmentTests.AddsNewCandidateForAnExistingVacancy() throws java.lang.InterruptedException,java.awt.AWTException]]>
              </value>
            </param>
          </params>
          <reporter-output>
          </reporter-output>
        </test-method> <!-- tearDown -->
        <test-method is-config="true" signature="setUp(java.lang.String,java.lang.reflect.Method)[pri:0, instance:com.testcases.TestngRecruitmentTests@1cb9ef52]" started-at="2025-12-01T14:25:38 IST" name="setUp" finished-at="2025-12-01T14:25:39 IST" duration-ms="1402" status="PASS">
          <params>
            <param index="0">
              <value is-null="true"/>
            </param>
            <param index="1">
              <value>
                <![CDATA[public void com.testcases.TestngRecruitmentTests.AddsNewCandidateForAnExistingVacancyWithoutEmail() throws java.lang.InterruptedException,java.awt.AWTException]]>
              </value>
            </param>
          </params>
          <reporter-output>
          </reporter-output>
        </test-method> <!-- setUp -->
        <test-method signature="AddsNewCandidateForAnExistingVacancyWithoutEmail()[pri:0, instance:com.testcases.TestngRecruitmentTests@1cb9ef52]" started-at="2025-12-01T14:25:39 IST" name="AddsNewCandidateForAnExistingVacancyWithoutEmail" finished-at="2025-12-01T14:25:49 IST" duration-ms="9812" status="PASS">
          <reporter-output>
          </reporter-output>
        </test-method> <!-- AddsNewCandidateForAnExistingVacancyWithoutEmail -->
        <test-method is-config="true" signature="tearDown(java.lang.reflect.Method)[pri:0, instance:com.testcases.TestngRecruitmentTests@1cb9ef52]" started-at="2025-12-01T14:25:49 IST" name="tearDown" finished-at="2025-12-01T14:25:49 IST" duration-ms="207" status="PASS">
          <params>
            <param index="0">
              <value>
                <![CDATA[public void com.testcases.TestngRecruitmentTests.AddsNewCandidateForAnExistingVacancyWithoutEmail() throws java.lang.InterruptedException,java.awt.AWTException]]>
              </value>
            </param>
          </params>
          <reporter-output>
          </reporter-output>
        </test-method> <!-- tearDown -->
        <test-method is-config="true" signature="setUp(java.lang.String,java.lang.reflect.Method)[pri:0, instance:com.testcases.TestngRecruitmentTests@1cb9ef52]" started-at="2025-12-01T14:25:49 IST" name="setUp" finished-at="2025-12-01T14:25:51 IST" duration-ms="1493" status="PASS">
          <params>
            <param index="0">
              <value is-null="true"/>
            </param>
            <param index="1">
              <value>
                <![CDATA[public void com.testcases.TestngRecruitmentTests.addVacancywithallDetailsAndCheckIfReflectsInCandidateField() throws java.lang.InterruptedException]]>
              </value>
            </param>
          </params>
          <reporter-output>
          </reporter-output>
        </test-method> <!-- setUp -->
        <test-method signature="addVacancywithallDetailsAndCheckIfReflectsInCandidateField()[pri:0, instance:com.testcases.TestngRecruitmentTests@1cb9ef52]" started-at="2025-12-01T14:25:51 IST" name="addVacancywithallDetailsAndCheckIfReflectsInCandidateField" finished-at="2025-12-01T14:26:07 IST" duration-ms="16559" status="PASS">
          <reporter-output>
          </reporter-output>
        </test-method> <!-- addVacancywithallDetailsAndCheckIfReflectsInCandidateField -->
        <test-method is-config="true" signature="tearDown(java.lang.reflect.Method)[pri:0, instance:com.testcases.TestngRecruitmentTests@1cb9ef52]" started-at="2025-12-01T14:26:07 IST" name="tearDown" finished-at="2025-12-01T14:26:08 IST" duration-ms="234" status="PASS">
          <params>
            <param index="0">
              <value>
                <![CDATA[public void com.testcases.TestngRecruitmentTests.addVacancywithallDetailsAndCheckIfReflectsInCandidateField() throws java.lang.InterruptedException]]>
              </value>
            </param>
          </params>
          <reporter-output>
          </reporter-output>
        </test-method> <!-- tearDown -->
      </class> <!-- com.testcases.TestngRecruitmentTests -->
      <class name="com.testcases.TestngPerformanceTests">
        <test-method is-config="true" signature="setUp(java.lang.String,java.lang.reflect.Method)[pri:0, instance:com.testcases.TestngPerformanceTests@5a622fe8]" started-at="2025-12-01T14:26:08 IST" name="setUp" finished-at="2025-12-01T14:26:09 IST" duration-ms="1310" status="PASS">
          <params>
            <param index="0">
              <value is-null="true"/>
            </param>
            <param index="1">
              <value>
                <![CDATA[public void com.testcases.TestngPerformanceTests.addNewKPIForTheJobTitle() throws java.lang.InterruptedException]]>
              </value>
            </param>
          </params>
          <reporter-output>
          </reporter-output>
        </test-method> <!-- setUp -->
        <test-method signature="addNewKPIForTheJobTitle()[pri:0, instance:com.testcases.TestngPerformanceTests@5a622fe8]" started-at="2025-12-01T14:26:09 IST" name="addNewKPIForTheJobTitle" finished-at="2025-12-01T14:26:24 IST" duration-ms="14757" status="PASS">
          <reporter-output>
          </reporter-output>
        </test-method> <!-- addNewKPIForTheJobTitle -->
        <test-method is-config="true" signature="tearDown(java.lang.reflect.Method)[pri:0, instance:com.testcases.TestngPerformanceTests@5a622fe8]" started-at="2025-12-01T14:26:24 IST" name="tearDown" finished-at="2025-12-01T14:26:24 IST" duration-ms="322" status="PASS">
          <params>
            <param index="0">
              <value>
                <![CDATA[public void com.testcases.TestngPerformanceTests.addNewKPIForTheJobTitle() throws java.lang.InterruptedException]]>
              </value>
            </param>
          </params>
          <reporter-output>
          </reporter-output>
        </test-method> <!-- tearDown -->
      </class> <!-- com.testcases.TestngPerformanceTests -->
      <class name="com.testcases.TestngDashboardTests">
        <test-method is-config="true" signature="cleanAllureResults()[pri:0, instance:com.testcases.TestngDashboardTests@1a2e0d57]" started-at="2025-12-01T14:14:18 IST" name="cleanAllureResults" finished-at="2025-12-01T14:14:18 IST" duration-ms="70" status="PASS">
          <reporter-output>
          </reporter-output>
        </test-method> <!-- cleanAllureResults -->
        <test-method is-config="true" signature="setUp(java.lang.String,java.lang.reflect.Method)[pri:0, instance:com.testcases.TestngDashboardTests@1a2e0d57]" started-at="2025-12-01T14:14:18 IST" name="setUp" finished-at="2025-12-01T14:14:29 IST" duration-ms="10950" status="PASS">
          <params>
            <param index="0">
              <value is-null="true"/>
            </param>
            <param index="1">
              <value>
                <![CDATA[public void com.testcases.TestngDashboardTests.checkIfAllTheLinksInProfileMenuAreWorking() throws java.lang.InterruptedException]]>
              </value>
            </param>
          </params>
          <reporter-output>
          </reporter-output>
        </test-method> <!-- setUp -->
        <test-method signature="checkIfAllTheLinksInProfileMenuAreWorking()[pri:0, instance:com.testcases.TestngDashboardTests@1a2e0d57]" started-at="2025-12-01T14:14:29 IST" name="checkIfAllTheLinksInProfileMenuAreWorking" finished-at="2025-12-01T14:14:41 IST" duration-ms="11680" status="PASS">
          <reporter-output>
          </reporter-output>
        </test-method> <!-- checkIfAllTheLinksInProfileMenuAreWorking -->
        <test-method is-config="true" signature="tearDown(java.lang.reflect.Method)[pri:0, instance:com.testcases.TestngDashboardTests@1a2e0d57]" started-at="2025-12-01T14:14:41 IST" name="tearDown" finished-at="2025-12-01T14:14:41 IST" duration-ms="249" status="PASS">
          <params>
            <param index="0">
              <value>
                <![CDATA[public void com.testcases.TestngDashboardTests.checkIfAllTheLinksInProfileMenuAreWorking() throws java.lang.InterruptedException]]>
              </value>
            </param>
          </params>
          <reporter-output>
          </reporter-output>
        </test-method> <!-- tearDown -->
        <test-method is-config="true" signature="setUp(java.lang.String,java.lang.reflect.Method)[pri:0, instance:com.testcases.TestngDashboardTests@1a2e0d57]" started-at="2025-12-01T14:14:41 IST" name="setUp" finished-at="2025-12-01T14:14:43 IST" duration-ms="1404" status="PASS">
          <params>
            <param index="0">
              <value is-null="true"/>
            </param>
            <param index="1">
              <value>
                <![CDATA[public void com.testcases.TestngDashboardTests.dashboardApplyLeaveLinkDirectToLeavePage()]]>
              </value>
            </param>
          </params>
          <reporter-output>
          </reporter-output>
        </test-method> <!-- setUp -->
        <test-method signature="dashboardApplyLeaveLinkDirectToLeavePage()[pri:0, instance:com.testcases.TestngDashboardTests@1a2e0d57]" started-at="2025-12-01T14:14:43 IST" name="dashboardApplyLeaveLinkDirectToLeavePage" finished-at="2025-12-01T14:14:49 IST" duration-ms="5749" status="PASS">
          <reporter-output>
          </reporter-output>
        </test-method> <!-- dashboardApplyLeaveLinkDirectToLeavePage -->
        <test-method is-config="true" signature="tearDown(java.lang.reflect.Method)[pri:0, instance:com.testcases.TestngDashboardTests@1a2e0d57]" started-at="2025-12-01T14:14:49 IST" name="tearDown" finished-at="2025-12-01T14:14:49 IST" duration-ms="208" status="PASS">
          <params>
            <param index="0">
              <value>
                <![CDATA[public void com.testcases.TestngDashboardTests.dashboardApplyLeaveLinkDirectToLeavePage()]]>
              </value>
            </param>
          </params>
          <reporter-output>
          </reporter-output>
        </test-method> <!-- tearDown -->
        <test-method is-config="true" signature="setUp(java.lang.String,java.lang.reflect.Method)[pri:0, instance:com.testcases.TestngDashboardTests@1a2e0d57]" started-at="2025-12-01T14:14:49 IST" name="setUp" finished-at="2025-12-01T14:14:50 IST" duration-ms="1275" status="PASS">
          <params>
            <param index="0">
              <value is-null="true"/>
            </param>
            <param index="1">
              <value>
                <![CDATA[public void com.testcases.TestngDashboardTests.dashboardMyTimesheetLinkDirectToMyTimesheetPage()]]>
              </value>
            </param>
          </params>
          <reporter-output>
          </reporter-output>
        </test-method> <!-- setUp -->
        <test-method signature="dashboardMyTimesheetLinkDirectToMyTimesheetPage()[pri:0, instance:com.testcases.TestngDashboardTests@1a2e0d57]" started-at="2025-12-01T14:14:50 IST" name="dashboardMyTimesheetLinkDirectToMyTimesheetPage" finished-at="2025-12-01T14:14:55 IST" duration-ms="4637" status="PASS">
          <reporter-output>
          </reporter-output>
        </test-method> <!-- dashboardMyTimesheetLinkDirectToMyTimesheetPage -->
        <test-method is-config="true" signature="tearDown(java.lang.reflect.Method)[pri:0, instance:com.testcases.TestngDashboardTests@1a2e0d57]" started-at="2025-12-01T14:14:55 IST" name="tearDown" finished-at="2025-12-01T14:14:55 IST" duration-ms="227" status="PASS">
          <params>
            <param index="0">
              <value>
                <![CDATA[public void com.testcases.TestngDashboardTests.dashboardMyTimesheetLinkDirectToMyTimesheetPage()]]>
              </value>
            </param>
          </params>
          <reporter-output>
          </reporter-output>
        </test-method> <!-- tearDown -->
        <test-method is-config="true" signature="setUp(java.lang.String,java.lang.reflect.Method)[pri:0, instance:com.testcases.TestngDashboardTests@1a2e0d57]" started-at="2025-12-01T14:14:55 IST" name="setUp" finished-at="2025-12-01T14:14:56 IST" duration-ms="1359" status="PASS">
          <params>
            <param index="0">
              <value is-null="true"/>
            </param>
            <param index="1">
              <value>
                <![CDATA[public void com.testcases.TestngDashboardTests.dashboardPunchInLinkDirectToPunchInPage() throws java.lang.InterruptedException]]>
              </value>
            </param>
          </params>
          <reporter-output>
          </reporter-output>
        </test-method> <!-- setUp -->
        <test-method signature="dashboardPunchInLinkDirectToPunchInPage()[pri:0, instance:com.testcases.TestngDashboardTests@1a2e0d57]" started-at="2025-12-01T14:14:56 IST" name="dashboardPunchInLinkDirectToPunchInPage" finished-at="2025-12-01T14:15:02 IST" duration-ms="5305" status="PASS">
          <reporter-output>
          </reporter-output>
        </test-method> <!-- dashboardPunchInLinkDirectToPunchInPage -->
        <test-method is-config="true" signature="tearDown(java.lang.reflect.Method)[pri:0, instance:com.testcases.TestngDashboardTests@1a2e0d57]" started-at="2025-12-01T14:15:02 IST" name="tearDown" finished-at="2025-12-01T14:15:02 IST" duration-ms="200" status="PASS">
          <params>
            <param index="0">
              <value>
                <![CDATA[public void com.testcases.TestngDashboardTests.dashboardPunchInLinkDirectToPunchInPage() throws java.lang.InterruptedException]]>
              </value>
            </param>
          </params>
          <reporter-output>
          </reporter-output>
        </test-method> <!-- tearDown -->
      </class> <!-- com.testcases.TestngDashboardTests -->
      <class name="com.testcases.TestngAdminTests">
        <test-method is-config="true" signature="setUp(java.lang.String,java.lang.reflect.Method)[pri:0, instance:com.testcases.TestngAdminTests@124d26ba]" started-at="2025-12-01T14:26:37 IST" name="setUp" finished-at="2025-12-01T14:26:39 IST" duration-ms="1342" status="PASS">
          <params>
            <param index="0">
              <value is-null="true"/>
            </param>
            <param index="1">
              <value>
                <![CDATA[public void com.testcases.TestngAdminTests.CheckIfAddLocationOptionIsWorkingOrNot() throws java.lang.InterruptedException]]>
              </value>
            </param>
          </params>
          <reporter-output>
          </reporter-output>
        </test-method> <!-- setUp -->
        <test-method signature="CheckIfAddLocationOptionIsWorkingOrNot()[pri:0, instance:com.testcases.TestngAdminTests@124d26ba]" started-at="2025-12-01T14:26:39 IST" name="CheckIfAddLocationOptionIsWorkingOrNot" finished-at="2025-12-01T14:26:55 IST" duration-ms="16445" status="PASS">
          <reporter-output>
          </reporter-output>
        </test-method> <!-- CheckIfAddLocationOptionIsWorkingOrNot -->
        <test-method is-config="true" signature="tearDown(java.lang.reflect.Method)[pri:0, instance:com.testcases.TestngAdminTests@124d26ba]" started-at="2025-12-01T14:26:55 IST" name="tearDown" finished-at="2025-12-01T14:26:55 IST" duration-ms="272" status="PASS">
          <params>
            <param index="0">
              <value>
                <![CDATA[public void com.testcases.TestngAdminTests.CheckIfAddLocationOptionIsWorkingOrNot() throws java.lang.InterruptedException]]>
              </value>
            </param>
          </params>
          <reporter-output>
          </reporter-output>
        </test-method> <!-- tearDown -->
        <test-method is-config="true" signature="setUp(java.lang.String,java.lang.reflect.Method)[pri:0, instance:com.testcases.TestngAdminTests@124d26ba]" started-at="2025-12-01T14:26:56 IST" name="setUp" finished-at="2025-12-01T14:26:57 IST" duration-ms="1491" status="PASS">
          <params>
            <param index="0">
              <value is-null="true"/>
            </param>
            <param index="1">
              <value>
                <![CDATA[public void com.testcases.TestngAdminTests.CheckIfAddSkillOptionIsWorkingOrNot() throws java.lang.InterruptedException]]>
              </value>
            </param>
          </params>
          <reporter-output>
          </reporter-output>
        </test-method> <!-- setUp -->
        <test-method signature="CheckIfAddSkillOptionIsWorkingOrNot()[pri:0, instance:com.testcases.TestngAdminTests@124d26ba]" started-at="2025-12-01T14:26:57 IST" name="CheckIfAddSkillOptionIsWorkingOrNot" finished-at="2025-12-01T14:27:07 IST" duration-ms="10286" status="PASS">
          <reporter-output>
          </reporter-output>
        </test-method> <!-- CheckIfAddSkillOptionIsWorkingOrNot -->
        <test-method is-config="true" signature="tearDown(java.lang.reflect.Method)[pri:0, instance:com.testcases.TestngAdminTests@124d26ba]" started-at="2025-12-01T14:27:07 IST" name="tearDown" finished-at="2025-12-01T14:27:08 IST" duration-ms="242" status="PASS">
          <params>
            <param index="0">
              <value>
                <![CDATA[public void com.testcases.TestngAdminTests.CheckIfAddSkillOptionIsWorkingOrNot() throws java.lang.InterruptedException]]>
              </value>
            </param>
          </params>
          <reporter-output>
          </reporter-output>
        </test-method> <!-- tearDown -->
        <test-method is-config="true" signature="setUp(java.lang.String,java.lang.reflect.Method)[pri:0, instance:com.testcases.TestngAdminTests@124d26ba]" started-at="2025-12-01T14:27:08 IST" name="setUp" finished-at="2025-12-01T14:27:09 IST" duration-ms="1425" status="PASS">
          <params>
            <param index="0">
              <value is-null="true"/>
            </param>
            <param index="1">
              <value>
                <![CDATA[public void com.testcases.TestngAdminTests.SearchSystemUserWithDifferentSearchOptions() throws java.lang.InterruptedException]]>
              </value>
            </param>
          </params>
          <reporter-output>
          </reporter-output>
        </test-method> <!-- setUp -->
        <test-method signature="SearchSystemUserWithDifferentSearchOptions()[pri:0, instance:com.testcases.TestngAdminTests@124d26ba]" started-at="2025-12-01T14:27:09 IST" name="SearchSystemUserWithDifferentSearchOptions" finished-at="2025-12-01T14:27:42 IST" duration-ms="32697" status="PASS">
          <reporter-output>
          </reporter-output>
        </test-method> <!-- SearchSystemUserWithDifferentSearchOptions -->
        <test-method is-config="true" signature="tearDown(java.lang.reflect.Method)[pri:0, instance:com.testcases.TestngAdminTests@124d26ba]" started-at="2025-12-01T14:27:42 IST" name="tearDown" finished-at="2025-12-01T14:27:42 IST" duration-ms="235" status="PASS">
          <params>
            <param index="0">
              <value>
                <![CDATA[public void com.testcases.TestngAdminTests.SearchSystemUserWithDifferentSearchOptions() throws java.lang.InterruptedException]]>
              </value>
            </param>
          </params>
          <reporter-output>
          </reporter-output>
        </test-method> <!-- tearDown -->
        <test-method is-config="true" signature="setUp(java.lang.String,java.lang.reflect.Method)[pri:0, instance:com.testcases.TestngAdminTests@124d26ba]" started-at="2025-12-01T14:27:42 IST" name="setUp" finished-at="2025-12-01T14:27:43 IST" duration-ms="1276" status="PASS">
          <params>
            <param index="0">
              <value is-null="true"/>
            </param>
            <param index="1">
              <value>
                <![CDATA[public void com.testcases.TestngAdminTests.checkForJobMenuAreShowingCorrectOptions() throws java.lang.InterruptedException]]>
              </value>
            </param>
          </params>
          <reporter-output>
          </reporter-output>
        </test-method> <!-- setUp -->
        <test-method signature="checkForJobMenuAreShowingCorrectOptions()[pri:0, instance:com.testcases.TestngAdminTests@124d26ba]" started-at="2025-12-01T14:27:43 IST" name="checkForJobMenuAreShowingCorrectOptions" finished-at="2025-12-01T14:27:56 IST" duration-ms="12625" status="PASS">
          <reporter-output>
          </reporter-output>
        </test-method> <!-- checkForJobMenuAreShowingCorrectOptions -->
        <test-method is-config="true" signature="tearDown(java.lang.reflect.Method)[pri:0, instance:com.testcases.TestngAdminTests@124d26ba]" started-at="2025-12-01T14:27:56 IST" name="tearDown" finished-at="2025-12-01T14:27:56 IST" duration-ms="273" status="PASS">
          <params>
            <param index="0">
              <value>
                <![CDATA[public void com.testcases.TestngAdminTests.checkForJobMenuAreShowingCorrectOptions() throws java.lang.InterruptedException]]>
              </value>
            </param>
          </params>
          <reporter-output>
          </reporter-output>
        </test-method> <!-- tearDown -->
        <test-method is-config="true" signature="setUp(java.lang.String,java.lang.reflect.Method)[pri:0, instance:com.testcases.TestngAdminTests@124d26ba]" started-at="2025-12-01T14:27:56 IST" name="setUp" finished-at="2025-12-01T14:27:58 IST" duration-ms="1446" status="PASS">
          <params>
            <param index="0">
              <value is-null="true"/>
            </param>
            <param index="1">
              <value>
                <![CDATA[public void com.testcases.TestngAdminTests.checkForOrganizationMenuAreShowingCorrectOptions() throws java.lang.InterruptedException]]>
              </value>
            </param>
          </params>
          <reporter-output>
          </reporter-output>
        </test-method> <!-- setUp -->
        <test-method signature="checkForOrganizationMenuAreShowingCorrectOptions()[pri:0, instance:com.testcases.TestngAdminTests@124d26ba]" started-at="2025-12-01T14:27:58 IST" name="checkForOrganizationMenuAreShowingCorrectOptions" finished-at="2025-12-01T14:28:08 IST" duration-ms="10136" status="PASS">
          <reporter-output>
          </reporter-output>
        </test-method> <!-- checkForOrganizationMenuAreShowingCorrectOptions -->
        <test-method is-config="true" signature="tearDown(java.lang.reflect.Method)[pri:0, instance:com.testcases.TestngAdminTests@124d26ba]" started-at="2025-12-01T14:28:08 IST" name="tearDown" finished-at="2025-12-01T14:28:08 IST" duration-ms="272" status="PASS">
          <params>
            <param index="0">
              <value>
                <![CDATA[public void com.testcases.TestngAdminTests.checkForOrganizationMenuAreShowingCorrectOptions() throws java.lang.InterruptedException]]>
              </value>
            </param>
          </params>
          <reporter-output>
          </reporter-output>
        </test-method> <!-- tearDown -->
      </class> <!-- com.testcases.TestngAdminTests -->
      <class name="com.testcases.TestngLoginPageTests">
        <test-method is-config="true" signature="setUp(java.lang.String,java.lang.reflect.Method)[pri:0, instance:com.testcases.TestngLoginPageTests@58f31629]" started-at="2025-12-01T14:26:24 IST" name="setUp" finished-at="2025-12-01T14:26:26 IST" duration-ms="1485" status="PASS">
          <params>
            <param index="0">
              <value is-null="true"/>
            </param>
            <param index="1">
              <value>
                <![CDATA[public void com.testcases.TestngLoginPageTests.CheckIfLoginSuccessfullWithCorrectCredentials() throws java.lang.InterruptedException]]>
              </value>
            </param>
          </params>
          <reporter-output>
          </reporter-output>
        </test-method> <!-- setUp -->
        <test-method signature="CheckIfLoginSuccessfullWithCorrectCredentials()[pri:0, instance:com.testcases.TestngLoginPageTests@58f31629]" started-at="2025-12-01T14:26:26 IST" name="CheckIfLoginSuccessfullWithCorrectCredentials" finished-at="2025-12-01T14:26:30 IST" duration-ms="4148" status="PASS">
          <reporter-output>
          </reporter-output>
        </test-method> <!-- CheckIfLoginSuccessfullWithCorrectCredentials -->
        <test-method is-config="true" signature="tearDown(java.lang.reflect.Method)[pri:0, instance:com.testcases.TestngLoginPageTests@58f31629]" started-at="2025-12-01T14:26:30 IST" name="tearDown" finished-at="2025-12-01T14:26:30 IST" duration-ms="218" status="PASS">
          <params>
            <param index="0">
              <value>
                <![CDATA[public void com.testcases.TestngLoginPageTests.CheckIfLoginSuccessfullWithCorrectCredentials() throws java.lang.InterruptedException]]>
              </value>
            </param>
          </params>
          <reporter-output>
          </reporter-output>
        </test-method> <!-- tearDown -->
        <test-method is-config="true" signature="setUp(java.lang.String,java.lang.reflect.Method)[pri:0, instance:com.testcases.TestngLoginPageTests@58f31629]" started-at="2025-12-01T14:26:30 IST" name="setUp" finished-at="2025-12-01T14:26:31 IST" duration-ms="1342" status="PASS">
          <params>
            <param index="0">
              <value is-null="true"/>
            </param>
            <param index="1">
              <value>
                <![CDATA[public void com.testcases.TestngLoginPageTests.CheckIfLoginSuccessfullWithCredentialsFieldBlank() throws java.lang.InterruptedException]]>
              </value>
            </param>
          </params>
          <reporter-output>
          </reporter-output>
        </test-method> <!-- setUp -->
        <test-method signature="CheckIfLoginSuccessfullWithCredentialsFieldBlank()[pri:0, instance:com.testcases.TestngLoginPageTests@58f31629]" started-at="2025-12-01T14:26:31 IST" name="CheckIfLoginSuccessfullWithCredentialsFieldBlank" finished-at="2025-12-01T14:26:32 IST" duration-ms="871" status="PASS">
          <reporter-output>
          </reporter-output>
        </test-method> <!-- CheckIfLoginSuccessfullWithCredentialsFieldBlank -->
        <test-method is-config="true" signature="tearDown(java.lang.reflect.Method)[pri:0, instance:com.testcases.TestngLoginPageTests@58f31629]" started-at="2025-12-01T14:26:32 IST" name="tearDown" finished-at="2025-12-01T14:26:32 IST" duration-ms="207" status="PASS">
          <params>
            <param index="0">
              <value>
                <![CDATA[public void com.testcases.TestngLoginPageTests.CheckIfLoginSuccessfullWithCredentialsFieldBlank() throws java.lang.InterruptedException]]>
              </value>
            </param>
          </params>
          <reporter-output>
          </reporter-output>
        </test-method> <!-- tearDown -->
        <test-method is-config="true" signature="setUp(java.lang.String,java.lang.reflect.Method)[pri:0, instance:com.testcases.TestngLoginPageTests@58f31629]" started-at="2025-12-01T14:26:32 IST" name="setUp" finished-at="2025-12-01T14:26:34 IST" duration-ms="1386" status="PASS">
          <params>
            <param index="0">
              <value is-null="true"/>
            </param>
            <param index="1">
              <value>
                <![CDATA[public void com.testcases.TestngLoginPageTests.CheckIfLoginSuccessfullWithIncorrectCredentials() throws java.lang.InterruptedException]]>
              </value>
            </param>
          </params>
          <reporter-output>
          </reporter-output>
        </test-method> <!-- setUp -->
        <test-method signature="CheckIfLoginSuccessfullWithIncorrectCredentials()[pri:0, instance:com.testcases.TestngLoginPageTests@58f31629]" started-at="2025-12-01T14:26:34 IST" name="CheckIfLoginSuccessfullWithIncorrectCredentials" finished-at="2025-12-01T14:26:37 IST" duration-ms="3466" status="PASS">
          <reporter-output>
          </reporter-output>
        </test-method> <!-- CheckIfLoginSuccessfullWithIncorrectCredentials -->
        <test-method is-config="true" signature="tearDown(java.lang.reflect.Method)[pri:0, instance:com.testcases.TestngLoginPageTests@58f31629]" started-at="2025-12-01T14:26:37 IST" name="tearDown" finished-at="2025-12-01T14:26:37 IST" duration-ms="188" status="PASS">
          <params>
            <param index="0">
              <value>
                <![CDATA[public void com.testcases.TestngLoginPageTests.CheckIfLoginSuccessfullWithIncorrectCredentials() throws java.lang.InterruptedException]]>
              </value>
            </param>
          </params>
          <reporter-output>
          </reporter-output>
        </test-method> <!-- tearDown -->
      </class> <!-- com.testcases.TestngLoginPageTests -->
      <class name="com.testcases.TestngTimeEntryTests">
        <test-method is-config="true" signature="setUp(java.lang.String,java.lang.reflect.Method)[pri:0, instance:com.testcases.TestngTimeEntryTests@1953bc95]" started-at="2025-12-01T14:15:02 IST" name="setUp" finished-at="2025-12-01T14:15:03 IST" duration-ms="1346" status="PASS">
          <params>
            <param index="0">
              <value is-null="true"/>
            </param>
            <param index="1">
              <value>
                <![CDATA[public void com.testcases.TestngTimeEntryTests.employeeSubmittedTimeSheetWithDetails() throws java.lang.InterruptedException]]>
              </value>
            </param>
          </params>
          <reporter-output>
          </reporter-output>
        </test-method> <!-- setUp -->
        <test-method signature="employeeSubmittedTimeSheetWithDetails()[pri:0, instance:com.testcases.TestngTimeEntryTests@1953bc95]" started-at="2025-12-01T14:15:03 IST" name="employeeSubmittedTimeSheetWithDetails" finished-at="2025-12-01T14:15:16 IST" duration-ms="12483" status="PASS">
          <reporter-output>
          </reporter-output>
        </test-method> <!-- employeeSubmittedTimeSheetWithDetails -->
        <test-method is-config="true" signature="tearDown(java.lang.reflect.Method)[pri:0, instance:com.testcases.TestngTimeEntryTests@1953bc95]" started-at="2025-12-01T14:15:16 IST" name="tearDown" finished-at="2025-12-01T14:15:16 IST" duration-ms="235" status="PASS">
          <params>
            <param index="0">
              <value>
                <![CDATA[public void com.testcases.TestngTimeEntryTests.employeeSubmittedTimeSheetWithDetails() throws java.lang.InterruptedException]]>
              </value>
            </param>
          </params>
          <reporter-output>
          </reporter-output>
        </test-method> <!-- tearDown -->
        <test-method is-config="true" signature="setUp(java.lang.String,java.lang.reflect.Method)[pri:0, instance:com.testcases.TestngTimeEntryTests@1953bc95]" started-at="2025-12-01T14:15:16 IST" name="setUp" finished-at="2025-12-01T14:15:17 IST" duration-ms="1467" status="PASS">
          <params>
            <param index="0">
              <value is-null="true"/>
            </param>
            <param index="1">
              <value>
                <![CDATA[public void com.testcases.TestngTimeEntryTests.employeeEditingTimesheetBeforeSubmission() throws java.lang.InterruptedException]]>
              </value>
            </param>
          </params>
          <reporter-output>
          </reporter-output>
        </test-method> <!-- setUp -->
        <test-method signature="employeeEditingTimesheetBeforeSubmission()[pri:0, instance:com.testcases.TestngTimeEntryTests@1953bc95]" started-at="2025-12-01T14:15:17 IST" name="employeeEditingTimesheetBeforeSubmission" finished-at="2025-12-01T14:15:29 IST" depends-on-methods="com.testcases.TestngTimeEntryTests.employeeSubmittedTimeSheetWithDetails" duration-ms="11725" status="PASS">
          <reporter-output>
          </reporter-output>
        </test-method> <!-- employeeEditingTimesheetBeforeSubmission -->
        <test-method is-config="true" signature="tearDown(java.lang.reflect.Method)[pri:0, instance:com.testcases.TestngTimeEntryTests@1953bc95]" started-at="2025-12-01T14:15:29 IST" name="tearDown" finished-at="2025-12-01T14:15:29 IST" duration-ms="222" status="PASS">
          <params>
            <param index="0">
              <value>
                <![CDATA[public void com.testcases.TestngTimeEntryTests.employeeEditingTimesheetBeforeSubmission() throws java.lang.InterruptedException]]>
              </value>
            </param>
          </params>
          <reporter-output>
          </reporter-output>
        </test-method> <!-- tearDown -->
        <test-method is-config="true" signature="setUp(java.lang.String,java.lang.reflect.Method)[pri:0, instance:com.testcases.TestngTimeEntryTests@1953bc95]" started-at="2025-12-01T14:15:29 IST" name="setUp" finished-at="2025-12-01T14:15:31 IST" duration-ms="1383" status="PASS">
          <params>
            <param index="0">
              <value is-null="true"/>
            </param>
            <param index="1">
              <value>
                <![CDATA[public void com.testcases.TestngTimeEntryTests.managerApprovesOrRejectsTimesheet() throws java.lang.InterruptedException]]>
              </value>
            </param>
          </params>
          <reporter-output>
          </reporter-output>
        </test-method> <!-- setUp -->
        <test-method signature="managerApprovesOrRejectsTimesheet()[pri:0, instance:com.testcases.TestngTimeEntryTests@1953bc95]" started-at="2025-12-01T14:15:31 IST" name="managerApprovesOrRejectsTimesheet" finished-at="2025-12-01T14:15:45 IST" depends-on-methods="com.testcases.TestngTimeEntryTests.employeeEditingTimesheetBeforeSubmission" duration-ms="14714" status="PASS">
          <reporter-output>
          </reporter-output>
        </test-method> <!-- managerApprovesOrRejectsTimesheet -->
        <test-method is-config="true" signature="tearDown(java.lang.reflect.Method)[pri:0, instance:com.testcases.TestngTimeEntryTests@1953bc95]" started-at="2025-12-01T14:15:45 IST" name="tearDown" finished-at="2025-12-01T14:15:46 IST" duration-ms="277" status="PASS">
          <params>
            <param index="0">
              <value>
                <![CDATA[public void com.testcases.TestngTimeEntryTests.managerApprovesOrRejectsTimesheet() throws java.lang.InterruptedException]]>
              </value>
            </param>
          </params>
          <reporter-output>
          </reporter-output>
        </test-method> <!-- tearDown -->
      </class> <!-- com.testcases.TestngTimeEntryTests -->
      <class name="com.testcases.TestngLeaveTests">
        <test-method is-config="true" signature="setUp(java.lang.String,java.lang.reflect.Method)[pri:0, instance:com.testcases.TestngLeaveTests@415d88de]" started-at="2025-12-01T14:28:08 IST" name="setUp" finished-at="2025-12-01T14:28:09 IST" duration-ms="1472" status="PASS">
          <params>
            <param index="0">
              <value is-null="true"/>
            </param>
            <param index="1">
              <value>
                <![CDATA[public void com.testcases.TestngLeaveTests.ApplyLeaveWithInsufficientBalance() throws java.lang.InterruptedException]]>
              </value>
            </param>
          </params>
          <reporter-output>
          </reporter-output>
        </test-method> <!-- setUp -->
        <test-method signature="ApplyLeaveWithInsufficientBalance()[pri:0, instance:com.testcases.TestngLeaveTests@415d88de]" started-at="2025-12-01T14:28:09 IST" name="ApplyLeaveWithInsufficientBalance" finished-at="2025-12-01T14:28:17 IST" duration-ms="7736" status="PASS">
          <reporter-output>
          </reporter-output>
        </test-method> <!-- ApplyLeaveWithInsufficientBalance -->
        <test-method is-config="true" signature="tearDown(java.lang.reflect.Method)[pri:0, instance:com.testcases.TestngLeaveTests@415d88de]" started-at="2025-12-01T14:28:17 IST" name="tearDown" finished-at="2025-12-01T14:28:17 IST" duration-ms="193" status="PASS">
          <params>
            <param index="0">
              <value>
                <![CDATA[public void com.testcases.TestngLeaveTests.ApplyLeaveWithInsufficientBalance() throws java.lang.InterruptedException]]>
              </value>
            </param>
          </params>
          <reporter-output>
          </reporter-output>
        </test-method> <!-- tearDown -->
        <test-method is-config="true" signature="setUp(java.lang.String,java.lang.reflect.Method)[pri:0, instance:com.testcases.TestngLeaveTests@415d88de]" started-at="2025-12-01T14:28:17 IST" name="setUp" finished-at="2025-12-01T14:28:19 IST" duration-ms="1434" status="PASS">
          <params>
            <param index="0">
              <value is-null="true"/>
            </param>
            <param index="1">
              <value>
                <![CDATA[public void com.testcases.TestngLeaveTests.ApplyLeaveWithOverlappingDates() throws java.lang.InterruptedException]]>
              </value>
            </param>
          </params>
          <reporter-output>
          </reporter-output>
        </test-method> <!-- setUp -->
        <test-method signature="ApplyLeaveWithOverlappingDates()[pri:0, instance:com.testcases.TestngLeaveTests@415d88de]" started-at="2025-12-01T14:28:19 IST" name="ApplyLeaveWithOverlappingDates" finished-at="2025-12-01T14:28:35 IST" duration-ms="16304" status="PASS">
          <reporter-output>
          </reporter-output>
        </test-method> <!-- ApplyLeaveWithOverlappingDates -->
        <test-method is-config="true" signature="tearDown(java.lang.reflect.Method)[pri:0, instance:com.testcases.TestngLeaveTests@415d88de]" started-at="2025-12-01T14:28:35 IST" name="tearDown" finished-at="2025-12-01T14:28:35 IST" duration-ms="254" status="PASS">
          <params>
            <param index="0">
              <value>
                <![CDATA[public void com.testcases.TestngLeaveTests.ApplyLeaveWithOverlappingDates() throws java.lang.InterruptedException]]>
              </value>
            </param>
          </params>
          <reporter-output>
          </reporter-output>
        </test-method> <!-- tearDown -->
        <test-method is-config="true" signature="setUp(java.lang.String,java.lang.reflect.Method)[pri:0, instance:com.testcases.TestngLeaveTests@415d88de]" started-at="2025-12-01T14:28:35 IST" name="setUp" finished-at="2025-12-01T14:28:37 IST" duration-ms="1379" status="PASS">
          <params>
            <param index="0">
              <value is-null="true"/>
            </param>
            <param index="1">
              <value>
                <![CDATA[public void com.testcases.TestngLeaveTests.ApplyLeaveWithValidInputs() throws java.lang.InterruptedException]]>
              </value>
            </param>
          </params>
          <reporter-output>
          </reporter-output>
        </test-method> <!-- setUp -->
        <test-method signature="ApplyLeaveWithValidInputs()[pri:0, instance:com.testcases.TestngLeaveTests@415d88de]" started-at="2025-12-01T14:28:37 IST" name="ApplyLeaveWithValidInputs" finished-at="2025-12-01T14:28:53 IST" duration-ms="16649" status="PASS">
          <reporter-output>
          </reporter-output>
        </test-method> <!-- ApplyLeaveWithValidInputs -->
        <test-method is-config="true" signature="tearDown(java.lang.reflect.Method)[pri:0, instance:com.testcases.TestngLeaveTests@415d88de]" started-at="2025-12-01T14:28:53 IST" name="tearDown" finished-at="2025-12-01T14:28:54 IST" duration-ms="255" status="PASS">
          <params>
            <param index="0">
              <value>
                <![CDATA[public void com.testcases.TestngLeaveTests.ApplyLeaveWithValidInputs() throws java.lang.InterruptedException]]>
              </value>
            </param>
          </params>
          <reporter-output>
          </reporter-output>
        </test-method> <!-- tearDown -->
        <test-method is-config="true" signature="setUp(java.lang.String,java.lang.reflect.Method)[pri:0, instance:com.testcases.TestngLeaveTests@415d88de]" started-at="2025-12-01T14:28:54 IST" name="setUp" finished-at="2025-12-01T14:28:55 IST" duration-ms="1409" status="PASS">
          <params>
            <param index="0">
              <value is-null="true"/>
            </param>
            <param index="1">
              <value>
                <![CDATA[public void com.testcases.TestngLeaveTests.ApplyLeaveWithWeekendDates() throws java.lang.InterruptedException]]>
              </value>
            </param>
          </params>
          <reporter-output>
          </reporter-output>
        </test-method> <!-- setUp -->
        <test-method signature="ApplyLeaveWithWeekendDates()[pri:0, instance:com.testcases.TestngLeaveTests@415d88de]" started-at="2025-12-01T14:28:55 IST" name="ApplyLeaveWithWeekendDates" finished-at="2025-12-01T14:29:09 IST" duration-ms="13925" status="PASS">
          <reporter-output>
          </reporter-output>
        </test-method> <!-- ApplyLeaveWithWeekendDates -->
        <test-method is-config="true" signature="tearDown(java.lang.reflect.Method)[pri:0, instance:com.testcases.TestngLeaveTests@415d88de]" started-at="2025-12-01T14:29:09 IST" name="tearDown" finished-at="2025-12-01T14:29:09 IST" duration-ms="202" status="PASS">
          <params>
            <param index="0">
              <value>
                <![CDATA[public void com.testcases.TestngLeaveTests.ApplyLeaveWithWeekendDates() throws java.lang.InterruptedException]]>
              </value>
            </param>
          </params>
          <reporter-output>
          </reporter-output>
        </test-method> <!-- tearDown -->
        <test-method is-config="true" signature="setUp(java.lang.String,java.lang.reflect.Method)[pri:0, instance:com.testcases.TestngLeaveTests@415d88de]" started-at="2025-12-01T14:29:09 IST" name="setUp" finished-at="2025-12-01T14:29:11 IST" duration-ms="1431" status="PASS">
          <params>
            <param index="0">
              <value is-null="true"/>
            </param>
            <param index="1">
              <value>
                <![CDATA[public void com.testcases.TestngLeaveTests.ApplyLeaveWithoutSelectingLeaveType()]]>
              </value>
            </param>
          </params>
          <reporter-output>
          </reporter-output>
        </test-method> <!-- setUp -->
        <test-method signature="ApplyLeaveWithoutSelectingLeaveType()[pri:0, instance:com.testcases.TestngLeaveTests@415d88de]" started-at="2025-12-01T14:29:11 IST" name="ApplyLeaveWithoutSelectingLeaveType" finished-at="2025-12-01T14:29:18 IST" duration-ms="7322" status="PASS">
          <reporter-output>
          </reporter-output>
        </test-method> <!-- ApplyLeaveWithoutSelectingLeaveType -->
        <test-method is-config="true" signature="tearDown(java.lang.reflect.Method)[pri:0, instance:com.testcases.TestngLeaveTests@415d88de]" started-at="2025-12-01T14:29:18 IST" name="tearDown" finished-at="2025-12-01T14:29:18 IST" duration-ms="240" status="PASS">
          <params>
            <param index="0">
              <value>
                <![CDATA[public void com.testcases.TestngLeaveTests.ApplyLeaveWithoutSelectingLeaveType()]]>
              </value>
            </param>
          </params>
          <reporter-output>
          </reporter-output>
        </test-method> <!-- tearDown -->
        <test-method is-config="true" signature="setUp(java.lang.String,java.lang.reflect.Method)[pri:0, instance:com.testcases.TestngLeaveTests@415d88de]" started-at="2025-12-01T14:29:18 IST" name="setUp" finished-at="2025-12-01T14:29:20 IST" duration-ms="1450" status="PASS">
          <params>
            <param index="0">
              <value is-null="true"/>
            </param>
            <param index="1">
              <value>
                <![CDATA[public void com.testcases.TestngLeaveTests.addLeaveEntitlement() throws java.lang.InterruptedException]]>
              </value>
            </param>
          </params>
          <reporter-output>
          </reporter-output>
        </test-method> <!-- setUp -->
        <test-method signature="addLeaveEntitlement()[pri:0, instance:com.testcases.TestngLeaveTests@415d88de]" started-at="2025-12-01T14:29:20 IST" name="addLeaveEntitlement" finished-at="2025-12-01T14:29:47 IST" duration-ms="27247" status="PASS">
          <reporter-output>
          </reporter-output>
        </test-method> <!-- addLeaveEntitlement -->
        <test-method is-config="true" signature="tearDown(java.lang.reflect.Method)[pri:0, instance:com.testcases.TestngLeaveTests@415d88de]" started-at="2025-12-01T14:29:47 IST" name="tearDown" finished-at="2025-12-01T14:29:47 IST" duration-ms="252" status="PASS">
          <params>
            <param index="0">
              <value>
                <![CDATA[public void com.testcases.TestngLeaveTests.addLeaveEntitlement() throws java.lang.InterruptedException]]>
              </value>
            </param>
          </params>
          <reporter-output>
          </reporter-output>
        </test-method> <!-- tearDown -->
      </class> <!-- com.testcases.TestngLeaveTests -->
      <class name="com.runner.CucumberTests">
        <test-method is-config="true" signature="setUpClass(org.testng.ITestContext)[pri:0, instance:com.runner.CucumberTests@549ac12c]" started-at="2025-12-01T14:15:46 IST" name="setUpClass" finished-at="2025-12-01T14:15:47 IST" duration-ms="1383" status="PASS">
          <params>
            <param index="0">
              <value>
                <![CDATA[org.testng.TestRunner@6ddbc681]]>
              </value>
            </param>
          </params>
          <reporter-output>
          </reporter-output>
        </test-method> <!-- setUpClass -->
        <test-method signature="runScenario(io.cucumber.testng.PickleWrapper,io.cucumber.testng.FeatureWrapper)[pri:0, instance:com.runner.CucumberTests@549ac12c]" started-at="2025-12-01T14:15:47 IST" name="runScenario" description="Runs Cucumber Scenarios" data-provider="scenarios" finished-at="2025-12-01T14:15:59 IST" duration-ms="12119" status="PASS">
          <params>
            <param index="0">
              <value>
                <![CDATA["To verify when searched with userName search result displayed correctly"]]>
              </value>
            </param>
            <param index="1">
              <value>
                <![CDATA["Admin Module"]]>
              </value>
            </param>
          </params>
          <reporter-output>
          </reporter-output>
        </test-method> <!-- runScenario -->
        <test-method signature="runScenario(io.cucumber.testng.PickleWrapper,io.cucumber.testng.FeatureWrapper)[pri:0, instance:com.runner.CucumberTests@549ac12c]" started-at="2025-12-01T14:15:59 IST" name="runScenario" description="Runs Cucumber Scenarios" data-provider="scenarios" finished-at="2025-12-01T14:16:11 IST" duration-ms="12165" status="PASS">
          <params>
            <param index="0">
              <value>
                <![CDATA["To verify when seardched with user role search result display for that role only"]]>
              </value>
            </param>
            <param index="1">
              <value>
                <![CDATA["Admin Module"]]>
              </value>
            </param>
          </params>
          <reporter-output>
          </reporter-output>
        </test-method> <!-- runScenario -->
        <test-method signature="runScenario(io.cucumber.testng.PickleWrapper,io.cucumber.testng.FeatureWrapper)[pri:0, instance:com.runner.CucumberTests@549ac12c]" started-at="2025-12-01T14:16:11 IST" name="runScenario" description="Runs Cucumber Scenarios" data-provider="scenarios" finished-at="2025-12-01T14:16:27 IST" duration-ms="15510" status="PASS">
          <params>
            <param index="0">
              <value>
                <![CDATA["To verify when seardched with employee name search result only show that employee"]]>
              </value>
            </param>
            <param index="1">
              <value>
                <![CDATA["Admin Module"]]>
              </value>
            </param>
          </params>
          <reporter-output>
          </reporter-output>
        </test-method> <!-- runScenario -->
        <test-method signature="runScenario(io.cucumber.testng.PickleWrapper,io.cucumber.testng.FeatureWrapper)[pri:0, instance:com.runner.CucumberTests@549ac12c]" started-at="2025-12-01T14:16:27 IST" name="runScenario" description="Runs Cucumber Scenarios" data-provider="scenarios" finished-at="2025-12-01T14:16:39 IST" duration-ms="12268" status="PASS">
          <params>
            <param index="0">
              <value>
                <![CDATA["To verify when seardched with login status search result display for login status"]]>
              </value>
            </param>
            <param index="1">
              <value>
                <![CDATA["Admin Module"]]>
              </value>
            </param>
          </params>
          <reporter-output>
          </reporter-output>
        </test-method> <!-- runScenario -->
        <test-method signature="runScenario(io.cucumber.testng.PickleWrapper,io.cucumber.testng.FeatureWrapper)[pri:0, instance:com.runner.CucumberTests@549ac12c]" started-at="2025-12-01T14:16:39 IST" name="runScenario" description="Runs Cucumber Scenarios" data-provider="scenarios" finished-at="2025-12-01T14:16:53 IST" duration-ms="13812" status="PASS">
          <params>
            <param index="0">
              <value>
                <![CDATA["To verify Job submenu contains correct respective detail options"]]>
              </value>
            </param>
            <param index="1">
              <value>
                <![CDATA["Admin Module"]]>
              </value>
            </param>
          </params>
          <reporter-output>
          </reporter-output>
        </test-method> <!-- runScenario -->
        <test-method signature="runScenario(io.cucumber.testng.PickleWrapper,io.cucumber.testng.FeatureWrapper)[pri:0, instance:com.runner.CucumberTests@549ac12c]" started-at="2025-12-01T14:16:53 IST" name="runScenario" description="Runs Cucumber Scenarios" data-provider="scenarios" finished-at="2025-12-01T14:17:06 IST" duration-ms="12976" status="PASS">
          <params>
            <param index="0">
              <value>
                <![CDATA["To veify organization details reflecting correctly after editing"]]>
              </value>
            </param>
            <param index="1">
              <value>
                <![CDATA["Admin Module"]]>
              </value>
            </param>
          </params>
          <reporter-output>
          </reporter-output>
        </test-method> <!-- runScenario -->
        <test-method signature="runScenario(io.cucumber.testng.PickleWrapper,io.cucumber.testng.FeatureWrapper)[pri:0, instance:com.runner.CucumberTests@549ac12c]" started-at="2025-12-01T14:17:06 IST" name="runScenario" description="Runs Cucumber Scenarios" data-provider="scenarios" finished-at="2025-12-01T14:17:26 IST" duration-ms="19704" status="PASS">
          <params>
            <param index="0">
              <value>
                <![CDATA["To verify location details updated are reflecting correctly"]]>
              </value>
            </param>
            <param index="1">
              <value>
                <![CDATA["Admin Module"]]>
              </value>
            </param>
          </params>
          <reporter-output>
          </reporter-output>
        </test-method> <!-- runScenario -->
        <test-method signature="runScenario(io.cucumber.testng.PickleWrapper,io.cucumber.testng.FeatureWrapper)[pri:0, instance:com.runner.CucumberTests@549ac12c]" started-at="2025-12-01T14:17:26 IST" name="runScenario" description="Runs Cucumber Scenarios" data-provider="scenarios" finished-at="2025-12-01T14:17:38 IST" duration-ms="12793" status="PASS">
          <params>
            <param index="0">
              <value>
                <![CDATA["To verify skills added reflecting in the field"]]>
              </value>
            </param>
            <param index="1">
              <value>
                <![CDATA["Admin Module"]]>
              </value>
            </param>
          </params>
          <reporter-output>
          </reporter-output>
        </test-method> <!-- runScenario -->
        <test-method signature="runScenario(io.cucumber.testng.PickleWrapper,io.cucumber.testng.FeatureWrapper)[pri:0, instance:com.runner.CucumberTests@549ac12c]" started-at="2025-12-01T14:17:38 IST" name="runScenario" description="Runs Cucumber Scenarios" data-provider="scenarios" finished-at="2025-12-01T14:17:43 IST" duration-ms="4696" status="PASS">
          <params>
            <param index="0">
              <value>
                <![CDATA["To verify when clicked on 'About' link 'About information' page opens"]]>
              </value>
            </param>
            <param index="1">
              <value>
                <![CDATA["Dashboard Module"]]>
              </value>
            </param>
          </params>
          <reporter-output>
          </reporter-output>
        </test-method> <!-- runScenario -->
        <test-method signature="runScenario(io.cucumber.testng.PickleWrapper,io.cucumber.testng.FeatureWrapper)[pri:0, instance:com.runner.CucumberTests@549ac12c]" started-at="2025-12-01T14:17:43 IST" name="runScenario" description="Runs Cucumber Scenarios" data-provider="scenarios" finished-at="2025-12-01T14:17:49 IST" duration-ms="5829" status="PASS">
          <params>
            <param index="0">
              <value>
                <![CDATA["To verify when clicked on 'Support' link 'Support information' page opens"]]>
              </value>
            </param>
            <param index="1">
              <value>
                <![CDATA["Dashboard Module"]]>
              </value>
            </param>
          </params>
          <reporter-output>
          </reporter-output>
        </test-method> <!-- runScenario -->
        <test-method signature="runScenario(io.cucumber.testng.PickleWrapper,io.cucumber.testng.FeatureWrapper)[pri:0, instance:com.runner.CucumberTests@549ac12c]" started-at="2025-12-01T14:17:49 IST" name="runScenario" description="Runs Cucumber Scenarios" data-provider="scenarios" finished-at="2025-12-01T14:17:55 IST" duration-ms="6262" status="PASS">
          <params>
            <param index="0">
              <value>
                <![CDATA["To verify when clicked on 'Change password' link 'password change' page opens"]]>
              </value>
            </param>
            <param index="1">
              <value>
                <![CDATA["Dashboard Module"]]>
              </value>
            </param>
          </params>
          <reporter-output>
          </reporter-output>
        </test-method> <!-- runScenario -->
        <test-method signature="runScenario(io.cucumber.testng.PickleWrapper,io.cucumber.testng.FeatureWrapper)[pri:0, instance:com.runner.CucumberTests@549ac12c]" started-at="2025-12-01T14:17:55 IST" name="runScenario" description="Runs Cucumber Scenarios" data-provider="scenarios" finished-at="2025-12-01T14:18:02 IST" duration-ms="7165" status="PASS">
          <params>
            <param index="0">
              <value>
                <![CDATA["To verify when clicked on puchIn link it directs to Time module punchIn page"]]>
              </value>
            </param>
            <param index="1">
              <value>
                <![CDATA["Dashboard Module"]]>
              </value>
            </param>
          </params>
          <reporter-output>
          </reporter-output>
        </test-method> <!-- runScenario -->
        <test-method signature="runScenario(io.cucumber.testng.PickleWrapper,io.cucumber.testng.FeatureWrapper)[pri:0, instance:com.runner.CucumberTests@549ac12c]" started-at="2025-12-01T14:18:02 IST" name="runScenario" description="Runs Cucumber Scenarios" data-provider="scenarios" finished-at="2025-12-01T14:18:09 IST" duration-ms="6401" status="PASS">
          <params>
            <param index="0">
              <value>
                <![CDATA["To verify when clicked on timesheet link it directs to Timesheet Module page"]]>
              </value>
            </param>
            <param index="1">
              <value>
                <![CDATA["Dashboard Module"]]>
              </value>
            </param>
          </params>
          <reporter-output>
          </reporter-output>
        </test-method> <!-- runScenario -->
        <test-method signature="runScenario(io.cucumber.testng.PickleWrapper,io.cucumber.testng.FeatureWrapper)[pri:0, instance:com.runner.CucumberTests@549ac12c]" started-at="2025-12-01T14:18:09 IST" name="runScenario" description="Runs Cucumber Scenarios" data-provider="scenarios" finished-at="2025-12-01T14:18:15 IST" duration-ms="6339" status="PASS">
          <params>
            <param index="0">
              <value>
                <![CDATA["To verify when clicked on apply Leave link it directs to Leave Module page"]]>
              </value>
            </param>
            <param index="1">
              <value>
                <![CDATA["Dashboard Module"]]>
              </value>
            </param>
          </params>
          <reporter-output>
          </reporter-output>
        </test-method> <!-- runScenario -->
        <test-method signature="runScenario(io.cucumber.testng.PickleWrapper,io.cucumber.testng.FeatureWrapper)[pri:0, instance:com.runner.CucumberTests@549ac12c]" started-at="2025-12-01T14:18:15 IST" name="runScenario" description="Runs Cucumber Scenarios" data-provider="scenarios" finished-at="2025-12-01T14:18:31 IST" duration-ms="16288" status="PASS">
          <params>
            <param index="0">
              <value>
                <![CDATA["To verify when employee searched with "Employee ID" shows correct result"]]>
              </value>
            </param>
            <param index="1">
              <value>
                <![CDATA["Employee Module"]]>
              </value>
            </param>
          </params>
          <reporter-output>
          </reporter-output>
        </test-method> <!-- runScenario -->
        <test-method signature="runScenario(io.cucumber.testng.PickleWrapper,io.cucumber.testng.FeatureWrapper)[pri:0, instance:com.runner.CucumberTests@549ac12c]" started-at="2025-12-01T14:18:31 IST" name="runScenario" description="Runs Cucumber Scenarios" data-provider="scenarios" finished-at="2025-12-01T14:18:56 IST" duration-ms="24108" status="PASS">
          <params>
            <param index="0">
              <value>
                <![CDATA["To verify when employee searched with "Employee first/last name" shows correct result"]]>
              </value>
            </param>
            <param index="1">
              <value>
                <![CDATA["Employee Module"]]>
              </value>
            </param>
          </params>
          <reporter-output>
          </reporter-output>
        </test-method> <!-- runScenario -->
        <test-method signature="runScenario(io.cucumber.testng.PickleWrapper,io.cucumber.testng.FeatureWrapper)[pri:0, instance:com.runner.CucumberTests@549ac12c]" started-at="2025-12-01T14:18:56 IST" name="runScenario" description="Runs Cucumber Scenarios" data-provider="scenarios" finished-at="2025-12-01T14:19:11 IST" duration-ms="15229" status="PASS">
          <params>
            <param index="0">
              <value>
                <![CDATA["To verify when employee searched with "Employment status" shows correct result"]]>
              </value>
            </param>
            <param index="1">
              <value>
                <![CDATA["Employee Module"]]>
              </value>
            </param>
          </params>
          <reporter-output>
          </reporter-output>
        </test-method> <!-- runScenario -->
        <test-method signature="runScenario(io.cucumber.testng.PickleWrapper,io.cucumber.testng.FeatureWrapper)[pri:0, instance:com.runner.CucumberTests@549ac12c]" started-at="2025-12-01T14:19:11 IST" name="runScenario" description="Runs Cucumber Scenarios" data-provider="scenarios" finished-at="2025-12-01T14:19:29 IST" duration-ms="17742" status="PASS">
          <params>
            <param index="0">
              <value>
                <![CDATA["To verify when employee searched with "Supervisor Name" shows correct result"]]>
              </value>
            </param>
            <param index="1">
              <value>
                <![CDATA["Employee Module"]]>
              </value>
            </param>
          </params>
          <reporter-output>
          </reporter-output>
        </test-method> <!-- runScenario -->
        <test-method signature="runScenario(io.cucumber.testng.PickleWrapper,io.cucumber.testng.FeatureWrapper)[pri:0, instance:com.runner.CucumberTests@549ac12c]" started-at="2025-12-01T14:19:29 IST" name="runScenario" description="Runs Cucumber Scenarios" data-provider="scenarios" finished-at="2025-12-01T14:19:43 IST" duration-ms="14799" status="PASS">
          <params>
            <param index="0">
              <value>
                <![CDATA["To verify when employee searched with "Job Title" shows correct result"]]>
              </value>
            </param>
            <param index="1">
              <value>
                <![CDATA["Employee Module"]]>
              </value>
            </param>
          </params>
          <reporter-output>
          </reporter-output>
        </test-method> <!-- runScenario -->
        <test-method signature="runScenario(io.cucumber.testng.PickleWrapper,io.cucumber.testng.FeatureWrapper)[pri:0, instance:com.runner.CucumberTests@549ac12c]" started-at="2025-12-01T14:19:43 IST" name="runScenario" description="Runs Cucumber Scenarios" data-provider="scenarios" finished-at="2025-12-01T14:19:58 IST" duration-ms="15149" status="PASS">
          <params>
            <param index="0">
              <value>
                <![CDATA["To verify when employee searched with "SubUnit" shows correct result"]]>
              </value>
            </param>
            <param index="1">
              <value>
                <![CDATA["Employee Module"]]>
              </value>
            </param>
          </params>
          <reporter-output>
          </reporter-output>
        </test-method> <!-- runScenario -->
        <test-method signature="runScenario(io.cucumber.testng.PickleWrapper,io.cucumber.testng.FeatureWrapper)[pri:0, instance:com.runner.CucumberTests@549ac12c]" started-at="2025-12-01T14:19:58 IST" name="runScenario" description="Runs Cucumber Scenarios" data-provider="scenarios" finished-at="2025-12-01T14:20:27 IST" duration-ms="28190" status="PASS">
          <params>
            <param index="0">
              <value>
                <![CDATA["To verify when adding users all options working correctly"]]>
              </value>
            </param>
            <param index="1">
              <value>
                <![CDATA["Employee Module"]]>
              </value>
            </param>
          </params>
          <reporter-output>
          </reporter-output>
        </test-method> <!-- runScenario -->
        <test-method signature="runScenario(io.cucumber.testng.PickleWrapper,io.cucumber.testng.FeatureWrapper)[pri:0, instance:com.runner.CucumberTests@549ac12c]" started-at="2025-12-01T14:20:27 IST" name="runScenario" description="Runs Cucumber Scenarios" data-provider="scenarios" finished-at="2025-12-01T14:20:45 IST" duration-ms="18010" status="PASS">
          <params>
            <param index="0">
              <value>
                <![CDATA["Apply leave with valid inputs"]]>
              </value>
            </param>
            <param index="1">
              <value>
                <![CDATA["Leave Module"]]>
              </value>
            </param>
          </params>
          <reporter-output>
          </reporter-output>
        </test-method> <!-- runScenario -->
        <test-method signature="runScenario(io.cucumber.testng.PickleWrapper,io.cucumber.testng.FeatureWrapper)[pri:0, instance:com.runner.CucumberTests@549ac12c]" started-at="2025-12-01T14:20:45 IST" name="runScenario" description="Runs Cucumber Scenarios" data-provider="scenarios" finished-at="2025-12-01T14:21:02 IST" duration-ms="17481" status="PASS">
          <params>
            <param index="0">
              <value>
                <![CDATA["Apply leave with overlapping dates"]]>
              </value>
            </param>
            <param index="1">
              <value>
                <![CDATA["Leave Module"]]>
              </value>
            </param>
          </params>
          <reporter-output>
          </reporter-output>
        </test-method> <!-- runScenario -->
        <test-method signature="runScenario(io.cucumber.testng.PickleWrapper,io.cucumber.testng.FeatureWrapper)[pri:0, instance:com.runner.CucumberTests@549ac12c]" started-at="2025-12-01T14:21:02 IST" name="runScenario" description="Runs Cucumber Scenarios" data-provider="scenarios" finished-at="2025-12-01T14:21:11 IST" duration-ms="8546" status="PASS">
          <params>
            <param index="0">
              <value>
                <![CDATA["Apply leave without selecting leave type"]]>
              </value>
            </param>
            <param index="1">
              <value>
                <![CDATA["Leave Module"]]>
              </value>
            </param>
          </params>
          <reporter-output>
          </reporter-output>
        </test-method> <!-- runScenario -->
        <test-method signature="runScenario(io.cucumber.testng.PickleWrapper,io.cucumber.testng.FeatureWrapper)[pri:0, instance:com.runner.CucumberTests@549ac12c]" started-at="2025-12-01T14:21:11 IST" name="runScenario" description="Runs Cucumber Scenarios" data-provider="scenarios" finished-at="2025-12-01T14:21:26 IST" duration-ms="15283" status="PASS">
          <params>
            <param index="0">
              <value>
                <![CDATA["Apply leave with Non Working day dates"]]>
              </value>
            </param>
            <param index="1">
              <value>
                <![CDATA["Leave Module"]]>
              </value>
            </param>
          </params>
          <reporter-output>
          </reporter-output>
        </test-method> <!-- runScenario -->
        <test-method signature="runScenario(io.cucumber.testng.PickleWrapper,io.cucumber.testng.FeatureWrapper)[pri:0, instance:com.runner.CucumberTests@549ac12c]" started-at="2025-12-01T14:21:26 IST" name="runScenario" description="Runs Cucumber Scenarios" data-provider="scenarios" finished-at="2025-12-01T14:21:36 IST" duration-ms="10086" status="PASS">
          <params>
            <param index="0">
              <value>
                <![CDATA["Apply leave with insufficient balance"]]>
              </value>
            </param>
            <param index="1">
              <value>
                <![CDATA["Leave Module"]]>
              </value>
            </param>
          </params>
          <reporter-output>
          </reporter-output>
        </test-method> <!-- runScenario -->
        <test-method signature="runScenario(io.cucumber.testng.PickleWrapper,io.cucumber.testng.FeatureWrapper)[pri:0, instance:com.runner.CucumberTests@549ac12c]" started-at="2025-12-01T14:21:36 IST" name="runScenario" description="Runs Cucumber Scenarios" data-provider="scenarios" finished-at="2025-12-01T14:22:04 IST" duration-ms="27644" status="PASS">
          <params>
            <param index="0">
              <value>
                <![CDATA["Add leave entitlement for an employee"]]>
              </value>
            </param>
            <param index="1">
              <value>
                <![CDATA["Leave Module"]]>
              </value>
            </param>
          </params>
          <reporter-output>
          </reporter-output>
        </test-method> <!-- runScenario -->
        <test-method signature="runScenario(io.cucumber.testng.PickleWrapper,io.cucumber.testng.FeatureWrapper)[pri:0, instance:com.runner.CucumberTests@549ac12c]" started-at="2025-12-01T14:22:04 IST" name="runScenario" description="Runs Cucumber Scenarios" data-provider="scenarios" finished-at="2025-12-01T14:22:38 IST" duration-ms="33781" status="FAIL">
          <params>
            <param index="0">
              <value>
                <![CDATA["To verify when valid creadentials entered user logi successfully"]]>
              </value>
            </param>
            <param index="1">
              <value>
                <![CDATA["Login Functionality"]]>
              </value>
            </param>
          </params>
          <exception class="org.openqa.selenium.TimeoutException">
            <message>
              <![CDATA[Expected condition failed: waiting for visibility of Proxy element for: DefaultElementLocator 'By.cssSelector: input[placeholder='Username']' (tried for 30 second(s) with 500 milliseconds interval)]]>
            </message>
            <full-stacktrace>
              <![CDATA[org.openqa.selenium.TimeoutException: Expected condition failed: waiting for visibility of Proxy element for: DefaultElementLocator 'By.cssSelector: input[placeholder='Username']' (tried for 30 second(s) with 500 milliseconds interval)
at org.openqa.selenium.support.ui.FluentWait.timeoutException(FluentWait.java:265)
at org.openqa.selenium.support.ui.FluentWait.until(FluentWait.java:228)
at com.main.Keywords.waitForElementToBeVisible(Keywords.java:191)
at com.pages.LoginPage.enterCredentials(LoginPage.java:59)
at com.StepDefinition.StepDefLoginPage.enterUsernameAndPassword(StepDefLoginPage.java:17)
at ✽.user enters username "Admin" and password "Piyush@2050"(file:///C:/Users/piyus/eclipse-workspace/orangeHRM/src/test/resources/features/cucumberLoginPageTests.feature:8)
Caused by: org.openqa.selenium.NoSuchElementException: no such element: Unable to locate element: {"method":"css selector","selector":"input[placeholder='Username']"}
  (Session info: chrome=142.0.7444.176)
For documentation on this error, please visit: https://www.selenium.dev/documentation/webdriver/troubleshooting/errors#nosuchelementexception
Build info: version: '4.38.0', revision: '6b412e825c*'
System info: os.name: 'Windows 11', os.arch: 'amd64', os.version: '10.0', java.version: '17.0.10'
Driver info: org.openqa.selenium.chrome.ChromeDriver
Command: [57081debfb1e18534100689ea4cad4e1, findElement {value=input[placeholder='Username'], using=css selector}]
Capabilities {acceptInsecureCerts: false, browserName: chrome, browserVersion: 142.0.7444.176, chrome: {chromedriverVersion: 142.0.7444.175 (302067f14a4..., userDataDir: C:\Users\piyus\AppData\Loca...}, fedcm:accounts: true, goog:chromeOptions: {debuggerAddress: localhost:58670}, goog:processID: 17428, networkConnectionEnabled: false, pageLoadStrategy: normal, platformName: windows, proxy: Proxy(), se:cdp: ws://localhost:58670/devtoo..., se:cdpVersion: 142.0.7444.176, setWindowRect: true, strictFileInteractability: false, timeouts: {implicit: 0, pageLoad: 300000, script: 30000}, unhandledPromptBehavior: dismiss and notify, webauthn:extension:credBlob: true, webauthn:extension:largeBlob: true, webauthn:extension:minPinLength: true, webauthn:extension:prf: true, webauthn:virtualAuthenticators: true}
Session ID: 57081debfb1e18534100689ea4cad4e1
at jdk.internal.reflect.GeneratedConstructorAccessor23.newInstance(Unknown Source)
at java.base/jdk.internal.reflect.DelegatingConstructorAccessorImpl.newInstance(DelegatingConstructorAccessorImpl.java:45)
at java.base/java.lang.reflect.Constructor.newInstanceWithCaller(Constructor.java:499)
at java.base/java.lang.reflect.Constructor.newInstance(Constructor.java:480)
at org.openqa.selenium.remote.ErrorCodec.decode(ErrorCodec.java:167)
at org.openqa.selenium.remote.codec.w3c.W3CHttpResponseCodec.decode(W3CHttpResponseCodec.java:138)
at org.openqa.selenium.remote.codec.w3c.W3CHttpResponseCodec.decode(W3CHttpResponseCodec.java:50)
at org.openqa.selenium.remote.HttpCommandExecutor.execute(HttpCommandExecutor.java:215)
at org.openqa.selenium.remote.service.DriverCommandExecutor.invokeExecute(DriverCommandExecutor.java:216)
at org.openqa.selenium.remote.service.DriverCommandExecutor.execute(DriverCommandExecutor.java:174)
at org.openqa.selenium.remote.RemoteWebDriver.execute(RemoteWebDriver.java:557)
[...]
at com.main.Keywords.waitForElementToBeVisible(Keywords.java:191)
at com.pages.LoginPage.enterCredentials(LoginPage.java:59)
at com.StepDefinition.StepDefLoginPage.enterUsernameAndPassword(StepDefLoginPage.java:17)
at java.base/jdk.internal.reflect.NativeMethodAccessorImpl.invoke0(Native Method)
at java.base/jdk.internal.reflect.NativeMethodAccessorImpl.invoke(NativeMethodAccessorImpl.java:77)
at java.base/jdk.internal.reflect.DelegatingMethodAccessorImpl.invoke(DelegatingMethodAccessorImpl.java:43)
at java.base/java.lang.reflect.Method.invoke(Method.java:568)
at io.cucumber.java.Invoker.doInvoke(Invoker.java:66)
at io.cucumber.java.Invoker.invoke(Invoker.java:24)
at io.cucumber.java.AbstractGlueDefinition.invokeMethod(AbstractGlueDefinition.java:47)
at io.cucumber.java.JavaStepDefinition.execute(JavaStepDefinition.java:29)
at io.cucumber.core.runner.CoreStepDefinition.execute(CoreStepDefinition.java:66)
at io.cucumber.core.runner.PickleStepDefinitionMatch.runStep(PickleStepDefinitionMatch.java:63)
at io.cucumber.core.runner.ExecutionMode$1.execute(ExecutionMode.java:10)
at io.cucumber.core.runner.TestStep.executeStep(TestStep.java:84)
at io.cucumber.core.runner.TestStep.run(TestStep.java:56)
at io.cucumber.core.runner.PickleStepTestStep.run(PickleStepTestStep.java:51)
at io.cucumber.core.runner.TestCase.run(TestCase.java:84)
at io.cucumber.core.runner.Runner.runPickle(Runner.java:75)
at io.cucumber.testng.TestNGCucumberRunner.lambda$runScenario$1(TestNGCucumberRunner.java:132)
at io.cucumber.core.runtime.CucumberExecutionContext.lambda$runTestCase$5(CucumberExecutionContext.java:137)
at io.cucumber.core.runtime.RethrowingThrowableCollector.executeAndThrow(RethrowingThrowableCollector.java:23)
at io.cucumber.core.runtime.CucumberExecutionContext.runTestCase(CucumberExecutionContext.java:137)
at io.cucumber.testng.TestNGCucumberRunner.runScenario(TestNGCucumberRunner.java:129)
at io.cucumber.testng.AbstractTestNGCucumberTests.runScenario(AbstractTestNGCucumberTests.java:35)
at jdk.internal.reflect.GeneratedMethodAccessor90.invoke(Unknown Source)
at java.base/jdk.internal.reflect.DelegatingMethodAccessorImpl.invoke(DelegatingMethodAccessorImpl.java:43)
at java.base/java.lang.reflect.Method.invoke(Method.java:568)
at org.testng.internal.invokers.MethodInvocationHelper.invokeMethod(MethodInvocationHelper.java:141)
at org.testng.internal.invokers.TestInvoker.invokeMethod(TestInvoker.java:687)
at org.testng.internal.invokers.TestInvoker.invokeTestMethod(TestInvoker.java:230)
at org.testng.internal.invokers.MethodRunner.runInSequence(MethodRunner.java:63)
at org.testng.internal.invokers.TestInvoker$MethodInvocationAgent.invoke(TestInvoker.java:995)
at org.testng.internal.invokers.TestInvoker.invokeTestMethods(TestInvoker.java:203)
at org.testng.internal.invokers.TestMethodWorker.invokeTestMethods(TestMethodWorker.java:154)
at org.testng.internal.invokers.TestMethodWorker.run(TestMethodWorker.java:134)
at java.base/java.util.ArrayList.forEach(ArrayList.java:1511)
at org.testng.TestRunner.privateRun(TestRunner.java:741)
at org.testng.TestRunner.run(TestRunner.java:616)
at org.testng.SuiteRunner.runTest(SuiteRunner.java:421)
at org.testng.SuiteRunner.runSequentially(SuiteRunner.java:413)
at org.testng.SuiteRunner.privateRun(SuiteRunner.java:373)
at org.testng.SuiteRunner.run(SuiteRunner.java:312)
at org.testng.SuiteRunnerWorker.runSuite(SuiteRunnerWorker.java:52)
at org.testng.SuiteRunnerWorker.run(SuiteRunnerWorker.java:95)
at org.testng.TestNG.runSuitesSequentially(TestNG.java:1274)
at org.testng.TestNG.runSuitesLocally(TestNG.java:1208)
at org.testng.TestNG.runSuites(TestNG.java:1112)
at org.testng.TestNG.run(TestNG.java:1079)
at org.testng.remote.AbstractRemoteTestNG.run(AbstractRemoteTestNG.java:115)
at org.testng.remote.RemoteTestNG.initAndRun(RemoteTestNG.java:293)
at org.testng.remote.RemoteTestNG.main(RemoteTestNG.java:91)
]]>
            </full-stacktrace>
          </exception> <!-- org.openqa.selenium.TimeoutException -->
          <reporter-output>
          </reporter-output>
        </test-method> <!-- runScenario -->
        <test-method signature="runScenario(io.cucumber.testng.PickleWrapper,io.cucumber.testng.FeatureWrapper)[pri:0, instance:com.runner.CucumberTests@549ac12c]" started-at="2025-12-01T14:23:43 IST" name="runScenario" description="Runs Cucumber Scenarios" data-provider="scenarios" finished-at="2025-12-01T14:24:15 IST" duration-ms="32686" status="FAIL">
          <params>
            <param index="0">
              <value>
                <![CDATA["To veify when credentials left blank invalid credentials error is shown"]]>
              </value>
            </param>
            <param index="1">
              <value>
                <![CDATA["Login Functionality"]]>
              </value>
            </param>
          </params>
          <exception class="org.openqa.selenium.TimeoutException">
            <message>
              <![CDATA[Expected condition failed: waiting for visibility of Proxy element for: DefaultElementLocator 'By.cssSelector: input[placeholder='Username']' (tried for 30 second(s) with 500 milliseconds interval)]]>
            </message>
            <full-stacktrace>
              <![CDATA[org.openqa.selenium.TimeoutException: Expected condition failed: waiting for visibility of Proxy element for: DefaultElementLocator 'By.cssSelector: input[placeholder='Username']' (tried for 30 second(s) with 500 milliseconds interval)
at org.openqa.selenium.support.ui.FluentWait.timeoutException(FluentWait.java:265)
at org.openqa.selenium.support.ui.FluentWait.until(FluentWait.java:228)
at com.main.Keywords.waitForElementToBeVisible(Keywords.java:191)
at com.pages.LoginPage.enterCredentials(LoginPage.java:59)
at com.StepDefinition.StepDefLoginPage.enterUsernameAndPassword(StepDefLoginPage.java:17)
at ✽.user enters username "" and password ""(file:///C:/Users/piyus/eclipse-workspace/orangeHRM/src/test/resources/features/cucumberLoginPageTests.feature:22)
Caused by: org.openqa.selenium.NoSuchElementException: no such element: Unable to locate element: {"method":"css selector","selector":"input[placeholder='Username']"}
  (Session info: chrome=142.0.7444.176)
For documentation on this error, please visit: https://www.selenium.dev/documentation/webdriver/troubleshooting/errors#nosuchelementexception
Build info: version: '4.38.0', revision: '6b412e825c*'
System info: os.name: 'Windows 11', os.arch: 'amd64', os.version: '10.0', java.version: '17.0.10'
Driver info: org.openqa.selenium.chrome.ChromeDriver
Command: [92fd6629f75746eb567fc52c8c0b8bb8, findElement {value=input[placeholder='Username'], using=css selector}]
Capabilities {acceptInsecureCerts: false, browserName: chrome, browserVersion: 142.0.7444.176, chrome: {chromedriverVersion: 142.0.7444.175 (302067f14a4..., userDataDir: C:\Users\piyus\AppData\Loca...}, fedcm:accounts: true, goog:chromeOptions: {debuggerAddress: localhost:62059}, goog:processID: 17844, networkConnectionEnabled: false, pageLoadStrategy: normal, platformName: windows, proxy: Proxy(), se:cdp: ws://localhost:62059/devtoo..., se:cdpVersion: 142.0.7444.176, setWindowRect: true, strictFileInteractability: false, timeouts: {implicit: 0, pageLoad: 300000, script: 30000}, unhandledPromptBehavior: dismiss and notify, webauthn:extension:credBlob: true, webauthn:extension:largeBlob: true, webauthn:extension:minPinLength: true, webauthn:extension:prf: true, webauthn:virtualAuthenticators: true}
Session ID: 92fd6629f75746eb567fc52c8c0b8bb8
at jdk.internal.reflect.GeneratedConstructorAccessor23.newInstance(Unknown Source)
at java.base/jdk.internal.reflect.DelegatingConstructorAccessorImpl.newInstance(DelegatingConstructorAccessorImpl.java:45)
at java.base/java.lang.reflect.Constructor.newInstanceWithCaller(Constructor.java:499)
at java.base/java.lang.reflect.Constructor.newInstance(Constructor.java:480)
at org.openqa.selenium.remote.ErrorCodec.decode(ErrorCodec.java:167)
at org.openqa.selenium.remote.codec.w3c.W3CHttpResponseCodec.decode(W3CHttpResponseCodec.java:138)
at org.openqa.selenium.remote.codec.w3c.W3CHttpResponseCodec.decode(W3CHttpResponseCodec.java:50)
at org.openqa.selenium.remote.HttpCommandExecutor.execute(HttpCommandExecutor.java:215)
at org.openqa.selenium.remote.service.DriverCommandExecutor.invokeExecute(DriverCommandExecutor.java:216)
at org.openqa.selenium.remote.service.DriverCommandExecutor.execute(DriverCommandExecutor.java:174)
at org.openqa.selenium.remote.RemoteWebDriver.execute(RemoteWebDriver.java:557)
at org.openqa.selenium.remote.ElementLocation$ElementFinder$2.findElement(ElementLocation.java:165)
at org.openqa.selenium.remote.ElementLocation.findElement(ElementLocation.java:59)
at org.openqa.selenium.remote.RemoteWebDriver.findElement(RemoteWebDriver.java:380)
at org.openqa.selenium.remote.RemoteWebDriver.findElement(RemoteWebDriver.java:374)
at org.openqa.selenium.support.pagefactory.DefaultElementLocator.findElement(DefaultElementLocator.java:68)
at org.openqa.selenium.support.pagefactory.internal.LocatingElementHandler.invoke(LocatingElementHandler.java:38)
at jdk.proxy2/jdk.proxy2.$Proxy35.isDisplayed(Unknown Source)
at org.openqa.selenium.support.ui.ExpectedConditions.elementIfVisible(ExpectedConditions.java:308)
at org.openqa.selenium.support.ui.ExpectedConditions$10.apply(ExpectedConditions.java:294)
at org.openqa.selenium.support.ui.ExpectedConditions$10.apply(ExpectedConditions.java:291)
at org.openqa.selenium.support.ui.FluentWait.until(FluentWait.java:203)
at com.main.Keywords.waitForElementToBeVisible(Keywords.java:191)
at com.pages.LoginPage.enterCredentials(LoginPage.java:59)
at com.StepDefinition.StepDefLoginPage.enterUsernameAndPassword(StepDefLoginPage.java:17)
at java.base/jdk.internal.reflect.NativeMethodAccessorImpl.invoke0(Native Method)
at java.base/jdk.internal.reflect.NativeMethodAccessorImpl.invoke(NativeMethodAccessorImpl.java:77)
at java.base/jdk.internal.reflect.DelegatingMethodAccessorImpl.invoke(DelegatingMethodAccessorImpl.java:43)
at java.base/java.lang.reflect.Method.invoke(Method.java:568)
at io.cucumber.java.Invoker.doInvoke(Invoker.java:66)
at io.cucumber.java.Invoker.invoke(Invoker.java:24)
at io.cucumber.java.AbstractGlueDefinition.invokeMethod(AbstractGlueDefinition.java:47)
at io.cucumber.java.JavaStepDefinition.execute(JavaStepDefinition.java:29)
at io.cucumber.core.runner.CoreStepDefinition.execute(CoreStepDefinition.java:66)
at io.cucumber.core.runner.PickleStepDefinitionMatch.runStep(PickleStepDefinitionMatch.java:63)
at io.cucumber.core.runner.ExecutionMode$1.execute(ExecutionMode.java:10)
at io.cucumber.core.runner.TestStep.executeStep(TestStep.java:84)
at io.cucumber.core.runner.TestStep.run(TestStep.java:56)
at io.cucumber.core.runner.PickleStepTestStep.run(PickleStepTestStep.java:51)
at io.cucumber.core.runner.TestCase.run(TestCase.java:84)
at io.cucumber.core.runner.Runner.runPickle(Runner.java:75)
at io.cucumber.testng.TestNGCucumberRunner.lambda$runScenario$1(TestNGCucumberRunner.java:132)
at io.cucumber.core.runtime.CucumberExecutionContext.lambda$runTestCase$5(CucumberExecutionContext.java:137)
at io.cucumber.core.runtime.RethrowingThrowableCollector.executeAndThrow(RethrowingThrowableCollector.java:23)
at io.cucumber.core.runtime.CucumberExecutionContext.runTestCase(CucumberExecutionContext.java:137)
at io.cucumber.testng.TestNGCucumberRunner.runScenario(TestNGCucumberRunner.java:129)
at io.cucumber.testng.AbstractTestNGCucumberTests.runScenario(AbstractTestNGCucumberTests.java:35)
at jdk.internal.reflect.GeneratedMethodAccessor90.invoke(Unknown Source)
at java.base/jdk.internal.reflect.DelegatingMethodAccessorImpl.invoke(DelegatingMethodAccessorImpl.java:43)
at java.base/java.lang.reflect.Method.invoke(Method.java:568)
at org.testng.internal.invokers.MethodInvocationHelper.invokeMethod(MethodInvocationHelper.java:141)
at org.testng.internal.invokers.TestInvoker.invokeMethod(TestInvoker.java:687)
at org.testng.internal.invokers.TestInvoker.invokeTestMethod(TestInvoker.java:230)
at org.testng.internal.invokers.MethodRunner.runInSequence(MethodRunner.java:63)
at org.testng.internal.invokers.TestInvoker$MethodInvocationAgent.invoke(TestInvoker.java:995)
at org.testng.internal.invokers.TestInvoker.invokeTestMethods(TestInvoker.java:203)
at org.testng.internal.invokers.TestMethodWorker.invokeTestMethods(TestMethodWorker.java:154)
at org.testng.internal.invokers.TestMethodWorker.run(TestMethodWorker.java:134)
at java.base/java.util.ArrayList.forEach(ArrayList.java:1511)
at org.testng.TestRunner.privateRun(TestRunner.java:741)
at org.testng.TestRunner.run(TestRunner.java:616)
at org.testng.SuiteRunner.runTest(SuiteRunner.java:421)
at org.testng.SuiteRunner.runSequentially(SuiteRunner.java:413)
at org.testng.SuiteRunner.privateRun(SuiteRunner.java:373)
at org.testng.SuiteRunner.run(SuiteRunner.java:312)
at org.testng.SuiteRunnerWorker.runSuite(SuiteRunnerWorker.java:52)
at org.testng.SuiteRunnerWorker.run(SuiteRunnerWorker.java:95)
at org.testng.TestNG.runSuitesSequentially(TestNG.java:1274)
at org.testng.TestNG.runSuitesLocally(TestNG.java:1208)
at org.testng.TestNG.runSuites(TestNG.java:1112)
at org.testng.TestNG.run(TestNG.java:1079)
at org.testng.remote.AbstractRemoteTestNG.run(AbstractRemoteTestNG.java:115)
at org.testng.remote.RemoteTestNG.initAndRun(RemoteTestNG.java:293)
at org.testng.remote.RemoteTestNG.main(RemoteTestNG.java:91)
]]>
            </full-stacktrace>
          </exception> <!-- org.openqa.selenium.TimeoutException -->
          <reporter-output>
          </reporter-output>
        </test-method> <!-- runScenario -->
        <test-method is-config="true" signature="tearDownClass()[pri:0, instance:com.runner.CucumberTests@549ac12c]" started-at="2025-12-01T14:24:15 IST" name="tearDownClass" finished-at="2025-12-01T14:24:15 IST" duration-ms="43" status="PASS">
          <reporter-output>
          </reporter-output>
        </test-method> <!-- tearDownClass -->
      </class> <!-- com.runner.CucumberTests -->
      <class name="com.testcases.TestngPimMenuTests">
        <test-method is-config="true" signature="setUp(java.lang.String,java.lang.reflect.Method)[pri:0, instance:com.testcases.TestngPimMenuTests@188a5fc2]" started-at="2025-12-01T14:24:15 IST" name="setUp" finished-at="2025-12-01T14:24:17 IST" duration-ms="1333" status="PASS">
          <params>
            <param index="0">
              <value is-null="true"/>
            </param>
            <param index="1">
              <value>
                <![CDATA[public void com.testcases.TestngPimMenuTests.AddCustomFieldsWithBothTypeOfInputMethodAndCheckIfReflectingOnRespectedPage() throws java.lang.InterruptedException]]>
              </value>
            </param>
          </params>
          <reporter-output>
          </reporter-output>
        </test-method> <!-- setUp -->
        <test-method signature="AddCustomFieldsWithBothTypeOfInputMethodAndCheckIfReflectingOnRespectedPage()[pri:0, instance:com.testcases.TestngPimMenuTests@188a5fc2]" started-at="2025-12-01T14:24:17 IST" name="AddCustomFieldsWithBothTypeOfInputMethodAndCheckIfReflectingOnRespectedPage" finished-at="2025-12-01T14:24:50 IST" duration-ms="33240" status="PASS">
          <reporter-output>
          </reporter-output>
        </test-method> <!-- AddCustomFieldsWithBothTypeOfInputMethodAndCheckIfReflectingOnRespectedPage -->
        <test-method is-config="true" signature="tearDown(java.lang.reflect.Method)[pri:0, instance:com.testcases.TestngPimMenuTests@188a5fc2]" started-at="2025-12-01T14:24:50 IST" name="tearDown" finished-at="2025-12-01T14:24:50 IST" duration-ms="248" status="PASS">
          <params>
            <param index="0">
              <value>
                <![CDATA[public void com.testcases.TestngPimMenuTests.AddCustomFieldsWithBothTypeOfInputMethodAndCheckIfReflectingOnRespectedPage() throws java.lang.InterruptedException]]>
              </value>
            </param>
          </params>
          <reporter-output>
          </reporter-output>
        </test-method> <!-- tearDown -->
        <test-method is-config="true" signature="setUp(java.lang.String,java.lang.reflect.Method)[pri:0, instance:com.testcases.TestngPimMenuTests@188a5fc2]" started-at="2025-12-01T14:24:50 IST" name="setUp" finished-at="2025-12-01T14:24:52 IST" duration-ms="1376" status="PASS">
          <params>
            <param index="0">
              <value is-null="true"/>
            </param>
            <param index="1">
              <value>
                <![CDATA[public void com.testcases.TestngPimMenuTests.CheckIfOptionalFieldsVisibilityToggleWorking() throws java.lang.InterruptedException]]>
              </value>
            </param>
          </params>
          <reporter-output>
          </reporter-output>
        </test-method> <!-- setUp -->
        <test-method signature="CheckIfOptionalFieldsVisibilityToggleWorking()[pri:0, instance:com.testcases.TestngPimMenuTests@188a5fc2]" started-at="2025-12-01T14:24:52 IST" name="CheckIfOptionalFieldsVisibilityToggleWorking" finished-at="2025-12-01T14:25:14 IST" duration-ms="22763" status="PASS">
          <reporter-output>
          </reporter-output>
        </test-method> <!-- CheckIfOptionalFieldsVisibilityToggleWorking -->
        <test-method is-config="true" signature="tearDown(java.lang.reflect.Method)[pri:0, instance:com.testcases.TestngPimMenuTests@188a5fc2]" started-at="2025-12-01T14:25:14 IST" name="tearDown" finished-at="2025-12-01T14:25:15 IST" duration-ms="270" status="PASS">
          <params>
            <param index="0">
              <value>
                <![CDATA[public void com.testcases.TestngPimMenuTests.CheckIfOptionalFieldsVisibilityToggleWorking() throws java.lang.InterruptedException]]>
              </value>
            </param>
          </params>
          <reporter-output>
          </reporter-output>
        </test-method> <!-- tearDown -->
        <test-method is-config="true" signature="setUp(java.lang.String,java.lang.reflect.Method)[pri:0, instance:com.testcases.TestngPimMenuTests@188a5fc2]" started-at="2025-12-01T14:25:15 IST" name="setUp" finished-at="2025-12-01T14:25:16 IST" duration-ms="1470" status="PASS">
          <params>
            <param index="0">
              <value is-null="true"/>
            </param>
            <param index="1">
              <value>
                <![CDATA[public void com.testcases.TestngPimMenuTests.checkIfPIMmenuConfigurationOptionalFieldCanBeTurnedOnOff() throws java.lang.InterruptedException]]>
              </value>
            </param>
          </params>
          <reporter-output>
          </reporter-output>
        </test-method> <!-- setUp -->
        <test-method signature="checkIfPIMmenuConfigurationOptionalFieldCanBeTurnedOnOff()[pri:0, instance:com.testcases.TestngPimMenuTests@188a5fc2]" started-at="2025-12-01T14:25:16 IST" name="checkIfPIMmenuConfigurationOptionalFieldCanBeTurnedOnOff" finished-at="2025-12-01T14:25:25 IST" duration-ms="8445" status="PASS">
          <reporter-output>
          </reporter-output>
        </test-method> <!-- checkIfPIMmenuConfigurationOptionalFieldCanBeTurnedOnOff -->
        <test-method is-config="true" signature="tearDown(java.lang.reflect.Method)[pri:0, instance:com.testcases.TestngPimMenuTests@188a5fc2]" started-at="2025-12-01T14:25:25 IST" name="tearDown" finished-at="2025-12-01T14:25:25 IST" duration-ms="286" status="PASS">
          <params>
            <param index="0">
              <value>
                <![CDATA[public void com.testcases.TestngPimMenuTests.checkIfPIMmenuConfigurationOptionalFieldCanBeTurnedOnOff() throws java.lang.InterruptedException]]>
              </value>
            </param>
          </params>
          <reporter-output>
          </reporter-output>
        </test-method> <!-- tearDown -->
      </class> <!-- com.testcases.TestngPimMenuTests -->
    </test> <!-- Default test -->
  </suite> <!-- Default suite -->
</testng-results>
