<?xml version="1.0" encoding="UTF-8"?>
<testng-results ignored="6" total="7" passed="1" failed="0" skipped="0">
  <reporter-output>
  </reporter-output>
  <suite started-at="2025-12-26T23:34:20 IST" name="Default suite" finished-at="2025-12-26T23:34:30 IST" duration-ms="10616">
    <groups>
      <group name="leave">
        <method signature="TestngLeaveTests.shouldRejectLeaveApplicationWhenBalanceIsInsufficient()[pri:0, instance:com.testcases.TestngLeaveTests@3d37203b]" name="shouldRejectLeaveApplicationWhenBalanceIsInsufficient" class="com.testcases.TestngLeaveTests"/>
      </group> <!-- leave -->
      <group name="regression">
        <method signature="TestngLeaveTests.shouldRejectLeaveApplicationWhenBalanceIsInsufficient()[pri:0, instance:com.testcases.TestngLeaveTests@3d37203b]" name="shouldRejectLeaveApplicationWhenBalanceIsInsufficient" class="com.testcases.TestngLeaveTests"/>
      </group> <!-- regression -->
    </groups>
    <test started-at="2025-12-26T23:34:20 IST" name="Default test" finished-at="2025-12-26T23:34:30 IST" duration-ms="10616">
      <class name="com.testcases.TestngLeaveTests">
        <test-method is-config="true" signature="cleanAllureResults()[pri:0, instance:com.testcases.TestngLeaveTests@3d37203b]" started-at="2025-12-26T23:34:20 IST" name="cleanAllureResults" finished-at="2025-12-26T23:34:20 IST" duration-ms="74" status="PASS">
          <reporter-output>
          </reporter-output>
        </test-method> <!-- cleanAllureResults -->
        <test-method is-config="true" signature="setUp(java.lang.String,java.lang.reflect.Method)[pri:0, instance:com.testcases.TestngLeaveTests@3d37203b]" started-at="2025-12-26T23:34:20 IST" name="setUp" finished-at="2025-12-26T23:34:22 IST" duration-ms="2320" status="PASS">
          <params>
            <param index="0">
              <value is-null="true"/>
            </param>
            <param index="1">
              <value>
                <![CDATA[public void com.testcases.TestngLeaveTests.shouldRejectLeaveApplicationWhenBalanceIsInsufficient() throws java.lang.InterruptedException]]>
              </value>
            </param>
          </params>
          <reporter-output>
          </reporter-output>
        </test-method> <!-- setUp -->
        <test-method signature="shouldRejectLeaveApplicationWhenBalanceIsInsufficient()[pri:0, instance:com.testcases.TestngLeaveTests@3d37203b]" started-at="2025-12-26T23:34:22 IST" name="shouldRejectLeaveApplicationWhenBalanceIsInsufficient" finished-at="2025-12-26T23:34:30 IST" duration-ms="7874" status="PASS">
          <reporter-output>
          </reporter-output>
        </test-method> <!-- shouldRejectLeaveApplicationWhenBalanceIsInsufficient -->
        <test-method is-config="true" signature="tearDown(java.lang.reflect.Method)[pri:0, instance:com.testcases.TestngLeaveTests@3d37203b]" started-at="2025-12-26T23:34:30 IST" name="tearDown" finished-at="2025-12-26T23:34:30 IST" duration-ms="205" status="PASS">
          <params>
            <param index="0">
              <value>
                <![CDATA[public void com.testcases.TestngLeaveTests.shouldRejectLeaveApplicationWhenBalanceIsInsufficient() throws java.lang.InterruptedException]]>
              </value>
            </param>
          </params>
          <reporter-output>
          </reporter-output>
        </test-method> <!-- tearDown -->
      </class> <!-- com.testcases.TestngLeaveTests -->
    </test> <!-- Default test -->
  </suite> <!-- Default suite -->
</testng-results>
