<?xml version="1.0" encoding="UTF-8"?>
<testng-results ignored="0" total="7" passed="7" failed="0" skipped="0">
  <reporter-output>
  </reporter-output>
  <suite started-at="2025-12-07T12:24:40 IST" name="Default suite" finished-at="2025-12-07T12:26:11 IST" duration-ms="90523">
    <groups>
      <group name="leave">
        <method signature="TestngLeaveTests.shouldApplyLeaveSuccessfullyWithValidInputs()[pri:0, instance:com.testcases.TestngLeaveTests@5e519ad3]" name="shouldApplyLeaveSuccessfullyWithValidInputs" class="com.testcases.TestngLeaveTests"/>
        <method signature="TestngLeaveTests.shouldApproveLeaveApplicationAsSupervisor()[pri:0, instance:com.testcases.TestngLeaveTests@5e519ad3]" name="shouldApproveLeaveApplicationAsSupervisor" class="com.testcases.TestngLeaveTests"/>
        <method signature="TestngLeaveTests.shouldRejectLeaveApplicationWhenBalanceIsInsufficient()[pri:0, instance:com.testcases.TestngLeaveTests@5e519ad3]" name="shouldRejectLeaveApplicationWhenBalanceIsInsufficient" class="com.testcases.TestngLeaveTests"/>
        <method signature="TestngLeaveTests.shouldRejectLeaveApplicationWithOverlappingDates()[pri:0, instance:com.testcases.TestngLeaveTests@5e519ad3]" name="shouldRejectLeaveApplicationWithOverlappingDates" class="com.testcases.TestngLeaveTests"/>
        <method signature="TestngLeaveTests.shouldAddLeaveEntitlementForEmployee()[pri:0, instance:com.testcases.TestngLeaveTests@5e519ad3]" name="shouldAddLeaveEntitlementForEmployee" class="com.testcases.TestngLeaveTests"/>
        <method signature="TestngLeaveTests.shouldPreventLeaveApplicationOnWeekendDates()[pri:0, instance:com.testcases.TestngLeaveTests@5e519ad3]" name="shouldPreventLeaveApplicationOnWeekendDates" class="com.testcases.TestngLeaveTests"/>
        <method signature="TestngLeaveTests.shouldPreventLeaveApplicationWithoutSelectingLeaveType()[pri:0, instance:com.testcases.TestngLeaveTests@5e519ad3]" name="shouldPreventLeaveApplicationWithoutSelectingLeaveType" class="com.testcases.TestngLeaveTests"/>
      </group> <!-- leave -->
      <group name="regression">
        <method signature="TestngLeaveTests.shouldApplyLeaveSuccessfullyWithValidInputs()[pri:0, instance:com.testcases.TestngLeaveTests@5e519ad3]" name="shouldApplyLeaveSuccessfullyWithValidInputs" class="com.testcases.TestngLeaveTests"/>
        <method signature="TestngLeaveTests.shouldApproveLeaveApplicationAsSupervisor()[pri:0, instance:com.testcases.TestngLeaveTests@5e519ad3]" name="shouldApproveLeaveApplicationAsSupervisor" class="com.testcases.TestngLeaveTests"/>
        <method signature="TestngLeaveTests.shouldRejectLeaveApplicationWhenBalanceIsInsufficient()[pri:0, instance:com.testcases.TestngLeaveTests@5e519ad3]" name="shouldRejectLeaveApplicationWhenBalanceIsInsufficient" class="com.testcases.TestngLeaveTests"/>
        <method signature="TestngLeaveTests.shouldRejectLeaveApplicationWithOverlappingDates()[pri:0, instance:com.testcases.TestngLeaveTests@5e519ad3]" name="shouldRejectLeaveApplicationWithOverlappingDates" class="com.testcases.TestngLeaveTests"/>
        <method signature="TestngLeaveTests.shouldAddLeaveEntitlementForEmployee()[pri:0, instance:com.testcases.TestngLeaveTests@5e519ad3]" name="shouldAddLeaveEntitlementForEmployee" class="com.testcases.TestngLeaveTests"/>
        <method signature="TestngLeaveTests.shouldPreventLeaveApplicationOnWeekendDates()[pri:0, instance:com.testcases.TestngLeaveTests@5e519ad3]" name="shouldPreventLeaveApplicationOnWeekendDates" class="com.testcases.TestngLeaveTests"/>
        <method signature="TestngLeaveTests.shouldPreventLeaveApplicationWithoutSelectingLeaveType()[pri:0, instance:com.testcases.TestngLeaveTests@5e519ad3]" name="shouldPreventLeaveApplicationWithoutSelectingLeaveType" class="com.testcases.TestngLeaveTests"/>
      </group> <!-- regression -->
      <group name="smoke">
        <method signature="TestngLeaveTests.shouldApplyLeaveSuccessfullyWithValidInputs()[pri:0, instance:com.testcases.TestngLeaveTests@5e519ad3]" name="shouldApplyLeaveSuccessfullyWithValidInputs" class="com.testcases.TestngLeaveTests"/>
        <method signature="TestngLeaveTests.shouldApproveLeaveApplicationAsSupervisor()[pri:0, instance:com.testcases.TestngLeaveTests@5e519ad3]" name="shouldApproveLeaveApplicationAsSupervisor" class="com.testcases.TestngLeaveTests"/>
      </group> <!-- smoke -->
    </groups>
    <test started-at="2025-12-07T12:24:40 IST" name="Default test" finished-at="2025-12-07T12:26:11 IST" duration-ms="90523">
      <class name="com.testcases.TestngLeaveTests">
        <test-method is-config="true" signature="cleanAllureResults()[pri:0, instance:com.testcases.TestngLeaveTests@5e519ad3]" started-at="2025-12-07T12:24:40 IST" name="cleanAllureResults" finished-at="2025-12-07T12:24:40 IST" duration-ms="70" status="PASS">
          <reporter-output>
          </reporter-output>
        </test-method> <!-- cleanAllureResults -->
        <test-method is-config="true" signature="setUp(java.lang.String,java.lang.reflect.Method)[pri:0, instance:com.testcases.TestngLeaveTests@5e519ad3]" started-at="2025-12-07T12:24:40 IST" name="setUp" finished-at="2025-12-07T12:24:43 IST" duration-ms="2368" status="PASS">
          <params>
            <param index="0">
              <value is-null="true"/>
            </param>
            <param index="1">
              <value>
                <![CDATA[public void com.testcases.TestngLeaveTests.shouldApplyLeaveSuccessfullyWithValidInputs() throws java.lang.InterruptedException]]>
              </value>
            </param>
          </params>
          <reporter-output>
          </reporter-output>
        </test-method> <!-- setUp -->
        <test-method signature="shouldApplyLeaveSuccessfullyWithValidInputs()[pri:0, instance:com.testcases.TestngLeaveTests@5e519ad3]" started-at="2025-12-07T12:24:43 IST" name="shouldApplyLeaveSuccessfullyWithValidInputs" finished-at="2025-12-07T12:24:55 IST" duration-ms="12196" status="PASS">
          <reporter-output>
          </reporter-output>
        </test-method> <!-- shouldApplyLeaveSuccessfullyWithValidInputs -->
        <test-method is-config="true" signature="tearDown(java.lang.reflect.Method)[pri:0, instance:com.testcases.TestngLeaveTests@5e519ad3]" started-at="2025-12-07T12:24:55 IST" name="tearDown" finished-at="2025-12-07T12:24:55 IST" duration-ms="198" status="PASS">
          <params>
            <param index="0">
              <value>
                <![CDATA[public void com.testcases.TestngLeaveTests.shouldApplyLeaveSuccessfullyWithValidInputs() throws java.lang.InterruptedException]]>
              </value>
            </param>
          </params>
          <reporter-output>
          </reporter-output>
        </test-method> <!-- tearDown -->
        <test-method is-config="true" signature="setUp(java.lang.String,java.lang.reflect.Method)[pri:0, instance:com.testcases.TestngLeaveTests@5e519ad3]" started-at="2025-12-07T12:24:55 IST" name="setUp" finished-at="2025-12-07T12:24:57 IST" duration-ms="1330" status="PASS">
          <params>
            <param index="0">
              <value is-null="true"/>
            </param>
            <param index="1">
              <value>
                <![CDATA[public void com.testcases.TestngLeaveTests.shouldApproveLeaveApplicationAsSupervisor() throws java.lang.InterruptedException]]>
              </value>
            </param>
          </params>
          <reporter-output>
          </reporter-output>
        </test-method> <!-- setUp -->
        <test-method signature="shouldApproveLeaveApplicationAsSupervisor()[pri:0, instance:com.testcases.TestngLeaveTests@5e519ad3]" started-at="2025-12-07T12:24:57 IST" name="shouldApproveLeaveApplicationAsSupervisor" finished-at="2025-12-07T12:25:02 IST" depends-on-methods="com.testcases.TestngLeaveTests.shouldApplyLeaveSuccessfullyWithValidInputs" duration-ms="5236" status="PASS">
          <reporter-output>
          </reporter-output>
        </test-method> <!-- shouldApproveLeaveApplicationAsSupervisor -->
        <test-method is-config="true" signature="tearDown(java.lang.reflect.Method)[pri:0, instance:com.testcases.TestngLeaveTests@5e519ad3]" started-at="2025-12-07T12:25:02 IST" name="tearDown" finished-at="2025-12-07T12:25:02 IST" duration-ms="162" status="PASS">
          <params>
            <param index="0">
              <value>
                <![CDATA[public void com.testcases.TestngLeaveTests.shouldApproveLeaveApplicationAsSupervisor() throws java.lang.InterruptedException]]>
              </value>
            </param>
          </params>
          <reporter-output>
          </reporter-output>
        </test-method> <!-- tearDown -->
        <test-method is-config="true" signature="setUp(java.lang.String,java.lang.reflect.Method)[pri:0, instance:com.testcases.TestngLeaveTests@5e519ad3]" started-at="2025-12-07T12:25:02 IST" name="setUp" finished-at="2025-12-07T12:25:03 IST" duration-ms="1221" status="PASS">
          <params>
            <param index="0">
              <value is-null="true"/>
            </param>
            <param index="1">
              <value>
                <![CDATA[public void com.testcases.TestngLeaveTests.shouldRejectLeaveApplicationWhenBalanceIsInsufficient() throws java.lang.InterruptedException]]>
              </value>
            </param>
          </params>
          <reporter-output>
          </reporter-output>
        </test-method> <!-- setUp -->
        <test-method signature="shouldRejectLeaveApplicationWhenBalanceIsInsufficient()[pri:0, instance:com.testcases.TestngLeaveTests@5e519ad3]" started-at="2025-12-07T12:25:03 IST" name="shouldRejectLeaveApplicationWhenBalanceIsInsufficient" finished-at="2025-12-07T12:25:10 IST" duration-ms="6834" status="PASS">
          <reporter-output>
          </reporter-output>
        </test-method> <!-- shouldRejectLeaveApplicationWhenBalanceIsInsufficient -->
        <test-method is-config="true" signature="tearDown(java.lang.reflect.Method)[pri:0, instance:com.testcases.TestngLeaveTests@5e519ad3]" started-at="2025-12-07T12:25:10 IST" name="tearDown" finished-at="2025-12-07T12:25:10 IST" duration-ms="174" status="PASS">
          <params>
            <param index="0">
              <value>
                <![CDATA[public void com.testcases.TestngLeaveTests.shouldRejectLeaveApplicationWhenBalanceIsInsufficient() throws java.lang.InterruptedException]]>
              </value>
            </param>
          </params>
          <reporter-output>
          </reporter-output>
        </test-method> <!-- tearDown -->
        <test-method is-config="true" signature="setUp(java.lang.String,java.lang.reflect.Method)[pri:0, instance:com.testcases.TestngLeaveTests@5e519ad3]" started-at="2025-12-07T12:25:10 IST" name="setUp" finished-at="2025-12-07T12:25:12 IST" duration-ms="1242" status="PASS">
          <params>
            <param index="0">
              <value is-null="true"/>
            </param>
            <param index="1">
              <value>
                <![CDATA[public void com.testcases.TestngLeaveTests.shouldRejectLeaveApplicationWithOverlappingDates() throws java.lang.InterruptedException]]>
              </value>
            </param>
          </params>
          <reporter-output>
          </reporter-output>
        </test-method> <!-- setUp -->
        <test-method signature="shouldRejectLeaveApplicationWithOverlappingDates()[pri:0, instance:com.testcases.TestngLeaveTests@5e519ad3]" started-at="2025-12-07T12:25:12 IST" name="shouldRejectLeaveApplicationWithOverlappingDates" finished-at="2025-12-07T12:25:27 IST" duration-ms="15296" status="PASS">
          <reporter-output>
          </reporter-output>
        </test-method> <!-- shouldRejectLeaveApplicationWithOverlappingDates -->
        <test-method is-config="true" signature="tearDown(java.lang.reflect.Method)[pri:0, instance:com.testcases.TestngLeaveTests@5e519ad3]" started-at="2025-12-07T12:25:27 IST" name="tearDown" finished-at="2025-12-07T12:25:27 IST" duration-ms="225" status="PASS">
          <params>
            <param index="0">
              <value>
                <![CDATA[public void com.testcases.TestngLeaveTests.shouldRejectLeaveApplicationWithOverlappingDates() throws java.lang.InterruptedException]]>
              </value>
            </param>
          </params>
          <reporter-output>
          </reporter-output>
        </test-method> <!-- tearDown -->
        <test-method is-config="true" signature="setUp(java.lang.String,java.lang.reflect.Method)[pri:0, instance:com.testcases.TestngLeaveTests@5e519ad3]" started-at="2025-12-07T12:25:27 IST" name="setUp" finished-at="2025-12-07T12:25:28 IST" duration-ms="1348" status="PASS">
          <params>
            <param index="0">
              <value is-null="true"/>
            </param>
            <param index="1">
              <value>
                <![CDATA[public void com.testcases.TestngLeaveTests.shouldAddLeaveEntitlementForEmployee() throws java.lang.InterruptedException]]>
              </value>
            </param>
          </params>
          <reporter-output>
          </reporter-output>
        </test-method> <!-- setUp -->
        <test-method signature="shouldAddLeaveEntitlementForEmployee()[pri:0, instance:com.testcases.TestngLeaveTests@5e519ad3]" started-at="2025-12-07T12:25:28 IST" name="shouldAddLeaveEntitlementForEmployee" finished-at="2025-12-07T12:25:54 IST" duration-ms="25699" status="PASS">
          <reporter-output>
          </reporter-output>
        </test-method> <!-- shouldAddLeaveEntitlementForEmployee -->
        <test-method is-config="true" signature="tearDown(java.lang.reflect.Method)[pri:0, instance:com.testcases.TestngLeaveTests@5e519ad3]" started-at="2025-12-07T12:25:54 IST" name="tearDown" finished-at="2025-12-07T12:25:54 IST" duration-ms="227" status="PASS">
          <params>
            <param index="0">
              <value>
                <![CDATA[public void com.testcases.TestngLeaveTests.shouldAddLeaveEntitlementForEmployee() throws java.lang.InterruptedException]]>
              </value>
            </param>
          </params>
          <reporter-output>
          </reporter-output>
        </test-method> <!-- tearDown -->
        <test-method is-config="true" signature="setUp(java.lang.String,java.lang.reflect.Method)[pri:0, instance:com.testcases.TestngLeaveTests@5e519ad3]" started-at="2025-12-07T12:25:54 IST" name="setUp" finished-at="2025-12-07T12:25:56 IST" duration-ms="1264" status="PASS">
          <params>
            <param index="0">
              <value is-null="true"/>
            </param>
            <param index="1">
              <value>
                <![CDATA[public void com.testcases.TestngLeaveTests.shouldPreventLeaveApplicationOnWeekendDates() throws java.lang.InterruptedException]]>
              </value>
            </param>
          </params>
          <reporter-output>
          </reporter-output>
        </test-method> <!-- setUp -->
        <test-method signature="shouldPreventLeaveApplicationOnWeekendDates()[pri:0, instance:com.testcases.TestngLeaveTests@5e519ad3]" started-at="2025-12-07T12:25:56 IST" name="shouldPreventLeaveApplicationOnWeekendDates" finished-at="2025-12-07T12:26:03 IST" duration-ms="7038" status="PASS">
          <reporter-output>
          </reporter-output>
        </test-method> <!-- shouldPreventLeaveApplicationOnWeekendDates -->
        <test-method is-config="true" signature="tearDown(java.lang.reflect.Method)[pri:0, instance:com.testcases.TestngLeaveTests@5e519ad3]" started-at="2025-12-07T12:26:03 IST" name="tearDown" finished-at="2025-12-07T12:26:03 IST" duration-ms="194" status="PASS">
          <params>
            <param index="0">
              <value>
                <![CDATA[public void com.testcases.TestngLeaveTests.shouldPreventLeaveApplicationOnWeekendDates() throws java.lang.InterruptedException]]>
              </value>
            </param>
          </params>
          <reporter-output>
          </reporter-output>
        </test-method> <!-- tearDown -->
        <test-method is-config="true" signature="setUp(java.lang.String,java.lang.reflect.Method)[pri:0, instance:com.testcases.TestngLeaveTests@5e519ad3]" started-at="2025-12-07T12:26:03 IST" name="setUp" finished-at="2025-12-07T12:26:04 IST" duration-ms="1309" status="PASS">
          <params>
            <param index="0">
              <value is-null="true"/>
            </param>
            <param index="1">
              <value>
                <![CDATA[public void com.testcases.TestngLeaveTests.shouldPreventLeaveApplicationWithoutSelectingLeaveType()]]>
              </value>
            </param>
          </params>
          <reporter-output>
          </reporter-output>
        </test-method> <!-- setUp -->
        <test-method signature="shouldPreventLeaveApplicationWithoutSelectingLeaveType()[pri:0, instance:com.testcases.TestngLeaveTests@5e519ad3]" started-at="2025-12-07T12:26:04 IST" name="shouldPreventLeaveApplicationWithoutSelectingLeaveType" finished-at="2025-12-07T12:26:11 IST" duration-ms="6465" status="PASS">
          <reporter-output>
          </reporter-output>
        </test-method> <!-- shouldPreventLeaveApplicationWithoutSelectingLeaveType -->
        <test-method is-config="true" signature="tearDown(java.lang.reflect.Method)[pri:0, instance:com.testcases.TestngLeaveTests@5e519ad3]" started-at="2025-12-07T12:26:11 IST" name="tearDown" finished-at="2025-12-07T12:26:11 IST" duration-ms="178" status="PASS">
          <params>
            <param index="0">
              <value>
                <![CDATA[public void com.testcases.TestngLeaveTests.shouldPreventLeaveApplicationWithoutSelectingLeaveType()]]>
              </value>
            </param>
          </params>
          <reporter-output>
          </reporter-output>
        </test-method> <!-- tearDown -->
      </class> <!-- com.testcases.TestngLeaveTests -->
    </test> <!-- Default test -->
  </suite> <!-- Default suite -->
</testng-results>
