<?xml version="1.0" encoding="UTF-8"?>
<testng-results ignored="8" total="9" passed="1" failed="0" skipped="0">
  <reporter-output>
  </reporter-output>
  <suite started-at="2025-11-27T16:04:43 IST" name="Default suite" finished-at="2025-11-27T16:05:21 IST" duration-ms="37198">
    <groups>
    </groups>
    <test started-at="2025-11-27T16:04:43 IST" name="Default test" finished-at="2025-11-27T16:05:21 IST" duration-ms="37198">
      <class name="com.testcases.TestSprint1">
        <test-method is-config="true" signature="cleanAllureResults()[pri:0, instance:com.testcases.TestSprint1@f6de586]" started-at="2025-11-27T16:04:43 IST" name="cleanAllureResults" finished-at="2025-11-27T16:04:43 IST" duration-ms="73" status="PASS">
          <reporter-output>
          </reporter-output>
        </test-method> <!-- cleanAllureResults -->
        <test-method is-config="true" signature="setUp()[pri:0, instance:com.testcases.TestSprint1@f6de586]" started-at="2025-11-27T16:04:44 IST" name="setUp" finished-at="2025-11-27T16:04:46 IST" duration-ms="2353" status="PASS">
          <reporter-output>
          </reporter-output>
        </test-method> <!-- setUp -->
        <test-method signature="AddCustomFieldsWithBothTypeOfInputMethodAndCheckIfReflectingOnRespectedPage()[pri:0, instance:com.testcases.TestSprint1@f6de586]" started-at="2025-11-27T16:04:46 IST" name="AddCustomFieldsWithBothTypeOfInputMethodAndCheckIfReflectingOnRespectedPage" finished-at="2025-11-27T16:05:20 IST" duration-ms="34241" status="PASS">
          <reporter-output>
          </reporter-output>
        </test-method> <!-- AddCustomFieldsWithBothTypeOfInputMethodAndCheckIfReflectingOnRespectedPage -->
        <test-method is-config="true" signature="tearDown()[pri:0, instance:com.testcases.TestSprint1@f6de586]" started-at="2025-11-27T16:05:20 IST" name="tearDown" finished-at="2025-11-27T16:05:21 IST" duration-ms="291" status="PASS">
          <reporter-output>
          </reporter-output>
        </test-method> <!-- tearDown -->
      </class> <!-- com.testcases.TestSprint1 -->
    </test> <!-- Default test -->
  </suite> <!-- Default suite -->
</testng-results>
