<?xml version="1.0" encoding="UTF-8"?>
<testng-results ignored="0" total="1" passed="1" failed="0" skipped="0">
  <reporter-output>
  </reporter-output>
  <suite started-at="2025-02-16T15:17:56 IST" name="Suite" finished-at="2025-02-16T15:18:08 IST" duration-ms="12173">
    <groups>
    </groups>
    <test started-at="2025-02-16T15:17:56 IST" name="Test" finished-at="2025-02-16T15:18:08 IST" duration-ms="12173">
      <class name="orangeHRM.testCases.testSprint1">
        <test-method is-config="true" signature="setUp()[pri:0, instance:orangeHRM.testCases.testSprint1@640dc4c6]" started-at="2025-02-16T15:17:56 IST" name="setUp" finished-at="2025-02-16T15:18:04 IST" duration-ms="7508" status="PASS">
          <reporter-output>
          </reporter-output>
        </test-method> <!-- setUp -->
        <test-method signature="CheckIfLoginSuccessfullWithCorrectCredentials()[pri:0, instance:orangeHRM.testCases.testSprint1@640dc4c6]" started-at="2025-02-16T15:18:04 IST" name="CheckIfLoginSuccessfullWithCorrectCredentials" finished-at="2025-02-16T15:18:08 IST" duration-ms="4269" status="PASS">
          <reporter-output>
          </reporter-output>
        </test-method> <!-- CheckIfLoginSuccessfullWithCorrectCredentials -->
        <test-method is-config="true" signature="closeBrowser()[pri:0, instance:orangeHRM.testCases.testSprint1@640dc4c6]" started-at="2025-02-16T15:18:08 IST" name="closeBrowser" finished-at="2025-02-16T15:18:08 IST" duration-ms="179" status="PASS">
          <reporter-output>
          </reporter-output>
        </test-method> <!-- closeBrowser -->
      </class> <!-- orangeHRM.testCases.testSprint1 -->
    </test> <!-- Test -->
  </suite> <!-- Suite -->
</testng-results>
