<?xml version="1.0" encoding="UTF-8"?>
<testng-results ignored="0" total="39" passed="39" failed="0" skipped="0">
  <reporter-output>
  </reporter-output>
  <suite started-at="2025-12-07T17:42:39 IST" name="Default suite" finished-at="2025-12-07T17:51:04 IST" duration-ms="505618">
    <groups>
      <group name="cucumber">
        <method signature="AbstractTestNGCucumberTests.runScenario(io.cucumber.testng.PickleWrapper,io.cucumber.testng.FeatureWrapper)[pri:0, instance:com.runner.CucumberTests@33b082c5]" name="runScenario" class="io.cucumber.testng.AbstractTestNGCucumberTests"/>
      </group> <!-- cucumber -->
    </groups>
    <test started-at="2025-12-07T17:42:39 IST" name="Default test" finished-at="2025-12-07T17:51:04 IST" duration-ms="505618">
      <class name="com.runner.CucumberTests">
        <test-method is-config="true" signature="setUpClass(org.testng.ITestContext)[pri:0, instance:com.runner.CucumberTests@33b082c5]" started-at="2025-12-07T17:42:39 IST" name="setUpClass" finished-at="2025-12-07T17:42:40 IST" duration-ms="1241" status="PASS">
          <params>
            <param index="0">
              <value>
                <![CDATA[org.testng.TestRunner@5d8a71fe]]>
              </value>
            </param>
          </params>
          <reporter-output>
          </reporter-output>
        </test-method> <!-- setUpClass -->
        <test-method signature="runScenario(io.cucumber.testng.PickleWrapper,io.cucumber.testng.FeatureWrapper)[pri:0, instance:com.runner.CucumberTests@33b082c5]" started-at="2025-12-07T17:42:40 IST" name="runScenario" description="Runs Cucumber Scenarios" data-provider="scenarios" finished-at="2025-12-07T17:42:54 IST" duration-ms="14270" status="PASS">
          <params>
            <param index="0">
              <value>
                <![CDATA["Search results are displayed correctly when searched by username"]]>
              </value>
            </param>
            <param index="1">
              <value>
                <![CDATA["Admin Module"]]>
              </value>
            </param>
          </params>
          <reporter-output>
          </reporter-output>
        </test-method> <!-- runScenario -->
        <test-method signature="runScenario(io.cucumber.testng.PickleWrapper,io.cucumber.testng.FeatureWrapper)[pri:0, instance:com.runner.CucumberTests@33b082c5]" started-at="2025-12-07T17:42:54 IST" name="runScenario" description="Runs Cucumber Scenarios" data-provider="scenarios" finished-at="2025-12-07T17:43:07 IST" duration-ms="12304" status="PASS">
          <params>
            <param index="0">
              <value>
                <![CDATA["Search results display only users with the selected role"]]>
              </value>
            </param>
            <param index="1">
              <value>
                <![CDATA["Admin Module"]]>
              </value>
            </param>
          </params>
          <reporter-output>
          </reporter-output>
        </test-method> <!-- runScenario -->
        <test-method signature="runScenario(io.cucumber.testng.PickleWrapper,io.cucumber.testng.FeatureWrapper)[pri:0, instance:com.runner.CucumberTests@33b082c5]" started-at="2025-12-07T17:43:07 IST" name="runScenario" description="Runs Cucumber Scenarios" data-provider="scenarios" finished-at="2025-12-07T17:43:22 IST" duration-ms="14904" status="PASS">
          <params>
            <param index="0">
              <value>
                <![CDATA["Search results display only the selected employee"]]>
              </value>
            </param>
            <param index="1">
              <value>
                <![CDATA["Admin Module"]]>
              </value>
            </param>
          </params>
          <reporter-output>
          </reporter-output>
        </test-method> <!-- runScenario -->
        <test-method signature="runScenario(io.cucumber.testng.PickleWrapper,io.cucumber.testng.FeatureWrapper)[pri:0, instance:com.runner.CucumberTests@33b082c5]" started-at="2025-12-07T17:43:22 IST" name="runScenario" description="Runs Cucumber Scenarios" data-provider="scenarios" finished-at="2025-12-07T17:43:33 IST" duration-ms="11838" status="PASS">
          <params>
            <param index="0">
              <value>
                <![CDATA["Search results display only users with the selected login status"]]>
              </value>
            </param>
            <param index="1">
              <value>
                <![CDATA["Admin Module"]]>
              </value>
            </param>
          </params>
          <reporter-output>
          </reporter-output>
        </test-method> <!-- runScenario -->
        <test-method signature="runScenario(io.cucumber.testng.PickleWrapper,io.cucumber.testng.FeatureWrapper)[pri:0, instance:com.runner.CucumberTests@33b082c5]" started-at="2025-12-07T17:43:33 IST" name="runScenario" description="Runs Cucumber Scenarios" data-provider="scenarios" finished-at="2025-12-07T17:43:42 IST" duration-ms="9026" status="PASS">
          <params>
            <param index="0">
              <value>
                <![CDATA["Job submenu displays the correct detail options"]]>
              </value>
            </param>
            <param index="1">
              <value>
                <![CDATA["Admin Module"]]>
              </value>
            </param>
          </params>
          <reporter-output>
          </reporter-output>
        </test-method> <!-- runScenario -->
        <test-method signature="runScenario(io.cucumber.testng.PickleWrapper,io.cucumber.testng.FeatureWrapper)[pri:0, instance:com.runner.CucumberTests@33b082c5]" started-at="2025-12-07T17:43:42 IST" name="runScenario" description="Runs Cucumber Scenarios" data-provider="scenarios" finished-at="2025-12-07T17:43:54 IST" duration-ms="11161" status="PASS">
          <params>
            <param index="0">
              <value>
                <![CDATA["Organization details are updated and displayed correctly"]]>
              </value>
            </param>
            <param index="1">
              <value>
                <![CDATA["Admin Module"]]>
              </value>
            </param>
          </params>
          <reporter-output>
          </reporter-output>
        </test-method> <!-- runScenario -->
        <test-method signature="runScenario(io.cucumber.testng.PickleWrapper,io.cucumber.testng.FeatureWrapper)[pri:0, instance:com.runner.CucumberTests@33b082c5]" started-at="2025-12-07T17:43:54 IST" name="runScenario" description="Runs Cucumber Scenarios" data-provider="scenarios" finished-at="2025-12-07T17:44:11 IST" duration-ms="17602" status="PASS">
          <params>
            <param index="0">
              <value>
                <![CDATA["Updated location details are displayed correctly"]]>
              </value>
            </param>
            <param index="1">
              <value>
                <![CDATA["Admin Module"]]>
              </value>
            </param>
          </params>
          <reporter-output>
          </reporter-output>
        </test-method> <!-- runScenario -->
        <test-method signature="runScenario(io.cucumber.testng.PickleWrapper,io.cucumber.testng.FeatureWrapper)[pri:0, instance:com.runner.CucumberTests@33b082c5]" started-at="2025-12-07T17:44:11 IST" name="runScenario" description="Runs Cucumber Scenarios" data-provider="scenarios" finished-at="2025-12-07T17:44:21 IST" duration-ms="10271" status="PASS">
          <params>
            <param index="0">
              <value>
                <![CDATA["Newly added skills are displayed correctly"]]>
              </value>
            </param>
            <param index="1">
              <value>
                <![CDATA["Admin Module"]]>
              </value>
            </param>
          </params>
          <reporter-output>
          </reporter-output>
        </test-method> <!-- runScenario -->
        <test-method signature="runScenario(io.cucumber.testng.PickleWrapper,io.cucumber.testng.FeatureWrapper)[pri:0, instance:com.runner.CucumberTests@33b082c5]" started-at="2025-12-07T17:44:21 IST" name="runScenario" description="Runs Cucumber Scenarios" data-provider="scenarios" finished-at="2025-12-07T17:44:27 IST" duration-ms="5163" status="PASS">
          <params>
            <param index="0">
              <value>
                <![CDATA["About link opens the About Information page"]]>
              </value>
            </param>
            <param index="1">
              <value>
                <![CDATA["Dashboard Module"]]>
              </value>
            </param>
          </params>
          <reporter-output>
          </reporter-output>
        </test-method> <!-- runScenario -->
        <test-method signature="runScenario(io.cucumber.testng.PickleWrapper,io.cucumber.testng.FeatureWrapper)[pri:0, instance:com.runner.CucumberTests@33b082c5]" started-at="2025-12-07T17:44:27 IST" name="runScenario" description="Runs Cucumber Scenarios" data-provider="scenarios" finished-at="2025-12-07T17:44:32 IST" duration-ms="5465" status="PASS">
          <params>
            <param index="0">
              <value>
                <![CDATA["Support link opens the Support Information page"]]>
              </value>
            </param>
            <param index="1">
              <value>
                <![CDATA["Dashboard Module"]]>
              </value>
            </param>
          </params>
          <reporter-output>
          </reporter-output>
        </test-method> <!-- runScenario -->
        <test-method signature="runScenario(io.cucumber.testng.PickleWrapper,io.cucumber.testng.FeatureWrapper)[pri:0, instance:com.runner.CucumberTests@33b082c5]" started-at="2025-12-07T17:44:32 IST" name="runScenario" description="Runs Cucumber Scenarios" data-provider="scenarios" finished-at="2025-12-07T17:44:38 IST" duration-ms="5465" status="PASS">
          <params>
            <param index="0">
              <value>
                <![CDATA["Change Password link opens the password change page"]]>
              </value>
            </param>
            <param index="1">
              <value>
                <![CDATA["Dashboard Module"]]>
              </value>
            </param>
          </params>
          <reporter-output>
          </reporter-output>
        </test-method> <!-- runScenario -->
        <test-method signature="runScenario(io.cucumber.testng.PickleWrapper,io.cucumber.testng.FeatureWrapper)[pri:0, instance:com.runner.CucumberTests@33b082c5]" started-at="2025-12-07T17:44:38 IST" name="runScenario" description="Runs Cucumber Scenarios" data-provider="scenarios" finished-at="2025-12-07T17:44:44 IST" duration-ms="6179" status="PASS">
          <params>
            <param index="0">
              <value>
                <![CDATA["Punch In link navigates to the Time module Punch In page"]]>
              </value>
            </param>
            <param index="1">
              <value>
                <![CDATA["Dashboard Module"]]>
              </value>
            </param>
          </params>
          <reporter-output>
          </reporter-output>
        </test-method> <!-- runScenario -->
        <test-method signature="runScenario(io.cucumber.testng.PickleWrapper,io.cucumber.testng.FeatureWrapper)[pri:0, instance:com.runner.CucumberTests@33b082c5]" started-at="2025-12-07T17:44:44 IST" name="runScenario" description="Runs Cucumber Scenarios" data-provider="scenarios" finished-at="2025-12-07T17:44:50 IST" duration-ms="6365" status="PASS">
          <params>
            <param index="0">
              <value>
                <![CDATA["Timesheet link navigates to the Timesheet module page"]]>
              </value>
            </param>
            <param index="1">
              <value>
                <![CDATA["Dashboard Module"]]>
              </value>
            </param>
          </params>
          <reporter-output>
          </reporter-output>
        </test-method> <!-- runScenario -->
        <test-method signature="runScenario(io.cucumber.testng.PickleWrapper,io.cucumber.testng.FeatureWrapper)[pri:0, instance:com.runner.CucumberTests@33b082c5]" started-at="2025-12-07T17:44:50 IST" name="runScenario" description="Runs Cucumber Scenarios" data-provider="scenarios" finished-at="2025-12-07T17:44:56 IST" duration-ms="6229" status="PASS">
          <params>
            <param index="0">
              <value>
                <![CDATA["Apply leave link navigates to the Leave module page"]]>
              </value>
            </param>
            <param index="1">
              <value>
                <![CDATA["Dashboard Module"]]>
              </value>
            </param>
          </params>
          <reporter-output>
          </reporter-output>
        </test-method> <!-- runScenario -->
        <test-method signature="runScenario(io.cucumber.testng.PickleWrapper,io.cucumber.testng.FeatureWrapper)[pri:0, instance:com.runner.CucumberTests@33b082c5]" started-at="2025-12-07T17:44:56 IST" name="runScenario" description="Runs Cucumber Scenarios" data-provider="scenarios" finished-at="2025-12-07T17:45:11 IST" duration-ms="14464" status="PASS">
          <params>
            <param index="0">
              <value>
                <![CDATA["Search results are displayed correctly when filtered by Employee ID"]]>
              </value>
            </param>
            <param index="1">
              <value>
                <![CDATA["Employee Module"]]>
              </value>
            </param>
          </params>
          <reporter-output>
          </reporter-output>
        </test-method> <!-- runScenario -->
        <test-method signature="runScenario(io.cucumber.testng.PickleWrapper,io.cucumber.testng.FeatureWrapper)[pri:0, instance:com.runner.CucumberTests@33b082c5]" started-at="2025-12-07T17:45:11 IST" name="runScenario" description="Runs Cucumber Scenarios" data-provider="scenarios" finished-at="2025-12-07T17:45:35 IST" duration-ms="23876" status="PASS">
          <params>
            <param index="0">
              <value>
                <![CDATA["Search results are displayed correctly when filtered by Employee first or last name"]]>
              </value>
            </param>
            <param index="1">
              <value>
                <![CDATA["Employee Module"]]>
              </value>
            </param>
          </params>
          <reporter-output>
          </reporter-output>
        </test-method> <!-- runScenario -->
        <test-method signature="runScenario(io.cucumber.testng.PickleWrapper,io.cucumber.testng.FeatureWrapper)[pri:0, instance:com.runner.CucumberTests@33b082c5]" started-at="2025-12-07T17:45:35 IST" name="runScenario" description="Runs Cucumber Scenarios" data-provider="scenarios" finished-at="2025-12-07T17:45:44 IST" duration-ms="9615" status="PASS">
          <params>
            <param index="0">
              <value>
                <![CDATA["Search results are displayed correctly when filtered by Employment Status"]]>
              </value>
            </param>
            <param index="1">
              <value>
                <![CDATA["Employee Module"]]>
              </value>
            </param>
          </params>
          <reporter-output>
          </reporter-output>
        </test-method> <!-- runScenario -->
        <test-method signature="runScenario(io.cucumber.testng.PickleWrapper,io.cucumber.testng.FeatureWrapper)[pri:0, instance:com.runner.CucumberTests@33b082c5]" started-at="2025-12-07T17:45:44 IST" name="runScenario" description="Runs Cucumber Scenarios" data-provider="scenarios" finished-at="2025-12-07T17:46:02 IST" duration-ms="17238" status="PASS">
          <params>
            <param index="0">
              <value>
                <![CDATA["Search results are displayed correctly when filtered by Supervisor Name"]]>
              </value>
            </param>
            <param index="1">
              <value>
                <![CDATA["Employee Module"]]>
              </value>
            </param>
          </params>
          <reporter-output>
          </reporter-output>
        </test-method> <!-- runScenario -->
        <test-method signature="runScenario(io.cucumber.testng.PickleWrapper,io.cucumber.testng.FeatureWrapper)[pri:0, instance:com.runner.CucumberTests@33b082c5]" started-at="2025-12-07T17:46:02 IST" name="runScenario" description="Runs Cucumber Scenarios" data-provider="scenarios" finished-at="2025-12-07T17:46:11 IST" duration-ms="9549" status="PASS">
          <params>
            <param index="0">
              <value>
                <![CDATA["Search results are displayed correctly when filtered by Job Title"]]>
              </value>
            </param>
            <param index="1">
              <value>
                <![CDATA["Employee Module"]]>
              </value>
            </param>
          </params>
          <reporter-output>
          </reporter-output>
        </test-method> <!-- runScenario -->
        <test-method signature="runScenario(io.cucumber.testng.PickleWrapper,io.cucumber.testng.FeatureWrapper)[pri:0, instance:com.runner.CucumberTests@33b082c5]" started-at="2025-12-07T17:46:11 IST" name="runScenario" description="Runs Cucumber Scenarios" data-provider="scenarios" finished-at="2025-12-07T17:46:21 IST" duration-ms="10124" status="PASS">
          <params>
            <param index="0">
              <value>
                <![CDATA["Search results are displayed correctly when filtered by Sub Unit"]]>
              </value>
            </param>
            <param index="1">
              <value>
                <![CDATA["Employee Module"]]>
              </value>
            </param>
          </params>
          <reporter-output>
          </reporter-output>
        </test-method> <!-- runScenario -->
        <test-method signature="runScenario(io.cucumber.testng.PickleWrapper,io.cucumber.testng.FeatureWrapper)[pri:0, instance:com.runner.CucumberTests@33b082c5]" started-at="2025-12-07T17:46:21 IST" name="runScenario" description="Runs Cucumber Scenarios" data-provider="scenarios" finished-at="2025-12-07T17:46:48 IST" duration-ms="27084" status="PASS">
          <params>
            <param index="0">
              <value>
                <![CDATA["All fields function correctly when adding a new user"]]>
              </value>
            </param>
            <param index="1">
              <value>
                <![CDATA["Employee Module"]]>
              </value>
            </param>
          </params>
          <reporter-output>
          </reporter-output>
        </test-method> <!-- runScenario -->
        <test-method signature="runScenario(io.cucumber.testng.PickleWrapper,io.cucumber.testng.FeatureWrapper)[pri:0, instance:com.runner.CucumberTests@33b082c5]" started-at="2025-12-07T17:46:48 IST" name="runScenario" description="Runs Cucumber Scenarios" data-provider="scenarios" finished-at="2025-12-07T17:47:09 IST" duration-ms="20573" status="PASS">
          <params>
            <param index="0">
              <value>
                <![CDATA["Leave is applied successfully and approved by the supervisor"]]>
              </value>
            </param>
            <param index="1">
              <value>
                <![CDATA["Leave Module"]]>
              </value>
            </param>
          </params>
          <reporter-output>
          </reporter-output>
        </test-method> <!-- runScenario -->
        <test-method signature="runScenario(io.cucumber.testng.PickleWrapper,io.cucumber.testng.FeatureWrapper)[pri:0, instance:com.runner.CucumberTests@33b082c5]" started-at="2025-12-07T17:47:09 IST" name="runScenario" description="Runs Cucumber Scenarios" data-provider="scenarios" finished-at="2025-12-07T17:47:26 IST" duration-ms="17034" status="PASS">
          <params>
            <param index="0">
              <value>
                <![CDATA["Leave application is rejected for overlapping dates"]]>
              </value>
            </param>
            <param index="1">
              <value>
                <![CDATA["Leave Module"]]>
              </value>
            </param>
          </params>
          <reporter-output>
          </reporter-output>
        </test-method> <!-- runScenario -->
        <test-method signature="runScenario(io.cucumber.testng.PickleWrapper,io.cucumber.testng.FeatureWrapper)[pri:0, instance:com.runner.CucumberTests@33b082c5]" started-at="2025-12-07T17:47:26 IST" name="runScenario" description="Runs Cucumber Scenarios" data-provider="scenarios" finished-at="2025-12-07T17:47:34 IST" duration-ms="8124" status="PASS">
          <params>
            <param index="0">
              <value>
                <![CDATA["Leave application is prevented without selecting a leave type"]]>
              </value>
            </param>
            <param index="1">
              <value>
                <![CDATA["Leave Module"]]>
              </value>
            </param>
          </params>
          <reporter-output>
          </reporter-output>
        </test-method> <!-- runScenario -->
        <test-method signature="runScenario(io.cucumber.testng.PickleWrapper,io.cucumber.testng.FeatureWrapper)[pri:0, instance:com.runner.CucumberTests@33b082c5]" started-at="2025-12-07T17:47:34 IST" name="runScenario" description="Runs Cucumber Scenarios" data-provider="scenarios" finished-at="2025-12-07T17:47:43 IST" duration-ms="9098" status="PASS">
          <params>
            <param index="0">
              <value>
                <![CDATA["Leave application is prevented for non-working day dates"]]>
              </value>
            </param>
            <param index="1">
              <value>
                <![CDATA["Leave Module"]]>
              </value>
            </param>
          </params>
          <reporter-output>
          </reporter-output>
        </test-method> <!-- runScenario -->
        <test-method signature="runScenario(io.cucumber.testng.PickleWrapper,io.cucumber.testng.FeatureWrapper)[pri:0, instance:com.runner.CucumberTests@33b082c5]" started-at="2025-12-07T17:47:43 IST" name="runScenario" description="Runs Cucumber Scenarios" data-provider="scenarios" finished-at="2025-12-07T17:47:52 IST" duration-ms="9056" status="PASS">
          <params>
            <param index="0">
              <value>
                <![CDATA["Leave application is prevented due to insufficient leave balance"]]>
              </value>
            </param>
            <param index="1">
              <value>
                <![CDATA["Leave Module"]]>
              </value>
            </param>
          </params>
          <reporter-output>
          </reporter-output>
        </test-method> <!-- runScenario -->
        <test-method signature="runScenario(io.cucumber.testng.PickleWrapper,io.cucumber.testng.FeatureWrapper)[pri:0, instance:com.runner.CucumberTests@33b082c5]" started-at="2025-12-07T17:47:52 IST" name="runScenario" description="Runs Cucumber Scenarios" data-provider="scenarios" finished-at="2025-12-07T17:48:18 IST" duration-ms="25879" status="PASS">
          <params>
            <param index="0">
              <value>
                <![CDATA["Leave entitlement is added successfully for an employee"]]>
              </value>
            </param>
            <param index="1">
              <value>
                <![CDATA["Leave Module"]]>
              </value>
            </param>
          </params>
          <reporter-output>
          </reporter-output>
        </test-method> <!-- runScenario -->
        <test-method signature="runScenario(io.cucumber.testng.PickleWrapper,io.cucumber.testng.FeatureWrapper)[pri:0, instance:com.runner.CucumberTests@33b082c5]" started-at="2025-12-07T17:48:18 IST" name="runScenario" description="Runs Cucumber Scenarios" data-provider="scenarios" finished-at="2025-12-07T17:48:22 IST" duration-ms="3794" status="PASS">
          <params>
            <param index="0">
              <value>
                <![CDATA["User logs in successfully with valid credentials"]]>
              </value>
            </param>
            <param index="1">
              <value>
                <![CDATA["Login Functionality"]]>
              </value>
            </param>
          </params>
          <reporter-output>
          </reporter-output>
        </test-method> <!-- runScenario -->
        <test-method signature="runScenario(io.cucumber.testng.PickleWrapper,io.cucumber.testng.FeatureWrapper)[pri:0, instance:com.runner.CucumberTests@33b082c5]" started-at="2025-12-07T17:48:22 IST" name="runScenario" description="Runs Cucumber Scenarios" data-provider="scenarios" finished-at="2025-12-07T17:48:26 IST" duration-ms="3766" status="PASS">
          <params>
            <param index="0">
              <value>
                <![CDATA["User logs in successfully with valid credentials"]]>
              </value>
            </param>
            <param index="1">
              <value>
                <![CDATA["Login Functionality"]]>
              </value>
            </param>
          </params>
          <reporter-output>
          </reporter-output>
        </test-method> <!-- runScenario -->
        <test-method signature="runScenario(io.cucumber.testng.PickleWrapper,io.cucumber.testng.FeatureWrapper)[pri:0, instance:com.runner.CucumberTests@33b082c5]" started-at="2025-12-07T17:48:26 IST" name="runScenario" description="Runs Cucumber Scenarios" data-provider="scenarios" finished-at="2025-12-07T17:48:29 IST" duration-ms="3801" status="PASS">
          <params>
            <param index="0">
              <value>
                <![CDATA["Error message is displayed when invalid credentials are entered"]]>
              </value>
            </param>
            <param index="1">
              <value>
                <![CDATA["Login Functionality"]]>
              </value>
            </param>
          </params>
          <reporter-output>
          </reporter-output>
        </test-method> <!-- runScenario -->
        <test-method signature="runScenario(io.cucumber.testng.PickleWrapper,io.cucumber.testng.FeatureWrapper)[pri:0, instance:com.runner.CucumberTests@33b082c5]" started-at="2025-12-07T17:48:29 IST" name="runScenario" description="Runs Cucumber Scenarios" data-provider="scenarios" finished-at="2025-12-07T17:48:32 IST" duration-ms="2370" status="PASS">
          <params>
            <param index="0">
              <value>
                <![CDATA["Error message is displayed when credentials are left blank"]]>
              </value>
            </param>
            <param index="1">
              <value>
                <![CDATA["Login Functionality"]]>
              </value>
            </param>
          </params>
          <reporter-output>
          </reporter-output>
        </test-method> <!-- runScenario -->
        <test-method signature="runScenario(io.cucumber.testng.PickleWrapper,io.cucumber.testng.FeatureWrapper)[pri:0, instance:com.runner.CucumberTests@33b082c5]" started-at="2025-12-07T17:48:32 IST" name="runScenario" description="Runs Cucumber Scenarios" data-provider="scenarios" finished-at="2025-12-07T17:48:48 IST" duration-ms="15932" status="PASS">
          <params>
            <param index="0">
              <value>
                <![CDATA["New KPI is added successfully for a job title"]]>
              </value>
            </param>
            <param index="1">
              <value>
                <![CDATA["Performance moduel"]]>
              </value>
            </param>
          </params>
          <reporter-output>
          </reporter-output>
        </test-method> <!-- runScenario -->
        <test-method signature="runScenario(io.cucumber.testng.PickleWrapper,io.cucumber.testng.FeatureWrapper)[pri:0, instance:com.runner.CucumberTests@33b082c5]" started-at="2025-12-07T17:48:48 IST" name="runScenario" description="Runs Cucumber Scenarios" data-provider="scenarios" finished-at="2025-12-07T17:48:57 IST" duration-ms="9479" status="PASS">
          <params>
            <param index="0">
              <value>
                <![CDATA["Optional fields can be enabled in the PIM configuration"]]>
              </value>
            </param>
            <param index="1">
              <value>
                <![CDATA["PIM Module"]]>
              </value>
            </param>
          </params>
          <reporter-output>
          </reporter-output>
        </test-method> <!-- runScenario -->
        <test-method signature="runScenario(io.cucumber.testng.PickleWrapper,io.cucumber.testng.FeatureWrapper)[pri:0, instance:com.runner.CucumberTests@33b082c5]" started-at="2025-12-07T17:48:57 IST" name="runScenario" description="Runs Cucumber Scenarios" data-provider="scenarios" finished-at="2025-12-07T17:49:21 IST" duration-ms="23714" status="PASS">
          <params>
            <param index="0">
              <value>
                <![CDATA["Changes to optional fields in PIM configuration are reflected in the user profile"]]>
              </value>
            </param>
            <param index="1">
              <value>
                <![CDATA["PIM Module"]]>
              </value>
            </param>
          </params>
          <reporter-output>
          </reporter-output>
        </test-method> <!-- runScenario -->
        <test-method signature="runScenario(io.cucumber.testng.PickleWrapper,io.cucumber.testng.FeatureWrapper)[pri:0, instance:com.runner.CucumberTests@33b082c5]" started-at="2025-12-07T17:49:21 IST" name="runScenario" description="Runs Cucumber Scenarios" data-provider="scenarios" finished-at="2025-12-07T17:49:54 IST" duration-ms="32588" status="PASS">
          <params>
            <param index="0">
              <value>
                <![CDATA["Custom fields can be added with both input types"]]>
              </value>
            </param>
            <param index="1">
              <value>
                <![CDATA["PIM Module"]]>
              </value>
            </param>
          </params>
          <reporter-output>
          </reporter-output>
        </test-method> <!-- runScenario -->
        <test-method signature="runScenario(io.cucumber.testng.PickleWrapper,io.cucumber.testng.FeatureWrapper)[pri:0, instance:com.runner.CucumberTests@33b082c5]" started-at="2025-12-07T17:49:54 IST" name="runScenario" description="Runs Cucumber Scenarios" data-provider="scenarios" finished-at="2025-12-07T17:50:11 IST" duration-ms="16994" status="PASS">
          <params>
            <param index="0">
              <value>
                <![CDATA["Vacancy added with complete details is visible in the candidate form"]]>
              </value>
            </param>
            <param index="1">
              <value>
                <![CDATA["Recruitment module"]]>
              </value>
            </param>
          </params>
          <reporter-output>
          </reporter-output>
        </test-method> <!-- runScenario -->
        <test-method signature="runScenario(io.cucumber.testng.PickleWrapper,io.cucumber.testng.FeatureWrapper)[pri:0, instance:com.runner.CucumberTests@33b082c5]" started-at="2025-12-07T17:50:11 IST" name="runScenario" description="Runs Cucumber Scenarios" data-provider="scenarios" finished-at="2025-12-07T17:50:22 IST" duration-ms="11636" status="PASS">
          <params>
            <param index="0">
              <value>
                <![CDATA["Candidate is successfully added to an existing vacancy"]]>
              </value>
            </param>
            <param index="1">
              <value>
                <![CDATA["Recruitment module"]]>
              </value>
            </param>
          </params>
          <reporter-output>
          </reporter-output>
        </test-method> <!-- runScenario -->
        <test-method signature="runScenario(io.cucumber.testng.PickleWrapper,io.cucumber.testng.FeatureWrapper)[pri:0, instance:com.runner.CucumberTests@33b082c5]" started-at="2025-12-07T17:50:22 IST" name="runScenario" description="Runs Cucumber Scenarios" data-provider="scenarios" finished-at="2025-12-07T17:50:34 IST" duration-ms="11751" status="PASS">
          <params>
            <param index="0">
              <value>
                <![CDATA["Candidate is added to an existing vacancy without providing an email"]]>
              </value>
            </param>
            <param index="1">
              <value>
                <![CDATA["Recruitment module"]]>
              </value>
            </param>
          </params>
          <reporter-output>
          </reporter-output>
        </test-method> <!-- runScenario -->
        <test-method signature="runScenario(io.cucumber.testng.PickleWrapper,io.cucumber.testng.FeatureWrapper)[pri:0, instance:com.runner.CucumberTests@33b082c5]" started-at="2025-12-07T17:50:34 IST" name="runScenario" description="Runs Cucumber Scenarios" data-provider="scenarios" finished-at="2025-12-07T17:51:04 IST" duration-ms="30287" status="PASS">
          <params>
            <param index="0">
              <value>
                <![CDATA["Admin approves a timesheet after it is created, edited, and submitted"]]>
              </value>
            </param>
            <param index="1">
              <value>
                <![CDATA["TimeEntry module"]]>
              </value>
            </param>
          </params>
          <reporter-output>
          </reporter-output>
        </test-method> <!-- runScenario -->
        <test-method is-config="true" signature="tearDownClass()[pri:0, instance:com.runner.CucumberTests@33b082c5]" started-at="2025-12-07T17:51:04 IST" name="tearDownClass" finished-at="2025-12-07T17:51:04 IST" duration-ms="131" status="PASS">
          <reporter-output>
          </reporter-output>
        </test-method> <!-- tearDownClass -->
      </class> <!-- com.runner.CucumberTests -->
    </test> <!-- Default test -->
  </suite> <!-- Default suite -->
</testng-results>
