<?xml version="1.0" encoding="UTF-8"?>
<testng-results ignored="11" total="12" passed="1" failed="0" skipped="0">
  <reporter-output>
  </reporter-output>
  <suite started-at="2025-11-19T22:48:58 IST" name="Default suite" finished-at="2025-11-19T22:49:39 IST" duration-ms="41443">
    <groups>
    </groups>
    <test started-at="2025-11-19T22:48:58 IST" name="Default test" finished-at="2025-11-19T22:49:39 IST" duration-ms="41443">
      <class name="com.testcases.TestSprint2">
        <test-method is-config="true" signature="cleanAllureResults()[pri:0, instance:com.testcases.TestSprint2@7a583586]" started-at="2025-11-19T22:48:58 IST" name="cleanAllureResults" finished-at="2025-11-19T22:48:58 IST" duration-ms="68" status="PASS">
          <reporter-output>
          </reporter-output>
        </test-method> <!-- cleanAllureResults -->
        <test-method is-config="true" signature="setUp(java.lang.String,java.lang.String)[pri:0, instance:com.testcases.TestSprint2@7a583586]" started-at="2025-11-19T22:48:58 IST" name="setUp" finished-at="2025-11-19T22:49:01 IST" duration-ms="3241" status="PASS">
          <params>
            <param index="0">
              <value>
                <![CDATA[Chrome]]>
              </value>
            </param>
            <param index="1">
              <value>
                <![CDATA[http://localhost/orangehrm]]>
              </value>
            </param>
          </params>
          <reporter-output>
          </reporter-output>
        </test-method> <!-- setUp -->
        <test-method is-config="true" signature="pageSetup()[pri:0, instance:com.testcases.TestSprint2@7a583586]" started-at="2025-11-19T22:49:01 IST" name="pageSetup" finished-at="2025-11-19T22:49:02 IST" duration-ms="77" status="PASS">
          <reporter-output>
          </reporter-output>
        </test-method> <!-- pageSetup -->
        <test-method signature="approveLeaveApplication()[pri:0, instance:com.testcases.TestSprint2@7a583586]" started-at="2025-11-19T22:49:02 IST" name="approveLeaveApplication" finished-at="2025-11-19T22:49:36 IST" duration-ms="34594" status="PASS">
          <reporter-output>
          </reporter-output>
        </test-method> <!-- approveLeaveApplication -->
        <test-method is-config="true" signature="tearDowntest()[pri:0, instance:com.testcases.TestSprint2@7a583586]" started-at="2025-11-19T22:49:36 IST" name="tearDowntest" finished-at="2025-11-19T22:49:39 IST" duration-ms="3002" status="PASS">
          <reporter-output>
          </reporter-output>
        </test-method> <!-- tearDowntest -->
        <test-method is-config="true" signature="closeBrowser()[pri:0, instance:com.testcases.TestSprint2@7a583586]" started-at="2025-11-19T22:49:39 IST" name="closeBrowser" finished-at="2025-11-19T22:49:39 IST" duration-ms="239" status="PASS">
          <reporter-output>
          </reporter-output>
        </test-method> <!-- closeBrowser -->
      </class> <!-- com.testcases.TestSprint2 -->
    </test> <!-- Default test -->
  </suite> <!-- Default suite -->
</testng-results>
