<?xml version="1.0" encoding="UTF-8"?>
<testng-results ignored="0" total="1" passed="1" failed="0" skipped="0">
  <reporter-output>
  </reporter-output>
  <suite started-at="2025-12-04T01:15:18 IST" name="Default suite" finished-at="2025-12-04T01:15:56 IST" duration-ms="37548">
    <groups>
      <group name="cucumber">
        <method signature="AbstractTestNGCucumberTests.runScenario(io.cucumber.testng.PickleWrapper,io.cucumber.testng.FeatureWrapper)[pri:0, instance:com.runner.CucumberTests@4441d567]" name="runScenario" class="io.cucumber.testng.AbstractTestNGCucumberTests"/>
      </group> <!-- cucumber -->
    </groups>
    <test started-at="2025-12-04T01:15:18 IST" name="Default test" finished-at="2025-12-04T01:15:56 IST" duration-ms="37548">
      <class name="com.runner.CucumberTests">
        <test-method is-config="true" signature="setUpClass(org.testng.ITestContext)[pri:0, instance:com.runner.CucumberTests@4441d567]" started-at="2025-12-04T01:15:18 IST" name="setUpClass" finished-at="2025-12-04T01:15:20 IST" duration-ms="1331" status="PASS">
          <params>
            <param index="0">
              <value>
                <![CDATA[org.testng.TestRunner@4d071e4b]]>
              </value>
            </param>
          </params>
          <reporter-output>
          </reporter-output>
        </test-method> <!-- setUpClass -->
        <test-method signature="runScenario(io.cucumber.testng.PickleWrapper,io.cucumber.testng.FeatureWrapper)[pri:0, instance:com.runner.CucumberTests@4441d567]" started-at="2025-12-04T01:15:20 IST" name="runScenario" description="Runs Cucumber Scenarios" data-provider="scenarios" finished-at="2025-12-04T01:15:56 IST" duration-ms="36058" status="PASS">
          <params>
            <param index="0">
              <value>
                <![CDATA["User apply leave with valid inputs and supervisor approves it"]]>
              </value>
            </param>
            <param index="1">
              <value>
                <![CDATA["Leave Module"]]>
              </value>
            </param>
          </params>
          <reporter-output>
          </reporter-output>
        </test-method> <!-- runScenario -->
        <test-method is-config="true" signature="tearDownClass()[pri:0, instance:com.runner.CucumberTests@4441d567]" started-at="2025-12-04T01:15:56 IST" name="tearDownClass" finished-at="2025-12-04T01:15:56 IST" duration-ms="66" status="PASS">
          <reporter-output>
          </reporter-output>
        </test-method> <!-- tearDownClass -->
      </class> <!-- com.runner.CucumberTests -->
    </test> <!-- Default test -->
  </suite> <!-- Default suite -->
</testng-results>
