<?xml version="1.0" encoding="UTF-8"?>
<testng-results ignored="3" total="4" passed="1" failed="0" skipped="0">
  <reporter-output>
  </reporter-output>
  <suite started-at="2025-04-20T11:41:25 IST" name="Default suite" finished-at="2025-04-20T11:41:44 IST" duration-ms="18311">
    <groups>
    </groups>
    <test started-at="2025-04-20T11:41:25 IST" name="Default test" finished-at="2025-04-20T11:41:44 IST" duration-ms="18311">
      <class name="com.testcases.TestSprint2">
        <test-method is-config="true" signature="cleanAllureResults()[pri:0, instance:com.testcases.TestSprint2@2b8bd798]" started-at="2025-04-20T11:41:25 IST" name="cleanAllureResults" finished-at="2025-04-20T11:41:25 IST" duration-ms="69" status="PASS">
          <reporter-output>
          </reporter-output>
        </test-method> <!-- cleanAllureResults -->
        <test-method is-config="true" signature="setUp(java.lang.String,java.lang.String)[pri:0, instance:com.testcases.TestSprint2@2b8bd798]" started-at="2025-04-20T11:41:25 IST" name="setUp" finished-at="2025-04-20T11:41:28 IST" duration-ms="3040" status="PASS">
          <params>
            <param index="0">
              <value>
                <![CDATA[Chrome]]>
              </value>
            </param>
            <param index="1">
              <value>
                <![CDATA[http://localhost/orangehrm]]>
              </value>
            </param>
          </params>
          <reporter-output>
          </reporter-output>
        </test-method> <!-- setUp -->
        <test-method is-config="true" signature="pageSetup()[pri:0, instance:com.testcases.TestSprint2@2b8bd798]" started-at="2025-04-20T11:41:29 IST" name="pageSetup" finished-at="2025-04-20T11:41:29 IST" duration-ms="53" status="PASS">
          <reporter-output>
          </reporter-output>
        </test-method> <!-- pageSetup -->
        <test-method signature="checkForOrganizationMenuAreShowingCorrectOptions()[pri:0, instance:com.testcases.TestSprint2@2b8bd798]" started-at="2025-04-20T11:41:29 IST" name="checkForOrganizationMenuAreShowingCorrectOptions" finished-at="2025-04-20T11:41:42 IST" duration-ms="13254" status="PASS">
          <reporter-output>
          </reporter-output>
        </test-method> <!-- checkForOrganizationMenuAreShowingCorrectOptions -->
        <test-method is-config="true" signature="closeBrowser()[pri:0, instance:com.testcases.TestSprint2@2b8bd798]" started-at="2025-04-20T11:41:42 IST" name="closeBrowser" finished-at="2025-04-20T11:41:44 IST" duration-ms="1722" status="PASS">
          <reporter-output>
          </reporter-output>
        </test-method> <!-- closeBrowser -->
      </class> <!-- com.testcases.TestSprint2 -->
    </test> <!-- Default test -->
  </suite> <!-- Default suite -->
</testng-results>
