<?xml version="1.0" encoding="UTF-8"?>
<testng-results ignored="8" total="9" passed="1" failed="0" skipped="0">
  <reporter-output>
  </reporter-output>
  <suite started-at="2025-03-19T11:26:58 IST" name="Default suite" finished-at="2025-03-19T11:27:16 IST" duration-ms="18276">
    <groups>
    </groups>
    <test started-at="2025-03-19T11:26:58 IST" name="Default test" finished-at="2025-03-19T11:27:16 IST" duration-ms="18276">
      <class name="com.testcases.TestSprint1">
        <test-method is-config="true" signature="cleanAllureResults()[pri:0, instance:com.testcases.TestSprint1@1cc680e]" started-at="2025-03-19T11:26:58 IST" name="cleanAllureResults" finished-at="2025-03-19T11:26:58 IST" duration-ms="74" status="PASS">
          <reporter-output>
          </reporter-output>
        </test-method> <!-- cleanAllureResults -->
        <test-method is-config="true" signature="setUp(java.lang.String,java.lang.String)[pri:0, instance:com.testcases.TestSprint1@1cc680e]" started-at="2025-03-19T11:26:58 IST" name="setUp" finished-at="2025-03-19T11:27:01 IST" duration-ms="2636" status="PASS">
          <params>
            <param index="0">
              <value>
                <![CDATA[Chrome]]>
              </value>
            </param>
            <param index="1">
              <value>
                <![CDATA[http://localhost/orangehrm]]>
              </value>
            </param>
          </params>
          <reporter-output>
          </reporter-output>
        </test-method> <!-- setUp -->
        <test-method signature="addUserandCheckIfAllOptionsAreWorkingWhileCreating()[pri:0, instance:com.testcases.TestSprint1@1cc680e]" started-at="2025-03-19T11:27:01 IST" name="addUserandCheckIfAllOptionsAreWorkingWhileCreating" finished-at="2025-03-19T11:27:16 IST" duration-ms="15176" status="PASS">
          <reporter-output>
          </reporter-output>
        </test-method> <!-- addUserandCheckIfAllOptionsAreWorkingWhileCreating -->
        <test-method is-config="true" signature="closeBrowser()[pri:0, instance:com.testcases.TestSprint1@1cc680e]" started-at="2025-03-19T11:27:16 IST" name="closeBrowser" finished-at="2025-03-19T11:27:16 IST" duration-ms="227" status="PASS">
          <reporter-output>
          </reporter-output>
        </test-method> <!-- closeBrowser -->
      </class> <!-- com.testcases.TestSprint1 -->
    </test> <!-- Default test -->
  </suite> <!-- Default suite -->
</testng-results>
