<?xml version="1.0" encoding="UTF-8"?>
<testng-results ignored="12" total="13" passed="1" failed="0" skipped="0">
  <reporter-output>
  </reporter-output>
  <suite started-at="2025-11-25T21:55:22 IST" name="Default suite" finished-at="2025-11-25T21:55:46 IST" duration-ms="24103">
    <groups>
      <group name="smoke">
        <method signature="TestSprint2.ApplyLeaveWithValidInputs()[pri:0, instance:com.testcases.TestSprint2@440e3ce6]" name="ApplyLeaveWithValidInputs" class="com.testcases.TestSprint2"/>
      </group> <!-- smoke -->
    </groups>
    <test started-at="2025-11-25T21:55:22 IST" name="Default test" finished-at="2025-11-25T21:55:46 IST" duration-ms="24103">
      <class name="com.testcases.TestSprint2">
        <test-method is-config="true" signature="cleanAllureResults()[pri:0, instance:com.testcases.TestSprint2@440e3ce6]" started-at="2025-11-25T21:55:21 IST" name="cleanAllureResults" finished-at="2025-11-25T21:55:22 IST" duration-ms="74" status="PASS">
          <reporter-output>
          </reporter-output>
        </test-method> <!-- cleanAllureResults -->
        <test-method is-config="true" signature="setUp()[pri:0, instance:com.testcases.TestSprint2@440e3ce6]" started-at="2025-11-25T21:55:22 IST" name="setUp" finished-at="2025-11-25T21:55:25 IST" duration-ms="2914" status="PASS">
          <reporter-output>
          </reporter-output>
        </test-method> <!-- setUp -->
        <test-method is-config="true" signature="pageSetup()[pri:0, instance:com.testcases.TestSprint2@440e3ce6]" started-at="2025-11-25T21:55:25 IST" name="pageSetup" finished-at="2025-11-25T21:55:25 IST" duration-ms="85" status="PASS">
          <reporter-output>
          </reporter-output>
        </test-method> <!-- pageSetup -->
        <test-method signature="ApplyLeaveWithValidInputs()[pri:0, instance:com.testcases.TestSprint2@440e3ce6]" started-at="2025-11-25T21:55:25 IST" name="ApplyLeaveWithValidInputs" finished-at="2025-11-25T21:55:42 IST" duration-ms="17522" status="PASS">
          <reporter-output>
          </reporter-output>
        </test-method> <!-- ApplyLeaveWithValidInputs -->
        <test-method is-config="true" signature="tearDowntest()[pri:0, instance:com.testcases.TestSprint2@440e3ce6]" started-at="2025-11-25T21:55:42 IST" name="tearDowntest" finished-at="2025-11-25T21:55:45 IST" duration-ms="3015" status="PASS">
          <reporter-output>
          </reporter-output>
        </test-method> <!-- tearDowntest -->
        <test-method is-config="true" signature="closeBrowser()[pri:0, instance:com.testcases.TestSprint2@440e3ce6]" started-at="2025-11-25T21:55:45 IST" name="closeBrowser" finished-at="2025-11-25T21:55:46 IST" duration-ms="266" status="PASS">
          <reporter-output>
          </reporter-output>
        </test-method> <!-- closeBrowser -->
      </class> <!-- com.testcases.TestSprint2 -->
    </test> <!-- Default test -->
  </suite> <!-- Default suite -->
</testng-results>
