<?xml version="1.0" encoding="UTF-8"?>
<testng-results ignored="0" total="1" passed="1" failed="0" skipped="0">
  <reporter-output>
  </reporter-output>
  <suite started-at="2025-02-16T12:10:53 IST" name="Default suite" finished-at="2025-02-16T12:11:03 IST" duration-ms="9481">
    <groups>
    </groups>
    <test started-at="2025-02-16T12:10:53 IST" name="Default test" finished-at="2025-02-16T12:11:03 IST" duration-ms="9481">
      <class name="orangeHRM.testCases.testSprint1">
        <test-method is-config="true" signature="setUp()[pri:0, instance:orangeHRM.testCases.testSprint1@44de94c3]" started-at="2025-02-16T12:10:54 IST" name="setUp" finished-at="2025-02-16T12:10:59 IST" duration-ms="5231" status="PASS">
          <reporter-output>
          </reporter-output>
        </test-method> <!-- setUp -->
        <test-method signature="CheckIfLoginSuccessfullWithCorrectCredentials()[pri:0, instance:orangeHRM.testCases.testSprint1@44de94c3]" started-at="2025-02-16T12:10:59 IST" name="CheckIfLoginSuccessfullWithCorrectCredentials" finished-at="2025-02-16T12:11:03 IST" duration-ms="3892" status="PASS">
          <reporter-output>
          </reporter-output>
        </test-method> <!-- CheckIfLoginSuccessfullWithCorrectCredentials -->
        <test-method is-config="true" signature="closeBrowser()[pri:0, instance:orangeHRM.testCases.testSprint1@44de94c3]" started-at="2025-02-16T12:11:03 IST" name="closeBrowser" finished-at="2025-02-16T12:11:03 IST" duration-ms="153" status="PASS">
          <reporter-output>
          </reporter-output>
        </test-method> <!-- closeBrowser -->
      </class> <!-- orangeHRM.testCases.testSprint1 -->
    </test> <!-- Default test -->
  </suite> <!-- Default suite -->
</testng-results>
