<?xml version="1.0" encoding="UTF-8"?>
<testng-results ignored="6" total="7" passed="1" failed="0" skipped="0">
  <reporter-output>
  </reporter-output>
  <suite started-at="2025-11-21T15:14:24 IST" name="Default suite" finished-at="2025-11-21T15:14:40 IST" duration-ms="16215">
    <groups>
    </groups>
    <test started-at="2025-11-21T15:14:24 IST" name="Default test" finished-at="2025-11-21T15:14:40 IST" duration-ms="16215">
      <class name="com.testcases.TestSprint3">
        <test-method is-config="true" signature="cleanAllureResults()[pri:0, instance:com.testcases.TestSprint3@7915bca3]" started-at="2025-11-21T15:14:24 IST" name="cleanAllureResults" finished-at="2025-11-21T15:14:24 IST" duration-ms="70" status="PASS">
          <reporter-output>
          </reporter-output>
        </test-method> <!-- cleanAllureResults -->
        <test-method is-config="true" signature="setUp(java.lang.String,java.lang.String)[pri:0, instance:com.testcases.TestSprint3@7915bca3]" started-at="2025-11-21T15:14:24 IST" name="setUp" finished-at="2025-11-21T15:14:27 IST" duration-ms="2848" status="PASS">
          <params>
            <param index="0">
              <value>
                <![CDATA[Chrome]]>
              </value>
            </param>
            <param index="1">
              <value>
                <![CDATA[http://localhost/orangehrm]]>
              </value>
            </param>
          </params>
          <reporter-output>
          </reporter-output>
        </test-method> <!-- setUp -->
        <test-method is-config="true" signature="pageSetup()[pri:0, instance:com.testcases.TestSprint3@7915bca3]" started-at="2025-11-21T15:14:27 IST" name="pageSetup" finished-at="2025-11-21T15:14:27 IST" duration-ms="60" status="PASS">
          <reporter-output>
          </reporter-output>
        </test-method> <!-- pageSetup -->
        <test-method signature="employeeSubmittedTimeSheetWithDetails()[pri:0, instance:com.testcases.TestSprint3@7915bca3]" started-at="2025-11-21T15:14:27 IST" name="employeeSubmittedTimeSheetWithDetails" finished-at="2025-11-21T15:14:37 IST" duration-ms="9779" status="PASS">
          <reporter-output>
          </reporter-output>
        </test-method> <!-- employeeSubmittedTimeSheetWithDetails -->
        <test-method is-config="true" signature="tearDowntest()[pri:0, instance:com.testcases.TestSprint3@7915bca3]" started-at="2025-11-21T15:14:37 IST" name="tearDowntest" finished-at="2025-11-21T15:14:40 IST" duration-ms="3013" status="PASS">
          <reporter-output>
          </reporter-output>
        </test-method> <!-- tearDowntest -->
        <test-method is-config="true" signature="closeBrowser()[pri:0, instance:com.testcases.TestSprint3@7915bca3]" started-at="2025-11-21T15:14:40 IST" name="closeBrowser" finished-at="2025-11-21T15:14:40 IST" duration-ms="270" status="PASS">
          <reporter-output>
          </reporter-output>
        </test-method> <!-- closeBrowser -->
      </class> <!-- com.testcases.TestSprint3 -->
    </test> <!-- Default test -->
  </suite> <!-- Default suite -->
</testng-results>
