<?xml version="1.0" encoding="UTF-8"?>
<testng-results ignored="0" total="1" passed="1" failed="0" skipped="0">
  <reporter-output>
  </reporter-output>
  <suite started-at="2025-03-21T12:47:05 IST" name="Default suite" finished-at="2025-03-21T12:47:52 IST" duration-ms="46832">
    <groups>
    </groups>
    <test started-at="2025-03-21T12:47:05 IST" name="Default test" finished-at="2025-03-21T12:47:52 IST" duration-ms="46832">
      <class name="com.testcases.TestSprint2">
        <test-method is-config="true" signature="cleanAllureResults()[pri:0, instance:com.testcases.TestSprint2@618ad2aa]" started-at="2025-03-21T12:47:05 IST" name="cleanAllureResults" finished-at="2025-03-21T12:47:05 IST" duration-ms="80" status="PASS">
          <reporter-output>
          </reporter-output>
        </test-method> <!-- cleanAllureResults -->
        <test-method is-config="true" signature="setUp(java.lang.String,java.lang.String)[pri:0, instance:com.testcases.TestSprint2@618ad2aa]" started-at="2025-03-21T12:47:05 IST" name="setUp" finished-at="2025-03-21T12:47:09 IST" duration-ms="3838" status="PASS">
          <params>
            <param index="0">
              <value>
                <![CDATA[Chrome]]>
              </value>
            </param>
            <param index="1">
              <value>
                <![CDATA[http://localhost/orangehrm]]>
              </value>
            </param>
          </params>
          <reporter-output>
          </reporter-output>
        </test-method> <!-- setUp -->
        <test-method signature="SearchSystemUserWithDifferentSearchOptions()[pri:0, instance:com.testcases.TestSprint2@618ad2aa]" started-at="2025-03-21T12:47:09 IST" name="SearchSystemUserWithDifferentSearchOptions" finished-at="2025-03-21T12:47:51 IST" duration-ms="42222" status="PASS">
          <reporter-output>
          </reporter-output>
        </test-method> <!-- SearchSystemUserWithDifferentSearchOptions -->
        <test-method is-config="true" signature="closeBrowser()[pri:0, instance:com.testcases.TestSprint2@618ad2aa]" started-at="2025-03-21T12:47:51 IST" name="closeBrowser" finished-at="2025-03-21T12:47:52 IST" duration-ms="385" status="PASS">
          <reporter-output>
          </reporter-output>
        </test-method> <!-- closeBrowser -->
      </class> <!-- com.testcases.TestSprint2 -->
    </test> <!-- Default test -->
  </suite> <!-- Default suite -->
</testng-results>
