<?xml version="1.0" encoding="UTF-8"?>
<testng-results ignored="8" total="9" passed="1" failed="0" skipped="0">
  <reporter-output>
  </reporter-output>
  <suite started-at="2025-03-16T14:13:07 IST" name="Default suite" finished-at="2025-03-16T14:13:38 IST" duration-ms="30692">
    <groups>
    </groups>
    <test started-at="2025-03-16T14:13:07 IST" name="Default test" finished-at="2025-03-16T14:13:38 IST" duration-ms="30692">
      <class name="com.testcases.TestSprint1">
        <test-method is-config="true" signature="cleanAllureResults()[pri:0, instance:com.testcases.TestSprint1@333c8791]" started-at="2025-03-16T14:13:07 IST" name="cleanAllureResults" finished-at="2025-03-16T14:13:07 IST" duration-ms="66" status="PASS">
          <reporter-output>
          </reporter-output>
        </test-method> <!-- cleanAllureResults -->
        <test-method is-config="true" signature="setUp(java.lang.String,java.lang.String)[pri:0, instance:com.testcases.TestSprint1@333c8791]" started-at="2025-03-16T14:13:07 IST" name="setUp" finished-at="2025-03-16T14:13:10 IST" duration-ms="2493" status="PASS">
          <params>
            <param index="0">
              <value>
                <![CDATA[Chrome]]>
              </value>
            </param>
            <param index="1">
              <value>
                <![CDATA[http://localhost/orangehrm]]>
              </value>
            </param>
          </params>
          <reporter-output>
          </reporter-output>
        </test-method> <!-- setUp -->
        <test-method signature="AddCustomFieldsWithBothTypeOfInputMethodAndCheckIfReflectingOnRespectedPage()[pri:0, instance:com.testcases.TestSprint1@333c8791]" started-at="2025-03-16T14:13:10 IST" name="AddCustomFieldsWithBothTypeOfInputMethodAndCheckIfReflectingOnRespectedPage" finished-at="2025-03-16T14:13:36 IST" duration-ms="26275" status="PASS">
          <reporter-output>
          </reporter-output>
        </test-method> <!-- AddCustomFieldsWithBothTypeOfInputMethodAndCheckIfReflectingOnRespectedPage -->
        <test-method is-config="true" signature="closeBrowser()[pri:0, instance:com.testcases.TestSprint1@333c8791]" started-at="2025-03-16T14:13:36 IST" name="closeBrowser" finished-at="2025-03-16T14:13:38 IST" duration-ms="1726" status="PASS">
          <reporter-output>
          </reporter-output>
        </test-method> <!-- closeBrowser -->
      </class> <!-- com.testcases.TestSprint1 -->
    </test> <!-- Default test -->
  </suite> <!-- Default suite -->
</testng-results>
