<?xml version="1.0" encoding="UTF-8"?>
<testng-results ignored="8" total="9" passed="1" failed="0" skipped="0">
  <reporter-output>
  </reporter-output>
  <suite started-at="2025-03-16T23:35:16 IST" name="Default suite" finished-at="2025-03-16T23:35:28 IST" duration-ms="12168">
    <groups>
    </groups>
    <test started-at="2025-03-16T23:35:16 IST" name="Default test" finished-at="2025-03-16T23:35:28 IST" duration-ms="12168">
      <class name="com.testcases.TestSprint1">
        <test-method is-config="true" signature="cleanAllureResults()[pri:0, instance:com.testcases.TestSprint1@561b7d53]" started-at="2025-03-16T23:35:16 IST" name="cleanAllureResults" finished-at="2025-03-16T23:35:16 IST" duration-ms="60" status="PASS">
          <reporter-output>
          </reporter-output>
        </test-method> <!-- cleanAllureResults -->
        <test-method is-config="true" signature="setUp(java.lang.String,java.lang.String)[pri:0, instance:com.testcases.TestSprint1@561b7d53]" started-at="2025-03-16T23:35:16 IST" name="setUp" finished-at="2025-03-16T23:35:19 IST" duration-ms="2490" status="PASS">
          <params>
            <param index="0">
              <value>
                <![CDATA[Chrome]]>
              </value>
            </param>
            <param index="1">
              <value>
                <![CDATA[http://localhost/orangehrm]]>
              </value>
            </param>
          </params>
          <reporter-output>
          </reporter-output>
        </test-method> <!-- setUp -->
        <test-method signature="tryAndError()[pri:0, instance:com.testcases.TestSprint1@561b7d53]" started-at="2025-03-16T23:35:19 IST" name="tryAndError" finished-at="2025-03-16T23:35:28 IST" duration-ms="9285" status="PASS">
          <reporter-output>
          </reporter-output>
        </test-method> <!-- tryAndError -->
        <test-method is-config="true" signature="closeBrowser()[pri:0, instance:com.testcases.TestSprint1@561b7d53]" started-at="2025-03-16T23:35:28 IST" name="closeBrowser" finished-at="2025-03-16T23:35:28 IST" duration-ms="188" status="PASS">
          <reporter-output>
          </reporter-output>
        </test-method> <!-- closeBrowser -->
      </class> <!-- com.testcases.TestSprint1 -->
    </test> <!-- Default test -->
  </suite> <!-- Default suite -->
</testng-results>
