<?xml version="1.0" encoding="UTF-8"?>
<testng-results ignored="8" total="9" passed="1" failed="0" skipped="0">
  <reporter-output>
  </reporter-output>
  <suite started-at="2025-03-19T13:58:38 IST" name="Default suite" finished-at="2025-03-19T13:59:02 IST" duration-ms="24580">
    <groups>
    </groups>
    <test started-at="2025-03-19T13:58:38 IST" name="Default test" finished-at="2025-03-19T13:59:02 IST" duration-ms="24580">
      <class name="com.testcases.TestSprint1">
        <test-method is-config="true" signature="cleanAllureResults()[pri:0, instance:com.testcases.TestSprint1@58f39564]" started-at="2025-03-19T13:58:38 IST" name="cleanAllureResults" finished-at="2025-03-19T13:58:38 IST" duration-ms="70" status="PASS">
          <reporter-output>
          </reporter-output>
        </test-method> <!-- cleanAllureResults -->
        <test-method is-config="true" signature="setUp(java.lang.String,java.lang.String)[pri:0, instance:com.testcases.TestSprint1@58f39564]" started-at="2025-03-19T13:58:38 IST" name="setUp" finished-at="2025-03-19T13:58:41 IST" duration-ms="3213" status="PASS">
          <params>
            <param index="0">
              <value>
                <![CDATA[Chrome]]>
              </value>
            </param>
            <param index="1">
              <value>
                <![CDATA[http://localhost/orangehrm]]>
              </value>
            </param>
          </params>
          <reporter-output>
          </reporter-output>
        </test-method> <!-- setUp -->
        <test-method signature="AddReportingMethodAndTerminationReason()[pri:0, instance:com.testcases.TestSprint1@58f39564]" started-at="2025-03-19T13:58:41 IST" name="AddReportingMethodAndTerminationReason" finished-at="2025-03-19T13:59:02 IST" duration-ms="20815" status="PASS">
          <reporter-output>
          </reporter-output>
        </test-method> <!-- AddReportingMethodAndTerminationReason -->
        <test-method is-config="true" signature="closeBrowser()[pri:0, instance:com.testcases.TestSprint1@58f39564]" started-at="2025-03-19T13:59:02 IST" name="closeBrowser" finished-at="2025-03-19T13:59:02 IST" duration-ms="261" status="PASS">
          <reporter-output>
          </reporter-output>
        </test-method> <!-- closeBrowser -->
      </class> <!-- com.testcases.TestSprint1 -->
    </test> <!-- Default test -->
  </suite> <!-- Default suite -->
</testng-results>
