<?xml version="1.0" encoding="UTF-8"?>
<testng-results ignored="9" total="10" passed="1" failed="0" skipped="0">
  <reporter-output>
  </reporter-output>
  <suite started-at="2025-05-11T00:17:56 IST" name="Default suite" finished-at="2025-05-11T00:18:11 IST" duration-ms="14195">
    <groups>
    </groups>
    <test started-at="2025-05-11T00:17:56 IST" name="Default test" finished-at="2025-05-11T00:18:11 IST" duration-ms="14195">
      <class name="com.testcases.TestSprint2">
        <test-method is-config="true" signature="cleanAllureResults()[pri:0, instance:com.testcases.TestSprint2@76563d26]" started-at="2025-05-11T00:17:56 IST" name="cleanAllureResults" finished-at="2025-05-11T00:17:56 IST" duration-ms="62" status="PASS">
          <reporter-output>
          </reporter-output>
        </test-method> <!-- cleanAllureResults -->
        <test-method is-config="true" signature="setUp(java.lang.String,java.lang.String)[pri:0, instance:com.testcases.TestSprint2@76563d26]" started-at="2025-05-11T00:17:57 IST" name="setUp" finished-at="2025-05-11T00:18:00 IST" duration-ms="3008" status="PASS">
          <params>
            <param index="0">
              <value>
                <![CDATA[Chrome]]>
              </value>
            </param>
            <param index="1">
              <value>
                <![CDATA[http://localhost/orangehrm]]>
              </value>
            </param>
          </params>
          <reporter-output>
          </reporter-output>
        </test-method> <!-- setUp -->
        <test-method is-config="true" signature="pageSetup()[pri:0, instance:com.testcases.TestSprint2@76563d26]" started-at="2025-05-11T00:18:00 IST" name="pageSetup" finished-at="2025-05-11T00:18:00 IST" duration-ms="76" status="PASS">
          <reporter-output>
          </reporter-output>
        </test-method> <!-- pageSetup -->
        <test-method signature="ApplyLeaveWithPastDates()[pri:0, instance:com.testcases.TestSprint2@76563d26]" started-at="2025-05-11T00:18:00 IST" name="ApplyLeaveWithPastDates" finished-at="2025-05-11T00:18:10 IST" duration-ms="10572" status="PASS">
          <reporter-output>
          </reporter-output>
        </test-method> <!-- ApplyLeaveWithPastDates -->
        <test-method is-config="true" signature="closeBrowser()[pri:0, instance:com.testcases.TestSprint2@76563d26]" started-at="2025-05-11T00:18:10 IST" name="closeBrowser" finished-at="2025-05-11T00:18:11 IST" duration-ms="225" status="PASS">
          <reporter-output>
          </reporter-output>
        </test-method> <!-- closeBrowser -->
      </class> <!-- com.testcases.TestSprint2 -->
    </test> <!-- Default test -->
  </suite> <!-- Default suite -->
</testng-results>
