<?xml version="1.0" encoding="UTF-8"?>
<testng-results ignored="0" total="30" passed="29" failed="1" skipped="0">
  <reporter-output>
  </reporter-output>
  <suite started-at="2025-11-27T16:46:47 IST" name="Master Suite" finished-at="2025-11-27T16:52:30 IST" duration-ms="342460">
    <groups>
      <group name="smoke">
        <method signature="TestSprint3.addVacancywithallDetailsAndCheckIfReflectsInCandidateField()[pri:0, instance:com.testcases.TestSprint3@f1266c6]" name="addVacancywithallDetailsAndCheckIfReflectsInCandidateField" class="com.testcases.TestSprint3"/>
        <method signature="TestSprint3.employeeSubmittedTimeSheetWithDetails()[pri:0, instance:com.testcases.TestSprint3@f1266c6]" name="employeeSubmittedTimeSheetWithDetails" class="com.testcases.TestSprint3"/>
        <method signature="TestSprint1.CheckIfLoginSuccessfullWithCorrectCredentials()[pri:0, instance:com.testcases.TestSprint1@363c32cc]" name="CheckIfLoginSuccessfullWithCorrectCredentials" class="com.testcases.TestSprint1"/>
        <method signature="TestSprint2.ApplyLeaveWithValidInputs()[pri:0, instance:com.testcases.TestSprint2@b27b210]" name="ApplyLeaveWithValidInputs" class="com.testcases.TestSprint2"/>
      </group> <!-- smoke -->
    </groups>
    <test started-at="2025-11-27T16:46:47 IST" name="regression tests" finished-at="2025-11-27T16:52:30 IST" duration-ms="342460">
      <class name="com.testcases.TestSprint1">
        <test-method is-config="true" signature="cleanAllureResults()[pri:0, instance:com.testcases.TestSprint1@363c32cc]" started-at="2025-11-27T16:46:47 IST" name="cleanAllureResults" finished-at="2025-11-27T16:46:47 IST" duration-ms="72" status="PASS">
          <reporter-output>
          </reporter-output>
        </test-method> <!-- cleanAllureResults -->
        <test-method is-config="true" signature="setUp()[pri:0, instance:com.testcases.TestSprint1@363c32cc]" started-at="2025-11-27T16:46:47 IST" name="setUp" finished-at="2025-11-27T16:46:52 IST" duration-ms="4169" status="PASS">
          <reporter-output>
          </reporter-output>
        </test-method> <!-- setUp -->
        <test-method is-config="true" signature="setUp()[pri:0, instance:com.testcases.TestSprint1@363c32cc]" started-at="2025-11-27T16:46:47 IST" name="setUp" finished-at="2025-11-27T16:46:51 IST" duration-ms="3301" status="PASS">
          <reporter-output>
          </reporter-output>
        </test-method> <!-- setUp -->
        <test-method signature="CheckIfLoginSuccessfullWithCorrectCredentials()[pri:0, instance:com.testcases.TestSprint1@363c32cc]" started-at="2025-11-27T16:46:51 IST" name="CheckIfLoginSuccessfullWithCorrectCredentials" finished-at="2025-11-27T16:46:57 IST" duration-ms="5970" status="PASS">
          <reporter-output>
          </reporter-output>
        </test-method> <!-- CheckIfLoginSuccessfullWithCorrectCredentials -->
        <test-method signature="AddCustomFieldsWithBothTypeOfInputMethodAndCheckIfReflectingOnRespectedPage()[pri:0, instance:com.testcases.TestSprint1@363c32cc]" started-at="2025-11-27T16:46:52 IST" name="AddCustomFieldsWithBothTypeOfInputMethodAndCheckIfReflectingOnRespectedPage" finished-at="2025-11-27T16:47:59 IST" duration-ms="67060" status="FAIL">
          <exception class="org.openqa.selenium.TimeoutException">
            <message>
              <![CDATA[Expected condition failed: waiting for visibility of Proxy element for: DefaultElementLocator 'By.cssSelector:  div.orangehrm-edit-employee-navigation > div.orangehrm-tabs > div:nth-child(11) > a' (tried for 30 second(s) with 500 milliseconds interval)]]>
            </message>
            <full-stacktrace>
              <![CDATA[org.openqa.selenium.TimeoutException: Expected condition failed: waiting for visibility of Proxy element for: DefaultElementLocator 'By.cssSelector:  div.orangehrm-edit-employee-navigation > div.orangehrm-tabs > div:nth-child(11) > a' (tried for 30 second(s) with 500 milliseconds interval)
at org.openqa.selenium.support.ui.FluentWait.timeoutException(FluentWait.java:265)
at org.openqa.selenium.support.ui.FluentWait.until(FluentWait.java:228)
at com.main.Keywords.waitForElementToBeVisible(Keywords.java:212)
at com.pages.UserProfile.ClickOnMemebership(UserProfile.java:157)
at com.testcases.TestSprint1.AddCustomFieldsWithBothTypeOfInputMethodAndCheckIfReflectingOnRespectedPage(TestSprint1.java:217)
at java.base/jdk.internal.reflect.NativeMethodAccessorImpl.invoke0(Native Method)
at java.base/jdk.internal.reflect.NativeMethodAccessorImpl.invoke(NativeMethodAccessorImpl.java:77)
at java.base/jdk.internal.reflect.DelegatingMethodAccessorImpl.invoke(DelegatingMethodAccessorImpl.java:43)
at java.base/java.lang.reflect.Method.invoke(Method.java:568)
at org.testng.internal.invokers.MethodInvocationHelper.invokeMethod(MethodInvocationHelper.java:141)
at org.testng.internal.invokers.TestInvoker.invokeMethod(TestInvoker.java:687)
at org.testng.internal.invokers.TestInvoker.invokeTestMethod(TestInvoker.java:230)
at org.testng.internal.invokers.MethodRunner.runInSequence(MethodRunner.java:63)
at org.testng.internal.invokers.TestInvoker$MethodInvocationAgent.invoke(TestInvoker.java:995)
at org.testng.internal.invokers.TestInvoker.invokeTestMethods(TestInvoker.java:203)
at org.testng.internal.invokers.TestMethodWorker.invokeTestMethods(TestMethodWorker.java:154)
at org.testng.internal.invokers.TestMethodWorker.run(TestMethodWorker.java:134)
at java.base/java.util.concurrent.Executors$RunnableAdapter.call(Executors.java:539)
at java.base/java.util.concurrent.FutureTask.run(FutureTask.java:264)
at org.testng.internal.thread.graph.TestNGFutureTask.run(TestNGFutureTask.java:22)
at java.base/java.util.concurrent.ThreadPoolExecutor.runWorker(ThreadPoolExecutor.java:1136)
at java.base/java.util.concurrent.ThreadPoolExecutor$Worker.run(ThreadPoolExecutor.java:635)
at java.base/java.lang.Thread.run(Thread.java:842)
Caused by: org.openqa.selenium.NoSuchElementException: no such element: Unable to locate element: {"method":"css selector","selector":" div.orangehrm-edit-employee-navigation > div.orangehrm-tabs > div:nth-child(11) > a"}
  (Session info: chrome=142.0.7444.176)
For documentation on this error, please visit: https://www.selenium.dev/documentation/webdriver/troubleshooting/errors#no-such-element-exception
Build info: version: '4.29.0', revision: '5fc1ec94cb'
System info: os.name: 'Windows 11', os.arch: 'amd64', os.version: '10.0', java.version: '17.0.10'
Driver info: org.openqa.selenium.chrome.ChromeDriver
Command: [2b6622fcf3737e46b1b77899f68c2be1, findElement {value= div.orangehrm-edit-employee-navigation > div.orangehrm-tabs > div:nth-child(11) > a, using=css selector}]
Capabilities {acceptInsecureCerts: false, browserName: chrome, browserVersion: 142.0.7444.176, chrome: {chromedriverVersion: 142.0.7444.175 (302067f14a4..., userDataDir: C:\Users\piyus\AppData\Loca...}, fedcm:accounts: true, goog:chromeOptions: {debuggerAddress: localhost:49710}, goog:processID: 5792, networkConnectionEnabled: false, pageLoadStrategy: normal, platformName: windows, proxy: Proxy(), se:cdp: ws://localhost:49710/devtoo..., se:cdpVersion: 142.0.7444.176, setWindowRect: true, strictFileInteractability: false, timeouts: {implicit: 0, pageLoad: 300000, script: 30000}, unhandledPromptBehavior: dismiss and notify, webauthn:extension:credBlob: true, webauthn:extension:largeBlob: true, webauthn:extension:minPinLength: true, webauthn:extension:prf: true, webauthn:virtualAuthenticators: true}
Session ID: 2b6622fcf3737e46b1b77899f68c2be1
at jdk.internal.reflect.GeneratedConstructorAccessor22.newInstance(Unknown Source)
at java.base/jdk.internal.reflect.DelegatingConstructorAccessorImpl.newInstance(DelegatingConstructorAccessorImpl.java:45)
at java.base/java.lang.reflect.Constructor.newInstanceWithCaller(Constructor.java:499)
at java.base/java.lang.reflect.Constructor.newInstance(Constructor.java:480)
at org.openqa.selenium.remote.ErrorCodec.decode(ErrorCodec.java:167)
at org.openqa.selenium.remote.codec.w3c.W3CHttpResponseCodec.decode(W3CHttpResponseCodec.java:138)
at org.openqa.selenium.remote.codec.w3c.W3CHttpResponseCodec.decode(W3CHttpResponseCodec.java:50)
at org.openqa.selenium.remote.HttpCommandExecutor.execute(HttpCommandExecutor.java:215)
at org.openqa.selenium.remote.service.DriverCommandExecutor.invokeExecute(DriverCommandExecutor.java:216)
at org.openqa.selenium.remote.service.DriverCommandExecutor.execute(DriverCommandExecutor.java:174)
at org.openqa.selenium.remote.RemoteWebDriver.execute(RemoteWebDriver.java:545)
at org.openqa.selenium.remote.ElementLocation$ElementFinder$2.findElement(ElementLocation.java:165)
at org.openqa.selenium.remote.ElementLocation.findElement(ElementLocation.java:59)
at org.openqa.selenium.remote.RemoteWebDriver.findElement(RemoteWebDriver.java:368)
at org.openqa.selenium.remote.RemoteWebDriver.findElement(RemoteWebDriver.java:362)
at org.openqa.selenium.support.pagefactory.DefaultElementLocator.findElement(DefaultElementLocator.java:68)
at org.openqa.selenium.support.pagefactory.internal.LocatingElementHandler.invoke(LocatingElementHandler.java:38)
at jdk.proxy2/jdk.proxy2.$Proxy24.isDisplayed(Unknown Source)
at org.openqa.selenium.support.ui.ExpectedConditions.elementIfVisible(ExpectedConditions.java:304)
at org.openqa.selenium.support.ui.ExpectedConditions$10.apply(ExpectedConditions.java:290)
at org.openqa.selenium.support.ui.ExpectedConditions$10.apply(ExpectedConditions.java:287)
at org.openqa.selenium.support.ui.FluentWait.until(FluentWait.java:203)
... 21 more
]]>
            </full-stacktrace>
          </exception> <!-- org.openqa.selenium.TimeoutException -->
          <reporter-output>
          </reporter-output>
        </test-method> <!-- AddCustomFieldsWithBothTypeOfInputMethodAndCheckIfReflectingOnRespectedPage -->
        <test-method is-config="true" signature="tearDown()[pri:0, instance:com.testcases.TestSprint1@363c32cc]" started-at="2025-11-27T16:46:57 IST" name="tearDown" finished-at="2025-11-27T16:46:58 IST" duration-ms="326" status="PASS">
          <reporter-output>
          </reporter-output>
        </test-method> <!-- tearDown -->
        <test-method is-config="true" signature="setUp()[pri:0, instance:com.testcases.TestSprint1@363c32cc]" started-at="2025-11-27T16:46:58 IST" name="setUp" finished-at="2025-11-27T16:47:00 IST" duration-ms="2083" status="PASS">
          <reporter-output>
          </reporter-output>
        </test-method> <!-- setUp -->
        <test-method signature="CheckIfLoginSuccessfullWithCredentialsFieldBlank()[pri:0, instance:com.testcases.TestSprint1@363c32cc]" started-at="2025-11-27T16:47:00 IST" name="CheckIfLoginSuccessfullWithCredentialsFieldBlank" finished-at="2025-11-27T16:47:01 IST" duration-ms="969" status="PASS">
          <reporter-output>
          </reporter-output>
        </test-method> <!-- CheckIfLoginSuccessfullWithCredentialsFieldBlank -->
        <test-method is-config="true" signature="tearDown()[pri:0, instance:com.testcases.TestSprint1@363c32cc]" started-at="2025-11-27T16:47:01 IST" name="tearDown" finished-at="2025-11-27T16:47:01 IST" duration-ms="231" status="PASS">
          <reporter-output>
          </reporter-output>
        </test-method> <!-- tearDown -->
        <test-method is-config="true" signature="setUp()[pri:0, instance:com.testcases.TestSprint1@363c32cc]" started-at="2025-11-27T16:47:01 IST" name="setUp" finished-at="2025-11-27T16:47:03 IST" duration-ms="1867" status="PASS">
          <reporter-output>
          </reporter-output>
        </test-method> <!-- setUp -->
        <test-method signature="CheckIfLoginSuccessfullWithIncorrectCredentials()[pri:0, instance:com.testcases.TestSprint1@363c32cc]" started-at="2025-11-27T16:47:03 IST" name="CheckIfLoginSuccessfullWithIncorrectCredentials" finished-at="2025-11-27T16:47:06 IST" duration-ms="3752" status="PASS">
          <reporter-output>
          </reporter-output>
        </test-method> <!-- CheckIfLoginSuccessfullWithIncorrectCredentials -->
        <test-method is-config="true" signature="tearDown()[pri:0, instance:com.testcases.TestSprint1@363c32cc]" started-at="2025-11-27T16:47:06 IST" name="tearDown" finished-at="2025-11-27T16:47:07 IST" duration-ms="375" status="PASS">
          <reporter-output>
          </reporter-output>
        </test-method> <!-- tearDown -->
        <test-method is-config="true" signature="setUp()[pri:0, instance:com.testcases.TestSprint1@363c32cc]" started-at="2025-11-27T16:47:07 IST" name="setUp" finished-at="2025-11-27T16:47:09 IST" duration-ms="2033" status="PASS">
          <reporter-output>
          </reporter-output>
        </test-method> <!-- setUp -->
        <test-method signature="CheckIfOptionalFieldsVisibilityToggleWorking()[pri:0, instance:com.testcases.TestSprint1@363c32cc]" started-at="2025-11-27T16:47:09 IST" name="CheckIfOptionalFieldsVisibilityToggleWorking" finished-at="2025-11-27T16:47:36 IST" duration-ms="26677" status="PASS">
          <reporter-output>
          </reporter-output>
        </test-method> <!-- CheckIfOptionalFieldsVisibilityToggleWorking -->
        <test-method is-config="true" signature="tearDown()[pri:0, instance:com.testcases.TestSprint1@363c32cc]" started-at="2025-11-27T16:47:36 IST" name="tearDown" finished-at="2025-11-27T16:47:36 IST" duration-ms="264" status="PASS">
          <reporter-output>
          </reporter-output>
        </test-method> <!-- tearDown -->
        <test-method is-config="true" signature="setUp()[pri:0, instance:com.testcases.TestSprint1@363c32cc]" started-at="2025-11-27T16:47:36 IST" name="setUp" finished-at="2025-11-27T16:47:37 IST" duration-ms="1514" status="PASS">
          <reporter-output>
          </reporter-output>
        </test-method> <!-- setUp -->
        <test-method signature="addUserandCheckIfAllOptionsAreWorkingWhileCreating()[pri:0, instance:com.testcases.TestSprint1@363c32cc]" started-at="2025-11-27T16:47:37 IST" name="addUserandCheckIfAllOptionsAreWorkingWhileCreating" finished-at="2025-11-27T16:48:01 IST" duration-ms="24033" status="PASS">
          <reporter-output>
          </reporter-output>
        </test-method> <!-- addUserandCheckIfAllOptionsAreWorkingWhileCreating -->
        <test-method is-config="true" signature="tearDown()[pri:0, instance:com.testcases.TestSprint1@363c32cc]" started-at="2025-11-27T16:48:01 IST" name="tearDown" finished-at="2025-11-27T16:48:02 IST" duration-ms="388" status="PASS">
          <reporter-output>
          </reporter-output>
        </test-method> <!-- tearDown -->
        <test-method is-config="true" signature="setUp()[pri:0, instance:com.testcases.TestSprint1@363c32cc]" started-at="2025-11-27T16:48:02 IST" name="setUp" finished-at="2025-11-27T16:48:04 IST" duration-ms="1915" status="PASS">
          <reporter-output>
          </reporter-output>
        </test-method> <!-- setUp -->
        <test-method is-config="true" signature="tearDown()[pri:0, instance:com.testcases.TestSprint1@363c32cc]" started-at="2025-11-27T16:48:04 IST" name="tearDown" finished-at="2025-11-27T16:48:04 IST" duration-ms="361" status="PASS">
          <reporter-output>
          </reporter-output>
        </test-method> <!-- tearDown -->
        <test-method signature="checkIfAllTheLinksInProfileMenuAreWorking()[pri:0, instance:com.testcases.TestSprint1@363c32cc]" started-at="2025-11-27T16:48:04 IST" name="checkIfAllTheLinksInProfileMenuAreWorking" finished-at="2025-11-27T16:48:12 IST" duration-ms="8687" status="PASS">
          <reporter-output>
          </reporter-output>
        </test-method> <!-- checkIfAllTheLinksInProfileMenuAreWorking -->
        <test-method is-config="true" signature="setUp()[pri:0, instance:com.testcases.TestSprint1@363c32cc]" started-at="2025-11-27T16:48:04 IST" name="setUp" finished-at="2025-11-27T16:48:06 IST" duration-ms="1698" status="PASS">
          <reporter-output>
          </reporter-output>
        </test-method> <!-- setUp -->
        <test-method signature="checkIfPIMmenuConfigurationOptionalFieldCanBeTurnedOnOff()[pri:0, instance:com.testcases.TestSprint1@363c32cc]" started-at="2025-11-27T16:48:06 IST" name="checkIfPIMmenuConfigurationOptionalFieldCanBeTurnedOnOff" finished-at="2025-11-27T16:48:17 IST" duration-ms="10856" status="PASS">
          <reporter-output>
          </reporter-output>
        </test-method> <!-- checkIfPIMmenuConfigurationOptionalFieldCanBeTurnedOnOff -->
        <test-method is-config="true" signature="tearDown()[pri:0, instance:com.testcases.TestSprint1@363c32cc]" started-at="2025-11-27T16:48:12 IST" name="tearDown" finished-at="2025-11-27T16:48:13 IST" duration-ms="252" status="PASS">
          <reporter-output>
          </reporter-output>
        </test-method> <!-- tearDown -->
        <test-method is-config="true" signature="setUp()[pri:0, instance:com.testcases.TestSprint1@363c32cc]" started-at="2025-11-27T16:48:13 IST" name="setUp" finished-at="2025-11-27T16:48:14 IST" duration-ms="1791" status="PASS">
          <reporter-output>
          </reporter-output>
        </test-method> <!-- setUp -->
        <test-method signature="checkSearchOptionsInPIMMenuEmployeeListPage()[pri:0, instance:com.testcases.TestSprint1@363c32cc]" started-at="2025-11-27T16:48:14 IST" name="checkSearchOptionsInPIMMenuEmployeeListPage" finished-at="2025-11-27T16:49:39 IST" duration-ms="85018" status="PASS">
          <reporter-output>
          </reporter-output>
        </test-method> <!-- checkSearchOptionsInPIMMenuEmployeeListPage -->
        <test-method is-config="true" signature="tearDown()[pri:0, instance:com.testcases.TestSprint1@363c32cc]" started-at="2025-11-27T16:48:17 IST" name="tearDown" finished-at="2025-11-27T16:48:17 IST" duration-ms="299" status="PASS">
          <reporter-output>
          </reporter-output>
        </test-method> <!-- tearDown -->
        <test-method is-config="true" signature="tearDown()[pri:0, instance:com.testcases.TestSprint1@363c32cc]" started-at="2025-11-27T16:49:39 IST" name="tearDown" finished-at="2025-11-27T16:49:40 IST" duration-ms="265" status="PASS">
          <reporter-output>
          </reporter-output>
        </test-method> <!-- tearDown -->
      </class> <!-- com.testcases.TestSprint1 -->
      <class name="com.testcases.TestSprint2">
        <test-method is-config="true" signature="setUp()[pri:0, instance:com.testcases.TestSprint2@b27b210]" started-at="2025-11-27T16:48:17 IST" name="setUp" finished-at="2025-11-27T16:48:19 IST" duration-ms="2057" status="PASS">
          <reporter-output>
          </reporter-output>
        </test-method> <!-- setUp -->
        <test-method signature="ApplyLeaveWithInsufficientBalance()[pri:0, instance:com.testcases.TestSprint2@b27b210]" started-at="2025-11-27T16:48:19 IST" name="ApplyLeaveWithInsufficientBalance" finished-at="2025-11-27T16:48:30 IST" duration-ms="11063" status="PASS">
          <reporter-output>
          </reporter-output>
        </test-method> <!-- ApplyLeaveWithInsufficientBalance -->
        <test-method is-config="true" signature="tearDown()[pri:0, instance:com.testcases.TestSprint2@b27b210]" started-at="2025-11-27T16:48:30 IST" name="tearDown" finished-at="2025-11-27T16:48:30 IST" duration-ms="286" status="PASS">
          <reporter-output>
          </reporter-output>
        </test-method> <!-- tearDown -->
        <test-method is-config="true" signature="setUp()[pri:0, instance:com.testcases.TestSprint2@b27b210]" started-at="2025-11-27T16:48:30 IST" name="setUp" finished-at="2025-11-27T16:48:32 IST" duration-ms="2017" status="PASS">
          <reporter-output>
          </reporter-output>
        </test-method> <!-- setUp -->
        <test-method signature="ApplyLeaveWithOverlappingDates()[pri:0, instance:com.testcases.TestSprint2@b27b210]" started-at="2025-11-27T16:48:32 IST" name="ApplyLeaveWithOverlappingDates" finished-at="2025-11-27T16:48:50 IST" duration-ms="17543" status="PASS">
          <reporter-output>
          </reporter-output>
        </test-method> <!-- ApplyLeaveWithOverlappingDates -->
        <test-method is-config="true" signature="tearDown()[pri:0, instance:com.testcases.TestSprint2@b27b210]" started-at="2025-11-27T16:48:50 IST" name="tearDown" finished-at="2025-11-27T16:48:50 IST" duration-ms="318" status="PASS">
          <reporter-output>
          </reporter-output>
        </test-method> <!-- tearDown -->
        <test-method is-config="true" signature="setUp()[pri:0, instance:com.testcases.TestSprint2@b27b210]" started-at="2025-11-27T16:48:50 IST" name="setUp" finished-at="2025-11-27T16:48:52 IST" duration-ms="1716" status="PASS">
          <reporter-output>
          </reporter-output>
        </test-method> <!-- setUp -->
        <test-method signature="ApplyLeaveWithPastDates()[pri:0, instance:com.testcases.TestSprint2@b27b210]" started-at="2025-11-27T16:48:52 IST" name="ApplyLeaveWithPastDates" finished-at="2025-11-27T16:49:09 IST" duration-ms="17110" status="PASS">
          <reporter-output>
          </reporter-output>
        </test-method> <!-- ApplyLeaveWithPastDates -->
        <test-method is-config="true" signature="tearDown()[pri:0, instance:com.testcases.TestSprint2@b27b210]" started-at="2025-11-27T16:49:09 IST" name="tearDown" finished-at="2025-11-27T16:49:09 IST" duration-ms="291" status="PASS">
          <reporter-output>
          </reporter-output>
        </test-method> <!-- tearDown -->
        <test-method is-config="true" signature="setUp()[pri:0, instance:com.testcases.TestSprint2@b27b210]" started-at="2025-11-27T16:49:09 IST" name="setUp" finished-at="2025-11-27T16:49:11 IST" duration-ms="1467" status="PASS">
          <reporter-output>
          </reporter-output>
        </test-method> <!-- setUp -->
        <test-method signature="ApplyLeaveWithValidInputs()[pri:0, instance:com.testcases.TestSprint2@b27b210]" started-at="2025-11-27T16:49:11 IST" name="ApplyLeaveWithValidInputs" finished-at="2025-11-27T16:49:36 IST" duration-ms="24944" status="PASS">
          <reporter-output>
          </reporter-output>
        </test-method> <!-- ApplyLeaveWithValidInputs -->
        <test-method is-config="true" signature="tearDown()[pri:0, instance:com.testcases.TestSprint2@b27b210]" started-at="2025-11-27T16:49:36 IST" name="tearDown" finished-at="2025-11-27T16:49:36 IST" duration-ms="292" status="PASS">
          <reporter-output>
          </reporter-output>
        </test-method> <!-- tearDown -->
        <test-method is-config="true" signature="setUp()[pri:0, instance:com.testcases.TestSprint2@b27b210]" started-at="2025-11-27T16:49:36 IST" name="setUp" finished-at="2025-11-27T16:49:38 IST" duration-ms="1779" status="PASS">
          <reporter-output>
          </reporter-output>
        </test-method> <!-- setUp -->
        <test-method signature="ApplyLeaveWithoutSelectingLeaveType()[pri:0, instance:com.testcases.TestSprint2@b27b210]" started-at="2025-11-27T16:49:38 IST" name="ApplyLeaveWithoutSelectingLeaveType" finished-at="2025-11-27T16:49:48 IST" duration-ms="9858" status="PASS">
          <reporter-output>
          </reporter-output>
        </test-method> <!-- ApplyLeaveWithoutSelectingLeaveType -->
        <test-method is-config="true" signature="setUp()[pri:0, instance:com.testcases.TestSprint2@b27b210]" started-at="2025-11-27T16:49:40 IST" name="setUp" finished-at="2025-11-27T16:49:42 IST" duration-ms="2119" status="PASS">
          <reporter-output>
          </reporter-output>
        </test-method> <!-- setUp -->
        <test-method signature="CheckIfAddLocationOptionIsWorkingOrNot()[pri:0, instance:com.testcases.TestSprint2@b27b210]" started-at="2025-11-27T16:49:42 IST" name="CheckIfAddLocationOptionIsWorkingOrNot" finished-at="2025-11-27T16:50:02 IST" duration-ms="20365" status="PASS">
          <reporter-output>
          </reporter-output>
        </test-method> <!-- CheckIfAddLocationOptionIsWorkingOrNot -->
        <test-method is-config="true" signature="tearDown()[pri:0, instance:com.testcases.TestSprint2@b27b210]" started-at="2025-11-27T16:49:48 IST" name="tearDown" finished-at="2025-11-27T16:49:48 IST" duration-ms="230" status="PASS">
          <reporter-output>
          </reporter-output>
        </test-method> <!-- tearDown -->
        <test-method is-config="true" signature="setUp()[pri:0, instance:com.testcases.TestSprint2@b27b210]" started-at="2025-11-27T16:49:48 IST" name="setUp" finished-at="2025-11-27T16:49:50 IST" duration-ms="1708" status="PASS">
          <reporter-output>
          </reporter-output>
        </test-method> <!-- setUp -->
        <test-method signature="CheckIfAddSkillOptionIsWorkingOrNot()[pri:0, instance:com.testcases.TestSprint2@b27b210]" started-at="2025-11-27T16:49:50 IST" name="CheckIfAddSkillOptionIsWorkingOrNot" finished-at="2025-11-27T16:50:01 IST" duration-ms="11343" status="PASS">
          <reporter-output>
          </reporter-output>
        </test-method> <!-- CheckIfAddSkillOptionIsWorkingOrNot -->
        <test-method is-config="true" signature="tearDown()[pri:0, instance:com.testcases.TestSprint2@b27b210]" started-at="2025-11-27T16:50:01 IST" name="tearDown" finished-at="2025-11-27T16:50:01 IST" duration-ms="240" status="PASS">
          <reporter-output>
          </reporter-output>
        </test-method> <!-- tearDown -->
        <test-method is-config="true" signature="setUp()[pri:0, instance:com.testcases.TestSprint2@b27b210]" started-at="2025-11-27T16:50:01 IST" name="setUp" finished-at="2025-11-27T16:50:03 IST" duration-ms="1953" status="PASS">
          <reporter-output>
          </reporter-output>
        </test-method> <!-- setUp -->
        <test-method is-config="true" signature="tearDown()[pri:0, instance:com.testcases.TestSprint2@b27b210]" started-at="2025-11-27T16:50:02 IST" name="tearDown" finished-at="2025-11-27T16:50:03 IST" duration-ms="294" status="PASS">
          <reporter-output>
          </reporter-output>
        </test-method> <!-- tearDown -->
        <test-method is-config="true" signature="setUp()[pri:0, instance:com.testcases.TestSprint2@b27b210]" started-at="2025-11-27T16:50:03 IST" name="setUp" finished-at="2025-11-27T16:50:05 IST" duration-ms="2015" status="PASS">
          <reporter-output>
          </reporter-output>
        </test-method> <!-- setUp -->
        <test-method signature="SearchSystemUserWithDifferentSearchOptions()[pri:0, instance:com.testcases.TestSprint2@b27b210]" started-at="2025-11-27T16:50:03 IST" name="SearchSystemUserWithDifferentSearchOptions" finished-at="2025-11-27T16:50:39 IST" duration-ms="35832" status="PASS">
          <reporter-output>
          </reporter-output>
        </test-method> <!-- SearchSystemUserWithDifferentSearchOptions -->
        <test-method signature="addLeaveEntitlement()[pri:0, instance:com.testcases.TestSprint2@b27b210]" started-at="2025-11-27T16:50:05 IST" name="addLeaveEntitlement" finished-at="2025-11-27T16:50:35 IST" duration-ms="30168" status="PASS">
          <reporter-output>
          </reporter-output>
        </test-method> <!-- addLeaveEntitlement -->
        <test-method is-config="true" signature="tearDown()[pri:0, instance:com.testcases.TestSprint2@b27b210]" started-at="2025-11-27T16:50:35 IST" name="tearDown" finished-at="2025-11-27T16:50:35 IST" duration-ms="254" status="PASS">
          <reporter-output>
          </reporter-output>
        </test-method> <!-- tearDown -->
        <test-method is-config="true" signature="setUp()[pri:0, instance:com.testcases.TestSprint2@b27b210]" started-at="2025-11-27T16:50:35 IST" name="setUp" finished-at="2025-11-27T16:50:36 IST" duration-ms="1439" status="PASS">
          <reporter-output>
          </reporter-output>
        </test-method> <!-- setUp -->
        <test-method signature="checkForJobMenuAreShowingCorrectOptions()[pri:0, instance:com.testcases.TestSprint2@b27b210]" started-at="2025-11-27T16:50:36 IST" name="checkForJobMenuAreShowingCorrectOptions" finished-at="2025-11-27T16:50:54 IST" duration-ms="17249" status="PASS">
          <reporter-output>
          </reporter-output>
        </test-method> <!-- checkForJobMenuAreShowingCorrectOptions -->
        <test-method is-config="true" signature="tearDown()[pri:0, instance:com.testcases.TestSprint2@b27b210]" started-at="2025-11-27T16:50:39 IST" name="tearDown" finished-at="2025-11-27T16:50:39 IST" duration-ms="395" status="PASS">
          <reporter-output>
          </reporter-output>
        </test-method> <!-- tearDown -->
        <test-method is-config="true" signature="setUp()[pri:0, instance:com.testcases.TestSprint2@b27b210]" started-at="2025-11-27T16:50:39 IST" name="setUp" finished-at="2025-11-27T16:50:41 IST" duration-ms="2172" status="PASS">
          <reporter-output>
          </reporter-output>
        </test-method> <!-- setUp -->
        <test-method signature="checkForOrganizationMenuAreShowingCorrectOptions()[pri:0, instance:com.testcases.TestSprint2@b27b210]" started-at="2025-11-27T16:50:42 IST" name="checkForOrganizationMenuAreShowingCorrectOptions" finished-at="2025-11-27T16:50:53 IST" duration-ms="11746" status="PASS">
          <reporter-output>
          </reporter-output>
        </test-method> <!-- checkForOrganizationMenuAreShowingCorrectOptions -->
        <test-method is-config="true" signature="tearDown()[pri:0, instance:com.testcases.TestSprint2@b27b210]" started-at="2025-11-27T16:50:53 IST" name="tearDown" finished-at="2025-11-27T16:50:54 IST" duration-ms="260" status="PASS">
          <reporter-output>
          </reporter-output>
        </test-method> <!-- tearDown -->
        <test-method is-config="true" signature="tearDown()[pri:0, instance:com.testcases.TestSprint2@b27b210]" started-at="2025-11-27T16:50:54 IST" name="tearDown" finished-at="2025-11-27T16:50:54 IST" duration-ms="315" status="PASS">
          <reporter-output>
          </reporter-output>
        </test-method> <!-- tearDown -->
      </class> <!-- com.testcases.TestSprint2 -->
      <class name="com.testcases.TestSprint3">
        <test-method is-config="true" signature="setUp()[pri:0, instance:com.testcases.TestSprint3@f1266c6]" started-at="2025-11-27T16:50:54 IST" name="setUp" finished-at="2025-11-27T16:50:56 IST" duration-ms="2394" status="PASS">
          <reporter-output>
          </reporter-output>
        </test-method> <!-- setUp -->
        <test-method is-config="true" signature="setUp()[pri:0, instance:com.testcases.TestSprint3@f1266c6]" started-at="2025-11-27T16:50:54 IST" name="setUp" finished-at="2025-11-27T16:50:56 IST" duration-ms="2148" status="PASS">
          <reporter-output>
          </reporter-output>
        </test-method> <!-- setUp -->
        <test-method signature="AddsNewCandidateForAnExistingVacancy()[pri:0, instance:com.testcases.TestSprint3@f1266c6]" started-at="2025-11-27T16:50:56 IST" name="AddsNewCandidateForAnExistingVacancy" finished-at="2025-11-27T16:51:12 IST" duration-ms="16022" status="PASS">
          <reporter-output>
          </reporter-output>
        </test-method> <!-- AddsNewCandidateForAnExistingVacancy -->
        <test-method signature="AddsNewCandidateForAnExistingVacancyWithoutEmail()[pri:0, instance:com.testcases.TestSprint3@f1266c6]" started-at="2025-11-27T16:50:56 IST" name="AddsNewCandidateForAnExistingVacancyWithoutEmail" finished-at="2025-11-27T16:51:11 IST" duration-ms="14361" status="PASS">
          <reporter-output>
          </reporter-output>
        </test-method> <!-- AddsNewCandidateForAnExistingVacancyWithoutEmail -->
        <test-method is-config="true" signature="tearDown()[pri:0, instance:com.testcases.TestSprint3@f1266c6]" started-at="2025-11-27T16:51:11 IST" name="tearDown" finished-at="2025-11-27T16:51:11 IST" duration-ms="261" status="PASS">
          <reporter-output>
          </reporter-output>
        </test-method> <!-- tearDown -->
        <test-method is-config="true" signature="setUp()[pri:0, instance:com.testcases.TestSprint3@f1266c6]" started-at="2025-11-27T16:51:11 IST" name="setUp" finished-at="2025-11-27T16:51:13 IST" duration-ms="2240" status="PASS">
          <reporter-output>
          </reporter-output>
        </test-method> <!-- setUp -->
        <test-method is-config="true" signature="tearDown()[pri:0, instance:com.testcases.TestSprint3@f1266c6]" started-at="2025-11-27T16:51:12 IST" name="tearDown" finished-at="2025-11-27T16:51:12 IST" duration-ms="339" status="PASS">
          <reporter-output>
          </reporter-output>
        </test-method> <!-- tearDown -->
        <test-method is-config="true" signature="setUp()[pri:0, instance:com.testcases.TestSprint3@f1266c6]" started-at="2025-11-27T16:51:12 IST" name="setUp" finished-at="2025-11-27T16:51:14 IST" duration-ms="1574" status="PASS">
          <reporter-output>
          </reporter-output>
        </test-method> <!-- setUp -->
        <test-method signature="addNewKPIForTheJobTitle()[pri:0, instance:com.testcases.TestSprint3@f1266c6]" started-at="2025-11-27T16:51:13 IST" name="addNewKPIForTheJobTitle" finished-at="2025-11-27T16:51:31 IST" duration-ms="18285" status="PASS">
          <reporter-output>
          </reporter-output>
        </test-method> <!-- addNewKPIForTheJobTitle -->
        <test-method signature="addVacancywithallDetailsAndCheckIfReflectsInCandidateField()[pri:0, instance:com.testcases.TestSprint3@f1266c6]" started-at="2025-11-27T16:51:14 IST" name="addVacancywithallDetailsAndCheckIfReflectsInCandidateField" finished-at="2025-11-27T16:51:35 IST" duration-ms="21460" status="PASS">
          <reporter-output>
          </reporter-output>
        </test-method> <!-- addVacancywithallDetailsAndCheckIfReflectsInCandidateField -->
        <test-method is-config="true" signature="tearDown()[pri:0, instance:com.testcases.TestSprint3@f1266c6]" started-at="2025-11-27T16:51:31 IST" name="tearDown" finished-at="2025-11-27T16:51:32 IST" duration-ms="560" status="PASS">
          <reporter-output>
          </reporter-output>
        </test-method> <!-- tearDown -->
        <test-method is-config="true" signature="setUp()[pri:0, instance:com.testcases.TestSprint3@f1266c6]" started-at="2025-11-27T16:51:32 IST" name="setUp" finished-at="2025-11-27T16:51:34 IST" duration-ms="1849" status="PASS">
          <reporter-output>
          </reporter-output>
        </test-method> <!-- setUp -->
        <test-method signature="dashboardApplyLeaveLinkDirectToLeavePage()[pri:0, instance:com.testcases.TestSprint3@f1266c6]" started-at="2025-11-27T16:51:34 IST" name="dashboardApplyLeaveLinkDirectToLeavePage" finished-at="2025-11-27T16:51:42 IST" duration-ms="7803" status="PASS">
          <reporter-output>
          </reporter-output>
        </test-method> <!-- dashboardApplyLeaveLinkDirectToLeavePage -->
        <test-method is-config="true" signature="tearDown()[pri:0, instance:com.testcases.TestSprint3@f1266c6]" started-at="2025-11-27T16:51:35 IST" name="tearDown" finished-at="2025-11-27T16:51:36 IST" duration-ms="273" status="PASS">
          <reporter-output>
          </reporter-output>
        </test-method> <!-- tearDown -->
        <test-method is-config="true" signature="setUp()[pri:0, instance:com.testcases.TestSprint3@f1266c6]" started-at="2025-11-27T16:51:36 IST" name="setUp" finished-at="2025-11-27T16:51:38 IST" duration-ms="2024" status="PASS">
          <reporter-output>
          </reporter-output>
        </test-method> <!-- setUp -->
        <test-method signature="dashboardMyTimesheetLinkDirectToMyTimesheetPage()[pri:0, instance:com.testcases.TestSprint3@f1266c6]" started-at="2025-11-27T16:51:38 IST" name="dashboardMyTimesheetLinkDirectToMyTimesheetPage" finished-at="2025-11-27T16:51:45 IST" duration-ms="7582" status="PASS">
          <reporter-output>
          </reporter-output>
        </test-method> <!-- dashboardMyTimesheetLinkDirectToMyTimesheetPage -->
        <test-method is-config="true" signature="tearDown()[pri:0, instance:com.testcases.TestSprint3@f1266c6]" started-at="2025-11-27T16:51:42 IST" name="tearDown" finished-at="2025-11-27T16:51:42 IST" duration-ms="253" status="PASS">
          <reporter-output>
          </reporter-output>
        </test-method> <!-- tearDown -->
        <test-method is-config="true" signature="setUp()[pri:0, instance:com.testcases.TestSprint3@f1266c6]" started-at="2025-11-27T16:51:42 IST" name="setUp" finished-at="2025-11-27T16:51:43 IST" duration-ms="1473" status="PASS">
          <reporter-output>
          </reporter-output>
        </test-method> <!-- setUp -->
        <test-method signature="dashboardPunchInLinkDirectToPunchInPage()[pri:0, instance:com.testcases.TestSprint3@f1266c6]" started-at="2025-11-27T16:51:43 IST" name="dashboardPunchInLinkDirectToPunchInPage" finished-at="2025-11-27T16:51:52 IST" duration-ms="8460" status="PASS">
          <reporter-output>
          </reporter-output>
        </test-method> <!-- dashboardPunchInLinkDirectToPunchInPage -->
        <test-method is-config="true" signature="tearDown()[pri:0, instance:com.testcases.TestSprint3@f1266c6]" started-at="2025-11-27T16:51:45 IST" name="tearDown" finished-at="2025-11-27T16:51:45 IST" duration-ms="215" status="PASS">
          <reporter-output>
          </reporter-output>
        </test-method> <!-- tearDown -->
        <test-method is-config="true" signature="setUp()[pri:0, instance:com.testcases.TestSprint3@f1266c6]" started-at="2025-11-27T16:51:45 IST" name="setUp" finished-at="2025-11-27T16:51:47 IST" duration-ms="1981" status="PASS">
          <reporter-output>
          </reporter-output>
        </test-method> <!-- setUp -->
        <test-method signature="employeeSubmittedTimeSheetWithDetails()[pri:0, instance:com.testcases.TestSprint3@f1266c6]" started-at="2025-11-27T16:51:47 IST" name="employeeSubmittedTimeSheetWithDetails" finished-at="2025-11-27T16:52:01 IST" duration-ms="13410" status="PASS">
          <reporter-output>
          </reporter-output>
        </test-method> <!-- employeeSubmittedTimeSheetWithDetails -->
        <test-method is-config="true" signature="tearDown()[pri:0, instance:com.testcases.TestSprint3@f1266c6]" started-at="2025-11-27T16:51:52 IST" name="tearDown" finished-at="2025-11-27T16:51:52 IST" duration-ms="250" status="PASS">
          <reporter-output>
          </reporter-output>
        </test-method> <!-- tearDown -->
        <test-method is-config="true" signature="tearDown()[pri:0, instance:com.testcases.TestSprint3@f1266c6]" started-at="2025-11-27T16:52:01 IST" name="tearDown" finished-at="2025-11-27T16:52:01 IST" duration-ms="270" status="PASS">
          <reporter-output>
          </reporter-output>
        </test-method> <!-- tearDown -->
        <test-method is-config="true" signature="setUp()[pri:0, instance:com.testcases.TestSprint3@f1266c6]" started-at="2025-11-27T16:52:01 IST" name="setUp" finished-at="2025-11-27T16:52:03 IST" duration-ms="1614" status="PASS">
          <reporter-output>
          </reporter-output>
        </test-method> <!-- setUp -->
        <test-method signature="employeeEditingTimesheetBeforeSubmission()[pri:0, instance:com.testcases.TestSprint3@f1266c6]" started-at="2025-11-27T16:52:03 IST" name="employeeEditingTimesheetBeforeSubmission" finished-at="2025-11-27T16:52:14 IST" depends-on-methods="com.testcases.TestSprint3.employeeSubmittedTimeSheetWithDetails" duration-ms="11294" status="PASS">
          <reporter-output>
          </reporter-output>
        </test-method> <!-- employeeEditingTimesheetBeforeSubmission -->
        <test-method is-config="true" signature="tearDown()[pri:0, instance:com.testcases.TestSprint3@f1266c6]" started-at="2025-11-27T16:52:14 IST" name="tearDown" finished-at="2025-11-27T16:52:14 IST" duration-ms="240" status="PASS">
          <reporter-output>
          </reporter-output>
        </test-method> <!-- tearDown -->
        <test-method is-config="true" signature="setUp()[pri:0, instance:com.testcases.TestSprint3@f1266c6]" started-at="2025-11-27T16:52:14 IST" name="setUp" finished-at="2025-11-27T16:52:16 IST" duration-ms="1408" status="PASS">
          <reporter-output>
          </reporter-output>
        </test-method> <!-- setUp -->
        <test-method signature="managerApprovesOrRejectsTimesheet()[pri:0, instance:com.testcases.TestSprint3@f1266c6]" started-at="2025-11-27T16:52:16 IST" name="managerApprovesOrRejectsTimesheet" finished-at="2025-11-27T16:52:29 IST" depends-on-methods="com.testcases.TestSprint3.employeeEditingTimesheetBeforeSubmission" duration-ms="13802" status="PASS">
          <reporter-output>
          </reporter-output>
        </test-method> <!-- managerApprovesOrRejectsTimesheet -->
        <test-method is-config="true" signature="tearDown()[pri:0, instance:com.testcases.TestSprint3@f1266c6]" started-at="2025-11-27T16:52:29 IST" name="tearDown" finished-at="2025-11-27T16:52:30 IST" duration-ms="271" status="PASS">
          <reporter-output>
          </reporter-output>
        </test-method> <!-- tearDown -->
      </class> <!-- com.testcases.TestSprint3 -->
    </test> <!-- regression tests -->
  </suite> <!-- Master Suite -->
</testng-results>
