<?xml version="1.0" encoding="UTF-8"?>
<testng-results ignored="8" total="9" passed="1" failed="0" skipped="0">
  <reporter-output>
  </reporter-output>
  <suite started-at="2025-03-16T12:31:18 IST" name="Default suite" finished-at="2025-03-16T12:32:14 IST" duration-ms="55823">
    <groups>
    </groups>
    <test started-at="2025-03-16T12:31:18 IST" name="Default test" finished-at="2025-03-16T12:32:14 IST" duration-ms="55823">
      <class name="com.testcases.TestSprint1">
        <test-method is-config="true" signature="cleanAllureResults()[pri:0, instance:com.testcases.TestSprint1@7b948f3e]" started-at="2025-03-16T12:31:18 IST" name="cleanAllureResults" finished-at="2025-03-16T12:31:18 IST" duration-ms="77" status="PASS">
          <reporter-output>
          </reporter-output>
        </test-method> <!-- cleanAllureResults -->
        <test-method is-config="true" signature="setUp(java.lang.String,java.lang.String)[pri:0, instance:com.testcases.TestSprint1@7b948f3e]" started-at="2025-03-16T12:31:18 IST" name="setUp" finished-at="2025-03-16T12:31:22 IST" duration-ms="3361" status="PASS">
          <params>
            <param index="0">
              <value>
                <![CDATA[Chrome]]>
              </value>
            </param>
            <param index="1">
              <value>
                <![CDATA[http://localhost/orangehrm]]>
              </value>
            </param>
          </params>
          <reporter-output>
          </reporter-output>
        </test-method> <!-- setUp -->
        <test-method signature="checkSearchOptionsInPIMMenuEmployeeListPage()[pri:0, instance:com.testcases.TestSprint1@7b948f3e]" started-at="2025-03-16T12:31:22 IST" name="checkSearchOptionsInPIMMenuEmployeeListPage" finished-at="2025-03-16T12:32:14 IST" duration-ms="51910" status="PASS">
          <reporter-output>
          </reporter-output>
        </test-method> <!-- checkSearchOptionsInPIMMenuEmployeeListPage -->
        <test-method is-config="true" signature="closeBrowser()[pri:0, instance:com.testcases.TestSprint1@7b948f3e]" started-at="2025-03-16T12:32:14 IST" name="closeBrowser" finished-at="2025-03-16T12:32:14 IST" duration-ms="265" status="PASS">
          <reporter-output>
          </reporter-output>
        </test-method> <!-- closeBrowser -->
      </class> <!-- com.testcases.TestSprint1 -->
    </test> <!-- Default test -->
  </suite> <!-- Default suite -->
</testng-results>
