<?xml version="1.0" encoding="UTF-8"?>
<testng-results ignored="5" total="6" passed="1" failed="0" skipped="0">
  <reporter-output>
  </reporter-output>
  <suite started-at="2025-03-01T14:39:38 IST" name="Default suite" finished-at="2025-03-01T14:39:50 IST" duration-ms="12288">
    <groups>
    </groups>
    <test started-at="2025-03-01T14:39:38 IST" name="Default test" finished-at="2025-03-01T14:39:50 IST" duration-ms="12288">
      <class name="com.testcases.TestSprint1">
        <test-method is-config="true" signature="setUp(java.lang.String,java.lang.String)[pri:0, instance:com.testcases.TestSprint1@45404d5]" started-at="2025-03-01T14:39:38 IST" name="setUp" finished-at="2025-03-01T14:39:41 IST" duration-ms="2859" status="PASS">
          <params>
            <param index="0">
              <value>
                <![CDATA[Chrome]]>
              </value>
            </param>
            <param index="1">
              <value>
                <![CDATA[http://localhost/orangehrm]]>
              </value>
            </param>
          </params>
          <reporter-output>
          </reporter-output>
        </test-method> <!-- setUp -->
        <test-method signature="tryAndError()[pri:0, instance:com.testcases.TestSprint1@45404d5]" started-at="2025-03-01T14:39:41 IST" name="tryAndError" finished-at="2025-03-01T14:39:50 IST" duration-ms="8879" status="PASS">
          <reporter-output>
          </reporter-output>
        </test-method> <!-- tryAndError -->
        <test-method is-config="true" signature="closeBrowser()[pri:0, instance:com.testcases.TestSprint1@45404d5]" started-at="2025-03-01T14:39:50 IST" name="closeBrowser" finished-at="2025-03-01T14:39:50 IST" duration-ms="261" status="PASS">
          <reporter-output>
          </reporter-output>
        </test-method> <!-- closeBrowser -->
      </class> <!-- com.testcases.TestSprint1 -->
    </test> <!-- Default test -->
  </suite> <!-- Default suite -->
</testng-results>
