<?xml version="1.0" encoding="UTF-8"?>
<testng-results ignored="6" total="7" passed="1" failed="0" skipped="0">
  <reporter-output>
  </reporter-output>
  <suite started-at="2025-12-02T23:57:48 IST" name="Default suite" finished-at="2025-12-02T23:58:01 IST" duration-ms="13037">
    <groups>
    </groups>
    <test started-at="2025-12-02T23:57:48 IST" name="Default test" finished-at="2025-12-02T23:58:01 IST" duration-ms="13037">
      <class name="com.testcases.TestngLeaveTests">
        <test-method is-config="true" signature="cleanAllureResults()[pri:0, instance:com.testcases.TestngLeaveTests@3ed7821]" started-at="2025-12-02T23:57:48 IST" name="cleanAllureResults" finished-at="2025-12-02T23:57:48 IST" duration-ms="59" status="PASS">
          <reporter-output>
          </reporter-output>
        </test-method> <!-- cleanAllureResults -->
        <test-method is-config="true" signature="setUp(java.lang.String,java.lang.reflect.Method)[pri:0, instance:com.testcases.TestngLeaveTests@3ed7821]" started-at="2025-12-02T23:57:48 IST" name="setUp" finished-at="2025-12-02T23:57:51 IST" duration-ms="2506" status="PASS">
          <params>
            <param index="0">
              <value is-null="true"/>
            </param>
            <param index="1">
              <value>
                <![CDATA[public void com.testcases.TestngLeaveTests.ApproveLeaveAsSupervisor() throws java.lang.InterruptedException]]>
              </value>
            </param>
          </params>
          <reporter-output>
          </reporter-output>
        </test-method> <!-- setUp -->
        <test-method signature="ApproveLeaveAsSupervisor()[pri:0, instance:com.testcases.TestngLeaveTests@3ed7821]" started-at="2025-12-02T23:57:51 IST" name="ApproveLeaveAsSupervisor" finished-at="2025-12-02T23:58:01 IST" duration-ms="10011" status="PASS">
          <reporter-output>
          </reporter-output>
        </test-method> <!-- ApproveLeaveAsSupervisor -->
        <test-method is-config="true" signature="tearDown(java.lang.reflect.Method)[pri:0, instance:com.testcases.TestngLeaveTests@3ed7821]" started-at="2025-12-02T23:58:01 IST" name="tearDown" finished-at="2025-12-02T23:58:01 IST" duration-ms="249" status="PASS">
          <params>
            <param index="0">
              <value>
                <![CDATA[public void com.testcases.TestngLeaveTests.ApproveLeaveAsSupervisor() throws java.lang.InterruptedException]]>
              </value>
            </param>
          </params>
          <reporter-output>
          </reporter-output>
        </test-method> <!-- tearDown -->
      </class> <!-- com.testcases.TestngLeaveTests -->
    </test> <!-- Default test -->
  </suite> <!-- Default suite -->
</testng-results>
