<?xml version="1.0" encoding="UTF-8"?>
<testng-results ignored="0" total="1" passed="1" failed="0" skipped="0">
  <reporter-output>
  </reporter-output>
  <suite started-at="2025-11-30T13:07:17 IST" name="Default suite" finished-at="2025-11-30T13:07:48 IST" duration-ms="30775">
    <groups>
      <group name="cucumber">
        <method signature="AbstractTestNGCucumberTests.runScenario(io.cucumber.testng.PickleWrapper,io.cucumber.testng.FeatureWrapper)[pri:0, instance:com.runner.CucumberTests@47ec7422]" name="runScenario" class="io.cucumber.testng.AbstractTestNGCucumberTests"/>
      </group> <!-- cucumber -->
    </groups>
    <test started-at="2025-11-30T13:07:17 IST" name="Default test" finished-at="2025-11-30T13:07:48 IST" duration-ms="30775">
      <class name="com.runner.CucumberTests">
        <test-method is-config="true" signature="setUpClass(org.testng.ITestContext)[pri:0, instance:com.runner.CucumberTests@47ec7422]" started-at="2025-11-30T13:07:17 IST" name="setUpClass" finished-at="2025-11-30T13:07:19 IST" duration-ms="1187" status="PASS">
          <params>
            <param index="0">
              <value>
                <![CDATA[org.testng.TestRunner@19c24321]]>
              </value>
            </param>
          </params>
          <reporter-output>
          </reporter-output>
        </test-method> <!-- setUpClass -->
        <test-method signature="runScenario(io.cucumber.testng.PickleWrapper,io.cucumber.testng.FeatureWrapper)[pri:0, instance:com.runner.CucumberTests@47ec7422]" started-at="2025-11-30T13:07:19 IST" name="runScenario" description="Runs Cucumber Scenarios" data-provider="scenarios" finished-at="2025-11-30T13:07:48 IST" duration-ms="29480" status="PASS">
          <params>
            <param index="0">
              <value>
                <![CDATA["To verify when adding users all options working correctly"]]>
              </value>
            </param>
            <param index="1">
              <value>
                <![CDATA["Employee Module"]]>
              </value>
            </param>
          </params>
          <reporter-output>
          </reporter-output>
        </test-method> <!-- runScenario -->
        <test-method is-config="true" signature="tearDownClass()[pri:0, instance:com.runner.CucumberTests@47ec7422]" started-at="2025-11-30T13:07:48 IST" name="tearDownClass" finished-at="2025-11-30T13:07:48 IST" duration-ms="28" status="PASS">
          <reporter-output>
          </reporter-output>
        </test-method> <!-- tearDownClass -->
      </class> <!-- com.runner.CucumberTests -->
    </test> <!-- Default test -->
  </suite> <!-- Default suite -->
</testng-results>
