<?xml version="1.0" encoding="UTF-8"?>
<testng-results ignored="6" total="7" passed="1" failed="0" skipped="0">
  <reporter-output>
  </reporter-output>
  <suite started-at="2025-03-02T00:27:54 IST" name="Default suite" finished-at="2025-03-02T00:28:27 IST" duration-ms="32945">
    <groups>
    </groups>
    <test started-at="2025-03-02T00:27:54 IST" name="Default test" finished-at="2025-03-02T00:28:27 IST" duration-ms="32945">
      <class name="com.testcases.TestSprint1">
        <test-method is-config="true" signature="setUp(java.lang.String,java.lang.String)[pri:0, instance:com.testcases.TestSprint1@42373389]" started-at="2025-03-02T00:27:55 IST" name="setUp" finished-at="2025-03-02T00:27:58 IST" duration-ms="3504" status="PASS">
          <params>
            <param index="0">
              <value>
                <![CDATA[Chrome]]>
              </value>
            </param>
            <param index="1">
              <value>
                <![CDATA[http://localhost/orangehrm]]>
              </value>
            </param>
          </params>
          <reporter-output>
          </reporter-output>
        </test-method> <!-- setUp -->
        <test-method signature="AddReportingMethodAndTerminationReason()[pri:0, instance:com.testcases.TestSprint1@42373389]" started-at="2025-03-02T00:27:58 IST" name="AddReportingMethodAndTerminationReason" finished-at="2025-03-02T00:28:27 IST" duration-ms="28859" status="PASS">
          <reporter-output>
          </reporter-output>
        </test-method> <!-- AddReportingMethodAndTerminationReason -->
        <test-method is-config="true" signature="closeBrowser()[pri:0, instance:com.testcases.TestSprint1@42373389]" started-at="2025-03-02T00:28:27 IST" name="closeBrowser" finished-at="2025-03-02T00:28:27 IST" duration-ms="245" status="PASS">
          <reporter-output>
          </reporter-output>
        </test-method> <!-- closeBrowser -->
      </class> <!-- com.testcases.TestSprint1 -->
    </test> <!-- Default test -->
  </suite> <!-- Default suite -->
</testng-results>
