<?xml version="1.0" encoding="UTF-8"?>
<testng-results ignored="11" total="13" passed="2" failed="0" skipped="0">
  <reporter-output>
  </reporter-output>
  <suite started-at="2025-11-25T23:37:11 IST" name="Default suite" finished-at="2025-11-25T23:37:38 IST" duration-ms="27493">
    <groups>
      <group name="smoke">
        <method signature="TestSprint2.ApplyLeaveWithValidInputs()[pri:0, instance:com.testcases.TestSprint2@71c17a57]" name="ApplyLeaveWithValidInputs" class="com.testcases.TestSprint2"/>
        <method signature="TestSprint2.approveLeaveApplication()[pri:0, instance:com.testcases.TestSprint2@71c17a57]" name="approveLeaveApplication" class="com.testcases.TestSprint2"/>
      </group> <!-- smoke -->
    </groups>
    <test started-at="2025-11-25T23:37:11 IST" name="Default test" finished-at="2025-11-25T23:37:38 IST" duration-ms="27493">
      <class name="com.testcases.TestSprint2">
        <test-method is-config="true" signature="cleanAllureResults()[pri:0, instance:com.testcases.TestSprint2@71c17a57]" started-at="2025-11-25T23:37:11 IST" name="cleanAllureResults" finished-at="2025-11-25T23:37:11 IST" duration-ms="89" status="PASS">
          <reporter-output>
          </reporter-output>
        </test-method> <!-- cleanAllureResults -->
        <test-method is-config="true" signature="setUp()[pri:0, instance:com.testcases.TestSprint2@71c17a57]" started-at="2025-11-25T23:37:11 IST" name="setUp" finished-at="2025-11-25T23:37:14 IST" duration-ms="2562" status="PASS">
          <reporter-output>
          </reporter-output>
        </test-method> <!-- setUp -->
        <test-method is-config="true" signature="pageSetup()[pri:0, instance:com.testcases.TestSprint2@71c17a57]" started-at="2025-11-25T23:37:14 IST" name="pageSetup" finished-at="2025-11-25T23:37:14 IST" duration-ms="76" status="PASS">
          <reporter-output>
          </reporter-output>
        </test-method> <!-- pageSetup -->
        <test-method signature="ApplyLeaveWithValidInputs()[pri:0, instance:com.testcases.TestSprint2@71c17a57]" started-at="2025-11-25T23:37:14 IST" name="ApplyLeaveWithValidInputs" finished-at="2025-11-25T23:37:21 IST" duration-ms="7070" status="PASS">
          <reporter-output>
          </reporter-output>
        </test-method> <!-- ApplyLeaveWithValidInputs -->
        <test-method is-config="true" signature="tearDowntest()[pri:0, instance:com.testcases.TestSprint2@71c17a57]" started-at="2025-11-25T23:37:21 IST" name="tearDowntest" finished-at="2025-11-25T23:37:24 IST" duration-ms="3019" status="PASS">
          <reporter-output>
          </reporter-output>
        </test-method> <!-- tearDowntest -->
        <test-method is-config="true" signature="closeBrowser()[pri:0, instance:com.testcases.TestSprint2@71c17a57]" started-at="2025-11-25T23:37:24 IST" name="closeBrowser" finished-at="2025-11-25T23:37:24 IST" duration-ms="236" status="PASS">
          <reporter-output>
          </reporter-output>
        </test-method> <!-- closeBrowser -->
        <test-method is-config="true" signature="setUp()[pri:0, instance:com.testcases.TestSprint2@71c17a57]" started-at="2025-11-25T23:37:24 IST" name="setUp" finished-at="2025-11-25T23:37:26 IST" duration-ms="1585" status="PASS">
          <reporter-output>
          </reporter-output>
        </test-method> <!-- setUp -->
        <test-method is-config="true" signature="pageSetup()[pri:0, instance:com.testcases.TestSprint2@71c17a57]" started-at="2025-11-25T23:37:26 IST" name="pageSetup" finished-at="2025-11-25T23:37:26 IST" duration-ms="4" status="PASS">
          <reporter-output>
          </reporter-output>
        </test-method> <!-- pageSetup -->
        <test-method signature="approveLeaveApplication()[pri:0, instance:com.testcases.TestSprint2@71c17a57]" started-at="2025-11-25T23:37:26 IST" name="approveLeaveApplication" finished-at="2025-11-25T23:37:35 IST" depends-on-methods="com.testcases.TestSprint2.ApplyLeaveWithValidInputs" duration-ms="9453" status="PASS">
          <reporter-output>
          </reporter-output>
        </test-method> <!-- approveLeaveApplication -->
        <test-method is-config="true" signature="tearDowntest()[pri:0, instance:com.testcases.TestSprint2@71c17a57]" started-at="2025-11-25T23:37:35 IST" name="tearDowntest" finished-at="2025-11-25T23:37:38 IST" duration-ms="3029" status="PASS">
          <reporter-output>
          </reporter-output>
        </test-method> <!-- tearDowntest -->
        <test-method is-config="true" signature="closeBrowser()[pri:0, instance:com.testcases.TestSprint2@71c17a57]" started-at="2025-11-25T23:37:38 IST" name="closeBrowser" finished-at="2025-11-25T23:37:38 IST" duration-ms="204" status="PASS">
          <reporter-output>
          </reporter-output>
        </test-method> <!-- closeBrowser -->
      </class> <!-- com.testcases.TestSprint2 -->
    </test> <!-- Default test -->
  </suite> <!-- Default suite -->
</testng-results>
