<?xml version="1.0" encoding="UTF-8"?>
<testng-results ignored="4" total="5" passed="1" failed="0" skipped="0">
  <reporter-output>
  </reporter-output>
  <suite started-at="2025-07-07T11:26:35 IST" name="Default suite" finished-at="2025-07-07T11:26:54 IST" duration-ms="19638">
    <groups>
    </groups>
    <test started-at="2025-07-07T11:26:35 IST" name="Default test" finished-at="2025-07-07T11:26:54 IST" duration-ms="19638">
      <class name="com.testcases.TestSprint3">
        <test-method is-config="true" signature="cleanAllureResults()[pri:0, instance:com.testcases.TestSprint3@53830483]" started-at="2025-07-07T11:26:34 IST" name="cleanAllureResults" finished-at="2025-07-07T11:26:34 IST" duration-ms="79" status="PASS">
          <reporter-output>
          </reporter-output>
        </test-method> <!-- cleanAllureResults -->
        <test-method is-config="true" signature="setUp(java.lang.String,java.lang.String)[pri:0, instance:com.testcases.TestSprint3@53830483]" started-at="2025-07-07T11:26:35 IST" name="setUp" finished-at="2025-07-07T11:26:38 IST" duration-ms="3072" status="PASS">
          <params>
            <param index="0">
              <value>
                <![CDATA[Chrome]]>
              </value>
            </param>
            <param index="1">
              <value>
                <![CDATA[http://localhost/orangehrm]]>
              </value>
            </param>
          </params>
          <reporter-output>
          </reporter-output>
        </test-method> <!-- setUp -->
        <test-method is-config="true" signature="pageSetup()[pri:0, instance:com.testcases.TestSprint3@53830483]" started-at="2025-07-07T11:26:38 IST" name="pageSetup" finished-at="2025-07-07T11:26:38 IST" duration-ms="64" status="PASS">
          <reporter-output>
          </reporter-output>
        </test-method> <!-- pageSetup -->
        <test-method signature="addNewKPIForTheJobTitle()[pri:0, instance:com.testcases.TestSprint3@53830483]" started-at="2025-07-07T11:26:38 IST" name="addNewKPIForTheJobTitle" finished-at="2025-07-07T11:26:54 IST" duration-ms="15894" status="PASS">
          <reporter-output>
          </reporter-output>
        </test-method> <!-- addNewKPIForTheJobTitle -->
        <test-method is-config="true" signature="closeBrowser()[pri:0, instance:com.testcases.TestSprint3@53830483]" started-at="2025-07-07T11:26:54 IST" name="closeBrowser" finished-at="2025-07-07T11:26:54 IST" duration-ms="282" status="PASS">
          <reporter-output>
          </reporter-output>
        </test-method> <!-- closeBrowser -->
      </class> <!-- com.testcases.TestSprint3 -->
    </test> <!-- Default test -->
  </suite> <!-- Default suite -->
</testng-results>
