<?xml version="1.0" encoding="UTF-8"?>
<testng-results ignored="11" total="12" passed="1" failed="0" skipped="0">
  <reporter-output>
  </reporter-output>
  <suite started-at="2025-05-25T16:09:57 IST" name="Default suite" finished-at="2025-05-25T16:10:34 IST" duration-ms="37542">
    <groups>
    </groups>
    <test started-at="2025-05-25T16:09:57 IST" name="Default test" finished-at="2025-05-25T16:10:34 IST" duration-ms="37542">
      <class name="com.testcases.TestSprint2">
        <test-method is-config="true" signature="cleanAllureResults()[pri:0, instance:com.testcases.TestSprint2@39a87e72]" started-at="2025-05-25T16:09:57 IST" name="cleanAllureResults" finished-at="2025-05-25T16:09:57 IST" duration-ms="182" status="PASS">
          <reporter-output>
          </reporter-output>
        </test-method> <!-- cleanAllureResults -->
        <test-method is-config="true" signature="setUp(java.lang.String,java.lang.String)[pri:0, instance:com.testcases.TestSprint2@39a87e72]" started-at="2025-05-25T16:09:57 IST" name="setUp" finished-at="2025-05-25T16:10:01 IST" duration-ms="3665" status="PASS">
          <params>
            <param index="0">
              <value>
                <![CDATA[Chrome]]>
              </value>
            </param>
            <param index="1">
              <value>
                <![CDATA[http://localhost/orangehrm]]>
              </value>
            </param>
          </params>
          <reporter-output>
          </reporter-output>
        </test-method> <!-- setUp -->
        <test-method is-config="true" signature="pageSetup()[pri:0, instance:com.testcases.TestSprint2@39a87e72]" started-at="2025-05-25T16:10:01 IST" name="pageSetup" finished-at="2025-05-25T16:10:01 IST" duration-ms="104" status="PASS">
          <reporter-output>
          </reporter-output>
        </test-method> <!-- pageSetup -->
        <test-method signature="addLeaveEntitlement()[pri:0, instance:com.testcases.TestSprint2@39a87e72]" started-at="2025-05-25T16:10:01 IST" name="addLeaveEntitlement" finished-at="2025-05-25T16:10:34 IST" duration-ms="32961" status="PASS">
          <reporter-output>
          </reporter-output>
        </test-method> <!-- addLeaveEntitlement -->
        <test-method is-config="true" signature="closeBrowser()[pri:0, instance:com.testcases.TestSprint2@39a87e72]" started-at="2025-05-25T16:10:34 IST" name="closeBrowser" finished-at="2025-05-25T16:10:34 IST" duration-ms="390" status="PASS">
          <reporter-output>
          </reporter-output>
        </test-method> <!-- closeBrowser -->
      </class> <!-- com.testcases.TestSprint2 -->
    </test> <!-- Default test -->
  </suite> <!-- Default suite -->
</testng-results>
