<?xml version="1.0" encoding="UTF-8"?>
<testng-results ignored="5" total="6" passed="1" failed="0" skipped="0">
  <reporter-output>
  </reporter-output>
  <suite started-at="2025-04-26T00:41:23 IST" name="Default suite" finished-at="2025-04-26T00:41:42 IST" duration-ms="19452">
    <groups>
    </groups>
    <test started-at="2025-04-26T00:41:23 IST" name="Default test" finished-at="2025-04-26T00:41:42 IST" duration-ms="19452">
      <class name="com.testcases.TestSprint2">
        <test-method is-config="true" signature="cleanAllureResults()[pri:0, instance:com.testcases.TestSprint2@5527b211]" started-at="2025-04-26T00:41:23 IST" name="cleanAllureResults" finished-at="2025-04-26T00:41:23 IST" duration-ms="67" status="PASS">
          <reporter-output>
          </reporter-output>
        </test-method> <!-- cleanAllureResults -->
        <test-method is-config="true" signature="setUp(java.lang.String,java.lang.String)[pri:0, instance:com.testcases.TestSprint2@5527b211]" started-at="2025-04-26T00:41:23 IST" name="setUp" finished-at="2025-04-26T00:41:26 IST" duration-ms="3098" status="PASS">
          <params>
            <param index="0">
              <value>
                <![CDATA[Chrome]]>
              </value>
            </param>
            <param index="1">
              <value>
                <![CDATA[http://localhost/orangehrm]]>
              </value>
            </param>
          </params>
          <reporter-output>
          </reporter-output>
        </test-method> <!-- setUp -->
        <test-method is-config="true" signature="pageSetup()[pri:0, instance:com.testcases.TestSprint2@5527b211]" started-at="2025-04-26T00:41:26 IST" name="pageSetup" finished-at="2025-04-26T00:41:26 IST" duration-ms="62" status="PASS">
          <reporter-output>
          </reporter-output>
        </test-method> <!-- pageSetup -->
        <test-method signature="CheckIfAddSkillOptionIsWorkingOrNot()[pri:0, instance:com.testcases.TestSprint2@5527b211]" started-at="2025-04-26T00:41:26 IST" name="CheckIfAddSkillOptionIsWorkingOrNot" finished-at="2025-04-26T00:41:42 IST" duration-ms="15754" status="PASS">
          <reporter-output>
          </reporter-output>
        </test-method> <!-- CheckIfAddSkillOptionIsWorkingOrNot -->
        <test-method is-config="true" signature="closeBrowser()[pri:0, instance:com.testcases.TestSprint2@5527b211]" started-at="2025-04-26T00:41:42 IST" name="closeBrowser" finished-at="2025-04-26T00:41:42 IST" duration-ms="258" status="PASS">
          <reporter-output>
          </reporter-output>
        </test-method> <!-- closeBrowser -->
      </class> <!-- com.testcases.TestSprint2 -->
    </test> <!-- Default test -->
  </suite> <!-- Default suite -->
</testng-results>
