<?xml version="1.0" encoding="UTF-8"?>
<testng-results ignored="1" total="6" passed="5" failed="0" skipped="0">
  <reporter-output>
  </reporter-output>
  <suite started-at="2025-05-03T10:18:23 IST" name="Default suite" finished-at="2025-05-03T10:20:14 IST" duration-ms="111610">
    <groups>
    </groups>
    <test started-at="2025-05-03T10:18:23 IST" name="Default test" finished-at="2025-05-03T10:20:14 IST" duration-ms="111610">
      <class name="com.testcases.TestSprint2">
        <test-method is-config="true" signature="cleanAllureResults()[pri:0, instance:com.testcases.TestSprint2@64b3b1ce]" started-at="2025-05-03T10:18:22 IST" name="cleanAllureResults" finished-at="2025-05-03T10:18:23 IST" duration-ms="97" status="PASS">
          <reporter-output>
          </reporter-output>
        </test-method> <!-- cleanAllureResults -->
        <test-method is-config="true" signature="setUp(java.lang.String,java.lang.String)[pri:0, instance:com.testcases.TestSprint2@64b3b1ce]" started-at="2025-05-03T10:18:23 IST" name="setUp" finished-at="2025-05-03T10:18:30 IST" duration-ms="6698" status="PASS">
          <params>
            <param index="0">
              <value>
                <![CDATA[Chrome]]>
              </value>
            </param>
            <param index="1">
              <value>
                <![CDATA[http://localhost/orangehrm]]>
              </value>
            </param>
          </params>
          <reporter-output>
          </reporter-output>
        </test-method> <!-- setUp -->
        <test-method is-config="true" signature="pageSetup()[pri:0, instance:com.testcases.TestSprint2@64b3b1ce]" started-at="2025-05-03T10:18:30 IST" name="pageSetup" finished-at="2025-05-03T10:18:30 IST" duration-ms="59" status="PASS">
          <reporter-output>
          </reporter-output>
        </test-method> <!-- pageSetup -->
        <test-method signature="CheckIfAddLocationOptionIsWorkingOrNot()[pri:0, instance:com.testcases.TestSprint2@64b3b1ce]" started-at="2025-05-03T10:18:30 IST" name="CheckIfAddLocationOptionIsWorkingOrNot" finished-at="2025-05-03T10:18:59 IST" duration-ms="29386" status="PASS">
          <reporter-output>
          </reporter-output>
        </test-method> <!-- CheckIfAddLocationOptionIsWorkingOrNot -->
        <test-method is-config="true" signature="closeBrowser()[pri:0, instance:com.testcases.TestSprint2@64b3b1ce]" started-at="2025-05-03T10:18:59 IST" name="closeBrowser" finished-at="2025-05-03T10:18:59 IST" duration-ms="283" status="PASS">
          <reporter-output>
          </reporter-output>
        </test-method> <!-- closeBrowser -->
        <test-method is-config="true" signature="setUp(java.lang.String,java.lang.String)[pri:0, instance:com.testcases.TestSprint2@64b3b1ce]" started-at="2025-05-03T10:18:59 IST" name="setUp" finished-at="2025-05-03T10:19:03 IST" duration-ms="3362" status="PASS">
          <params>
            <param index="0">
              <value>
                <![CDATA[Chrome]]>
              </value>
            </param>
            <param index="1">
              <value>
                <![CDATA[http://localhost/orangehrm]]>
              </value>
            </param>
          </params>
          <reporter-output>
          </reporter-output>
        </test-method> <!-- setUp -->
        <test-method is-config="true" signature="pageSetup()[pri:0, instance:com.testcases.TestSprint2@64b3b1ce]" started-at="2025-05-03T10:19:03 IST" name="pageSetup" finished-at="2025-05-03T10:19:03 IST" duration-ms="3" status="PASS">
          <reporter-output>
          </reporter-output>
        </test-method> <!-- pageSetup -->
        <test-method signature="CheckIfAddSkillOptionIsWorkingOrNot()[pri:0, instance:com.testcases.TestSprint2@64b3b1ce]" started-at="2025-05-03T10:19:03 IST" name="CheckIfAddSkillOptionIsWorkingOrNot" finished-at="2025-05-03T10:19:16 IST" duration-ms="13062" status="PASS">
          <reporter-output>
          </reporter-output>
        </test-method> <!-- CheckIfAddSkillOptionIsWorkingOrNot -->
        <test-method is-config="true" signature="closeBrowser()[pri:0, instance:com.testcases.TestSprint2@64b3b1ce]" started-at="2025-05-03T10:19:16 IST" name="closeBrowser" finished-at="2025-05-03T10:19:16 IST" duration-ms="181" status="PASS">
          <reporter-output>
          </reporter-output>
        </test-method> <!-- closeBrowser -->
        <test-method is-config="true" signature="setUp(java.lang.String,java.lang.String)[pri:0, instance:com.testcases.TestSprint2@64b3b1ce]" started-at="2025-05-03T10:19:16 IST" name="setUp" finished-at="2025-05-03T10:19:18 IST" duration-ms="1686" status="PASS">
          <params>
            <param index="0">
              <value>
                <![CDATA[Chrome]]>
              </value>
            </param>
            <param index="1">
              <value>
                <![CDATA[http://localhost/orangehrm]]>
              </value>
            </param>
          </params>
          <reporter-output>
          </reporter-output>
        </test-method> <!-- setUp -->
        <test-method is-config="true" signature="pageSetup()[pri:0, instance:com.testcases.TestSprint2@64b3b1ce]" started-at="2025-05-03T10:19:18 IST" name="pageSetup" finished-at="2025-05-03T10:19:18 IST" duration-ms="3" status="PASS">
          <reporter-output>
          </reporter-output>
        </test-method> <!-- pageSetup -->
        <test-method signature="SearchSystemUserWithDifferentSearchOptions()[pri:0, instance:com.testcases.TestSprint2@64b3b1ce]" started-at="2025-05-03T10:19:18 IST" name="SearchSystemUserWithDifferentSearchOptions" finished-at="2025-05-03T10:19:49 IST" duration-ms="31683" status="PASS">
          <reporter-output>
          </reporter-output>
        </test-method> <!-- SearchSystemUserWithDifferentSearchOptions -->
        <test-method is-config="true" signature="closeBrowser()[pri:0, instance:com.testcases.TestSprint2@64b3b1ce]" started-at="2025-05-03T10:19:49 IST" name="closeBrowser" finished-at="2025-05-03T10:19:49 IST" duration-ms="110" status="PASS">
          <reporter-output>
          </reporter-output>
        </test-method> <!-- closeBrowser -->
        <test-method is-config="true" signature="setUp(java.lang.String,java.lang.String)[pri:0, instance:com.testcases.TestSprint2@64b3b1ce]" started-at="2025-05-03T10:19:49 IST" name="setUp" finished-at="2025-05-03T10:19:51 IST" duration-ms="1474" status="PASS">
          <params>
            <param index="0">
              <value>
                <![CDATA[Chrome]]>
              </value>
            </param>
            <param index="1">
              <value>
                <![CDATA[http://localhost/orangehrm]]>
              </value>
            </param>
          </params>
          <reporter-output>
          </reporter-output>
        </test-method> <!-- setUp -->
        <test-method is-config="true" signature="pageSetup()[pri:0, instance:com.testcases.TestSprint2@64b3b1ce]" started-at="2025-05-03T10:19:51 IST" name="pageSetup" finished-at="2025-05-03T10:19:51 IST" duration-ms="2" status="PASS">
          <reporter-output>
          </reporter-output>
        </test-method> <!-- pageSetup -->
        <test-method signature="checkForJobMenuAreShowingCorrectOptions()[pri:0, instance:com.testcases.TestSprint2@64b3b1ce]" started-at="2025-05-03T10:19:51 IST" name="checkForJobMenuAreShowingCorrectOptions" finished-at="2025-05-03T10:20:03 IST" duration-ms="12412" status="PASS">
          <reporter-output>
          </reporter-output>
        </test-method> <!-- checkForJobMenuAreShowingCorrectOptions -->
        <test-method is-config="true" signature="closeBrowser()[pri:0, instance:com.testcases.TestSprint2@64b3b1ce]" started-at="2025-05-03T10:20:03 IST" name="closeBrowser" finished-at="2025-05-03T10:20:04 IST" duration-ms="175" status="PASS">
          <reporter-output>
          </reporter-output>
        </test-method> <!-- closeBrowser -->
        <test-method is-config="true" signature="setUp(java.lang.String,java.lang.String)[pri:0, instance:com.testcases.TestSprint2@64b3b1ce]" started-at="2025-05-03T10:20:04 IST" name="setUp" finished-at="2025-05-03T10:20:05 IST" duration-ms="1451" status="PASS">
          <params>
            <param index="0">
              <value>
                <![CDATA[Chrome]]>
              </value>
            </param>
            <param index="1">
              <value>
                <![CDATA[http://localhost/orangehrm]]>
              </value>
            </param>
          </params>
          <reporter-output>
          </reporter-output>
        </test-method> <!-- setUp -->
        <test-method is-config="true" signature="pageSetup()[pri:0, instance:com.testcases.TestSprint2@64b3b1ce]" started-at="2025-05-03T10:20:05 IST" name="pageSetup" finished-at="2025-05-03T10:20:05 IST" duration-ms="2" status="PASS">
          <reporter-output>
          </reporter-output>
        </test-method> <!-- pageSetup -->
        <test-method signature="checkForOrganizationMenuAreShowingCorrectOptions()[pri:0, instance:com.testcases.TestSprint2@64b3b1ce]" started-at="2025-05-03T10:20:05 IST" name="checkForOrganizationMenuAreShowingCorrectOptions" finished-at="2025-05-03T10:20:14 IST" duration-ms="9050" status="PASS">
          <reporter-output>
          </reporter-output>
        </test-method> <!-- checkForOrganizationMenuAreShowingCorrectOptions -->
        <test-method is-config="true" signature="closeBrowser()[pri:0, instance:com.testcases.TestSprint2@64b3b1ce]" started-at="2025-05-03T10:20:14 IST" name="closeBrowser" finished-at="2025-05-03T10:20:14 IST" duration-ms="154" status="PASS">
          <reporter-output>
          </reporter-output>
        </test-method> <!-- closeBrowser -->
      </class> <!-- com.testcases.TestSprint2 -->
    </test> <!-- Default test -->
  </suite> <!-- Default suite -->
</testng-results>
