<?xml version="1.0" encoding="UTF-8"?>
<testng-results ignored="5" total="6" passed="1" failed="0" skipped="0">
  <reporter-output>
  </reporter-output>
  <suite started-at="2025-11-30T15:31:34 IST" name="Default suite" finished-at="2025-11-30T15:31:50 IST" duration-ms="15407">
    <groups>
    </groups>
    <test started-at="2025-11-30T15:31:34 IST" name="Default test" finished-at="2025-11-30T15:31:50 IST" duration-ms="15407">
      <class name="com.testcases.TestngLeaveTests">
        <test-method is-config="true" signature="cleanAllureResults()[pri:0, instance:com.testcases.TestngLeaveTests@623dcf2a]" started-at="2025-11-30T15:31:34 IST" name="cleanAllureResults" finished-at="2025-11-30T15:31:34 IST" duration-ms="150" status="PASS">
          <reporter-output>
          </reporter-output>
        </test-method> <!-- cleanAllureResults -->
        <test-method is-config="true" signature="setUp(java.lang.String)[pri:0, instance:com.testcases.TestngLeaveTests@623dcf2a]" started-at="2025-11-30T15:31:34 IST" name="setUp" finished-at="2025-11-30T15:31:37 IST" duration-ms="2357" status="PASS">
          <params>
            <param index="0">
              <value is-null="true"/>
            </param>
          </params>
          <reporter-output>
          </reporter-output>
        </test-method> <!-- setUp -->
        <test-method signature="ApplyLeaveWithWeekendDates()[pri:0, instance:com.testcases.TestngLeaveTests@623dcf2a]" started-at="2025-11-30T15:31:37 IST" name="ApplyLeaveWithWeekendDates" finished-at="2025-11-30T15:31:49 IST" duration-ms="12518" status="PASS">
          <reporter-output>
          </reporter-output>
        </test-method> <!-- ApplyLeaveWithWeekendDates -->
        <test-method is-config="true" signature="tearDown()[pri:0, instance:com.testcases.TestngLeaveTests@623dcf2a]" started-at="2025-11-30T15:31:49 IST" name="tearDown" finished-at="2025-11-30T15:31:50 IST" duration-ms="289" status="PASS">
          <reporter-output>
          </reporter-output>
        </test-method> <!-- tearDown -->
      </class> <!-- com.testcases.TestngLeaveTests -->
    </test> <!-- Default test -->
  </suite> <!-- Default suite -->
</testng-results>
