<?xml version="1.0" encoding="UTF-8"?>
<testng-results ignored="12" total="13" passed="1" failed="0" skipped="0">
  <reporter-output>
  </reporter-output>
  <suite started-at="2025-11-25T14:13:04 IST" name="Default suite" finished-at="2025-11-25T14:13:47 IST" duration-ms="42969">
    <groups>
      <group name="smoke">
        <method signature="TestSprint2.userCancelLeaveApplication()[pri:0, instance:com.testcases.TestSprint2@625dfff3]" name="userCancelLeaveApplication" class="com.testcases.TestSprint2"/>
      </group> <!-- smoke -->
    </groups>
    <test started-at="2025-11-25T14:13:04 IST" name="Default test" finished-at="2025-11-25T14:13:47 IST" duration-ms="42969">
      <class name="com.testcases.TestSprint2">
        <test-method is-config="true" signature="cleanAllureResults()[pri:0, instance:com.testcases.TestSprint2@625dfff3]" started-at="2025-11-25T14:13:04 IST" name="cleanAllureResults" finished-at="2025-11-25T14:13:04 IST" duration-ms="91" status="PASS">
          <reporter-output>
          </reporter-output>
        </test-method> <!-- cleanAllureResults -->
        <test-method is-config="true" signature="setUp()[pri:0, instance:com.testcases.TestSprint2@625dfff3]" started-at="2025-11-25T14:13:04 IST" name="setUp" finished-at="2025-11-25T14:13:22 IST" duration-ms="18165" status="PASS">
          <reporter-output>
          </reporter-output>
        </test-method> <!-- setUp -->
        <test-method is-config="true" signature="pageSetup()[pri:0, instance:com.testcases.TestSprint2@625dfff3]" started-at="2025-11-25T14:13:22 IST" name="pageSetup" finished-at="2025-11-25T14:13:22 IST" duration-ms="73" status="PASS">
          <reporter-output>
          </reporter-output>
        </test-method> <!-- pageSetup -->
        <test-method signature="userCancelLeaveApplication()[pri:0, instance:com.testcases.TestSprint2@625dfff3]" started-at="2025-11-25T14:13:22 IST" name="userCancelLeaveApplication" finished-at="2025-11-25T14:13:44 IST" duration-ms="21271" status="PASS">
          <reporter-output>
          </reporter-output>
        </test-method> <!-- userCancelLeaveApplication -->
        <test-method is-config="true" signature="tearDowntest()[pri:0, instance:com.testcases.TestSprint2@625dfff3]" started-at="2025-11-25T14:13:44 IST" name="tearDowntest" finished-at="2025-11-25T14:13:47 IST" duration-ms="3012" status="PASS">
          <reporter-output>
          </reporter-output>
        </test-method> <!-- tearDowntest -->
        <test-method is-config="true" signature="closeBrowser()[pri:0, instance:com.testcases.TestSprint2@625dfff3]" started-at="2025-11-25T14:13:47 IST" name="closeBrowser" finished-at="2025-11-25T14:13:47 IST" duration-ms="200" status="PASS">
          <reporter-output>
          </reporter-output>
        </test-method> <!-- closeBrowser -->
      </class> <!-- com.testcases.TestSprint2 -->
    </test> <!-- Default test -->
  </suite> <!-- Default suite -->
</testng-results>
