<?xml version="1.0" encoding="UTF-8"?>
<testng-results ignored="2" total="3" passed="1" failed="0" skipped="0">
  <reporter-output>
  </reporter-output>
  <suite started-at="2025-07-03T00:03:22 IST" name="Default suite" finished-at="2025-07-03T00:03:35 IST" duration-ms="12751">
    <groups>
    </groups>
    <test started-at="2025-07-03T00:03:22 IST" name="Default test" finished-at="2025-07-03T00:03:35 IST" duration-ms="12751">
      <class name="com.testcases.TestSprint3">
        <test-method is-config="true" signature="cleanAllureResults()[pri:0, instance:com.testcases.TestSprint3@2eadc9f6]" started-at="2025-07-03T00:03:22 IST" name="cleanAllureResults" finished-at="2025-07-03T00:03:22 IST" duration-ms="70" status="PASS">
          <reporter-output>
          </reporter-output>
        </test-method> <!-- cleanAllureResults -->
        <test-method is-config="true" signature="setUp(java.lang.String,java.lang.String)[pri:0, instance:com.testcases.TestSprint3@2eadc9f6]" started-at="2025-07-03T00:03:22 IST" name="setUp" finished-at="2025-07-03T00:03:25 IST" duration-ms="2706" status="PASS">
          <params>
            <param index="0">
              <value>
                <![CDATA[Chrome]]>
              </value>
            </param>
            <param index="1">
              <value>
                <![CDATA[http://localhost/orangehrm]]>
              </value>
            </param>
          </params>
          <reporter-output>
          </reporter-output>
        </test-method> <!-- setUp -->
        <test-method is-config="true" signature="pageSetup()[pri:0, instance:com.testcases.TestSprint3@2eadc9f6]" started-at="2025-07-03T00:03:25 IST" name="pageSetup" finished-at="2025-07-03T00:03:25 IST" duration-ms="57" status="PASS">
          <reporter-output>
          </reporter-output>
        </test-method> <!-- pageSetup -->
        <test-method signature="AdminAddsNewCandidateForAnExistingVacancy()[pri:0, instance:com.testcases.TestSprint3@2eadc9f6]" started-at="2025-07-03T00:03:25 IST" name="AdminAddsNewCandidateForAnExistingVacancy" finished-at="2025-07-03T00:03:34 IST" duration-ms="9561" status="PASS">
          <reporter-output>
          </reporter-output>
        </test-method> <!-- AdminAddsNewCandidateForAnExistingVacancy -->
        <test-method is-config="true" signature="closeBrowser()[pri:0, instance:com.testcases.TestSprint3@2eadc9f6]" started-at="2025-07-03T00:03:34 IST" name="closeBrowser" finished-at="2025-07-03T00:03:35 IST" duration-ms="200" status="PASS">
          <reporter-output>
          </reporter-output>
        </test-method> <!-- closeBrowser -->
      </class> <!-- com.testcases.TestSprint3 -->
    </test> <!-- Default test -->
  </suite> <!-- Default suite -->
</testng-results>
