<?xml version="1.0" encoding="UTF-8"?>
<testng-results ignored="2" total="3" passed="1" failed="0" skipped="0">
  <reporter-output>
  </reporter-output>
  <suite started-at="2025-02-20T15:19:33 IST" name="Default suite" finished-at="2025-02-20T15:19:48 IST" duration-ms="15452">
    <groups>
    </groups>
    <test started-at="2025-02-20T15:19:33 IST" name="Default test" finished-at="2025-02-20T15:19:48 IST" duration-ms="15452">
      <class name="orangeHRM.testCases.testSprint1">
        <test-method is-config="true" signature="setUp()[pri:0, instance:orangeHRM.testCases.testSprint1@4e1ce44]" started-at="2025-02-20T15:19:33 IST" name="setUp" finished-at="2025-02-20T15:19:38 IST" duration-ms="5505" status="PASS">
          <reporter-output>
          </reporter-output>
        </test-method> <!-- setUp -->
        <test-method signature="checkIfPIMmenuConfigurationOptionalFieldCanBeTurnedOnOff()[pri:0, instance:orangeHRM.testCases.testSprint1@4e1ce44]" started-at="2025-02-20T15:19:38 IST" name="checkIfPIMmenuConfigurationOptionalFieldCanBeTurnedOnOff" finished-at="2025-02-20T15:19:48 IST" duration-ms="9299" status="PASS">
          <reporter-output>
          </reporter-output>
        </test-method> <!-- checkIfPIMmenuConfigurationOptionalFieldCanBeTurnedOnOff -->
        <test-method is-config="true" signature="closeBrowser()[pri:0, instance:orangeHRM.testCases.testSprint1@4e1ce44]" started-at="2025-02-20T15:19:48 IST" name="closeBrowser" finished-at="2025-02-20T15:19:48 IST" duration-ms="236" status="PASS">
          <reporter-output>
          </reporter-output>
        </test-method> <!-- closeBrowser -->
      </class> <!-- orangeHRM.testCases.testSprint1 -->
    </test> <!-- Default test -->
  </suite> <!-- Default suite -->
</testng-results>
