<?xml version="1.0" encoding="UTF-8"?>
<testng-results ignored="1" total="3" passed="2" failed="0" skipped="0">
  <reporter-output>
  </reporter-output>
  <suite started-at="2025-03-31T11:04:54 IST" name="Default suite" finished-at="2025-03-31T11:05:46 IST" duration-ms="51081">
    <groups>
    </groups>
    <test started-at="2025-03-31T11:04:54 IST" name="Default test" finished-at="2025-03-31T11:05:46 IST" duration-ms="51081">
      <class name="com.testcases.TestSprint2">
        <test-method is-config="true" signature="cleanAllureResults()[pri:0, instance:com.testcases.TestSprint2@710d89e2]" started-at="2025-03-31T11:04:54 IST" name="cleanAllureResults" finished-at="2025-03-31T11:04:54 IST" duration-ms="95" status="PASS">
          <reporter-output>
          </reporter-output>
        </test-method> <!-- cleanAllureResults -->
        <test-method is-config="true" signature="setUp(java.lang.String,java.lang.String)[pri:0, instance:com.testcases.TestSprint2@710d89e2]" started-at="2025-03-31T11:04:55 IST" name="setUp" finished-at="2025-03-31T11:04:57 IST" duration-ms="2369" status="PASS">
          <params>
            <param index="0">
              <value>
                <![CDATA[Chrome]]>
              </value>
            </param>
            <param index="1">
              <value>
                <![CDATA[http://localhost/orangehrm]]>
              </value>
            </param>
          </params>
          <reporter-output>
          </reporter-output>
        </test-method> <!-- setUp -->
        <test-method is-config="true" signature="pageSetup()[pri:0, instance:com.testcases.TestSprint2@710d89e2]" started-at="2025-03-31T11:04:57 IST" name="pageSetup" finished-at="2025-03-31T11:04:57 IST" duration-ms="38" status="PASS">
          <reporter-output>
          </reporter-output>
        </test-method> <!-- pageSetup -->
        <test-method signature="SearchSystemUserWithDifferentSearchOptions()[pri:0, instance:com.testcases.TestSprint2@710d89e2]" started-at="2025-03-31T11:04:57 IST" name="SearchSystemUserWithDifferentSearchOptions" finished-at="2025-03-31T11:05:29 IST" duration-ms="31785" status="PASS">
          <reporter-output>
          </reporter-output>
        </test-method> <!-- SearchSystemUserWithDifferentSearchOptions -->
        <test-method is-config="true" signature="closeBrowser()[pri:0, instance:com.testcases.TestSprint2@710d89e2]" started-at="2025-03-31T11:05:29 IST" name="closeBrowser" finished-at="2025-03-31T11:05:29 IST" duration-ms="177" status="PASS">
          <reporter-output>
          </reporter-output>
        </test-method> <!-- closeBrowser -->
        <test-method is-config="true" signature="setUp(java.lang.String,java.lang.String)[pri:0, instance:com.testcases.TestSprint2@710d89e2]" started-at="2025-03-31T11:05:29 IST" name="setUp" finished-at="2025-03-31T11:05:31 IST" duration-ms="1407" status="PASS">
          <params>
            <param index="0">
              <value>
                <![CDATA[Chrome]]>
              </value>
            </param>
            <param index="1">
              <value>
                <![CDATA[http://localhost/orangehrm]]>
              </value>
            </param>
          </params>
          <reporter-output>
          </reporter-output>
        </test-method> <!-- setUp -->
        <test-method is-config="true" signature="pageSetup()[pri:0, instance:com.testcases.TestSprint2@710d89e2]" started-at="2025-03-31T11:05:31 IST" name="pageSetup" finished-at="2025-03-31T11:05:31 IST" duration-ms="1" status="PASS">
          <reporter-output>
          </reporter-output>
        </test-method> <!-- pageSetup -->
        <test-method signature="checkForJobMenuAreShowingCorrectOptions()[pri:0, instance:com.testcases.TestSprint2@710d89e2]" started-at="2025-03-31T11:05:31 IST" name="checkForJobMenuAreShowingCorrectOptions" finished-at="2025-03-31T11:05:45 IST" duration-ms="14846" status="PASS">
          <reporter-output>
          </reporter-output>
        </test-method> <!-- checkForJobMenuAreShowingCorrectOptions -->
        <test-method is-config="true" signature="closeBrowser()[pri:0, instance:com.testcases.TestSprint2@710d89e2]" started-at="2025-03-31T11:05:45 IST" name="closeBrowser" finished-at="2025-03-31T11:05:46 IST" duration-ms="186" status="PASS">
          <reporter-output>
          </reporter-output>
        </test-method> <!-- closeBrowser -->
      </class> <!-- com.testcases.TestSprint2 -->
    </test> <!-- Default test -->
  </suite> <!-- Default suite -->
</testng-results>
