<?xml version="1.0" encoding="UTF-8"?>
<testng-results ignored="7" total="8" passed="1" failed="0" skipped="0">
  <reporter-output>
  </reporter-output>
  <suite started-at="2025-03-06T12:37:09 IST" name="Default suite" finished-at="2025-03-06T12:37:46 IST" duration-ms="37178">
    <groups>
    </groups>
    <test started-at="2025-03-06T12:37:09 IST" name="Default test" finished-at="2025-03-06T12:37:46 IST" duration-ms="37178">
      <class name="com.testcases.TestSprint1">
        <test-method is-config="true" signature="setUp(java.lang.String,java.lang.String)[pri:0, instance:com.testcases.TestSprint1@252dc8c4]" started-at="2025-03-06T12:37:09 IST" name="setUp" finished-at="2025-03-06T12:37:14 IST" duration-ms="4485" status="PASS">
          <params>
            <param index="0">
              <value>
                <![CDATA[Chrome]]>
              </value>
            </param>
            <param index="1">
              <value>
                <![CDATA[http://localhost/orangehrm]]>
              </value>
            </param>
          </params>
          <reporter-output>
          </reporter-output>
        </test-method> <!-- setUp -->
        <test-method signature="AddCustomFieldsWithBothTypeOfInputMethodAndCheckIfReflectingOnRespectedPage()[pri:0, instance:com.testcases.TestSprint1@252dc8c4]" started-at="2025-03-06T12:37:14 IST" name="AddCustomFieldsWithBothTypeOfInputMethodAndCheckIfReflectingOnRespectedPage" finished-at="2025-03-06T12:37:46 IST" duration-ms="31813" status="PASS">
          <reporter-output>
          </reporter-output>
        </test-method> <!-- AddCustomFieldsWithBothTypeOfInputMethodAndCheckIfReflectingOnRespectedPage -->
        <test-method is-config="true" signature="closeBrowser()[pri:0, instance:com.testcases.TestSprint1@252dc8c4]" started-at="2025-03-06T12:37:46 IST" name="closeBrowser" finished-at="2025-03-06T12:37:46 IST" duration-ms="301" status="PASS">
          <reporter-output>
          </reporter-output>
        </test-method> <!-- closeBrowser -->
      </class> <!-- com.testcases.TestSprint1 -->
    </test> <!-- Default test -->
  </suite> <!-- Default suite -->
</testng-results>
