<?xml version="1.0" encoding="UTF-8"?>
<testng-results ignored="0" total="30" passed="25" failed="5" skipped="0">
  <reporter-output>
  </reporter-output>
  <suite started-at="2025-11-28T22:13:54 IST" name="CrossBrowserSuite" finished-at="2025-11-28T22:19:07 IST" duration-ms="313039">
    <groups>
      <group name="smoke">
        <method signature="TestSprint1.CheckIfLoginSuccessfullWithCorrectCredentials()[pri:0, instance:com.testcases.TestSprint1@1ec22831]" name="CheckIfLoginSuccessfullWithCorrectCredentials" class="com.testcases.TestSprint1"/>
        <method signature="TestSprint2.ApplyLeaveWithValidInputs()[pri:0, instance:com.testcases.TestSprint2@2fbe26da]" name="ApplyLeaveWithValidInputs" class="com.testcases.TestSprint2"/>
        <method signature="TestSprint3.addVacancywithallDetailsAndCheckIfReflectsInCandidateField()[pri:0, instance:com.testcases.TestSprint3@bf75b5c]" name="addVacancywithallDetailsAndCheckIfReflectsInCandidateField" class="com.testcases.TestSprint3"/>
        <method signature="TestSprint3.employeeSubmittedTimeSheetWithDetails()[pri:0, instance:com.testcases.TestSprint3@bf75b5c]" name="employeeSubmittedTimeSheetWithDetails" class="com.testcases.TestSprint3"/>
      </group> <!-- smoke -->
    </groups>
    <test started-at="2025-11-28T22:13:54 IST" name="Edge" finished-at="2025-11-28T22:17:44 IST" duration-ms="229732">
      <class name="com.testcases.TestSprint3">
        <test-method is-config="true" signature="cleanAllureResults()[pri:0, instance:com.testcases.TestSprint3@bf75b5c]" started-at="2025-11-28T22:13:54 IST" name="cleanAllureResults" finished-at="2025-11-28T22:13:54 IST" duration-ms="71" status="PASS">
          <reporter-output>
          </reporter-output>
        </test-method> <!-- cleanAllureResults -->
        <test-method is-config="true" signature="setUp(java.lang.String)[pri:0, instance:com.testcases.TestSprint3@bf75b5c]" started-at="2025-11-28T22:13:54 IST" name="setUp" finished-at="2025-11-28T22:13:59 IST" duration-ms="5191" status="PASS">
          <params>
            <param index="0">
              <value>
                <![CDATA[edge]]>
              </value>
            </param>
          </params>
          <reporter-output>
          </reporter-output>
        </test-method> <!-- setUp -->
        <test-method signature="AddsNewCandidateForAnExistingVacancy()[pri:0, instance:com.testcases.TestSprint3@bf75b5c]" started-at="2025-11-28T22:13:59 IST" name="AddsNewCandidateForAnExistingVacancy" finished-at="2025-11-28T22:14:25 IST" duration-ms="25616" status="PASS">
          <reporter-output>
          </reporter-output>
        </test-method> <!-- AddsNewCandidateForAnExistingVacancy -->
        <test-method is-config="true" signature="tearDown()[pri:0, instance:com.testcases.TestSprint3@bf75b5c]" started-at="2025-11-28T22:14:25 IST" name="tearDown" finished-at="2025-11-28T22:14:26 IST" duration-ms="794" status="PASS">
          <reporter-output>
          </reporter-output>
        </test-method> <!-- tearDown -->
        <test-method is-config="true" signature="setUp(java.lang.String)[pri:0, instance:com.testcases.TestSprint3@bf75b5c]" started-at="2025-11-28T22:14:26 IST" name="setUp" finished-at="2025-11-28T22:14:28 IST" duration-ms="2598" status="PASS">
          <params>
            <param index="0">
              <value>
                <![CDATA[edge]]>
              </value>
            </param>
          </params>
          <reporter-output>
          </reporter-output>
        </test-method> <!-- setUp -->
        <test-method signature="AddsNewCandidateForAnExistingVacancyWithoutEmail()[pri:0, instance:com.testcases.TestSprint3@bf75b5c]" started-at="2025-11-28T22:14:28 IST" name="AddsNewCandidateForAnExistingVacancyWithoutEmail" finished-at="2025-11-28T22:14:47 IST" duration-ms="19199" status="PASS">
          <reporter-output>
          </reporter-output>
        </test-method> <!-- AddsNewCandidateForAnExistingVacancyWithoutEmail -->
        <test-method is-config="true" signature="tearDown()[pri:0, instance:com.testcases.TestSprint3@bf75b5c]" started-at="2025-11-28T22:14:47 IST" name="tearDown" finished-at="2025-11-28T22:14:48 IST" duration-ms="606" status="PASS">
          <reporter-output>
          </reporter-output>
        </test-method> <!-- tearDown -->
        <test-method is-config="true" signature="setUp(java.lang.String)[pri:0, instance:com.testcases.TestSprint3@bf75b5c]" started-at="2025-11-28T22:14:48 IST" name="setUp" finished-at="2025-11-28T22:14:51 IST" duration-ms="2718" status="PASS">
          <params>
            <param index="0">
              <value>
                <![CDATA[edge]]>
              </value>
            </param>
          </params>
          <reporter-output>
          </reporter-output>
        </test-method> <!-- setUp -->
        <test-method signature="addNewKPIForTheJobTitle()[pri:0, instance:com.testcases.TestSprint3@bf75b5c]" started-at="2025-11-28T22:14:51 IST" name="addNewKPIForTheJobTitle" finished-at="2025-11-28T22:15:19 IST" duration-ms="28618" status="PASS">
          <reporter-output>
          </reporter-output>
        </test-method> <!-- addNewKPIForTheJobTitle -->
        <test-method is-config="true" signature="tearDown()[pri:0, instance:com.testcases.TestSprint3@bf75b5c]" started-at="2025-11-28T22:15:19 IST" name="tearDown" finished-at="2025-11-28T22:15:20 IST" duration-ms="815" status="PASS">
          <reporter-output>
          </reporter-output>
        </test-method> <!-- tearDown -->
        <test-method is-config="true" signature="setUp(java.lang.String)[pri:0, instance:com.testcases.TestSprint3@bf75b5c]" started-at="2025-11-28T22:15:20 IST" name="setUp" finished-at="2025-11-28T22:15:23 IST" duration-ms="3102" status="PASS">
          <params>
            <param index="0">
              <value>
                <![CDATA[edge]]>
              </value>
            </param>
          </params>
          <reporter-output>
          </reporter-output>
        </test-method> <!-- setUp -->
        <test-method signature="addVacancywithallDetailsAndCheckIfReflectsInCandidateField()[pri:0, instance:com.testcases.TestSprint3@bf75b5c]" started-at="2025-11-28T22:15:23 IST" name="addVacancywithallDetailsAndCheckIfReflectsInCandidateField" finished-at="2025-11-28T22:15:51 IST" duration-ms="27715" status="PASS">
          <reporter-output>
          </reporter-output>
        </test-method> <!-- addVacancywithallDetailsAndCheckIfReflectsInCandidateField -->
        <test-method is-config="true" signature="tearDown()[pri:0, instance:com.testcases.TestSprint3@bf75b5c]" started-at="2025-11-28T22:15:51 IST" name="tearDown" finished-at="2025-11-28T22:15:52 IST" duration-ms="516" status="PASS">
          <reporter-output>
          </reporter-output>
        </test-method> <!-- tearDown -->
        <test-method is-config="true" signature="setUp(java.lang.String)[pri:0, instance:com.testcases.TestSprint3@bf75b5c]" started-at="2025-11-28T22:15:52 IST" name="setUp" finished-at="2025-11-28T22:15:55 IST" duration-ms="3177" status="PASS">
          <params>
            <param index="0">
              <value>
                <![CDATA[edge]]>
              </value>
            </param>
          </params>
          <reporter-output>
          </reporter-output>
        </test-method> <!-- setUp -->
        <test-method signature="dashboardApplyLeaveLinkDirectToLeavePage()[pri:0, instance:com.testcases.TestSprint3@bf75b5c]" started-at="2025-11-28T22:15:55 IST" name="dashboardApplyLeaveLinkDirectToLeavePage" finished-at="2025-11-28T22:16:05 IST" duration-ms="10032" status="PASS">
          <reporter-output>
          </reporter-output>
        </test-method> <!-- dashboardApplyLeaveLinkDirectToLeavePage -->
        <test-method is-config="true" signature="tearDown()[pri:0, instance:com.testcases.TestSprint3@bf75b5c]" started-at="2025-11-28T22:16:05 IST" name="tearDown" finished-at="2025-11-28T22:16:05 IST" duration-ms="546" status="PASS">
          <reporter-output>
          </reporter-output>
        </test-method> <!-- tearDown -->
        <test-method is-config="true" signature="setUp(java.lang.String)[pri:0, instance:com.testcases.TestSprint3@bf75b5c]" started-at="2025-11-28T22:16:05 IST" name="setUp" finished-at="2025-11-28T22:16:08 IST" duration-ms="3011" status="PASS">
          <params>
            <param index="0">
              <value>
                <![CDATA[edge]]>
              </value>
            </param>
          </params>
          <reporter-output>
          </reporter-output>
        </test-method> <!-- setUp -->
        <test-method signature="dashboardMyTimesheetLinkDirectToMyTimesheetPage()[pri:0, instance:com.testcases.TestSprint3@bf75b5c]" started-at="2025-11-28T22:16:08 IST" name="dashboardMyTimesheetLinkDirectToMyTimesheetPage" finished-at="2025-11-28T22:16:18 IST" duration-ms="9141" status="PASS">
          <reporter-output>
          </reporter-output>
        </test-method> <!-- dashboardMyTimesheetLinkDirectToMyTimesheetPage -->
        <test-method is-config="true" signature="tearDown()[pri:0, instance:com.testcases.TestSprint3@bf75b5c]" started-at="2025-11-28T22:16:18 IST" name="tearDown" finished-at="2025-11-28T22:16:18 IST" duration-ms="438" status="PASS">
          <reporter-output>
          </reporter-output>
        </test-method> <!-- tearDown -->
        <test-method is-config="true" signature="setUp(java.lang.String)[pri:0, instance:com.testcases.TestSprint3@bf75b5c]" started-at="2025-11-28T22:16:18 IST" name="setUp" finished-at="2025-11-28T22:16:21 IST" duration-ms="2807" status="PASS">
          <params>
            <param index="0">
              <value>
                <![CDATA[edge]]>
              </value>
            </param>
          </params>
          <reporter-output>
          </reporter-output>
        </test-method> <!-- setUp -->
        <test-method signature="dashboardPunchInLinkDirectToPunchInPage()[pri:0, instance:com.testcases.TestSprint3@bf75b5c]" started-at="2025-11-28T22:16:21 IST" name="dashboardPunchInLinkDirectToPunchInPage" finished-at="2025-11-28T22:16:32 IST" duration-ms="10825" status="PASS">
          <reporter-output>
          </reporter-output>
        </test-method> <!-- dashboardPunchInLinkDirectToPunchInPage -->
        <test-method is-config="true" signature="tearDown()[pri:0, instance:com.testcases.TestSprint3@bf75b5c]" started-at="2025-11-28T22:16:32 IST" name="tearDown" finished-at="2025-11-28T22:16:32 IST" duration-ms="283" status="PASS">
          <reporter-output>
          </reporter-output>
        </test-method> <!-- tearDown -->
        <test-method is-config="true" signature="setUp(java.lang.String)[pri:0, instance:com.testcases.TestSprint3@bf75b5c]" started-at="2025-11-28T22:16:32 IST" name="setUp" finished-at="2025-11-28T22:16:35 IST" duration-ms="2942" status="PASS">
          <params>
            <param index="0">
              <value>
                <![CDATA[edge]]>
              </value>
            </param>
          </params>
          <reporter-output>
          </reporter-output>
        </test-method> <!-- setUp -->
        <test-method signature="employeeSubmittedTimeSheetWithDetails()[pri:0, instance:com.testcases.TestSprint3@bf75b5c]" started-at="2025-11-28T22:16:35 IST" name="employeeSubmittedTimeSheetWithDetails" finished-at="2025-11-28T22:16:52 IST" duration-ms="17423" status="PASS">
          <reporter-output>
          </reporter-output>
        </test-method> <!-- employeeSubmittedTimeSheetWithDetails -->
        <test-method is-config="true" signature="tearDown()[pri:0, instance:com.testcases.TestSprint3@bf75b5c]" started-at="2025-11-28T22:16:52 IST" name="tearDown" finished-at="2025-11-28T22:16:53 IST" duration-ms="350" status="PASS">
          <reporter-output>
          </reporter-output>
        </test-method> <!-- tearDown -->
        <test-method is-config="true" signature="setUp(java.lang.String)[pri:0, instance:com.testcases.TestSprint3@bf75b5c]" started-at="2025-11-28T22:16:53 IST" name="setUp" finished-at="2025-11-28T22:16:55 IST" duration-ms="2162" status="PASS">
          <params>
            <param index="0">
              <value>
                <![CDATA[edge]]>
              </value>
            </param>
          </params>
          <reporter-output>
          </reporter-output>
        </test-method> <!-- setUp -->
        <test-method signature="employeeEditingTimesheetBeforeSubmission()[pri:0, instance:com.testcases.TestSprint3@bf75b5c]" started-at="2025-11-28T22:16:55 IST" name="employeeEditingTimesheetBeforeSubmission" finished-at="2025-11-28T22:17:17 IST" depends-on-methods="com.testcases.TestSprint3.employeeSubmittedTimeSheetWithDetails" duration-ms="21851" status="PASS">
          <reporter-output>
          </reporter-output>
        </test-method> <!-- employeeEditingTimesheetBeforeSubmission -->
        <test-method is-config="true" signature="tearDown()[pri:0, instance:com.testcases.TestSprint3@bf75b5c]" started-at="2025-11-28T22:17:17 IST" name="tearDown" finished-at="2025-11-28T22:17:17 IST" duration-ms="725" status="PASS">
          <reporter-output>
          </reporter-output>
        </test-method> <!-- tearDown -->
        <test-method is-config="true" signature="setUp(java.lang.String)[pri:0, instance:com.testcases.TestSprint3@bf75b5c]" started-at="2025-11-28T22:17:17 IST" name="setUp" finished-at="2025-11-28T22:17:21 IST" duration-ms="3232" status="PASS">
          <params>
            <param index="0">
              <value>
                <![CDATA[edge]]>
              </value>
            </param>
          </params>
          <reporter-output>
          </reporter-output>
        </test-method> <!-- setUp -->
        <test-method signature="managerApprovesOrRejectsTimesheet()[pri:0, instance:com.testcases.TestSprint3@bf75b5c]" started-at="2025-11-28T22:17:21 IST" name="managerApprovesOrRejectsTimesheet" finished-at="2025-11-28T22:17:43 IST" depends-on-methods="com.testcases.TestSprint3.employeeEditingTimesheetBeforeSubmission" duration-ms="22673" status="PASS">
          <reporter-output>
          </reporter-output>
        </test-method> <!-- managerApprovesOrRejectsTimesheet -->
        <test-method is-config="true" signature="tearDown()[pri:0, instance:com.testcases.TestSprint3@bf75b5c]" started-at="2025-11-28T22:17:43 IST" name="tearDown" finished-at="2025-11-28T22:17:44 IST" duration-ms="316" status="PASS">
          <reporter-output>
          </reporter-output>
        </test-method> <!-- tearDown -->
      </class> <!-- com.testcases.TestSprint3 -->
    </test> <!-- Edge -->
    <test started-at="2025-11-28T22:13:54 IST" name="Chrome" finished-at="2025-11-28T22:18:56 IST" duration-ms="301694">
      <class name="com.testcases.TestSprint1">
        <test-method is-config="true" signature="setUp(java.lang.String)[pri:0, instance:com.testcases.TestSprint1@1ec22831]" started-at="2025-11-28T22:13:54 IST" name="setUp" finished-at="2025-11-28T22:13:58 IST" duration-ms="3881" status="PASS">
          <params>
            <param index="0">
              <value>
                <![CDATA[chrome]]>
              </value>
            </param>
          </params>
          <reporter-output>
          </reporter-output>
        </test-method> <!-- setUp -->
        <test-method signature="AddCustomFieldsWithBothTypeOfInputMethodAndCheckIfReflectingOnRespectedPage()[pri:0, instance:com.testcases.TestSprint1@1ec22831]" started-at="2025-11-28T22:13:59 IST" name="AddCustomFieldsWithBothTypeOfInputMethodAndCheckIfReflectingOnRespectedPage" finished-at="2025-11-28T22:15:02 IST" duration-ms="63305" status="PASS">
          <reporter-output>
          </reporter-output>
        </test-method> <!-- AddCustomFieldsWithBothTypeOfInputMethodAndCheckIfReflectingOnRespectedPage -->
        <test-method is-config="true" signature="tearDown()[pri:0, instance:com.testcases.TestSprint1@1ec22831]" started-at="2025-11-28T22:15:02 IST" name="tearDown" finished-at="2025-11-28T22:15:03 IST" duration-ms="348" status="PASS">
          <reporter-output>
          </reporter-output>
        </test-method> <!-- tearDown -->
        <test-method is-config="true" signature="setUp(java.lang.String)[pri:0, instance:com.testcases.TestSprint1@1ec22831]" started-at="2025-11-28T22:15:03 IST" name="setUp" finished-at="2025-11-28T22:15:05 IST" duration-ms="2152" status="PASS">
          <params>
            <param index="0">
              <value>
                <![CDATA[chrome]]>
              </value>
            </param>
          </params>
          <reporter-output>
          </reporter-output>
        </test-method> <!-- setUp -->
        <test-method signature="CheckIfLoginSuccessfullWithCorrectCredentials()[pri:0, instance:com.testcases.TestSprint1@1ec22831]" started-at="2025-11-28T22:15:05 IST" name="CheckIfLoginSuccessfullWithCorrectCredentials" finished-at="2025-11-28T22:15:13 IST" duration-ms="8010" status="PASS">
          <reporter-output>
          </reporter-output>
        </test-method> <!-- CheckIfLoginSuccessfullWithCorrectCredentials -->
        <test-method is-config="true" signature="tearDown()[pri:0, instance:com.testcases.TestSprint1@1ec22831]" started-at="2025-11-28T22:15:13 IST" name="tearDown" finished-at="2025-11-28T22:15:13 IST" duration-ms="473" status="PASS">
          <reporter-output>
          </reporter-output>
        </test-method> <!-- tearDown -->
        <test-method is-config="true" signature="setUp(java.lang.String)[pri:0, instance:com.testcases.TestSprint1@1ec22831]" started-at="2025-11-28T22:15:13 IST" name="setUp" finished-at="2025-11-28T22:15:15 IST" duration-ms="2092" status="PASS">
          <params>
            <param index="0">
              <value>
                <![CDATA[chrome]]>
              </value>
            </param>
          </params>
          <reporter-output>
          </reporter-output>
        </test-method> <!-- setUp -->
        <test-method signature="CheckIfLoginSuccessfullWithCredentialsFieldBlank()[pri:0, instance:com.testcases.TestSprint1@1ec22831]" started-at="2025-11-28T22:15:15 IST" name="CheckIfLoginSuccessfullWithCredentialsFieldBlank" finished-at="2025-11-28T22:15:17 IST" duration-ms="1623" status="PASS">
          <reporter-output>
          </reporter-output>
        </test-method> <!-- CheckIfLoginSuccessfullWithCredentialsFieldBlank -->
        <test-method is-config="true" signature="tearDown()[pri:0, instance:com.testcases.TestSprint1@1ec22831]" started-at="2025-11-28T22:15:17 IST" name="tearDown" finished-at="2025-11-28T22:15:18 IST" duration-ms="731" status="PASS">
          <reporter-output>
          </reporter-output>
        </test-method> <!-- tearDown -->
        <test-method is-config="true" signature="setUp(java.lang.String)[pri:0, instance:com.testcases.TestSprint1@1ec22831]" started-at="2025-11-28T22:15:18 IST" name="setUp" finished-at="2025-11-28T22:15:21 IST" duration-ms="2883" status="PASS">
          <params>
            <param index="0">
              <value>
                <![CDATA[chrome]]>
              </value>
            </param>
          </params>
          <reporter-output>
          </reporter-output>
        </test-method> <!-- setUp -->
        <test-method signature="CheckIfLoginSuccessfullWithIncorrectCredentials()[pri:0, instance:com.testcases.TestSprint1@1ec22831]" started-at="2025-11-28T22:15:21 IST" name="CheckIfLoginSuccessfullWithIncorrectCredentials" finished-at="2025-11-28T22:15:27 IST" duration-ms="6653" status="PASS">
          <reporter-output>
          </reporter-output>
        </test-method> <!-- CheckIfLoginSuccessfullWithIncorrectCredentials -->
        <test-method is-config="true" signature="tearDown()[pri:0, instance:com.testcases.TestSprint1@1ec22831]" started-at="2025-11-28T22:15:27 IST" name="tearDown" finished-at="2025-11-28T22:15:28 IST" duration-ms="535" status="PASS">
          <reporter-output>
          </reporter-output>
        </test-method> <!-- tearDown -->
        <test-method is-config="true" signature="setUp(java.lang.String)[pri:0, instance:com.testcases.TestSprint1@1ec22831]" started-at="2025-11-28T22:15:28 IST" name="setUp" finished-at="2025-11-28T22:15:30 IST" duration-ms="2673" status="PASS">
          <params>
            <param index="0">
              <value>
                <![CDATA[chrome]]>
              </value>
            </param>
          </params>
          <reporter-output>
          </reporter-output>
        </test-method> <!-- setUp -->
        <test-method signature="CheckIfOptionalFieldsVisibilityToggleWorking()[pri:0, instance:com.testcases.TestSprint1@1ec22831]" started-at="2025-11-28T22:15:30 IST" name="CheckIfOptionalFieldsVisibilityToggleWorking" finished-at="2025-11-28T22:16:19 IST" duration-ms="48237" status="PASS">
          <reporter-output>
          </reporter-output>
        </test-method> <!-- CheckIfOptionalFieldsVisibilityToggleWorking -->
        <test-method is-config="true" signature="tearDown()[pri:0, instance:com.testcases.TestSprint1@1ec22831]" started-at="2025-11-28T22:16:19 IST" name="tearDown" finished-at="2025-11-28T22:16:21 IST" duration-ms="2484" status="PASS">
          <reporter-output>
          </reporter-output>
        </test-method> <!-- tearDown -->
        <test-method is-config="true" signature="setUp(java.lang.String)[pri:0, instance:com.testcases.TestSprint1@1ec22831]" started-at="2025-11-28T22:16:21 IST" name="setUp" finished-at="2025-11-28T22:16:23 IST" duration-ms="1850" status="PASS">
          <params>
            <param index="0">
              <value>
                <![CDATA[chrome]]>
              </value>
            </param>
          </params>
          <reporter-output>
          </reporter-output>
        </test-method> <!-- setUp -->
        <test-method signature="addUserandCheckIfAllOptionsAreWorkingWhileCreating()[pri:0, instance:com.testcases.TestSprint1@1ec22831]" started-at="2025-11-28T22:16:23 IST" name="addUserandCheckIfAllOptionsAreWorkingWhileCreating" finished-at="2025-11-28T22:16:59 IST" duration-ms="36195" status="PASS">
          <reporter-output>
          </reporter-output>
        </test-method> <!-- addUserandCheckIfAllOptionsAreWorkingWhileCreating -->
        <test-method is-config="true" signature="tearDown()[pri:0, instance:com.testcases.TestSprint1@1ec22831]" started-at="2025-11-28T22:16:59 IST" name="tearDown" finished-at="2025-11-28T22:17:00 IST" duration-ms="576" status="PASS">
          <reporter-output>
          </reporter-output>
        </test-method> <!-- tearDown -->
        <test-method is-config="true" signature="setUp(java.lang.String)[pri:0, instance:com.testcases.TestSprint1@1ec22831]" started-at="2025-11-28T22:17:00 IST" name="setUp" finished-at="2025-11-28T22:17:02 IST" duration-ms="1766" status="PASS">
          <params>
            <param index="0">
              <value>
                <![CDATA[chrome]]>
              </value>
            </param>
          </params>
          <reporter-output>
          </reporter-output>
        </test-method> <!-- setUp -->
        <test-method signature="checkIfAllTheLinksInProfileMenuAreWorking()[pri:0, instance:com.testcases.TestSprint1@1ec22831]" started-at="2025-11-28T22:17:02 IST" name="checkIfAllTheLinksInProfileMenuAreWorking" finished-at="2025-11-28T22:17:12 IST" duration-ms="10368" status="PASS">
          <reporter-output>
          </reporter-output>
        </test-method> <!-- checkIfAllTheLinksInProfileMenuAreWorking -->
        <test-method is-config="true" signature="tearDown()[pri:0, instance:com.testcases.TestSprint1@1ec22831]" started-at="2025-11-28T22:17:12 IST" name="tearDown" finished-at="2025-11-28T22:17:12 IST" duration-ms="285" status="PASS">
          <reporter-output>
          </reporter-output>
        </test-method> <!-- tearDown -->
        <test-method is-config="true" signature="setUp(java.lang.String)[pri:0, instance:com.testcases.TestSprint1@1ec22831]" started-at="2025-11-28T22:17:12 IST" name="setUp" finished-at="2025-11-28T22:17:14 IST" duration-ms="1631" status="PASS">
          <params>
            <param index="0">
              <value>
                <![CDATA[chrome]]>
              </value>
            </param>
          </params>
          <reporter-output>
          </reporter-output>
        </test-method> <!-- setUp -->
        <test-method signature="checkIfPIMmenuConfigurationOptionalFieldCanBeTurnedOnOff()[pri:0, instance:com.testcases.TestSprint1@1ec22831]" started-at="2025-11-28T22:17:14 IST" name="checkIfPIMmenuConfigurationOptionalFieldCanBeTurnedOnOff" finished-at="2025-11-28T22:17:29 IST" duration-ms="15132" status="PASS">
          <reporter-output>
          </reporter-output>
        </test-method> <!-- checkIfPIMmenuConfigurationOptionalFieldCanBeTurnedOnOff -->
        <test-method is-config="true" signature="tearDown()[pri:0, instance:com.testcases.TestSprint1@1ec22831]" started-at="2025-11-28T22:17:29 IST" name="tearDown" finished-at="2025-11-28T22:17:29 IST" duration-ms="261" status="PASS">
          <reporter-output>
          </reporter-output>
        </test-method> <!-- tearDown -->
        <test-method is-config="true" signature="setUp(java.lang.String)[pri:0, instance:com.testcases.TestSprint1@1ec22831]" started-at="2025-11-28T22:17:29 IST" name="setUp" finished-at="2025-11-28T22:17:32 IST" duration-ms="2284" status="PASS">
          <params>
            <param index="0">
              <value>
                <![CDATA[chrome]]>
              </value>
            </param>
          </params>
          <reporter-output>
          </reporter-output>
        </test-method> <!-- setUp -->
        <test-method signature="checkSearchOptionsInPIMMenuEmployeeListPage()[pri:0, instance:com.testcases.TestSprint1@1ec22831]" started-at="2025-11-28T22:17:32 IST" name="checkSearchOptionsInPIMMenuEmployeeListPage" finished-at="2025-11-28T22:18:55 IST" duration-ms="83631" status="PASS">
          <reporter-output>
          </reporter-output>
        </test-method> <!-- checkSearchOptionsInPIMMenuEmployeeListPage -->
        <test-method is-config="true" signature="tearDown()[pri:0, instance:com.testcases.TestSprint1@1ec22831]" started-at="2025-11-28T22:18:55 IST" name="tearDown" finished-at="2025-11-28T22:18:56 IST" duration-ms="317" status="PASS">
          <reporter-output>
          </reporter-output>
        </test-method> <!-- tearDown -->
      </class> <!-- com.testcases.TestSprint1 -->
    </test> <!-- Chrome -->
    <test started-at="2025-11-28T22:13:54 IST" name="Firefox" finished-at="2025-11-28T22:19:07 IST" duration-ms="313039">
      <class name="com.testcases.TestSprint2">
        <test-method is-config="true" signature="setUp(java.lang.String)[pri:0, instance:com.testcases.TestSprint2@2fbe26da]" started-at="2025-11-28T22:13:54 IST" name="setUp" finished-at="2025-11-28T22:14:05 IST" duration-ms="10620" status="PASS">
          <params>
            <param index="0">
              <value>
                <![CDATA[firefox]]>
              </value>
            </param>
          </params>
          <reporter-output>
          </reporter-output>
        </test-method> <!-- setUp -->
        <test-method signature="ApplyLeaveWithInsufficientBalance()[pri:0, instance:com.testcases.TestSprint2@2fbe26da]" started-at="2025-11-28T22:14:05 IST" name="ApplyLeaveWithInsufficientBalance" finished-at="2025-11-28T22:14:18 IST" duration-ms="13859" status="FAIL">
          <exception class="org.openqa.selenium.ElementClickInterceptedException">
            <message>
              <![CDATA[Element <div class="oxd-select-text-input"> is not clickable at point (588,264) because another element <div class="oxd-form-loader"> obscures it
Build info: version: '4.38.0', revision: '6b412e825c*'
System info: os.name: 'Windows 11', os.arch: 'amd64', os.version: '10.0', java.version: '17.0.10'
Driver info: org.openqa.selenium.firefox.FirefoxDriver
Command: [799cd220-f002-402a-9486-d5515d752a30, clickElement {id=b78f9fb1-fcd9-4ee1-8d07-fe9bd8d793f7}]
Capabilities {acceptInsecureCerts: true, browserName: firefox, browserVersion: 145.0.2, moz:accessibilityChecks: false, moz:buildID: 20251124145406, moz:geckodriverVersion: 0.36.0, moz:headless: false, moz:platformVersion: 10.0, moz:processID: 18268, moz:profile: C:\Users\piyus\AppData\Loca..., moz:shutdownTimeout: 60000, moz:webdriverClick: true, moz:windowless: false, pageLoadStrategy: normal, platformName: windows, proxy: Proxy(), setWindowRect: true, strictFileInteractability: false, timeouts: {implicit: 0, pageLoad: 300000, script: 30000}, unhandledPromptBehavior: dismiss and notify, userAgent: Mozilla/5.0 (Windows NT 10....}
Element: [[FirefoxDriver: firefox on windows (799cd220-f002-402a-9486-d5515d752a30)] -> css selector: div[tabindex='0']]
Session ID: 799cd220-f002-402a-9486-d5515d752a30]]>
            </message>
            <full-stacktrace>
              <![CDATA[org.openqa.selenium.ElementClickInterceptedException: Element <div class="oxd-select-text-input"> is not clickable at point (588,264) because another element <div class="oxd-form-loader"> obscures it
Build info: version: '4.38.0', revision: '6b412e825c*'
System info: os.name: 'Windows 11', os.arch: 'amd64', os.version: '10.0', java.version: '17.0.10'
Driver info: org.openqa.selenium.firefox.FirefoxDriver
Command: [799cd220-f002-402a-9486-d5515d752a30, clickElement {id=b78f9fb1-fcd9-4ee1-8d07-fe9bd8d793f7}]
Capabilities {acceptInsecureCerts: true, browserName: firefox, browserVersion: 145.0.2, moz:accessibilityChecks: false, moz:buildID: 20251124145406, moz:geckodriverVersion: 0.36.0, moz:headless: false, moz:platformVersion: 10.0, moz:processID: 18268, moz:profile: C:\Users\piyus\AppData\Loca..., moz:shutdownTimeout: 60000, moz:webdriverClick: true, moz:windowless: false, pageLoadStrategy: normal, platformName: windows, proxy: Proxy(), setWindowRect: true, strictFileInteractability: false, timeouts: {implicit: 0, pageLoad: 300000, script: 30000}, unhandledPromptBehavior: dismiss and notify, userAgent: Mozilla/5.0 (Windows NT 10....}
Element: [[FirefoxDriver: firefox on windows (799cd220-f002-402a-9486-d5515d752a30)] -> css selector: div[tabindex='0']]
Session ID: 799cd220-f002-402a-9486-d5515d752a30
at java.base/jdk.internal.reflect.NativeConstructorAccessorImpl.newInstance0(Native Method)
at java.base/jdk.internal.reflect.NativeConstructorAccessorImpl.newInstance(NativeConstructorAccessorImpl.java:77)
at java.base/jdk.internal.reflect.DelegatingConstructorAccessorImpl.newInstance(DelegatingConstructorAccessorImpl.java:45)
at java.base/java.lang.reflect.Constructor.newInstanceWithCaller(Constructor.java:499)
at java.base/java.lang.reflect.Constructor.newInstance(Constructor.java:480)
at org.openqa.selenium.remote.ErrorCodec.decode(ErrorCodec.java:167)
at org.openqa.selenium.remote.codec.w3c.W3CHttpResponseCodec.decode(W3CHttpResponseCodec.java:138)
at org.openqa.selenium.remote.codec.w3c.W3CHttpResponseCodec.decode(W3CHttpResponseCodec.java:50)
at org.openqa.selenium.remote.HttpCommandExecutor.execute(HttpCommandExecutor.java:215)
at org.openqa.selenium.remote.service.DriverCommandExecutor.invokeExecute(DriverCommandExecutor.java:216)
at org.openqa.selenium.remote.service.DriverCommandExecutor.execute(DriverCommandExecutor.java:174)
at org.openqa.selenium.remote.RemoteWebDriver.execute(RemoteWebDriver.java:557)
at org.openqa.selenium.remote.RemoteWebElement.execute(RemoteWebElement.java:223)
at org.openqa.selenium.remote.RemoteWebElement.click(RemoteWebElement.java:76)
at java.base/jdk.internal.reflect.NativeMethodAccessorImpl.invoke0(Native Method)
at java.base/jdk.internal.reflect.NativeMethodAccessorImpl.invoke(NativeMethodAccessorImpl.java:77)
at java.base/jdk.internal.reflect.DelegatingMethodAccessorImpl.invoke(DelegatingMethodAccessorImpl.java:43)
at java.base/java.lang.reflect.Method.invoke(Method.java:568)
at org.openqa.selenium.support.pagefactory.internal.LocatingElementHandler.invoke(LocatingElementHandler.java:51)
at jdk.proxy2/jdk.proxy2.$Proxy26.click(Unknown Source)
at com.pages.LeaveApplyMenu.selectLeaveType(LeaveApplyMenu.java:58)
at com.testcases.TestSprint2.ApplyLeaveWithInsufficientBalance(TestSprint2.java:254)
at java.base/jdk.internal.reflect.NativeMethodAccessorImpl.invoke0(Native Method)
at java.base/jdk.internal.reflect.NativeMethodAccessorImpl.invoke(NativeMethodAccessorImpl.java:77)
at java.base/jdk.internal.reflect.DelegatingMethodAccessorImpl.invoke(DelegatingMethodAccessorImpl.java:43)
at java.base/java.lang.reflect.Method.invoke(Method.java:568)
at org.testng.internal.invokers.MethodInvocationHelper.invokeMethod(MethodInvocationHelper.java:141)
at org.testng.internal.invokers.TestInvoker.invokeMethod(TestInvoker.java:687)
at org.testng.internal.invokers.TestInvoker.invokeTestMethod(TestInvoker.java:230)
at org.testng.internal.invokers.MethodRunner.runInSequence(MethodRunner.java:63)
at org.testng.internal.invokers.TestInvoker$MethodInvocationAgent.invoke(TestInvoker.java:995)
at org.testng.internal.invokers.TestInvoker.invokeTestMethods(TestInvoker.java:203)
at org.testng.internal.invokers.TestMethodWorker.invokeTestMethods(TestMethodWorker.java:154)
at org.testng.internal.invokers.TestMethodWorker.run(TestMethodWorker.java:134)
at java.base/java.util.ArrayList.forEach(ArrayList.java:1511)
at org.testng.TestRunner.privateRun(TestRunner.java:741)
at org.testng.TestRunner.run(TestRunner.java:616)
at org.testng.SuiteRunner.runTest(SuiteRunner.java:421)
at org.testng.SuiteRunner$SuiteWorker.run(SuiteRunner.java:463)
at org.testng.internal.thread.ThreadUtil.lambda$execute$0(ThreadUtil.java:64)
at java.base/java.util.concurrent.FutureTask.run(FutureTask.java:264)
at java.base/java.util.concurrent.ThreadPoolExecutor.runWorker(ThreadPoolExecutor.java:1136)
at java.base/java.util.concurrent.ThreadPoolExecutor$Worker.run(ThreadPoolExecutor.java:635)
at java.base/java.lang.Thread.run(Thread.java:842)
]]>
            </full-stacktrace>
          </exception> <!-- org.openqa.selenium.ElementClickInterceptedException -->
          <reporter-output>
          </reporter-output>
        </test-method> <!-- ApplyLeaveWithInsufficientBalance -->
        <test-method is-config="true" signature="tearDown()[pri:0, instance:com.testcases.TestSprint2@2fbe26da]" started-at="2025-11-28T22:14:19 IST" name="tearDown" finished-at="2025-11-28T22:14:22 IST" duration-ms="3624" status="PASS">
          <reporter-output>
          </reporter-output>
        </test-method> <!-- tearDown -->
        <test-method is-config="true" signature="setUp(java.lang.String)[pri:0, instance:com.testcases.TestSprint2@2fbe26da]" started-at="2025-11-28T22:14:22 IST" name="setUp" finished-at="2025-11-28T22:14:32 IST" duration-ms="10014" status="PASS">
          <params>
            <param index="0">
              <value>
                <![CDATA[firefox]]>
              </value>
            </param>
          </params>
          <reporter-output>
          </reporter-output>
        </test-method> <!-- setUp -->
        <test-method signature="ApplyLeaveWithOverlappingDates()[pri:0, instance:com.testcases.TestSprint2@2fbe26da]" started-at="2025-11-28T22:14:32 IST" name="ApplyLeaveWithOverlappingDates" finished-at="2025-11-28T22:14:43 IST" duration-ms="10436" status="FAIL">
          <exception class="org.openqa.selenium.ElementClickInterceptedException">
            <message>
              <![CDATA[Element <div class="oxd-select-text-input"> is not clickable at point (588,264) because another element <div class="oxd-form-loader"> obscures it
Build info: version: '4.38.0', revision: '6b412e825c*'
System info: os.name: 'Windows 11', os.arch: 'amd64', os.version: '10.0', java.version: '17.0.10'
Driver info: org.openqa.selenium.firefox.FirefoxDriver
Command: [07374cce-803e-49a1-8f7e-c3b39dfa14e9, clickElement {id=a2a753ae-cc10-4984-b894-48006ceaa4b7}]
Capabilities {acceptInsecureCerts: true, browserName: firefox, browserVersion: 145.0.2, moz:accessibilityChecks: false, moz:buildID: 20251124145406, moz:geckodriverVersion: 0.36.0, moz:headless: false, moz:platformVersion: 10.0, moz:processID: 8532, moz:profile: C:\Users\piyus\AppData\Loca..., moz:shutdownTimeout: 60000, moz:webdriverClick: true, moz:windowless: false, pageLoadStrategy: normal, platformName: windows, proxy: Proxy(), setWindowRect: true, strictFileInteractability: false, timeouts: {implicit: 0, pageLoad: 300000, script: 30000}, unhandledPromptBehavior: dismiss and notify, userAgent: Mozilla/5.0 (Windows NT 10....}
Element: [[FirefoxDriver: firefox on windows (07374cce-803e-49a1-8f7e-c3b39dfa14e9)] -> css selector: div[tabindex='0']]
Session ID: 07374cce-803e-49a1-8f7e-c3b39dfa14e9]]>
            </message>
            <full-stacktrace>
              <![CDATA[org.openqa.selenium.ElementClickInterceptedException: Element <div class="oxd-select-text-input"> is not clickable at point (588,264) because another element <div class="oxd-form-loader"> obscures it
Build info: version: '4.38.0', revision: '6b412e825c*'
System info: os.name: 'Windows 11', os.arch: 'amd64', os.version: '10.0', java.version: '17.0.10'
Driver info: org.openqa.selenium.firefox.FirefoxDriver
Command: [07374cce-803e-49a1-8f7e-c3b39dfa14e9, clickElement {id=a2a753ae-cc10-4984-b894-48006ceaa4b7}]
Capabilities {acceptInsecureCerts: true, browserName: firefox, browserVersion: 145.0.2, moz:accessibilityChecks: false, moz:buildID: 20251124145406, moz:geckodriverVersion: 0.36.0, moz:headless: false, moz:platformVersion: 10.0, moz:processID: 8532, moz:profile: C:\Users\piyus\AppData\Loca..., moz:shutdownTimeout: 60000, moz:webdriverClick: true, moz:windowless: false, pageLoadStrategy: normal, platformName: windows, proxy: Proxy(), setWindowRect: true, strictFileInteractability: false, timeouts: {implicit: 0, pageLoad: 300000, script: 30000}, unhandledPromptBehavior: dismiss and notify, userAgent: Mozilla/5.0 (Windows NT 10....}
Element: [[FirefoxDriver: firefox on windows (07374cce-803e-49a1-8f7e-c3b39dfa14e9)] -> css selector: div[tabindex='0']]
Session ID: 07374cce-803e-49a1-8f7e-c3b39dfa14e9
at java.base/jdk.internal.reflect.NativeConstructorAccessorImpl.newInstance0(Native Method)
at java.base/jdk.internal.reflect.NativeConstructorAccessorImpl.newInstance(NativeConstructorAccessorImpl.java:77)
at java.base/jdk.internal.reflect.DelegatingConstructorAccessorImpl.newInstance(DelegatingConstructorAccessorImpl.java:45)
at java.base/java.lang.reflect.Constructor.newInstanceWithCaller(Constructor.java:499)
at java.base/java.lang.reflect.Constructor.newInstance(Constructor.java:480)
at org.openqa.selenium.remote.ErrorCodec.decode(ErrorCodec.java:167)
at org.openqa.selenium.remote.codec.w3c.W3CHttpResponseCodec.decode(W3CHttpResponseCodec.java:138)
at org.openqa.selenium.remote.codec.w3c.W3CHttpResponseCodec.decode(W3CHttpResponseCodec.java:50)
at org.openqa.selenium.remote.HttpCommandExecutor.execute(HttpCommandExecutor.java:215)
at org.openqa.selenium.remote.service.DriverCommandExecutor.invokeExecute(DriverCommandExecutor.java:216)
at org.openqa.selenium.remote.service.DriverCommandExecutor.execute(DriverCommandExecutor.java:174)
at org.openqa.selenium.remote.RemoteWebDriver.execute(RemoteWebDriver.java:557)
at org.openqa.selenium.remote.RemoteWebElement.execute(RemoteWebElement.java:223)
at org.openqa.selenium.remote.RemoteWebElement.click(RemoteWebElement.java:76)
at jdk.internal.reflect.GeneratedMethodAccessor2.invoke(Unknown Source)
at java.base/jdk.internal.reflect.DelegatingMethodAccessorImpl.invoke(DelegatingMethodAccessorImpl.java:43)
at java.base/java.lang.reflect.Method.invoke(Method.java:568)
at org.openqa.selenium.support.pagefactory.internal.LocatingElementHandler.invoke(LocatingElementHandler.java:51)
at jdk.proxy2/jdk.proxy2.$Proxy26.click(Unknown Source)
at com.pages.LeaveApplyMenu.selectLeaveType(LeaveApplyMenu.java:58)
at com.testcases.TestSprint2.ApplyLeaveWithOverlappingDates(TestSprint2.java:183)
at java.base/jdk.internal.reflect.NativeMethodAccessorImpl.invoke0(Native Method)
at java.base/jdk.internal.reflect.NativeMethodAccessorImpl.invoke(NativeMethodAccessorImpl.java:77)
at java.base/jdk.internal.reflect.DelegatingMethodAccessorImpl.invoke(DelegatingMethodAccessorImpl.java:43)
at java.base/java.lang.reflect.Method.invoke(Method.java:568)
at org.testng.internal.invokers.MethodInvocationHelper.invokeMethod(MethodInvocationHelper.java:141)
at org.testng.internal.invokers.TestInvoker.invokeMethod(TestInvoker.java:687)
at org.testng.internal.invokers.TestInvoker.invokeTestMethod(TestInvoker.java:230)
at org.testng.internal.invokers.MethodRunner.runInSequence(MethodRunner.java:63)
at org.testng.internal.invokers.TestInvoker$MethodInvocationAgent.invoke(TestInvoker.java:995)
at org.testng.internal.invokers.TestInvoker.invokeTestMethods(TestInvoker.java:203)
at org.testng.internal.invokers.TestMethodWorker.invokeTestMethods(TestMethodWorker.java:154)
at org.testng.internal.invokers.TestMethodWorker.run(TestMethodWorker.java:134)
at java.base/java.util.ArrayList.forEach(ArrayList.java:1511)
at org.testng.TestRunner.privateRun(TestRunner.java:741)
at org.testng.TestRunner.run(TestRunner.java:616)
at org.testng.SuiteRunner.runTest(SuiteRunner.java:421)
at org.testng.SuiteRunner$SuiteWorker.run(SuiteRunner.java:463)
at org.testng.internal.thread.ThreadUtil.lambda$execute$0(ThreadUtil.java:64)
at java.base/java.util.concurrent.FutureTask.run(FutureTask.java:264)
at java.base/java.util.concurrent.ThreadPoolExecutor.runWorker(ThreadPoolExecutor.java:1136)
at java.base/java.util.concurrent.ThreadPoolExecutor$Worker.run(ThreadPoolExecutor.java:635)
at java.base/java.lang.Thread.run(Thread.java:842)
]]>
            </full-stacktrace>
          </exception> <!-- org.openqa.selenium.ElementClickInterceptedException -->
          <reporter-output>
          </reporter-output>
        </test-method> <!-- ApplyLeaveWithOverlappingDates -->
        <test-method is-config="true" signature="tearDown()[pri:0, instance:com.testcases.TestSprint2@2fbe26da]" started-at="2025-11-28T22:14:43 IST" name="tearDown" finished-at="2025-11-28T22:14:46 IST" duration-ms="3126" status="PASS">
          <reporter-output>
          </reporter-output>
        </test-method> <!-- tearDown -->
        <test-method is-config="true" signature="setUp(java.lang.String)[pri:0, instance:com.testcases.TestSprint2@2fbe26da]" started-at="2025-11-28T22:14:46 IST" name="setUp" finished-at="2025-11-28T22:14:56 IST" duration-ms="9750" status="PASS">
          <params>
            <param index="0">
              <value>
                <![CDATA[firefox]]>
              </value>
            </param>
          </params>
          <reporter-output>
          </reporter-output>
        </test-method> <!-- setUp -->
        <test-method signature="ApplyLeaveWithPastDates()[pri:0, instance:com.testcases.TestSprint2@2fbe26da]" started-at="2025-11-28T22:14:56 IST" name="ApplyLeaveWithPastDates" finished-at="2025-11-28T22:15:08 IST" duration-ms="12032" status="FAIL">
          <exception class="org.openqa.selenium.ElementClickInterceptedException">
            <message>
              <![CDATA[Element <div class="oxd-select-text-input"> is not clickable at point (588,264) because another element <div class="oxd-form-loader"> obscures it
Build info: version: '4.38.0', revision: '6b412e825c*'
System info: os.name: 'Windows 11', os.arch: 'amd64', os.version: '10.0', java.version: '17.0.10'
Driver info: org.openqa.selenium.firefox.FirefoxDriver
Command: [2dbcae95-efc5-4a14-a6b2-0b4696d8762c, clickElement {id=38d46a6a-b873-415b-a6dc-8b4bb0023a5c}]
Capabilities {acceptInsecureCerts: true, browserName: firefox, browserVersion: 145.0.2, moz:accessibilityChecks: false, moz:buildID: 20251124145406, moz:geckodriverVersion: 0.36.0, moz:headless: false, moz:platformVersion: 10.0, moz:processID: 13552, moz:profile: C:\Users\piyus\AppData\Loca..., moz:shutdownTimeout: 60000, moz:webdriverClick: true, moz:windowless: false, pageLoadStrategy: normal, platformName: windows, proxy: Proxy(), setWindowRect: true, strictFileInteractability: false, timeouts: {implicit: 0, pageLoad: 300000, script: 30000}, unhandledPromptBehavior: dismiss and notify, userAgent: Mozilla/5.0 (Windows NT 10....}
Element: [[FirefoxDriver: firefox on windows (2dbcae95-efc5-4a14-a6b2-0b4696d8762c)] -> css selector: div[tabindex='0']]
Session ID: 2dbcae95-efc5-4a14-a6b2-0b4696d8762c]]>
            </message>
            <full-stacktrace>
              <![CDATA[org.openqa.selenium.ElementClickInterceptedException: Element <div class="oxd-select-text-input"> is not clickable at point (588,264) because another element <div class="oxd-form-loader"> obscures it
Build info: version: '4.38.0', revision: '6b412e825c*'
System info: os.name: 'Windows 11', os.arch: 'amd64', os.version: '10.0', java.version: '17.0.10'
Driver info: org.openqa.selenium.firefox.FirefoxDriver
Command: [2dbcae95-efc5-4a14-a6b2-0b4696d8762c, clickElement {id=38d46a6a-b873-415b-a6dc-8b4bb0023a5c}]
Capabilities {acceptInsecureCerts: true, browserName: firefox, browserVersion: 145.0.2, moz:accessibilityChecks: false, moz:buildID: 20251124145406, moz:geckodriverVersion: 0.36.0, moz:headless: false, moz:platformVersion: 10.0, moz:processID: 13552, moz:profile: C:\Users\piyus\AppData\Loca..., moz:shutdownTimeout: 60000, moz:webdriverClick: true, moz:windowless: false, pageLoadStrategy: normal, platformName: windows, proxy: Proxy(), setWindowRect: true, strictFileInteractability: false, timeouts: {implicit: 0, pageLoad: 300000, script: 30000}, unhandledPromptBehavior: dismiss and notify, userAgent: Mozilla/5.0 (Windows NT 10....}
Element: [[FirefoxDriver: firefox on windows (2dbcae95-efc5-4a14-a6b2-0b4696d8762c)] -> css selector: div[tabindex='0']]
Session ID: 2dbcae95-efc5-4a14-a6b2-0b4696d8762c
at java.base/jdk.internal.reflect.NativeConstructorAccessorImpl.newInstance0(Native Method)
at java.base/jdk.internal.reflect.NativeConstructorAccessorImpl.newInstance(NativeConstructorAccessorImpl.java:77)
at java.base/jdk.internal.reflect.DelegatingConstructorAccessorImpl.newInstance(DelegatingConstructorAccessorImpl.java:45)
at java.base/java.lang.reflect.Constructor.newInstanceWithCaller(Constructor.java:499)
at java.base/java.lang.reflect.Constructor.newInstance(Constructor.java:480)
at org.openqa.selenium.remote.ErrorCodec.decode(ErrorCodec.java:167)
at org.openqa.selenium.remote.codec.w3c.W3CHttpResponseCodec.decode(W3CHttpResponseCodec.java:138)
at org.openqa.selenium.remote.codec.w3c.W3CHttpResponseCodec.decode(W3CHttpResponseCodec.java:50)
at org.openqa.selenium.remote.HttpCommandExecutor.execute(HttpCommandExecutor.java:215)
at org.openqa.selenium.remote.service.DriverCommandExecutor.invokeExecute(DriverCommandExecutor.java:216)
at org.openqa.selenium.remote.service.DriverCommandExecutor.execute(DriverCommandExecutor.java:174)
at org.openqa.selenium.remote.RemoteWebDriver.execute(RemoteWebDriver.java:557)
at org.openqa.selenium.remote.RemoteWebElement.execute(RemoteWebElement.java:223)
at org.openqa.selenium.remote.RemoteWebElement.click(RemoteWebElement.java:76)
at jdk.internal.reflect.GeneratedMethodAccessor2.invoke(Unknown Source)
at java.base/jdk.internal.reflect.DelegatingMethodAccessorImpl.invoke(DelegatingMethodAccessorImpl.java:43)
at java.base/java.lang.reflect.Method.invoke(Method.java:568)
at org.openqa.selenium.support.pagefactory.internal.LocatingElementHandler.invoke(LocatingElementHandler.java:51)
at jdk.proxy2/jdk.proxy2.$Proxy26.click(Unknown Source)
at com.pages.LeaveApplyMenu.selectLeaveType(LeaveApplyMenu.java:58)
at com.testcases.TestSprint2.ApplyLeaveWithPastDates(TestSprint2.java:230)
at java.base/jdk.internal.reflect.NativeMethodAccessorImpl.invoke0(Native Method)
at java.base/jdk.internal.reflect.NativeMethodAccessorImpl.invoke(NativeMethodAccessorImpl.java:77)
at java.base/jdk.internal.reflect.DelegatingMethodAccessorImpl.invoke(DelegatingMethodAccessorImpl.java:43)
at java.base/java.lang.reflect.Method.invoke(Method.java:568)
at org.testng.internal.invokers.MethodInvocationHelper.invokeMethod(MethodInvocationHelper.java:141)
at org.testng.internal.invokers.TestInvoker.invokeMethod(TestInvoker.java:687)
at org.testng.internal.invokers.TestInvoker.invokeTestMethod(TestInvoker.java:230)
at org.testng.internal.invokers.MethodRunner.runInSequence(MethodRunner.java:63)
at org.testng.internal.invokers.TestInvoker$MethodInvocationAgent.invoke(TestInvoker.java:995)
at org.testng.internal.invokers.TestInvoker.invokeTestMethods(TestInvoker.java:203)
at org.testng.internal.invokers.TestMethodWorker.invokeTestMethods(TestMethodWorker.java:154)
at org.testng.internal.invokers.TestMethodWorker.run(TestMethodWorker.java:134)
at java.base/java.util.ArrayList.forEach(ArrayList.java:1511)
at org.testng.TestRunner.privateRun(TestRunner.java:741)
at org.testng.TestRunner.run(TestRunner.java:616)
at org.testng.SuiteRunner.runTest(SuiteRunner.java:421)
at org.testng.SuiteRunner$SuiteWorker.run(SuiteRunner.java:463)
at org.testng.internal.thread.ThreadUtil.lambda$execute$0(ThreadUtil.java:64)
at java.base/java.util.concurrent.FutureTask.run(FutureTask.java:264)
at java.base/java.util.concurrent.ThreadPoolExecutor.runWorker(ThreadPoolExecutor.java:1136)
at java.base/java.util.concurrent.ThreadPoolExecutor$Worker.run(ThreadPoolExecutor.java:635)
at java.base/java.lang.Thread.run(Thread.java:842)
]]>
            </full-stacktrace>
          </exception> <!-- org.openqa.selenium.ElementClickInterceptedException -->
          <reporter-output>
          </reporter-output>
        </test-method> <!-- ApplyLeaveWithPastDates -->
        <test-method is-config="true" signature="tearDown()[pri:0, instance:com.testcases.TestSprint2@2fbe26da]" started-at="2025-11-28T22:15:08 IST" name="tearDown" finished-at="2025-11-28T22:15:09 IST" duration-ms="1875" status="PASS">
          <reporter-output>
          </reporter-output>
        </test-method> <!-- tearDown -->
        <test-method is-config="true" signature="setUp(java.lang.String)[pri:0, instance:com.testcases.TestSprint2@2fbe26da]" started-at="2025-11-28T22:15:09 IST" name="setUp" finished-at="2025-11-28T22:15:20 IST" duration-ms="10038" status="PASS">
          <params>
            <param index="0">
              <value>
                <![CDATA[firefox]]>
              </value>
            </param>
          </params>
          <reporter-output>
          </reporter-output>
        </test-method> <!-- setUp -->
        <test-method signature="ApplyLeaveWithValidInputs()[pri:0, instance:com.testcases.TestSprint2@2fbe26da]" started-at="2025-11-28T22:15:20 IST" name="ApplyLeaveWithValidInputs" finished-at="2025-11-28T22:15:44 IST" duration-ms="24806" status="FAIL">
          <exception class="org.openqa.selenium.ElementClickInterceptedException">
            <message>
              <![CDATA[Element <div class="oxd-select-text-input"> is not clickable at point (588,264) because another element <div class="oxd-form-loader"> obscures it
Build info: version: '4.38.0', revision: '6b412e825c*'
System info: os.name: 'Windows 11', os.arch: 'amd64', os.version: '10.0', java.version: '17.0.10'
Driver info: org.openqa.selenium.firefox.FirefoxDriver
Command: [74af9036-efc3-4618-96b3-ce0500322571, clickElement {id=4dcde08b-24ac-4be6-b53f-bbf907ef2865}]
Capabilities {acceptInsecureCerts: true, browserName: firefox, browserVersion: 145.0.2, moz:accessibilityChecks: false, moz:buildID: 20251124145406, moz:geckodriverVersion: 0.36.0, moz:headless: false, moz:platformVersion: 10.0, moz:processID: 16504, moz:profile: C:\Users\piyus\AppData\Loca..., moz:shutdownTimeout: 60000, moz:webdriverClick: true, moz:windowless: false, pageLoadStrategy: normal, platformName: windows, proxy: Proxy(), setWindowRect: true, strictFileInteractability: false, timeouts: {implicit: 0, pageLoad: 300000, script: 30000}, unhandledPromptBehavior: dismiss and notify, userAgent: Mozilla/5.0 (Windows NT 10....}
Element: [[FirefoxDriver: firefox on windows (74af9036-efc3-4618-96b3-ce0500322571)] -> css selector: div[tabindex='0']]
Session ID: 74af9036-efc3-4618-96b3-ce0500322571]]>
            </message>
            <full-stacktrace>
              <![CDATA[org.openqa.selenium.ElementClickInterceptedException: Element <div class="oxd-select-text-input"> is not clickable at point (588,264) because another element <div class="oxd-form-loader"> obscures it
Build info: version: '4.38.0', revision: '6b412e825c*'
System info: os.name: 'Windows 11', os.arch: 'amd64', os.version: '10.0', java.version: '17.0.10'
Driver info: org.openqa.selenium.firefox.FirefoxDriver
Command: [74af9036-efc3-4618-96b3-ce0500322571, clickElement {id=4dcde08b-24ac-4be6-b53f-bbf907ef2865}]
Capabilities {acceptInsecureCerts: true, browserName: firefox, browserVersion: 145.0.2, moz:accessibilityChecks: false, moz:buildID: 20251124145406, moz:geckodriverVersion: 0.36.0, moz:headless: false, moz:platformVersion: 10.0, moz:processID: 16504, moz:profile: C:\Users\piyus\AppData\Loca..., moz:shutdownTimeout: 60000, moz:webdriverClick: true, moz:windowless: false, pageLoadStrategy: normal, platformName: windows, proxy: Proxy(), setWindowRect: true, strictFileInteractability: false, timeouts: {implicit: 0, pageLoad: 300000, script: 30000}, unhandledPromptBehavior: dismiss and notify, userAgent: Mozilla/5.0 (Windows NT 10....}
Element: [[FirefoxDriver: firefox on windows (74af9036-efc3-4618-96b3-ce0500322571)] -> css selector: div[tabindex='0']]
Session ID: 74af9036-efc3-4618-96b3-ce0500322571
at java.base/jdk.internal.reflect.NativeConstructorAccessorImpl.newInstance0(Native Method)
at java.base/jdk.internal.reflect.NativeConstructorAccessorImpl.newInstance(NativeConstructorAccessorImpl.java:77)
at java.base/jdk.internal.reflect.DelegatingConstructorAccessorImpl.newInstance(DelegatingConstructorAccessorImpl.java:45)
at java.base/java.lang.reflect.Constructor.newInstanceWithCaller(Constructor.java:499)
at java.base/java.lang.reflect.Constructor.newInstance(Constructor.java:480)
at org.openqa.selenium.remote.ErrorCodec.decode(ErrorCodec.java:167)
at org.openqa.selenium.remote.codec.w3c.W3CHttpResponseCodec.decode(W3CHttpResponseCodec.java:138)
at org.openqa.selenium.remote.codec.w3c.W3CHttpResponseCodec.decode(W3CHttpResponseCodec.java:50)
at org.openqa.selenium.remote.HttpCommandExecutor.execute(HttpCommandExecutor.java:215)
at org.openqa.selenium.remote.service.DriverCommandExecutor.invokeExecute(DriverCommandExecutor.java:216)
at org.openqa.selenium.remote.service.DriverCommandExecutor.execute(DriverCommandExecutor.java:174)
at org.openqa.selenium.remote.RemoteWebDriver.execute(RemoteWebDriver.java:557)
at org.openqa.selenium.remote.RemoteWebElement.execute(RemoteWebElement.java:223)
at org.openqa.selenium.remote.RemoteWebElement.click(RemoteWebElement.java:76)
at jdk.internal.reflect.GeneratedMethodAccessor2.invoke(Unknown Source)
at java.base/jdk.internal.reflect.DelegatingMethodAccessorImpl.invoke(DelegatingMethodAccessorImpl.java:43)
at java.base/java.lang.reflect.Method.invoke(Method.java:568)
at org.openqa.selenium.support.pagefactory.internal.LocatingElementHandler.invoke(LocatingElementHandler.java:51)
at jdk.proxy2/jdk.proxy2.$Proxy26.click(Unknown Source)
at com.pages.LeaveApplyMenu.selectLeaveType(LeaveApplyMenu.java:58)
at com.testcases.TestSprint2.ApplyLeaveWithValidInputs(TestSprint2.java:163)
at java.base/jdk.internal.reflect.NativeMethodAccessorImpl.invoke0(Native Method)
at java.base/jdk.internal.reflect.NativeMethodAccessorImpl.invoke(NativeMethodAccessorImpl.java:77)
at java.base/jdk.internal.reflect.DelegatingMethodAccessorImpl.invoke(DelegatingMethodAccessorImpl.java:43)
at java.base/java.lang.reflect.Method.invoke(Method.java:568)
at org.testng.internal.invokers.MethodInvocationHelper.invokeMethod(MethodInvocationHelper.java:141)
at org.testng.internal.invokers.TestInvoker.invokeMethod(TestInvoker.java:687)
at org.testng.internal.invokers.TestInvoker.invokeTestMethod(TestInvoker.java:230)
at org.testng.internal.invokers.MethodRunner.runInSequence(MethodRunner.java:63)
at org.testng.internal.invokers.TestInvoker$MethodInvocationAgent.invoke(TestInvoker.java:995)
at org.testng.internal.invokers.TestInvoker.invokeTestMethods(TestInvoker.java:203)
at org.testng.internal.invokers.TestMethodWorker.invokeTestMethods(TestMethodWorker.java:154)
at org.testng.internal.invokers.TestMethodWorker.run(TestMethodWorker.java:134)
at java.base/java.util.ArrayList.forEach(ArrayList.java:1511)
at org.testng.TestRunner.privateRun(TestRunner.java:741)
at org.testng.TestRunner.run(TestRunner.java:616)
at org.testng.SuiteRunner.runTest(SuiteRunner.java:421)
at org.testng.SuiteRunner$SuiteWorker.run(SuiteRunner.java:463)
at org.testng.internal.thread.ThreadUtil.lambda$execute$0(ThreadUtil.java:64)
at java.base/java.util.concurrent.FutureTask.run(FutureTask.java:264)
at java.base/java.util.concurrent.ThreadPoolExecutor.runWorker(ThreadPoolExecutor.java:1136)
at java.base/java.util.concurrent.ThreadPoolExecutor$Worker.run(ThreadPoolExecutor.java:635)
at java.base/java.lang.Thread.run(Thread.java:842)
]]>
            </full-stacktrace>
          </exception> <!-- org.openqa.selenium.ElementClickInterceptedException -->
          <reporter-output>
          </reporter-output>
        </test-method> <!-- ApplyLeaveWithValidInputs -->
        <test-method is-config="true" signature="tearDown()[pri:0, instance:com.testcases.TestSprint2@2fbe26da]" started-at="2025-11-28T22:15:44 IST" name="tearDown" finished-at="2025-11-28T22:15:47 IST" duration-ms="2521" status="PASS">
          <reporter-output>
          </reporter-output>
        </test-method> <!-- tearDown -->
        <test-method is-config="true" signature="setUp(java.lang.String)[pri:0, instance:com.testcases.TestSprint2@2fbe26da]" started-at="2025-11-28T22:15:47 IST" name="setUp" finished-at="2025-11-28T22:15:57 IST" duration-ms="10531" status="PASS">
          <params>
            <param index="0">
              <value>
                <![CDATA[firefox]]>
              </value>
            </param>
          </params>
          <reporter-output>
          </reporter-output>
        </test-method> <!-- setUp -->
        <test-method signature="ApplyLeaveWithoutSelectingLeaveType()[pri:0, instance:com.testcases.TestSprint2@2fbe26da]" started-at="2025-11-28T22:15:57 IST" name="ApplyLeaveWithoutSelectingLeaveType" finished-at="2025-11-28T22:16:11 IST" duration-ms="13631" status="PASS">
          <reporter-output>
          </reporter-output>
        </test-method> <!-- ApplyLeaveWithoutSelectingLeaveType -->
        <test-method is-config="true" signature="tearDown()[pri:0, instance:com.testcases.TestSprint2@2fbe26da]" started-at="2025-11-28T22:16:11 IST" name="tearDown" finished-at="2025-11-28T22:16:13 IST" duration-ms="2146" status="PASS">
          <reporter-output>
          </reporter-output>
        </test-method> <!-- tearDown -->
        <test-method is-config="true" signature="setUp(java.lang.String)[pri:0, instance:com.testcases.TestSprint2@2fbe26da]" started-at="2025-11-28T22:16:13 IST" name="setUp" finished-at="2025-11-28T22:16:22 IST" duration-ms="8315" status="PASS">
          <params>
            <param index="0">
              <value>
                <![CDATA[firefox]]>
              </value>
            </param>
          </params>
          <reporter-output>
          </reporter-output>
        </test-method> <!-- setUp -->
        <test-method signature="CheckIfAddLocationOptionIsWorkingOrNot()[pri:0, instance:com.testcases.TestSprint2@2fbe26da]" started-at="2025-11-28T22:16:22 IST" name="CheckIfAddLocationOptionIsWorkingOrNot" finished-at="2025-11-28T22:16:48 IST" duration-ms="26049" status="PASS">
          <reporter-output>
          </reporter-output>
        </test-method> <!-- CheckIfAddLocationOptionIsWorkingOrNot -->
        <test-method is-config="true" signature="tearDown()[pri:0, instance:com.testcases.TestSprint2@2fbe26da]" started-at="2025-11-28T22:16:48 IST" name="tearDown" finished-at="2025-11-28T22:16:49 IST" duration-ms="1934" status="PASS">
          <reporter-output>
          </reporter-output>
        </test-method> <!-- tearDown -->
        <test-method is-config="true" signature="setUp(java.lang.String)[pri:0, instance:com.testcases.TestSprint2@2fbe26da]" started-at="2025-11-28T22:16:50 IST" name="setUp" finished-at="2025-11-28T22:16:57 IST" duration-ms="7595" status="PASS">
          <params>
            <param index="0">
              <value>
                <![CDATA[firefox]]>
              </value>
            </param>
          </params>
          <reporter-output>
          </reporter-output>
        </test-method> <!-- setUp -->
        <test-method signature="CheckIfAddSkillOptionIsWorkingOrNot()[pri:0, instance:com.testcases.TestSprint2@2fbe26da]" started-at="2025-11-28T22:16:57 IST" name="CheckIfAddSkillOptionIsWorkingOrNot" finished-at="2025-11-28T22:17:13 IST" duration-ms="16175" status="PASS">
          <reporter-output>
          </reporter-output>
        </test-method> <!-- CheckIfAddSkillOptionIsWorkingOrNot -->
        <test-method is-config="true" signature="tearDown()[pri:0, instance:com.testcases.TestSprint2@2fbe26da]" started-at="2025-11-28T22:17:13 IST" name="tearDown" finished-at="2025-11-28T22:17:15 IST" duration-ms="2114" status="PASS">
          <reporter-output>
          </reporter-output>
        </test-method> <!-- tearDown -->
        <test-method is-config="true" signature="setUp(java.lang.String)[pri:0, instance:com.testcases.TestSprint2@2fbe26da]" started-at="2025-11-28T22:17:15 IST" name="setUp" finished-at="2025-11-28T22:17:24 IST" duration-ms="8607" status="PASS">
          <params>
            <param index="0">
              <value>
                <![CDATA[firefox]]>
              </value>
            </param>
          </params>
          <reporter-output>
          </reporter-output>
        </test-method> <!-- setUp -->
        <test-method signature="SearchSystemUserWithDifferentSearchOptions()[pri:0, instance:com.testcases.TestSprint2@2fbe26da]" started-at="2025-11-28T22:17:24 IST" name="SearchSystemUserWithDifferentSearchOptions" finished-at="2025-11-28T22:18:00 IST" duration-ms="36325" status="PASS">
          <reporter-output>
          </reporter-output>
        </test-method> <!-- SearchSystemUserWithDifferentSearchOptions -->
        <test-method is-config="true" signature="tearDown()[pri:0, instance:com.testcases.TestSprint2@2fbe26da]" started-at="2025-11-28T22:18:00 IST" name="tearDown" finished-at="2025-11-28T22:18:02 IST" duration-ms="1359" status="PASS">
          <reporter-output>
          </reporter-output>
        </test-method> <!-- tearDown -->
        <test-method is-config="true" signature="setUp(java.lang.String)[pri:0, instance:com.testcases.TestSprint2@2fbe26da]" started-at="2025-11-28T22:18:02 IST" name="setUp" finished-at="2025-11-28T22:18:06 IST" duration-ms="4156" status="PASS">
          <params>
            <param index="0">
              <value>
                <![CDATA[firefox]]>
              </value>
            </param>
          </params>
          <reporter-output>
          </reporter-output>
        </test-method> <!-- setUp -->
        <test-method signature="addLeaveEntitlement()[pri:0, instance:com.testcases.TestSprint2@2fbe26da]" started-at="2025-11-28T22:18:06 IST" name="addLeaveEntitlement" finished-at="2025-11-28T22:18:33 IST" duration-ms="27356" status="PASS">
          <reporter-output>
          </reporter-output>
        </test-method> <!-- addLeaveEntitlement -->
        <test-method is-config="true" signature="tearDown()[pri:0, instance:com.testcases.TestSprint2@2fbe26da]" started-at="2025-11-28T22:18:33 IST" name="tearDown" finished-at="2025-11-28T22:18:34 IST" duration-ms="1291" status="PASS">
          <reporter-output>
          </reporter-output>
        </test-method> <!-- tearDown -->
        <test-method is-config="true" signature="setUp(java.lang.String)[pri:0, instance:com.testcases.TestSprint2@2fbe26da]" started-at="2025-11-28T22:18:34 IST" name="setUp" finished-at="2025-11-28T22:18:39 IST" duration-ms="4504" status="PASS">
          <params>
            <param index="0">
              <value>
                <![CDATA[firefox]]>
              </value>
            </param>
          </params>
          <reporter-output>
          </reporter-output>
        </test-method> <!-- setUp -->
        <test-method signature="checkForJobMenuAreShowingCorrectOptions()[pri:0, instance:com.testcases.TestSprint2@2fbe26da]" started-at="2025-11-28T22:18:39 IST" name="checkForJobMenuAreShowingCorrectOptions" finished-at="2025-11-28T22:18:54 IST" duration-ms="15173" status="PASS">
          <reporter-output>
          </reporter-output>
        </test-method> <!-- checkForJobMenuAreShowingCorrectOptions -->
        <test-method is-config="true" signature="tearDown()[pri:0, instance:com.testcases.TestSprint2@2fbe26da]" started-at="2025-11-28T22:18:54 IST" name="tearDown" finished-at="2025-11-28T22:18:55 IST" duration-ms="1152" status="PASS">
          <reporter-output>
          </reporter-output>
        </test-method> <!-- tearDown -->
        <test-method is-config="true" signature="setUp(java.lang.String)[pri:0, instance:com.testcases.TestSprint2@2fbe26da]" started-at="2025-11-28T22:18:55 IST" name="setUp" finished-at="2025-11-28T22:18:59 IST" duration-ms="4157" status="PASS">
          <params>
            <param index="0">
              <value>
                <![CDATA[firefox]]>
              </value>
            </param>
          </params>
          <reporter-output>
          </reporter-output>
        </test-method> <!-- setUp -->
        <test-method signature="checkForOrganizationMenuAreShowingCorrectOptions()[pri:0, instance:com.testcases.TestSprint2@2fbe26da]" started-at="2025-11-28T22:18:59 IST" name="checkForOrganizationMenuAreShowingCorrectOptions" finished-at="2025-11-28T22:19:05 IST" duration-ms="5715" status="FAIL">
          <exception class="org.openqa.selenium.ElementClickInterceptedException">
            <message>
              <![CDATA[Element <input class="oxd-input oxd-input--active"> is not clickable at point (703,264) because another element <div class="oxd-form-loader"> obscures it
Build info: version: '4.38.0', revision: '6b412e825c*'
System info: os.name: 'Windows 11', os.arch: 'amd64', os.version: '10.0', java.version: '17.0.10'
Driver info: org.openqa.selenium.firefox.FirefoxDriver
Command: [f03f17f9-5326-47d0-995a-a48f30324674, clickElement {id=8c83f9e0-e0ad-4947-a24e-8749614aab36}]
Capabilities {acceptInsecureCerts: true, browserName: firefox, browserVersion: 145.0.2, moz:accessibilityChecks: false, moz:buildID: 20251124145406, moz:geckodriverVersion: 0.36.0, moz:headless: false, moz:platformVersion: 10.0, moz:processID: 10464, moz:profile: C:\Users\piyus\AppData\Loca..., moz:shutdownTimeout: 60000, moz:webdriverClick: true, moz:windowless: false, pageLoadStrategy: normal, platformName: windows, proxy: Proxy(), setWindowRect: true, strictFileInteractability: false, timeouts: {implicit: 0, pageLoad: 300000, script: 30000}, unhandledPromptBehavior: dismiss and notify, userAgent: Mozilla/5.0 (Windows NT 10....}
Element: [[FirefoxDriver: firefox on windows (f03f17f9-5326-47d0-995a-a48f30324674)] -> css selector: form > div:nth-child(2) > div > div:nth-child(1) > div > div:nth-child(2) > input]
Session ID: f03f17f9-5326-47d0-995a-a48f30324674]]>
            </message>
            <full-stacktrace>
              <![CDATA[org.openqa.selenium.ElementClickInterceptedException: Element <input class="oxd-input oxd-input--active"> is not clickable at point (703,264) because another element <div class="oxd-form-loader"> obscures it
Build info: version: '4.38.0', revision: '6b412e825c*'
System info: os.name: 'Windows 11', os.arch: 'amd64', os.version: '10.0', java.version: '17.0.10'
Driver info: org.openqa.selenium.firefox.FirefoxDriver
Command: [f03f17f9-5326-47d0-995a-a48f30324674, clickElement {id=8c83f9e0-e0ad-4947-a24e-8749614aab36}]
Capabilities {acceptInsecureCerts: true, browserName: firefox, browserVersion: 145.0.2, moz:accessibilityChecks: false, moz:buildID: 20251124145406, moz:geckodriverVersion: 0.36.0, moz:headless: false, moz:platformVersion: 10.0, moz:processID: 10464, moz:profile: C:\Users\piyus\AppData\Loca..., moz:shutdownTimeout: 60000, moz:webdriverClick: true, moz:windowless: false, pageLoadStrategy: normal, platformName: windows, proxy: Proxy(), setWindowRect: true, strictFileInteractability: false, timeouts: {implicit: 0, pageLoad: 300000, script: 30000}, unhandledPromptBehavior: dismiss and notify, userAgent: Mozilla/5.0 (Windows NT 10....}
Element: [[FirefoxDriver: firefox on windows (f03f17f9-5326-47d0-995a-a48f30324674)] -> css selector: form > div:nth-child(2) > div > div:nth-child(1) > div > div:nth-child(2) > input]
Session ID: f03f17f9-5326-47d0-995a-a48f30324674
at java.base/jdk.internal.reflect.NativeConstructorAccessorImpl.newInstance0(Native Method)
at java.base/jdk.internal.reflect.NativeConstructorAccessorImpl.newInstance(NativeConstructorAccessorImpl.java:77)
at java.base/jdk.internal.reflect.DelegatingConstructorAccessorImpl.newInstance(DelegatingConstructorAccessorImpl.java:45)
at java.base/java.lang.reflect.Constructor.newInstanceWithCaller(Constructor.java:499)
at java.base/java.lang.reflect.Constructor.newInstance(Constructor.java:480)
at org.openqa.selenium.remote.ErrorCodec.decode(ErrorCodec.java:167)
at org.openqa.selenium.remote.codec.w3c.W3CHttpResponseCodec.decode(W3CHttpResponseCodec.java:138)
at org.openqa.selenium.remote.codec.w3c.W3CHttpResponseCodec.decode(W3CHttpResponseCodec.java:50)
at org.openqa.selenium.remote.HttpCommandExecutor.execute(HttpCommandExecutor.java:215)
at org.openqa.selenium.remote.service.DriverCommandExecutor.invokeExecute(DriverCommandExecutor.java:216)
at org.openqa.selenium.remote.service.DriverCommandExecutor.execute(DriverCommandExecutor.java:174)
at org.openqa.selenium.remote.RemoteWebDriver.execute(RemoteWebDriver.java:557)
at org.openqa.selenium.remote.RemoteWebElement.execute(RemoteWebElement.java:223)
at org.openqa.selenium.remote.RemoteWebElement.click(RemoteWebElement.java:76)
at jdk.internal.reflect.GeneratedMethodAccessor2.invoke(Unknown Source)
at java.base/jdk.internal.reflect.DelegatingMethodAccessorImpl.invoke(DelegatingMethodAccessorImpl.java:43)
at java.base/java.lang.reflect.Method.invoke(Method.java:568)
at org.openqa.selenium.support.pagefactory.internal.LocatingElementHandler.invoke(LocatingElementHandler.java:51)
at jdk.proxy2/jdk.proxy2.$Proxy26.click(Unknown Source)
at com.pages.AdminOrganizationMenu.updateRegNum(AdminOrganizationMenu.java:87)
at com.testcases.TestSprint2.checkForOrganizationMenuAreShowingCorrectOptions(TestSprint2.java:98)
at java.base/jdk.internal.reflect.NativeMethodAccessorImpl.invoke0(Native Method)
at java.base/jdk.internal.reflect.NativeMethodAccessorImpl.invoke(NativeMethodAccessorImpl.java:77)
at java.base/jdk.internal.reflect.DelegatingMethodAccessorImpl.invoke(DelegatingMethodAccessorImpl.java:43)
at java.base/java.lang.reflect.Method.invoke(Method.java:568)
at org.testng.internal.invokers.MethodInvocationHelper.invokeMethod(MethodInvocationHelper.java:141)
at org.testng.internal.invokers.TestInvoker.invokeMethod(TestInvoker.java:687)
at org.testng.internal.invokers.TestInvoker.invokeTestMethod(TestInvoker.java:230)
at org.testng.internal.invokers.MethodRunner.runInSequence(MethodRunner.java:63)
at org.testng.internal.invokers.TestInvoker$MethodInvocationAgent.invoke(TestInvoker.java:995)
at org.testng.internal.invokers.TestInvoker.invokeTestMethods(TestInvoker.java:203)
at org.testng.internal.invokers.TestMethodWorker.invokeTestMethods(TestMethodWorker.java:154)
at org.testng.internal.invokers.TestMethodWorker.run(TestMethodWorker.java:134)
at java.base/java.util.ArrayList.forEach(ArrayList.java:1511)
at org.testng.TestRunner.privateRun(TestRunner.java:741)
at org.testng.TestRunner.run(TestRunner.java:616)
at org.testng.SuiteRunner.runTest(SuiteRunner.java:421)
at org.testng.SuiteRunner$SuiteWorker.run(SuiteRunner.java:463)
at org.testng.internal.thread.ThreadUtil.lambda$execute$0(ThreadUtil.java:64)
at java.base/java.util.concurrent.FutureTask.run(FutureTask.java:264)
at java.base/java.util.concurrent.ThreadPoolExecutor.runWorker(ThreadPoolExecutor.java:1136)
at java.base/java.util.concurrent.ThreadPoolExecutor$Worker.run(ThreadPoolExecutor.java:635)
at java.base/java.lang.Thread.run(Thread.java:842)
]]>
            </full-stacktrace>
          </exception> <!-- org.openqa.selenium.ElementClickInterceptedException -->
          <reporter-output>
          </reporter-output>
        </test-method> <!-- checkForOrganizationMenuAreShowingCorrectOptions -->
        <test-method is-config="true" signature="tearDown()[pri:0, instance:com.testcases.TestSprint2@2fbe26da]" started-at="2025-11-28T22:19:05 IST" name="tearDown" finished-at="2025-11-28T22:19:07 IST" duration-ms="1696" status="PASS">
          <reporter-output>
          </reporter-output>
        </test-method> <!-- tearDown -->
      </class> <!-- com.testcases.TestSprint2 -->
    </test> <!-- Firefox -->
  </suite> <!-- CrossBrowserSuite -->
</testng-results>
