<?xml version="1.0" encoding="UTF-8"?>
<testng-results ignored="7" total="8" passed="1" failed="0" skipped="0">
  <reporter-output>
  </reporter-output>
  <suite started-at="2025-05-12T14:30:36 IST" name="Default suite" finished-at="2025-05-12T14:31:02 IST" duration-ms="25443">
    <groups>
    </groups>
    <test started-at="2025-05-12T14:30:36 IST" name="Default test" finished-at="2025-05-12T14:31:02 IST" duration-ms="25443">
      <class name="com.testcases.TestSprint1">
        <test-method is-config="true" signature="cleanAllureResults()[pri:0, instance:com.testcases.TestSprint1@67e13bd0]" started-at="2025-05-12T14:30:36 IST" name="cleanAllureResults" finished-at="2025-05-12T14:30:36 IST" duration-ms="75" status="PASS">
          <reporter-output>
          </reporter-output>
        </test-method> <!-- cleanAllureResults -->
        <test-method is-config="true" signature="setUp(java.lang.String,java.lang.String)[pri:0, instance:com.testcases.TestSprint1@67e13bd0]" started-at="2025-05-12T14:30:37 IST" name="setUp" finished-at="2025-05-12T14:30:40 IST" duration-ms="3238" status="PASS">
          <params>
            <param index="0">
              <value>
                <![CDATA[Chrome]]>
              </value>
            </param>
            <param index="1">
              <value>
                <![CDATA[http://localhost/orangehrm]]>
              </value>
            </param>
          </params>
          <reporter-output>
          </reporter-output>
        </test-method> <!-- setUp -->
        <test-method is-config="true" signature="pageSetup()[pri:0, instance:com.testcases.TestSprint1@67e13bd0]" started-at="2025-05-12T14:30:40 IST" name="pageSetup" finished-at="2025-05-12T14:30:40 IST" duration-ms="105" status="PASS">
          <reporter-output>
          </reporter-output>
        </test-method> <!-- pageSetup -->
        <test-method signature="AddReportingMethodAndTerminationReason()[pri:0, instance:com.testcases.TestSprint1@67e13bd0]" started-at="2025-05-12T14:30:40 IST" name="AddReportingMethodAndTerminationReason" finished-at="2025-05-12T14:31:02 IST" duration-ms="21582" status="PASS">
          <reporter-output>
          </reporter-output>
        </test-method> <!-- AddReportingMethodAndTerminationReason -->
        <test-method is-config="true" signature="closeBrowser()[pri:0, instance:com.testcases.TestSprint1@67e13bd0]" started-at="2025-05-12T14:31:02 IST" name="closeBrowser" finished-at="2025-05-12T14:31:02 IST" duration-ms="259" status="PASS">
          <reporter-output>
          </reporter-output>
        </test-method> <!-- closeBrowser -->
      </class> <!-- com.testcases.TestSprint1 -->
    </test> <!-- Default test -->
  </suite> <!-- Default suite -->
</testng-results>
