<?xml version="1.0" encoding="UTF-8"?>
<testng-results ignored="0" total="10" passed="10" failed="0" skipped="0">
  <reporter-output>
  </reporter-output>
  <suite started-at="2025-05-11T13:14:03 IST" name="Default suite" finished-at="2025-05-11T13:17:00 IST" duration-ms="177495">
    <groups>
    </groups>
    <test started-at="2025-05-11T13:14:03 IST" name="Default test" finished-at="2025-05-11T13:17:00 IST" duration-ms="177495">
      <class name="com.testcases.TestSprint2">
        <test-method is-config="true" signature="cleanAllureResults()[pri:0, instance:com.testcases.TestSprint2@75ae4a1f]" started-at="2025-05-11T13:14:03 IST" name="cleanAllureResults" finished-at="2025-05-11T13:14:03 IST" duration-ms="83" status="PASS">
          <reporter-output>
          </reporter-output>
        </test-method> <!-- cleanAllureResults -->
        <test-method is-config="true" signature="setUp(java.lang.String,java.lang.String)[pri:0, instance:com.testcases.TestSprint2@75ae4a1f]" started-at="2025-05-11T13:14:03 IST" name="setUp" finished-at="2025-05-11T13:14:08 IST" duration-ms="5315" status="PASS">
          <params>
            <param index="0">
              <value>
                <![CDATA[Chrome]]>
              </value>
            </param>
            <param index="1">
              <value>
                <![CDATA[http://localhost/orangehrm]]>
              </value>
            </param>
          </params>
          <reporter-output>
          </reporter-output>
        </test-method> <!-- setUp -->
        <test-method is-config="true" signature="pageSetup()[pri:0, instance:com.testcases.TestSprint2@75ae4a1f]" started-at="2025-05-11T13:14:08 IST" name="pageSetup" finished-at="2025-05-11T13:14:08 IST" duration-ms="82" status="PASS">
          <reporter-output>
          </reporter-output>
        </test-method> <!-- pageSetup -->
        <test-method signature="ApplyLeaveWithOverlappingDates()[pri:0, instance:com.testcases.TestSprint2@75ae4a1f]" started-at="2025-05-11T13:14:08 IST" name="ApplyLeaveWithOverlappingDates" finished-at="2025-05-11T13:14:31 IST" duration-ms="22072" status="PASS">
          <reporter-output>
          </reporter-output>
        </test-method> <!-- ApplyLeaveWithOverlappingDates -->
        <test-method is-config="true" signature="closeBrowser()[pri:0, instance:com.testcases.TestSprint2@75ae4a1f]" started-at="2025-05-11T13:14:31 IST" name="closeBrowser" finished-at="2025-05-11T13:14:31 IST" duration-ms="240" status="PASS">
          <reporter-output>
          </reporter-output>
        </test-method> <!-- closeBrowser -->
        <test-method is-config="true" signature="setUp(java.lang.String,java.lang.String)[pri:0, instance:com.testcases.TestSprint2@75ae4a1f]" started-at="2025-05-11T13:14:31 IST" name="setUp" finished-at="2025-05-11T13:14:33 IST" duration-ms="1981" status="PASS">
          <params>
            <param index="0">
              <value>
                <![CDATA[Chrome]]>
              </value>
            </param>
            <param index="1">
              <value>
                <![CDATA[http://localhost/orangehrm]]>
              </value>
            </param>
          </params>
          <reporter-output>
          </reporter-output>
        </test-method> <!-- setUp -->
        <test-method is-config="true" signature="pageSetup()[pri:0, instance:com.testcases.TestSprint2@75ae4a1f]" started-at="2025-05-11T13:14:33 IST" name="pageSetup" finished-at="2025-05-11T13:14:33 IST" duration-ms="2" status="PASS">
          <reporter-output>
          </reporter-output>
        </test-method> <!-- pageSetup -->
        <test-method signature="ApplyLeaveWithPastDates()[pri:0, instance:com.testcases.TestSprint2@75ae4a1f]" started-at="2025-05-11T13:14:33 IST" name="ApplyLeaveWithPastDates" finished-at="2025-05-11T13:14:49 IST" duration-ms="16263" status="PASS">
          <reporter-output>
          </reporter-output>
        </test-method> <!-- ApplyLeaveWithPastDates -->
        <test-method is-config="true" signature="closeBrowser()[pri:0, instance:com.testcases.TestSprint2@75ae4a1f]" started-at="2025-05-11T13:14:49 IST" name="closeBrowser" finished-at="2025-05-11T13:14:49 IST" duration-ms="220" status="PASS">
          <reporter-output>
          </reporter-output>
        </test-method> <!-- closeBrowser -->
        <test-method is-config="true" signature="setUp(java.lang.String,java.lang.String)[pri:0, instance:com.testcases.TestSprint2@75ae4a1f]" started-at="2025-05-11T13:14:49 IST" name="setUp" finished-at="2025-05-11T13:14:51 IST" duration-ms="1573" status="PASS">
          <params>
            <param index="0">
              <value>
                <![CDATA[Chrome]]>
              </value>
            </param>
            <param index="1">
              <value>
                <![CDATA[http://localhost/orangehrm]]>
              </value>
            </param>
          </params>
          <reporter-output>
          </reporter-output>
        </test-method> <!-- setUp -->
        <test-method is-config="true" signature="pageSetup()[pri:0, instance:com.testcases.TestSprint2@75ae4a1f]" started-at="2025-05-11T13:14:51 IST" name="pageSetup" finished-at="2025-05-11T13:14:51 IST" duration-ms="5" status="PASS">
          <reporter-output>
          </reporter-output>
        </test-method> <!-- pageSetup -->
        <test-method signature="ApplyLeaveWithValidInputs()[pri:0, instance:com.testcases.TestSprint2@75ae4a1f]" started-at="2025-05-11T13:14:51 IST" name="ApplyLeaveWithValidInputs" finished-at="2025-05-11T13:15:05 IST" duration-ms="13719" status="PASS">
          <reporter-output>
          </reporter-output>
        </test-method> <!-- ApplyLeaveWithValidInputs -->
        <test-method is-config="true" signature="closeBrowser()[pri:0, instance:com.testcases.TestSprint2@75ae4a1f]" started-at="2025-05-11T13:15:05 IST" name="closeBrowser" finished-at="2025-05-11T13:15:05 IST" duration-ms="218" status="PASS">
          <reporter-output>
          </reporter-output>
        </test-method> <!-- closeBrowser -->
        <test-method is-config="true" signature="setUp(java.lang.String,java.lang.String)[pri:0, instance:com.testcases.TestSprint2@75ae4a1f]" started-at="2025-05-11T13:15:05 IST" name="setUp" finished-at="2025-05-11T13:15:06 IST" duration-ms="1552" status="PASS">
          <params>
            <param index="0">
              <value>
                <![CDATA[Chrome]]>
              </value>
            </param>
            <param index="1">
              <value>
                <![CDATA[http://localhost/orangehrm]]>
              </value>
            </param>
          </params>
          <reporter-output>
          </reporter-output>
        </test-method> <!-- setUp -->
        <test-method is-config="true" signature="pageSetup()[pri:0, instance:com.testcases.TestSprint2@75ae4a1f]" started-at="2025-05-11T13:15:06 IST" name="pageSetup" finished-at="2025-05-11T13:15:06 IST" duration-ms="4" status="PASS">
          <reporter-output>
          </reporter-output>
        </test-method> <!-- pageSetup -->
        <test-method signature="ApplyLeaveWithoutSelectingLeaveType()[pri:0, instance:com.testcases.TestSprint2@75ae4a1f]" started-at="2025-05-11T13:15:06 IST" name="ApplyLeaveWithoutSelectingLeaveType" finished-at="2025-05-11T13:15:13 IST" duration-ms="7125" status="PASS">
          <reporter-output>
          </reporter-output>
        </test-method> <!-- ApplyLeaveWithoutSelectingLeaveType -->
        <test-method is-config="true" signature="closeBrowser()[pri:0, instance:com.testcases.TestSprint2@75ae4a1f]" started-at="2025-05-11T13:15:13 IST" name="closeBrowser" finished-at="2025-05-11T13:15:14 IST" duration-ms="182" status="PASS">
          <reporter-output>
          </reporter-output>
        </test-method> <!-- closeBrowser -->
        <test-method is-config="true" signature="setUp(java.lang.String,java.lang.String)[pri:0, instance:com.testcases.TestSprint2@75ae4a1f]" started-at="2025-05-11T13:15:14 IST" name="setUp" finished-at="2025-05-11T13:15:15 IST" duration-ms="1663" status="PASS">
          <params>
            <param index="0">
              <value>
                <![CDATA[Chrome]]>
              </value>
            </param>
            <param index="1">
              <value>
                <![CDATA[http://localhost/orangehrm]]>
              </value>
            </param>
          </params>
          <reporter-output>
          </reporter-output>
        </test-method> <!-- setUp -->
        <test-method is-config="true" signature="pageSetup()[pri:0, instance:com.testcases.TestSprint2@75ae4a1f]" started-at="2025-05-11T13:15:15 IST" name="pageSetup" finished-at="2025-05-11T13:15:15 IST" duration-ms="2" status="PASS">
          <reporter-output>
          </reporter-output>
        </test-method> <!-- pageSetup -->
        <test-method signature="CheckIfAddLocationOptionIsWorkingOrNot()[pri:0, instance:com.testcases.TestSprint2@75ae4a1f]" started-at="2025-05-11T13:15:15 IST" name="CheckIfAddLocationOptionIsWorkingOrNot" finished-at="2025-05-11T13:15:31 IST" duration-ms="15858" status="PASS">
          <reporter-output>
          </reporter-output>
        </test-method> <!-- CheckIfAddLocationOptionIsWorkingOrNot -->
        <test-method is-config="true" signature="closeBrowser()[pri:0, instance:com.testcases.TestSprint2@75ae4a1f]" started-at="2025-05-11T13:15:31 IST" name="closeBrowser" finished-at="2025-05-11T13:15:31 IST" duration-ms="206" status="PASS">
          <reporter-output>
          </reporter-output>
        </test-method> <!-- closeBrowser -->
        <test-method is-config="true" signature="setUp(java.lang.String,java.lang.String)[pri:0, instance:com.testcases.TestSprint2@75ae4a1f]" started-at="2025-05-11T13:15:31 IST" name="setUp" finished-at="2025-05-11T13:15:33 IST" duration-ms="1680" status="PASS">
          <params>
            <param index="0">
              <value>
                <![CDATA[Chrome]]>
              </value>
            </param>
            <param index="1">
              <value>
                <![CDATA[http://localhost/orangehrm]]>
              </value>
            </param>
          </params>
          <reporter-output>
          </reporter-output>
        </test-method> <!-- setUp -->
        <test-method is-config="true" signature="pageSetup()[pri:0, instance:com.testcases.TestSprint2@75ae4a1f]" started-at="2025-05-11T13:15:33 IST" name="pageSetup" finished-at="2025-05-11T13:15:33 IST" duration-ms="3" status="PASS">
          <reporter-output>
          </reporter-output>
        </test-method> <!-- pageSetup -->
        <test-method signature="CheckIfAddSkillOptionIsWorkingOrNot()[pri:0, instance:com.testcases.TestSprint2@75ae4a1f]" started-at="2025-05-11T13:15:33 IST" name="CheckIfAddSkillOptionIsWorkingOrNot" finished-at="2025-05-11T13:15:46 IST" duration-ms="12727" status="PASS">
          <reporter-output>
          </reporter-output>
        </test-method> <!-- CheckIfAddSkillOptionIsWorkingOrNot -->
        <test-method is-config="true" signature="closeBrowser()[pri:0, instance:com.testcases.TestSprint2@75ae4a1f]" started-at="2025-05-11T13:15:46 IST" name="closeBrowser" finished-at="2025-05-11T13:15:46 IST" duration-ms="191" status="PASS">
          <reporter-output>
          </reporter-output>
        </test-method> <!-- closeBrowser -->
        <test-method is-config="true" signature="setUp(java.lang.String,java.lang.String)[pri:0, instance:com.testcases.TestSprint2@75ae4a1f]" started-at="2025-05-11T13:15:46 IST" name="setUp" finished-at="2025-05-11T13:15:48 IST" duration-ms="1650" status="PASS">
          <params>
            <param index="0">
              <value>
                <![CDATA[Chrome]]>
              </value>
            </param>
            <param index="1">
              <value>
                <![CDATA[http://localhost/orangehrm]]>
              </value>
            </param>
          </params>
          <reporter-output>
          </reporter-output>
        </test-method> <!-- setUp -->
        <test-method is-config="true" signature="pageSetup()[pri:0, instance:com.testcases.TestSprint2@75ae4a1f]" started-at="2025-05-11T13:15:48 IST" name="pageSetup" finished-at="2025-05-11T13:15:48 IST" duration-ms="2" status="PASS">
          <reporter-output>
          </reporter-output>
        </test-method> <!-- pageSetup -->
        <test-method signature="SearchSystemUserWithDifferentSearchOptions()[pri:0, instance:com.testcases.TestSprint2@75ae4a1f]" started-at="2025-05-11T13:15:48 IST" name="SearchSystemUserWithDifferentSearchOptions" finished-at="2025-05-11T13:16:20 IST" duration-ms="32182" status="PASS">
          <reporter-output>
          </reporter-output>
        </test-method> <!-- SearchSystemUserWithDifferentSearchOptions -->
        <test-method is-config="true" signature="closeBrowser()[pri:0, instance:com.testcases.TestSprint2@75ae4a1f]" started-at="2025-05-11T13:16:20 IST" name="closeBrowser" finished-at="2025-05-11T13:16:20 IST" duration-ms="165" status="PASS">
          <reporter-output>
          </reporter-output>
        </test-method> <!-- closeBrowser -->
        <test-method is-config="true" signature="setUp(java.lang.String,java.lang.String)[pri:0, instance:com.testcases.TestSprint2@75ae4a1f]" started-at="2025-05-11T13:16:20 IST" name="setUp" finished-at="2025-05-11T13:16:22 IST" duration-ms="1566" status="PASS">
          <params>
            <param index="0">
              <value>
                <![CDATA[Chrome]]>
              </value>
            </param>
            <param index="1">
              <value>
                <![CDATA[http://localhost/orangehrm]]>
              </value>
            </param>
          </params>
          <reporter-output>
          </reporter-output>
        </test-method> <!-- setUp -->
        <test-method is-config="true" signature="pageSetup()[pri:0, instance:com.testcases.TestSprint2@75ae4a1f]" started-at="2025-05-11T13:16:22 IST" name="pageSetup" finished-at="2025-05-11T13:16:22 IST" duration-ms="2" status="PASS">
          <reporter-output>
          </reporter-output>
        </test-method> <!-- pageSetup -->
        <test-method signature="TryAndError()[pri:0, instance:com.testcases.TestSprint2@75ae4a1f]" started-at="2025-05-11T13:16:22 IST" name="TryAndError" finished-at="2025-05-11T13:16:34 IST" duration-ms="12781" status="PASS">
          <reporter-output>
          </reporter-output>
        </test-method> <!-- TryAndError -->
        <test-method is-config="true" signature="closeBrowser()[pri:0, instance:com.testcases.TestSprint2@75ae4a1f]" started-at="2025-05-11T13:16:34 IST" name="closeBrowser" finished-at="2025-05-11T13:16:35 IST" duration-ms="222" status="PASS">
          <reporter-output>
          </reporter-output>
        </test-method> <!-- closeBrowser -->
        <test-method is-config="true" signature="setUp(java.lang.String,java.lang.String)[pri:0, instance:com.testcases.TestSprint2@75ae4a1f]" started-at="2025-05-11T13:16:35 IST" name="setUp" finished-at="2025-05-11T13:16:36 IST" duration-ms="1732" status="PASS">
          <params>
            <param index="0">
              <value>
                <![CDATA[Chrome]]>
              </value>
            </param>
            <param index="1">
              <value>
                <![CDATA[http://localhost/orangehrm]]>
              </value>
            </param>
          </params>
          <reporter-output>
          </reporter-output>
        </test-method> <!-- setUp -->
        <test-method is-config="true" signature="pageSetup()[pri:0, instance:com.testcases.TestSprint2@75ae4a1f]" started-at="2025-05-11T13:16:36 IST" name="pageSetup" finished-at="2025-05-11T13:16:36 IST" duration-ms="0" status="PASS">
          <reporter-output>
          </reporter-output>
        </test-method> <!-- pageSetup -->
        <test-method signature="checkForJobMenuAreShowingCorrectOptions()[pri:0, instance:com.testcases.TestSprint2@75ae4a1f]" started-at="2025-05-11T13:16:36 IST" name="checkForJobMenuAreShowingCorrectOptions" finished-at="2025-05-11T13:16:49 IST" duration-ms="12669" status="PASS">
          <reporter-output>
          </reporter-output>
        </test-method> <!-- checkForJobMenuAreShowingCorrectOptions -->
        <test-method is-config="true" signature="closeBrowser()[pri:0, instance:com.testcases.TestSprint2@75ae4a1f]" started-at="2025-05-11T13:16:49 IST" name="closeBrowser" finished-at="2025-05-11T13:16:49 IST" duration-ms="277" status="PASS">
          <reporter-output>
          </reporter-output>
        </test-method> <!-- closeBrowser -->
        <test-method is-config="true" signature="setUp(java.lang.String,java.lang.String)[pri:0, instance:com.testcases.TestSprint2@75ae4a1f]" started-at="2025-05-11T13:16:49 IST" name="setUp" finished-at="2025-05-11T13:16:51 IST" duration-ms="1606" status="PASS">
          <params>
            <param index="0">
              <value>
                <![CDATA[Chrome]]>
              </value>
            </param>
            <param index="1">
              <value>
                <![CDATA[http://localhost/orangehrm]]>
              </value>
            </param>
          </params>
          <reporter-output>
          </reporter-output>
        </test-method> <!-- setUp -->
        <test-method is-config="true" signature="pageSetup()[pri:0, instance:com.testcases.TestSprint2@75ae4a1f]" started-at="2025-05-11T13:16:51 IST" name="pageSetup" finished-at="2025-05-11T13:16:51 IST" duration-ms="1" status="PASS">
          <reporter-output>
          </reporter-output>
        </test-method> <!-- pageSetup -->
        <test-method signature="checkForOrganizationMenuAreShowingCorrectOptions()[pri:0, instance:com.testcases.TestSprint2@75ae4a1f]" started-at="2025-05-11T13:16:51 IST" name="checkForOrganizationMenuAreShowingCorrectOptions" finished-at="2025-05-11T13:17:00 IST" duration-ms="9161" status="PASS">
          <reporter-output>
          </reporter-output>
        </test-method> <!-- checkForOrganizationMenuAreShowingCorrectOptions -->
        <test-method is-config="true" signature="closeBrowser()[pri:0, instance:com.testcases.TestSprint2@75ae4a1f]" started-at="2025-05-11T13:17:00 IST" name="closeBrowser" finished-at="2025-05-11T13:17:00 IST" duration-ms="137" status="PASS">
          <reporter-output>
          </reporter-output>
        </test-method> <!-- closeBrowser -->
      </class> <!-- com.testcases.TestSprint2 -->
    </test> <!-- Default test -->
  </suite> <!-- Default suite -->
</testng-results>
