<?xml version="1.0" encoding="UTF-8"?>
<testng-results ignored="3" total="4" passed="1" failed="0" skipped="0">
  <reporter-output>
  </reporter-output>
  <suite started-at="2025-07-03T12:18:57 IST" name="Default suite" finished-at="2025-07-03T12:19:24 IST" duration-ms="27305">
    <groups>
    </groups>
    <test started-at="2025-07-03T12:18:57 IST" name="Default test" finished-at="2025-07-03T12:19:24 IST" duration-ms="27305">
      <class name="com.testcases.TestSprint3">
        <test-method is-config="true" signature="cleanAllureResults()[pri:0, instance:com.testcases.TestSprint3@5a2bd7c8]" started-at="2025-07-03T12:18:57 IST" name="cleanAllureResults" finished-at="2025-07-03T12:18:57 IST" duration-ms="84" status="PASS">
          <reporter-output>
          </reporter-output>
        </test-method> <!-- cleanAllureResults -->
        <test-method is-config="true" signature="setUp(java.lang.String,java.lang.String)[pri:0, instance:com.testcases.TestSprint3@5a2bd7c8]" started-at="2025-07-03T12:18:57 IST" name="setUp" finished-at="2025-07-03T12:19:09 IST" duration-ms="11901" status="PASS">
          <params>
            <param index="0">
              <value>
                <![CDATA[Chrome]]>
              </value>
            </param>
            <param index="1">
              <value>
                <![CDATA[http://localhost/orangehrm]]>
              </value>
            </param>
          </params>
          <reporter-output>
          </reporter-output>
        </test-method> <!-- setUp -->
        <test-method is-config="true" signature="pageSetup()[pri:0, instance:com.testcases.TestSprint3@5a2bd7c8]" started-at="2025-07-03T12:19:09 IST" name="pageSetup" finished-at="2025-07-03T12:19:09 IST" duration-ms="49" status="PASS">
          <reporter-output>
          </reporter-output>
        </test-method> <!-- pageSetup -->
        <test-method signature="AddsNewCandidateForAnExistingVacancyWithoutEmail()[pri:0, instance:com.testcases.TestSprint3@5a2bd7c8]" started-at="2025-07-03T12:19:09 IST" name="AddsNewCandidateForAnExistingVacancyWithoutEmail" finished-at="2025-07-03T12:19:24 IST" duration-ms="14810" status="PASS">
          <reporter-output>
          </reporter-output>
        </test-method> <!-- AddsNewCandidateForAnExistingVacancyWithoutEmail -->
        <test-method is-config="true" signature="closeBrowser()[pri:0, instance:com.testcases.TestSprint3@5a2bd7c8]" started-at="2025-07-03T12:19:24 IST" name="closeBrowser" finished-at="2025-07-03T12:19:24 IST" duration-ms="249" status="PASS">
          <reporter-output>
          </reporter-output>
        </test-method> <!-- closeBrowser -->
      </class> <!-- com.testcases.TestSprint3 -->
    </test> <!-- Default test -->
  </suite> <!-- Default suite -->
</testng-results>
