<?xml version="1.0" encoding="UTF-8"?>
<testng-results ignored="8" total="9" passed="1" failed="0" skipped="0">
  <reporter-output>
  </reporter-output>
  <suite started-at="2025-03-18T14:31:35 IST" name="Default suite" finished-at="2025-03-18T14:33:00 IST" duration-ms="84662">
    <groups>
    </groups>
    <test started-at="2025-03-18T14:31:35 IST" name="Default test" finished-at="2025-03-18T14:33:00 IST" duration-ms="84662">
      <class name="com.testcases.TestSprint1">
        <test-method is-config="true" signature="cleanAllureResults()[pri:0, instance:com.testcases.TestSprint1@237f7970]" started-at="2025-03-18T14:31:35 IST" name="cleanAllureResults" finished-at="2025-03-18T14:31:35 IST" duration-ms="64" status="PASS">
          <reporter-output>
          </reporter-output>
        </test-method> <!-- cleanAllureResults -->
        <test-method is-config="true" signature="setUp(java.lang.String,java.lang.String)[pri:0, instance:com.testcases.TestSprint1@237f7970]" started-at="2025-03-18T14:31:35 IST" name="setUp" finished-at="2025-03-18T14:31:39 IST" duration-ms="3194" status="PASS">
          <params>
            <param index="0">
              <value>
                <![CDATA[Chrome]]>
              </value>
            </param>
            <param index="1">
              <value>
                <![CDATA[http://localhost/orangehrm]]>
              </value>
            </param>
          </params>
          <reporter-output>
          </reporter-output>
        </test-method> <!-- setUp -->
        <test-method signature="checkSearchOptionsInPIMMenuEmployeeListPage()[pri:0, instance:com.testcases.TestSprint1@237f7970]" started-at="2025-03-18T14:31:39 IST" name="checkSearchOptionsInPIMMenuEmployeeListPage" finished-at="2025-03-18T14:33:00 IST" duration-ms="80947" status="PASS">
          <reporter-output>
          </reporter-output>
        </test-method> <!-- checkSearchOptionsInPIMMenuEmployeeListPage -->
        <test-method is-config="true" signature="closeBrowser()[pri:0, instance:com.testcases.TestSprint1@237f7970]" started-at="2025-03-18T14:33:00 IST" name="closeBrowser" finished-at="2025-03-18T14:33:00 IST" duration-ms="231" status="PASS">
          <reporter-output>
          </reporter-output>
        </test-method> <!-- closeBrowser -->
      </class> <!-- com.testcases.TestSprint1 -->
    </test> <!-- Default test -->
  </suite> <!-- Default suite -->
</testng-results>
