<?xml version="1.0" encoding="UTF-8"?>
<testng-results ignored="1" total="2" passed="1" failed="0" skipped="0">
  <reporter-output>
  </reporter-output>
  <suite started-at="2025-06-14T22:37:12 IST" name="Default suite" finished-at="2025-06-14T22:37:45 IST" duration-ms="32996">
    <groups>
    </groups>
    <test started-at="2025-06-14T22:37:12 IST" name="Default test" finished-at="2025-06-14T22:37:45 IST" duration-ms="32996">
      <class name="com.testcases.TestSprint3">
        <test-method is-config="true" signature="cleanAllureResults()[pri:0, instance:com.testcases.TestSprint3@5bb51241]" started-at="2025-06-14T22:37:12 IST" name="cleanAllureResults" finished-at="2025-06-14T22:37:12 IST" duration-ms="76" status="PASS">
          <reporter-output>
          </reporter-output>
        </test-method> <!-- cleanAllureResults -->
        <test-method is-config="true" signature="setUp(java.lang.String,java.lang.String)[pri:0, instance:com.testcases.TestSprint3@5bb51241]" started-at="2025-06-14T22:37:12 IST" name="setUp" finished-at="2025-06-14T22:37:16 IST" duration-ms="3844" status="PASS">
          <params>
            <param index="0">
              <value>
                <![CDATA[Chrome]]>
              </value>
            </param>
            <param index="1">
              <value>
                <![CDATA[http://localhost/orangehrm]]>
              </value>
            </param>
          </params>
          <reporter-output>
          </reporter-output>
        </test-method> <!-- setUp -->
        <test-method is-config="true" signature="pageSetup()[pri:0, instance:com.testcases.TestSprint3@5bb51241]" started-at="2025-06-14T22:37:16 IST" name="pageSetup" finished-at="2025-06-14T22:37:16 IST" duration-ms="56" status="PASS">
          <reporter-output>
          </reporter-output>
        </test-method> <!-- pageSetup -->
        <test-method signature="addVacancywithallDetailsAndCheckIfReflectsInCandidateField()[pri:0, instance:com.testcases.TestSprint3@5bb51241]" started-at="2025-06-14T22:37:16 IST" name="addVacancywithallDetailsAndCheckIfReflectsInCandidateField" finished-at="2025-06-14T22:37:45 IST" duration-ms="28364" status="PASS">
          <reporter-output>
          </reporter-output>
        </test-method> <!-- addVacancywithallDetailsAndCheckIfReflectsInCandidateField -->
        <test-method is-config="true" signature="closeBrowser()[pri:0, instance:com.testcases.TestSprint3@5bb51241]" started-at="2025-06-14T22:37:45 IST" name="closeBrowser" finished-at="2025-06-14T22:37:45 IST" duration-ms="286" status="PASS">
          <reporter-output>
          </reporter-output>
        </test-method> <!-- closeBrowser -->
      </class> <!-- com.testcases.TestSprint3 -->
    </test> <!-- Default test -->
  </suite> <!-- Default suite -->
</testng-results>
