<?xml version="1.0" encoding="UTF-8"?>
<testng-results ignored="7" total="8" passed="1" failed="0" skipped="0">
  <reporter-output>
  </reporter-output>
  <suite started-at="2025-03-05T15:03:16 IST" name="Default suite" finished-at="2025-03-05T15:04:16 IST" duration-ms="59562">
    <groups>
    </groups>
    <test started-at="2025-03-05T15:03:16 IST" name="Default test" finished-at="2025-03-05T15:04:16 IST" duration-ms="59562">
      <class name="com.testcases.TestSprint1">
        <test-method is-config="true" signature="setUp(java.lang.String,java.lang.String)[pri:0, instance:com.testcases.TestSprint1@6d1dcdff]" started-at="2025-03-05T15:03:17 IST" name="setUp" finished-at="2025-03-05T15:03:21 IST" duration-ms="4230" status="PASS">
          <params>
            <param index="0">
              <value>
                <![CDATA[Chrome]]>
              </value>
            </param>
            <param index="1">
              <value>
                <![CDATA[http://localhost/orangehrm]]>
              </value>
            </param>
          </params>
          <reporter-output>
          </reporter-output>
        </test-method> <!-- setUp -->
        <test-method signature="checkSearchOptionsInPIMMenuEmployeeListPage()[pri:0, instance:com.testcases.TestSprint1@6d1dcdff]" started-at="2025-03-05T15:03:21 IST" name="checkSearchOptionsInPIMMenuEmployeeListPage" finished-at="2025-03-05T15:04:15 IST" duration-ms="54627" status="PASS">
          <reporter-output>
          </reporter-output>
        </test-method> <!-- checkSearchOptionsInPIMMenuEmployeeListPage -->
        <test-method is-config="true" signature="closeBrowser()[pri:0, instance:com.testcases.TestSprint1@6d1dcdff]" started-at="2025-03-05T15:04:15 IST" name="closeBrowser" finished-at="2025-03-05T15:04:16 IST" duration-ms="309" status="PASS">
          <reporter-output>
          </reporter-output>
        </test-method> <!-- closeBrowser -->
      </class> <!-- com.testcases.TestSprint1 -->
    </test> <!-- Default test -->
  </suite> <!-- Default suite -->
</testng-results>
