<?xml version="1.0" encoding="UTF-8"?>
<testng-results ignored="3" total="4" passed="1" failed="0" skipped="0">
  <reporter-output>
  </reporter-output>
  <suite started-at="2025-02-25T15:43:33 IST" name="Default suite" finished-at="2025-02-25T15:43:52 IST" duration-ms="18660">
    <groups>
    </groups>
    <test started-at="2025-02-25T15:43:33 IST" name="Default test" finished-at="2025-02-25T15:43:52 IST" duration-ms="18660">
      <class name="com.testcases.TestSprint1">
        <test-method is-config="true" signature="setUp(java.lang.String,java.lang.String)[pri:0, instance:com.testcases.TestSprint1@5c8e67b9]" started-at="2025-02-25T15:43:33 IST" name="setUp" finished-at="2025-02-25T15:43:36 IST" duration-ms="3274" status="PASS">
          <params>
            <param index="0">
              <value>
                <![CDATA[Chrome]]>
              </value>
            </param>
            <param index="1">
              <value>
                <![CDATA[http://localhost/orangehrm]]>
              </value>
            </param>
          </params>
          <reporter-output>
          </reporter-output>
        </test-method> <!-- setUp -->
        <test-method signature="CheckIfOptionalFieldsVisibilityToggleWorking()[pri:0, instance:com.testcases.TestSprint1@5c8e67b9]" started-at="2025-02-25T15:43:36 IST" name="CheckIfOptionalFieldsVisibilityToggleWorking" finished-at="2025-02-25T15:43:51 IST" duration-ms="14750" status="PASS">
          <reporter-output>
          </reporter-output>
        </test-method> <!-- CheckIfOptionalFieldsVisibilityToggleWorking -->
        <test-method is-config="true" signature="closeBrowser()[pri:0, instance:com.testcases.TestSprint1@5c8e67b9]" started-at="2025-02-25T15:43:51 IST" name="closeBrowser" finished-at="2025-02-25T15:43:52 IST" duration-ms="294" status="PASS">
          <reporter-output>
          </reporter-output>
        </test-method> <!-- closeBrowser -->
      </class> <!-- com.testcases.TestSprint1 -->
    </test> <!-- Default test -->
  </suite> <!-- Default suite -->
</testng-results>
